#
# There is insufficient memory for the Java Runtime Environment to continue.
# Native memory allocation (mmap) failed to map 264241152 bytes for G1 virtual space
# Possible reasons:
#   The system is out of physical RAM or swap space
#   The process is running with CompressedOops enabled, and the Java Heap may be blocking the growth of the native heap
# Possible solutions:
#   Reduce memory load on the system
#   Increase physical memory or swap space
#   Check if swap backing store is full
#   Decrease Java heap size (-Xmx/-Xms)
#   Decrease number of Java threads
#   Decrease Java thread stack sizes (-Xss)
#   Set larger code cache with -XX:ReservedCodeCacheSize=
#   JVM is running with Zero Based Compressed Oops mode in which the Java heap is
#     placed in the first 32GB address space. The Java Heap base address is the
#     maximum limit for the native heap growth. Please use -XX:HeapBaseMinAddress
#     to set the Java Heap base and to place the Java Heap above 32GB virtual address.
# This output file may be truncated or incomplete.
#
#  Out of Memory Error (os_windows.cpp:3829), pid=25556, tid=31456
#
# JRE version:  (17.0.8+7) (build )
# Java VM: OpenJDK 64-Bit Server VM (17.0.8+7-b1000.8, mixed mode, sharing, tiered, compressed oops, compressed class ptrs, g1 gc, windows-amd64)
# No core dump will be written. Minidumps are not enabled by default on client versions of Windows
#

---------------  S U M M A R Y ------------

Command Line: git4idea.http.GitAskPassApp Username for 'https://github.com': 

Host: 11th Gen Intel(R) Core(TM) i7-1165G7 @ 2.80GHz, 8 cores, 15G,  Windows 11 , 64 bit Build 22621 (10.0.22621.3235)
Time: Mon Apr  8 12:43:17 2024  Windows 11 , 64 bit Build 22621 (10.0.22621.3235) elapsed time: 0.015140 seconds (0d 0h 0m 0s)

---------------  T H R E A D  ---------------

Current thread (0x000002a90f67ce00):  JavaThread "Unknown thread" [_thread_in_vm, id=31456, stack(0x000000aa06d00000,0x000000aa06e00000)]

Stack: [0x000000aa06d00000,0x000000aa06e00000]
Native frames: (J=compiled Java code, j=interpreted, Vv=VM code, C=native code)
V  [jvm.dll+0x6852da]
V  [jvm.dll+0x844c84]
V  [jvm.dll+0x84659e]
V  [jvm.dll+0x846c03]
V  [jvm.dll+0x24b7cf]
V  [jvm.dll+0x682049]
V  [jvm.dll+0x67671a]
V  [jvm.dll+0x30be2b]
V  [jvm.dll+0x3132d6]
V  [jvm.dll+0x36302e]
V  [jvm.dll+0x36325f]
V  [jvm.dll+0x2e1f48]
V  [jvm.dll+0x2e2eb4]
V  [jvm.dll+0x815c11]
V  [jvm.dll+0x370df1]
V  [jvm.dll+0x7f4fdc]
V  [jvm.dll+0x3f3f1f]
V  [jvm.dll+0x3f5b31]
C  [jli.dll+0x528f]
C  [ucrtbase.dll+0x29363]
C  [KERNEL32.DLL+0x1257d]
C  [ntdll.dll+0x5aa58]


---------------  P R O C E S S  ---------------

Threads class SMR info:
_java_thread_list=0x00007ff857fe0098, length=0, elements={
}

Java Threads: ( => current thread )

Other Threads:
  0x000002a90f6e6d50 GCTaskThread "GC Thread#0" [stack: 0x000000aa06e00000,0x000000aa06f00000] [id=19536]
  0x000002a90f6f77a0 ConcurrentGCThread "G1 Main Marker" [stack: 0x000000aa06f00000,0x000000aa07000000] [id=14492]
  0x000002a90f6f81b0 ConcurrentGCThread "G1 Conc#0" [stack: 0x000000aa07000000,0x000000aa07100000] [id=7976]

[error occurred during error reporting (printing all threads), id 0xc0000005, EXCEPTION_ACCESS_VIOLATION (0xc0000005) at pc=0x00007ff857792ab7]

VM state: not at safepoint (not fully initialized)

VM Mutex/Monitor currently owned by a thread:  ([mutex/lock_event])
[0x000002a90f676460] Heap_lock - owner thread: 0x000002a90f67ce00

Heap address: 0x0000000705000000, size: 4016 MB, Compressed Oops mode: Zero based, Oop shift amount: 3

CDS archive(s) mapped at: [0x0000000000000000-0x0000000000000000-0x0000000000000000), size 0, SharedBaseAddress: 0x0000000800000000, ArchiveRelocationMode: 1.
Narrow klass base: 0x0000000000000000, Narrow klass shift: 0, Narrow klass range: 0x0

GC Precious Log:
<Empty>

Heap:
 garbage-first heap   total 0K, used 0K [0x0000000705000000, 0x0000000800000000)
  region size 2048K, 0 young (0K), 0 survivors (0K)
 Metaspace       used 0K, committed 0K, reserved 0K
  class space    used 0K, committed 0K, reserved 0K

Heap Regions: E=young(eden), S=young(survivor), O=old, HS=humongous(starts), HC=humongous(continues), CS=collection set, F=free, OA=open archive, CA=closed archive, TAMS=top-at-mark-start (previous, next)

Card table byte_map: [0x000002a924800000,0x000002a924fe0000] _byte_map_base: 0x000002a920fd8000

Marking Bits (Prev, Next): (CMBitMap*) 0x000002a90f6e7370, (CMBitMap*) 0x000002a90f6e73b0
 Prev Bits: [0x000002a9257c0000, 0x000002a929680000)
 Next Bits: [0x000002a929680000, 0x000002a92d540000)

GC Heap History (0 events):
No events

Dll operation events (1 events):
Event: 0.011 Loaded shared library C:\Program Files\JetBrains\IntelliJ IDEA Community Edition 2023.2.1\jbr\bin\java.dll

Deoptimization events (0 events):
No events

Classes unloaded (0 events):
No events

Classes redefined (0 events):
No events

Internal exceptions (0 events):
No events

VM Operations (0 events):
No events

Events (0 events):
No events


Dynamic libraries:
0x00007ff7a05c0000 - 0x00007ff7a05ca000 	C:\Program Files\JetBrains\IntelliJ IDEA Community Edition 2023.2.1\jbr\bin\java.exe
0x00007ff8adad0000 - 0x00007ff8adce6000 	C:\WINDOWS\SYSTEM32\ntdll.dll
0x00007ff8acf30000 - 0x00007ff8acff4000 	C:\WINDOWS\System32\KERNEL32.DLL
0x00007ff8aafe0000 - 0x00007ff8ab386000 	C:\WINDOWS\System32\KERNELBASE.dll
0x00007ff8aaec0000 - 0x00007ff8aafd1000 	C:\WINDOWS\System32\ucrtbase.dll
0x00007ff88ba30000 - 0x00007ff88ba4b000 	C:\Program Files\JetBrains\IntelliJ IDEA Community Edition 2023.2.1\jbr\bin\VCRUNTIME140.dll
0x00007ff88cb50000 - 0x00007ff88cb67000 	C:\Program Files\JetBrains\IntelliJ IDEA Community Edition 2023.2.1\jbr\bin\jli.dll
0x00007ff8ac310000 - 0x00007ff8ac4bd000 	C:\WINDOWS\System32\USER32.dll
0x00007ff8aae90000 - 0x00007ff8aaeb6000 	C:\WINDOWS\System32\win32u.dll
0x00007ff8ad5a0000 - 0x00007ff8ad5c9000 	C:\WINDOWS\System32\GDI32.dll
0x00007ff8ab390000 - 0x00007ff8ab4a8000 	C:\WINDOWS\System32\gdi32full.dll
0x00007ff8900d0000 - 0x00007ff890363000 	C:\WINDOWS\WinSxS\amd64_microsoft.windows.common-controls_6595b64144ccf1df_6.0.22621.3235_none_270f74e173860f98\COMCTL32.dll
0x00007ff8ab780000 - 0x00007ff8ab81a000 	C:\WINDOWS\System32\msvcp_win.dll
0x00007ff8ad9e0000 - 0x00007ff8ada87000 	C:\WINDOWS\System32\msvcrt.dll
0x00007ff8ad460000 - 0x00007ff8ad491000 	C:\WINDOWS\System32\IMM32.DLL
0x00007ff88cf70000 - 0x00007ff88cf7c000 	C:\Program Files\JetBrains\IntelliJ IDEA Community Edition 2023.2.1\jbr\bin\vcruntime140_1.dll
0x00007ff870c20000 - 0x00007ff870cad000 	C:\Program Files\JetBrains\IntelliJ IDEA Community Edition 2023.2.1\jbr\bin\msvcp140.dll
0x00007ff8574a0000 - 0x00007ff858123000 	C:\Program Files\JetBrains\IntelliJ IDEA Community Edition 2023.2.1\jbr\bin\server\jvm.dll
0x00007ff8ad020000 - 0x00007ff8ad0d2000 	C:\WINDOWS\System32\ADVAPI32.dll
0x00007ff8ad930000 - 0x00007ff8ad9d8000 	C:\WINDOWS\System32\sechost.dll
0x00007ff8ab4b0000 - 0x00007ff8ab4d8000 	C:\WINDOWS\System32\bcrypt.dll
0x00007ff8ac590000 - 0x00007ff8ac6a5000 	C:\WINDOWS\System32\RPCRT4.dll
0x00007ff8a9c80000 - 0x00007ff8a9ccd000 	C:\WINDOWS\SYSTEM32\POWRPROF.dll
0x00007ff8a1820000 - 0x00007ff8a1854000 	C:\WINDOWS\SYSTEM32\WINMM.dll
0x00007ff8a33e0000 - 0x00007ff8a33ea000 	C:\WINDOWS\SYSTEM32\VERSION.dll
0x00007ff8a2470000 - 0x00007ff8a2479000 	C:\WINDOWS\SYSTEM32\WSOCK32.dll
0x00007ff8ad8b0000 - 0x00007ff8ad921000 	C:\WINDOWS\System32\WS2_32.dll
0x00007ff8a9c60000 - 0x00007ff8a9c73000 	C:\WINDOWS\SYSTEM32\UMPDC.dll
0x00007ff8a9f40000 - 0x00007ff8a9f58000 	C:\WINDOWS\SYSTEM32\kernel.appcore.dll
0x00007ff8a4ba0000 - 0x00007ff8a4baa000 	C:\Program Files\JetBrains\IntelliJ IDEA Community Edition 2023.2.1\jbr\bin\jimage.dll
0x00007ff8a8950000 - 0x00007ff8a8b83000 	C:\WINDOWS\SYSTEM32\DBGHELP.DLL
0x00007ff8ab820000 - 0x00007ff8abba8000 	C:\WINDOWS\System32\combase.dll
0x00007ff8ad1e0000 - 0x00007ff8ad2b7000 	C:\WINDOWS\System32\OLEAUT32.dll
0x00007ff88cbc0000 - 0x00007ff88cbf2000 	C:\WINDOWS\SYSTEM32\dbgcore.DLL
0x00007ff8aae10000 - 0x00007ff8aae8a000 	C:\WINDOWS\System32\bcryptPrimitives.dll
0x00007ff89ece0000 - 0x00007ff89ed05000 	C:\Program Files\JetBrains\IntelliJ IDEA Community Edition 2023.2.1\jbr\bin\java.dll

dbghelp: loaded successfully - version: 4.0.5 - missing functions: none
symbol engine: initialized successfully - sym options: 0x614 - pdb path: .;C:\Program Files\JetBrains\IntelliJ IDEA Community Edition 2023.2.1\jbr\bin;C:\WINDOWS\SYSTEM32;C:\WINDOWS\WinSxS\amd64_microsoft.windows.common-controls_6595b64144ccf1df_6.0.22621.3235_none_270f74e173860f98;C:\Program Files\JetBrains\IntelliJ IDEA Community Edition 2023.2.1\jbr\bin\server

VM Arguments:
java_command: git4idea.http.GitAskPassApp Username for 'https://github.com': 
java_class_path (initial): C:/Program Files/JetBrains/IntelliJ IDEA Community Edition 2023.2.1/plugins/vcs-git/lib/git4idea-rt.jar;C:/Program Files/JetBrains/IntelliJ IDEA Community Edition 2023.2.1/lib/externalProcess-rt.jar
Launcher Type: SUN_STANDARD

[Global flags]
     intx CICompilerCount                          = 4                                         {product} {ergonomic}
     uint ConcGCThreads                            = 2                                         {product} {ergonomic}
     uint G1ConcRefinementThreads                  = 8                                         {product} {ergonomic}
   size_t G1HeapRegionSize                         = 2097152                                   {product} {ergonomic}
    uintx GCDrainStackTargetSize                   = 64                                        {product} {ergonomic}
   size_t InitialHeapSize                          = 264241152                                 {product} {ergonomic}
   size_t MarkStackSize                            = 4194304                                   {product} {ergonomic}
   size_t MaxHeapSize                              = 4211081216                                {product} {ergonomic}
   size_t MinHeapDeltaBytes                        = 2097152                                   {product} {ergonomic}
   size_t MinHeapSize                              = 8388608                                   {product} {ergonomic}
    uintx NonNMethodCodeHeapSize                   = 5839372                                {pd product} {ergonomic}
    uintx NonProfiledCodeHeapSize                  = 122909434                              {pd product} {ergonomic}
    uintx ProfiledCodeHeapSize                     = 122909434                              {pd product} {ergonomic}
    uintx ReservedCodeCacheSize                    = 251658240                              {pd product} {ergonomic}
     bool SegmentedCodeCache                       = true                                      {product} {ergonomic}
   size_t SoftMaxHeapSize                          = 4211081216                             {manageable} {ergonomic}
     bool UseCompressedClassPointers               = true                           {product lp64_product} {ergonomic}
     bool UseCompressedOops                        = true                           {product lp64_product} {ergonomic}
     bool UseG1GC                                  = true                                      {product} {ergonomic}
     bool UseLargePagesIndividualAllocation        = false                                  {pd product} {ergonomic}

Logging:
Log output configuration:
 #0: stdout all=warning uptime,level,tags
 #1: stderr all=off uptime,level,tags

Environment Variables:
JAVA_HOME=C:\Program Files\Java\jdk-17
PATH=C:/Program Files/Git/mingw64/libexec/git-core;C:/Program Files/Git/mingw64/libexec/git-core;C:\Program Files\Git\mingw64\bin;C:\Program Files\Git\usr\bin;C:\Users\Kangyeon\bin;C:\Program Files\Common Files\Oracle\Java\javapath;C:\Program Files (x86)\VMware\VMware Workstation\bin\;C:\windows\system32;C:\windows;C:\windows\System32\Wbem;C:\windows\System32\WindowsPowerShell\v1.0\;C:\windows\System32\OpenSSH\;C:\Program Files (x86)\NVIDIA Corporation\PhysX\Common;C:\Program Files\NVIDIA Corporation\NVIDIA NvDLISR;C:\WINDOWS\system32;C:\WINDOWS;C:\WINDOWS\System32\Wbem;C:\WINDOWS\System32\WindowsPowerShell\v1.0\;C:\WINDOWS\System32\OpenSSH\;C:\Program Files\nodejs\;C:\Users\±è°­¿¬\AppData\Local\Microsoft\WindowsApps;C:\Program Files\MySQL\MySQL Server 8.0\bin;Users\±è°­¿¬\AppData\Roaming\npm;c:;python27;C:\Program Files\PuTTY\;C:\WINDOWS\system32;C:\WINDOWS;C:\WINDOWS\System32\Wbem;C:\WINDOWS\System32\WindowsPowerShell\v1.0\;C:\WINDOWS\System32\OpenSSH\;C:\Users\Kangyeon\AppData\Local\Programs\Python\Python39;C:\Users\Kangyeon\AppData\Local\Programs\Python\Python39\Scripts;C:\Program Files\Git\cmd;C:\Program Files (x86)\Windows Kits\10\Windows Performance Toolkit\;C:\Program Files\Bandizip\;C:\Program Files\Java\jdk-17\bin;C:\Program Files\MySQL\MySQL Shell 8.0\bin\;C:\Users\Kangyeon\AppData\Local\Microsoft\WindowsApps;C:\Users\±è°­¿¬\AppData\Roaming\npm;C:\Users\Kangyeon\AppData\Local\JetBrains\Toolbox\scripts;C:\Users\Kangyeon\AppData\Local\Microsoft\WindowsApps;C:\Users\Kangyeon\AppData\Local\Programs\Microsoft VS Code\bin
USERNAME=±è°­¿¬
DISPLAY=:0.0
LC_ALL=en_US.UTF-8
TERM=xterm-256color
TMPDIR=C:\Users\Kangyeon\AppData\Local\Temp
OS=Windows_NT
PROCESSOR_IDENTIFIER=Intel64 Family 6 Model 140 Stepping 1, GenuineIntel
TMP=C:\Users\Kangyeon\AppData\Local\Temp
TEMP=C:\Users\Kangyeon\AppData\Local\Temp


JNI global refs:
JNI global refs: 0, weak refs: 0

JNI global refs memory usage: 0, weak refs: 0

OOME stack traces (most recent first):
Classloader memory used:


---------------  S Y S T E M  ---------------

OS:
 Windows 11 , 64 bit Build 22621 (10.0.22621.3235)
OS uptime: 1 days 22:29 hours
Hyper-V role detected

CPU: total 8 (initial active 8) (4 cores per cpu, 2 threads per core) family 6 model 140 stepping 1 microcode 0xb4, cx8, cmov, fxsr, ht, mmx, 3dnowpref, sse, sse2, sse3, ssse3, sse4.1, sse4.2, popcnt, lzcnt, tsc, tscinvbit, avx, avx2, aes, erms, clmul, bmi1, bmi2, adx, avx512f, avx512dq, avx512cd, avx512bw, avx512vl, sha, fma, vzeroupper, avx512_vpopcntdq, avx512_vpclmulqdq, avx512_vaes, avx512_vnni, clflush, clflushopt, clwb, avx512_vbmi2, avx512_vbmi, hv
Processor Information for processor 0
  Max Mhz: 2801, Current Mhz: 1200, Mhz Limit: 2801
Processor Information for processor 1
  Max Mhz: 2801, Current Mhz: 1200, Mhz Limit: 2801
Processor Information for processor 2
  Max Mhz: 2801, Current Mhz: 1200, Mhz Limit: 2801
Processor Information for processor 3
  Max Mhz: 2801, Current Mhz: 2801, Mhz Limit: 2801
Processor Information for processor 4
  Max Mhz: 2801, Current Mhz: 1200, Mhz Limit: 2801
Processor Information for processor 5
  Max Mhz: 2801, Current Mhz: 1200, Mhz Limit: 2801
Processor Information for processor 6
  Max Mhz: 2801, Current Mhz: 1200, Mhz Limit: 2801
Processor Information for processor 7
  Max Mhz: 2801, Current Mhz: 1200, Mhz Limit: 2801

Memory: 4k page, system-wide physical 16060M (5445M free)
TotalPageFile size 16060M (AvailPageFile size 306M)
current process WorkingSet (physical memory assigned to process): 11M, peak: 11M
current process commit charge ("private bytes"): 60M, peak: 312M

vm_info: OpenJDK 64-Bit Server VM (17.0.8+7-b1000.8) for windows-amd64 JRE (17.0.8+7-b1000.8), built on 2023-08-04 by "builduser" with MS VC++ 16.10 / 16.11 (VS2019)

END.
