#
# There is insufficient memory for the Java Runtime Environment to continue.
# Native memory allocation (mmap) failed to map 65536 bytes for Failed to commit metaspace.
# Possible reasons:
#   The system is out of physical RAM or swap space
#   The process is running with CompressedOops enabled, and the Java Heap may be blocking the growth of the native heap
# Possible solutions:
#   Reduce memory load on the system
#   Increase physical memory or swap space
#   Check if swap backing store is full
#   Decrease Java heap size (-Xmx/-Xms)
#   Decrease number of Java threads
#   Decrease Java thread stack sizes (-Xss)
#   Set larger code cache with -XX:ReservedCodeCacheSize=
#   JVM is running with Zero Based Compressed Oops mode in which the Java heap is
#     placed in the first 32GB address space. The Java Heap base address is the
#     maximum limit for the native heap growth. Please use -XX:HeapBaseMinAddress
#     to set the Java Heap base and to place the Java Heap above 32GB virtual address.
# This output file may be truncated or incomplete.
#
#  Out of Memory Error (virtualSpaceNode.cpp:110), pid=10120, tid=168
#
# JRE version: Java(TM) SE Runtime Environment (17.0.10+11) (build 17.0.10+11-LTS-240)
# Java VM: Java HotSpot(TM) 64-Bit Server VM (17.0.10+11-LTS-240, mixed mode, sharing, tiered, compressed oops, compressed class ptrs, g1 gc, windows-amd64)
# No core dump will be written. Minidumps are not enabled by default on client versions of Windows
#

---------------  S U M M A R Y ------------

Command Line: -javaagent:C:\Program Files\JetBrains\IntelliJ IDEA 2024.1\lib\idea_rt.jar=59539:C:\Program Files\JetBrains\IntelliJ IDEA 2024.1\bin -Dfile.encoding=UTF-8 com.example.ATM_Backend.AtmBackendApplication

Host: 11th Gen Intel(R) Core(TM) i7-1165G7 @ 2.80GHz, 8 cores, 15G,  Windows 11 , 64 bit Build 22621 (10.0.22621.3374)
Time: Thu May  9 00:34:42 2024  Windows 11 , 64 bit Build 22621 (10.0.22621.3374) elapsed time: 2.101463 seconds (0d 0h 0m 2s)

---------------  T H R E A D  ---------------

Current thread (0x00000277b3cdc960):  JavaThread "main" [_thread_in_vm, id=168, stack(0x000000bc2c700000,0x000000bc2c800000)]

Stack: [0x000000bc2c700000,0x000000bc2c800000]
Native frames: (J=compiled Java code, j=interpreted, Vv=VM code, C=native code)
V  [jvm.dll+0x677a5a]
V  [jvm.dll+0x7d8b2d]
V  [jvm.dll+0x7da48e]
V  [jvm.dll+0x7daaf3]
V  [jvm.dll+0x2455ff]
V  [jvm.dll+0x7d483b]
V  [jvm.dll+0x61dc06]
V  [jvm.dll+0x1bfa87]
V  [jvm.dll+0x620570]
V  [jvm.dll+0x61e5c6]
V  [jvm.dll+0x6283a7]
V  [jvm.dll+0x1e92ed]
V  [jvm.dll+0x1e98b5]
V  [jvm.dll+0x1ea1fb]
V  [jvm.dll+0x1dfa01]
V  [jvm.dll+0x53d58c]
V  [jvm.dll+0x753438]
V  [jvm.dll+0x753524]
V  [jvm.dll+0x40babf]
V  [jvm.dll+0x411a89]
C  [java.dll+0x17ec]

Java frames: (J=compiled Java code, j=interpreted, Vv=VM code)
J 832  java.lang.ClassLoader.defineClass1(Ljava/lang/ClassLoader;Ljava/lang/String;[BIILjava/security/ProtectionDomain;Ljava/lang/String;)Ljava/lang/Class; java.base@17.0.10 (0 bytes) @ 0x00000277c3092863 [0x00000277c30927a0+0x00000000000000c3]
J 1129 c1 java.lang.ClassLoader.defineClass(Ljava/lang/String;[BIILjava/security/ProtectionDomain;)Ljava/lang/Class; java.base@17.0.10 (43 bytes) @ 0x00000277bb76e9dc [0x00000277bb76e680+0x000000000000035c]
J 1024 c1 java.security.SecureClassLoader.defineClass(Ljava/lang/String;[BIILjava/security/CodeSource;)Ljava/lang/Class; java.base@17.0.10 (16 bytes) @ 0x00000277bb746a0c [0x00000277bb746940+0x00000000000000cc]
J 942 c1 jdk.internal.loader.BuiltinClassLoader.defineClass(Ljava/lang/String;Ljdk/internal/loader/Resource;)Ljava/lang/Class; java.base@17.0.10 (121 bytes) @ 0x00000277bb71a2f4 [0x00000277bb719380+0x0000000000000f74]
J 799 c1 jdk.internal.loader.BuiltinClassLoader.findClassOnClassPathOrNull(Ljava/lang/String;)Ljava/lang/Class; java.base@17.0.10 (64 bytes) @ 0x00000277bb6cc0e4 [0x00000277bb6cb060+0x0000000000001084]
J 486 c1 jdk.internal.loader.BuiltinClassLoader.loadClassOrNull(Ljava/lang/String;Z)Ljava/lang/Class; java.base@17.0.10 (143 bytes) @ 0x00000277bb636bd4 [0x00000277bb635cc0+0x0000000000000f14]
J 724 c1 jdk.internal.loader.ClassLoaders$AppClassLoader.loadClass(Ljava/lang/String;Z)Ljava/lang/Class; java.base@17.0.10 (40 bytes) @ 0x00000277bb6a5a8c [0x00000277bb6a5460+0x000000000000062c]
J 723 c1 java.lang.ClassLoader.loadClass(Ljava/lang/String;)Ljava/lang/Class; java.base@17.0.10 (7 bytes) @ 0x00000277bb6a50cc [0x00000277bb6a4fc0+0x000000000000010c]
v  ~StubRoutines::call_stub
J 832  java.lang.ClassLoader.defineClass1(Ljava/lang/ClassLoader;Ljava/lang/String;[BIILjava/security/ProtectionDomain;Ljava/lang/String;)Ljava/lang/Class; java.base@17.0.10 (0 bytes) @ 0x00000277c3092863 [0x00000277c30927a0+0x00000000000000c3]
J 1129 c1 java.lang.ClassLoader.defineClass(Ljava/lang/String;[BIILjava/security/ProtectionDomain;)Ljava/lang/Class; java.base@17.0.10 (43 bytes) @ 0x00000277bb76e9dc [0x00000277bb76e680+0x000000000000035c]
J 1024 c1 java.security.SecureClassLoader.defineClass(Ljava/lang/String;[BIILjava/security/CodeSource;)Ljava/lang/Class; java.base@17.0.10 (16 bytes) @ 0x00000277bb746a0c [0x00000277bb746940+0x00000000000000cc]
J 942 c1 jdk.internal.loader.BuiltinClassLoader.defineClass(Ljava/lang/String;Ljdk/internal/loader/Resource;)Ljava/lang/Class; java.base@17.0.10 (121 bytes) @ 0x00000277bb71a2f4 [0x00000277bb719380+0x0000000000000f74]
J 799 c1 jdk.internal.loader.BuiltinClassLoader.findClassOnClassPathOrNull(Ljava/lang/String;)Ljava/lang/Class; java.base@17.0.10 (64 bytes) @ 0x00000277bb6cc0e4 [0x00000277bb6cb060+0x0000000000001084]
J 486 c1 jdk.internal.loader.BuiltinClassLoader.loadClassOrNull(Ljava/lang/String;Z)Ljava/lang/Class; java.base@17.0.10 (143 bytes) @ 0x00000277bb636bd4 [0x00000277bb635cc0+0x0000000000000f14]
J 724 c1 jdk.internal.loader.ClassLoaders$AppClassLoader.loadClass(Ljava/lang/String;Z)Ljava/lang/Class; java.base@17.0.10 (40 bytes) @ 0x00000277bb6a5a8c [0x00000277bb6a5460+0x000000000000062c]
J 723 c1 java.lang.ClassLoader.loadClass(Ljava/lang/String;)Ljava/lang/Class; java.base@17.0.10 (7 bytes) @ 0x00000277bb6a50cc [0x00000277bb6a4fc0+0x000000000000010c]
v  ~StubRoutines::call_stub
J 832  java.lang.ClassLoader.defineClass1(Ljava/lang/ClassLoader;Ljava/lang/String;[BIILjava/security/ProtectionDomain;Ljava/lang/String;)Ljava/lang/Class; java.base@17.0.10 (0 bytes) @ 0x00000277c3092863 [0x00000277c30927a0+0x00000000000000c3]
J 1129 c1 java.lang.ClassLoader.defineClass(Ljava/lang/String;[BIILjava/security/ProtectionDomain;)Ljava/lang/Class; java.base@17.0.10 (43 bytes) @ 0x00000277bb76e9dc [0x00000277bb76e680+0x000000000000035c]
J 1024 c1 java.security.SecureClassLoader.defineClass(Ljava/lang/String;[BIILjava/security/CodeSource;)Ljava/lang/Class; java.base@17.0.10 (16 bytes) @ 0x00000277bb746a0c [0x00000277bb746940+0x00000000000000cc]
J 942 c1 jdk.internal.loader.BuiltinClassLoader.defineClass(Ljava/lang/String;Ljdk/internal/loader/Resource;)Ljava/lang/Class; java.base@17.0.10 (121 bytes) @ 0x00000277bb71a2f4 [0x00000277bb719380+0x0000000000000f74]
J 799 c1 jdk.internal.loader.BuiltinClassLoader.findClassOnClassPathOrNull(Ljava/lang/String;)Ljava/lang/Class; java.base@17.0.10 (64 bytes) @ 0x00000277bb6cc0e4 [0x00000277bb6cb060+0x0000000000001084]
J 486 c1 jdk.internal.loader.BuiltinClassLoader.loadClassOrNull(Ljava/lang/String;Z)Ljava/lang/Class; java.base@17.0.10 (143 bytes) @ 0x00000277bb636bd4 [0x00000277bb635cc0+0x0000000000000f14]
J 724 c1 jdk.internal.loader.ClassLoaders$AppClassLoader.loadClass(Ljava/lang/String;Z)Ljava/lang/Class; java.base@17.0.10 (40 bytes) @ 0x00000277bb6a5a8c [0x00000277bb6a5460+0x000000000000062c]
J 723 c1 java.lang.ClassLoader.loadClass(Ljava/lang/String;)Ljava/lang/Class; java.base@17.0.10 (7 bytes) @ 0x00000277bb6a50cc [0x00000277bb6a4fc0+0x000000000000010c]
v  ~StubRoutines::call_stub
J 832  java.lang.ClassLoader.defineClass1(Ljava/lang/ClassLoader;Ljava/lang/String;[BIILjava/security/ProtectionDomain;Ljava/lang/String;)Ljava/lang/Class; java.base@17.0.10 (0 bytes) @ 0x00000277c3092863 [0x00000277c30927a0+0x00000000000000c3]
J 1129 c1 java.lang.ClassLoader.defineClass(Ljava/lang/String;[BIILjava/security/ProtectionDomain;)Ljava/lang/Class; java.base@17.0.10 (43 bytes) @ 0x00000277bb76e9dc [0x00000277bb76e680+0x000000000000035c]
J 1024 c1 java.security.SecureClassLoader.defineClass(Ljava/lang/String;[BIILjava/security/CodeSource;)Ljava/lang/Class; java.base@17.0.10 (16 bytes) @ 0x00000277bb746a0c [0x00000277bb746940+0x00000000000000cc]
J 942 c1 jdk.internal.loader.BuiltinClassLoader.defineClass(Ljava/lang/String;Ljdk/internal/loader/Resource;)Ljava/lang/Class; java.base@17.0.10 (121 bytes) @ 0x00000277bb71a2f4 [0x00000277bb719380+0x0000000000000f74]
J 799 c1 jdk.internal.loader.BuiltinClassLoader.findClassOnClassPathOrNull(Ljava/lang/String;)Ljava/lang/Class; java.base@17.0.10 (64 bytes) @ 0x00000277bb6cc0e4 [0x00000277bb6cb060+0x0000000000001084]
J 486 c1 jdk.internal.loader.BuiltinClassLoader.loadClassOrNull(Ljava/lang/String;Z)Ljava/lang/Class; java.base@17.0.10 (143 bytes) @ 0x00000277bb636bd4 [0x00000277bb635cc0+0x0000000000000f14]
J 724 c1 jdk.internal.loader.ClassLoaders$AppClassLoader.loadClass(Ljava/lang/String;Z)Ljava/lang/Class; java.base@17.0.10 (40 bytes) @ 0x00000277bb6a5a8c [0x00000277bb6a5460+0x000000000000062c]
J 723 c1 java.lang.ClassLoader.loadClass(Ljava/lang/String;)Ljava/lang/Class; java.base@17.0.10 (7 bytes) @ 0x00000277bb6a50cc [0x00000277bb6a4fc0+0x000000000000010c]
v  ~StubRoutines::call_stub
j  org.springframework.context.support.GenericApplicationContext.<init>()V+21
j  org.springframework.web.context.support.GenericWebApplicationContext.<init>()V+1
j  org.springframework.boot.web.servlet.context.ServletWebServerApplicationContext.<init>()V+1
j  org.springframework.boot.web.servlet.context.AnnotationConfigServletWebServerApplicationContext.<init>()V+1
j  org.springframework.boot.web.servlet.context.ServletWebServerApplicationContextFactory.createContext()Lorg/springframework/context/ConfigurableApplicationContext;+10
j  org.springframework.boot.web.servlet.context.ServletWebServerApplicationContextFactory.create(Lorg/springframework/boot/WebApplicationType;)Lorg/springframework/context/ConfigurableApplicationContext;+12
j  org.springframework.boot.DefaultApplicationContextFactory$$Lambda$207+0x00000277d813d4b0.apply(Ljava/lang/Object;Ljava/lang/Object;)Ljava/lang/Object;+8
j  org.springframework.boot.DefaultApplicationContextFactory.getFromSpringFactories(Lorg/springframework/boot/WebApplicationType;Ljava/util/function/BiFunction;Ljava/util/function/Supplier;)Ljava/lang/Object;+45
j  org.springframework.boot.DefaultApplicationContextFactory.create(Lorg/springframework/boot/WebApplicationType;)Lorg/springframework/context/ConfigurableApplicationContext;+13
j  org.springframework.boot.SpringApplication.createApplicationContext()Lorg/springframework/context/ConfigurableApplicationContext;+8
j  org.springframework.boot.SpringApplication.run([Ljava/lang/String;)Lorg/springframework/context/ConfigurableApplicationContext;+76
j  org.springframework.boot.SpringApplication.run([Ljava/lang/Class;[Ljava/lang/String;)Lorg/springframework/context/ConfigurableApplicationContext;+9
j  org.springframework.boot.SpringApplication.run(Ljava/lang/Class;[Ljava/lang/String;)Lorg/springframework/context/ConfigurableApplicationContext;+9
j  com.example.ATM_Backend.AtmBackendApplication.main([Ljava/lang/String;)V+3
v  ~StubRoutines::call_stub

---------------  P R O C E S S  ---------------

Threads class SMR info:
_java_thread_list=0x000002781ca40fc0, length=15, elements={
0x00000277b3cdc960, 0x00000277d682f660, 0x00000277d6830020, 0x00000277d68ea390,
0x00000277d68eac60, 0x00000277d68ed540, 0x00000277d68ede10, 0x00000277d68efc30,
0x00000277d68f0b50, 0x00000277d6903fb0, 0x00000277d6a46340, 0x00000277d6aea570,
0x00000277d6a430a0, 0x00000277d6a42b90, 0x00000277d6a435b0
}

Java Threads: ( => current thread )
=>0x00000277b3cdc960 JavaThread "main" [_thread_in_vm, id=168, stack(0x000000bc2c700000,0x000000bc2c800000)]
  0x00000277d682f660 JavaThread "Reference Handler" daemon [_thread_blocked, id=4008, stack(0x000000bc2ce00000,0x000000bc2cf00000)]
  0x00000277d6830020 JavaThread "Finalizer" daemon [_thread_blocked, id=9932, stack(0x000000bc2cf00000,0x000000bc2d000000)]
  0x00000277d68ea390 JavaThread "Signal Dispatcher" daemon [_thread_blocked, id=7268, stack(0x000000bc2d000000,0x000000bc2d100000)]
  0x00000277d68eac60 JavaThread "Attach Listener" daemon [_thread_blocked, id=28648, stack(0x000000bc2d100000,0x000000bc2d200000)]
  0x00000277d68ed540 JavaThread "Service Thread" daemon [_thread_blocked, id=8300, stack(0x000000bc2d200000,0x000000bc2d300000)]
  0x00000277d68ede10 JavaThread "Monitor Deflation Thread" daemon [_thread_blocked, id=8716, stack(0x000000bc2d300000,0x000000bc2d400000)]
  0x00000277d68efc30 JavaThread "C2 CompilerThread0" daemon [_thread_blocked, id=20664, stack(0x000000bc2d400000,0x000000bc2d500000)]
  0x00000277d68f0b50 JavaThread "C1 CompilerThread0" daemon [_thread_blocked, id=22892, stack(0x000000bc2d500000,0x000000bc2d600000)]
  0x00000277d6903fb0 JavaThread "Sweeper thread" daemon [_thread_blocked, id=28808, stack(0x000000bc2d600000,0x000000bc2d700000)]
  0x00000277d6a46340 JavaThread "Common-Cleaner" daemon [_thread_blocked, id=13016, stack(0x000000bc2d700000,0x000000bc2d800000)]
  0x00000277d6aea570 JavaThread "C2 CompilerThread1" daemon [_thread_in_native, id=16420, stack(0x000000bc2d800000,0x000000bc2d900000)]
  0x00000277d6a430a0 JavaThread "Monitor Ctrl-Break" daemon [_thread_in_native, id=27900, stack(0x000000bc2d900000,0x000000bc2da00000)]
  0x00000277d6a42b90 JavaThread "Notification Thread" daemon [_thread_blocked, id=20264, stack(0x000000bc2da00000,0x000000bc2db00000)]
  0x00000277d6a435b0 JavaThread "background-preinit" [_thread_in_vm, id=11932, stack(0x000000bc2e400000,0x000000bc2e500000)]

Other Threads:
  0x00000277d682c890 VMThread "VM Thread" [stack: 0x000000bc2cd00000,0x000000bc2ce00000] [id=5076]
  0x00000277b3d62500 WatcherThread [stack: 0x000000bc2db00000,0x000000bc2dc00000] [id=25276]
  0x00000277b3d48570 GCTaskThread "GC Thread#0" [stack: 0x000000bc2c800000,0x000000bc2c900000] [id=21976]
  0x000002781c8e02d0 GCTaskThread "GC Thread#1" [stack: 0x000000bc2dc00000,0x000000bc2dd00000] [id=18012]
  0x000002781c8dfa90 GCTaskThread "GC Thread#2" [stack: 0x000000bc2dd00000,0x000000bc2de00000] [id=3668]
  0x000002781c8e0590 GCTaskThread "GC Thread#3" [stack: 0x000000bc2de00000,0x000000bc2df00000] [id=25112]
  0x000002781c8df250 GCTaskThread "GC Thread#4" [stack: 0x000000bc2df00000,0x000000bc2e000000] [id=20500]
  0x000002781c8e0850 GCTaskThread "GC Thread#5" [stack: 0x000000bc2e000000,0x000000bc2e100000] [id=7272]
  0x000002781c8df510 GCTaskThread "GC Thread#6" [stack: 0x000000bc2e100000,0x000000bc2e200000] [id=12168]
  0x000002781c8df7d0 GCTaskThread "GC Thread#7" [stack: 0x000000bc2e200000,0x000000bc2e300000] [id=5940]
  0x00000277b3d58ec0 ConcurrentGCThread "G1 Main Marker" [stack: 0x000000bc2c900000,0x000000bc2ca00000] [id=23196]
  0x00000277b3d5bf90 ConcurrentGCThread "G1 Conc#0" [stack: 0x000000bc2ca00000,0x000000bc2cb00000] [id=21956]
  0x00000277b3d8ebf0 ConcurrentGCThread "G1 Refine#0" [stack: 0x000000bc2cb00000,0x000000bc2cc00000] [id=27172]
  0x000002781c6d59f0 ConcurrentGCThread "G1 Refine#1" [stack: 0x000000bc2e300000,0x000000bc2e400000] [id=8264]
  0x00000277d66e56f0 ConcurrentGCThread "G1 Service" [stack: 0x000000bc2cc00000,0x000000bc2cd00000] [id=28744]

Threads with active compile tasks:
C2 CompilerThread1     2164 1490       4       jdk.internal.loader.URLClassPath::getResource (74 bytes)

VM state: not at safepoint (normal execution)

VM Mutex/Monitor currently owned by a thread:  ([mutex/lock_event])
[0x00000277b3ccc730] Metaspace_lock - owner thread: 0x00000277b3cdc960

Heap address: 0x0000000705000000, size: 4016 MB, Compressed Oops mode: Zero based, Oop shift amount: 3

CDS archive(s) mapped at: [0x00000277d7000000-0x00000277d7bd0000-0x00000277d7bd0000), size 12386304, SharedBaseAddress: 0x00000277d7000000, ArchiveRelocationMode: 1.
Compressed class space mapped at: 0x00000277d8000000-0x0000027818000000, reserved size: 1073741824
Narrow klass base: 0x00000277d7000000, Narrow klass shift: 0, Narrow klass range: 0x100000000

GC Precious Log:
 CPUs: 8 total, 8 available
 Memory: 16060M
 Large Page Support: Disabled
 NUMA Support: Disabled
 Compressed Oops: Enabled (Zero based)
 Heap Region Size: 2M
 Heap Min Capacity: 8M
 Heap Initial Capacity: 252M
 Heap Max Capacity: 4016M
 Pre-touch: Disabled
 Parallel Workers: 8
 Concurrent Workers: 2
 Concurrent Refinement Workers: 8
 Periodic GC: Disabled

Heap:
 garbage-first heap   total 258048K, used 21588K [0x0000000705000000, 0x0000000800000000)
  region size 2048K, 10 young (20480K), 2 survivors (4096K)
 Metaspace       used 8922K, committed 9152K, reserved 1114112K
  class space    used 1092K, committed 1216K, reserved 1048576K

Heap Regions: E=young(eden), S=young(survivor), O=old, HS=humongous(starts), HC=humongous(continues), CS=collection set, F=free, OA=open archive, CA=closed archive, TAMS=top-at-mark-start (previous, next)
|   0|0x0000000705000000, 0x0000000705200000, 0x0000000705200000|100%| O|  |TAMS 0x0000000705000000, 0x0000000705000000| Untracked 
|   1|0x0000000705200000, 0x0000000705315200, 0x0000000705400000| 54%| O|  |TAMS 0x0000000705200000, 0x0000000705200000| Untracked 
|   2|0x0000000705400000, 0x0000000705400000, 0x0000000705600000|  0%| F|  |TAMS 0x0000000705400000, 0x0000000705400000| Untracked 
|   3|0x0000000705600000, 0x0000000705600000, 0x0000000705800000|  0%| F|  |TAMS 0x0000000705600000, 0x0000000705600000| Untracked 
|   4|0x0000000705800000, 0x0000000705800000, 0x0000000705a00000|  0%| F|  |TAMS 0x0000000705800000, 0x0000000705800000| Untracked 
|   5|0x0000000705a00000, 0x0000000705a00000, 0x0000000705c00000|  0%| F|  |TAMS 0x0000000705a00000, 0x0000000705a00000| Untracked 
|   6|0x0000000705c00000, 0x0000000705c00000, 0x0000000705e00000|  0%| F|  |TAMS 0x0000000705c00000, 0x0000000705c00000| Untracked 
|   7|0x0000000705e00000, 0x0000000705e00000, 0x0000000706000000|  0%| F|  |TAMS 0x0000000705e00000, 0x0000000705e00000| Untracked 
|   8|0x0000000706000000, 0x0000000706000000, 0x0000000706200000|  0%| F|  |TAMS 0x0000000706000000, 0x0000000706000000| Untracked 
|   9|0x0000000706200000, 0x0000000706200000, 0x0000000706400000|  0%| F|  |TAMS 0x0000000706200000, 0x0000000706200000| Untracked 
|  10|0x0000000706400000, 0x0000000706400000, 0x0000000706600000|  0%| F|  |TAMS 0x0000000706400000, 0x0000000706400000| Untracked 
|  11|0x0000000706600000, 0x0000000706600000, 0x0000000706800000|  0%| F|  |TAMS 0x0000000706600000, 0x0000000706600000| Untracked 
|  12|0x0000000706800000, 0x0000000706800000, 0x0000000706a00000|  0%| F|  |TAMS 0x0000000706800000, 0x0000000706800000| Untracked 
|  13|0x0000000706a00000, 0x0000000706a00000, 0x0000000706c00000|  0%| F|  |TAMS 0x0000000706a00000, 0x0000000706a00000| Untracked 
|  14|0x0000000706c00000, 0x0000000706c00000, 0x0000000706e00000|  0%| F|  |TAMS 0x0000000706c00000, 0x0000000706c00000| Untracked 
|  15|0x0000000706e00000, 0x0000000706e00000, 0x0000000707000000|  0%| F|  |TAMS 0x0000000706e00000, 0x0000000706e00000| Untracked 
|  16|0x0000000707000000, 0x0000000707000000, 0x0000000707200000|  0%| F|  |TAMS 0x0000000707000000, 0x0000000707000000| Untracked 
|  17|0x0000000707200000, 0x0000000707200000, 0x0000000707400000|  0%| F|  |TAMS 0x0000000707200000, 0x0000000707200000| Untracked 
|  18|0x0000000707400000, 0x0000000707400000, 0x0000000707600000|  0%| F|  |TAMS 0x0000000707400000, 0x0000000707400000| Untracked 
|  19|0x0000000707600000, 0x0000000707600000, 0x0000000707800000|  0%| F|  |TAMS 0x0000000707600000, 0x0000000707600000| Untracked 
|  20|0x0000000707800000, 0x0000000707800000, 0x0000000707a00000|  0%| F|  |TAMS 0x0000000707800000, 0x0000000707800000| Untracked 
|  21|0x0000000707a00000, 0x0000000707a00000, 0x0000000707c00000|  0%| F|  |TAMS 0x0000000707a00000, 0x0000000707a00000| Untracked 
|  22|0x0000000707c00000, 0x0000000707c00000, 0x0000000707e00000|  0%| F|  |TAMS 0x0000000707c00000, 0x0000000707c00000| Untracked 
|  23|0x0000000707e00000, 0x0000000707e00000, 0x0000000708000000|  0%| F|  |TAMS 0x0000000707e00000, 0x0000000707e00000| Untracked 
|  24|0x0000000708000000, 0x0000000708000000, 0x0000000708200000|  0%| F|  |TAMS 0x0000000708000000, 0x0000000708000000| Untracked 
|  25|0x0000000708200000, 0x0000000708200000, 0x0000000708400000|  0%| F|  |TAMS 0x0000000708200000, 0x0000000708200000| Untracked 
|  26|0x0000000708400000, 0x0000000708400000, 0x0000000708600000|  0%| F|  |TAMS 0x0000000708400000, 0x0000000708400000| Untracked 
|  27|0x0000000708600000, 0x0000000708600000, 0x0000000708800000|  0%| F|  |TAMS 0x0000000708600000, 0x0000000708600000| Untracked 
|  28|0x0000000708800000, 0x0000000708800000, 0x0000000708a00000|  0%| F|  |TAMS 0x0000000708800000, 0x0000000708800000| Untracked 
|  29|0x0000000708a00000, 0x0000000708a00000, 0x0000000708c00000|  0%| F|  |TAMS 0x0000000708a00000, 0x0000000708a00000| Untracked 
|  30|0x0000000708c00000, 0x0000000708c00000, 0x0000000708e00000|  0%| F|  |TAMS 0x0000000708c00000, 0x0000000708c00000| Untracked 
|  31|0x0000000708e00000, 0x0000000708e00000, 0x0000000709000000|  0%| F|  |TAMS 0x0000000708e00000, 0x0000000708e00000| Untracked 
|  32|0x0000000709000000, 0x0000000709000000, 0x0000000709200000|  0%| F|  |TAMS 0x0000000709000000, 0x0000000709000000| Untracked 
|  33|0x0000000709200000, 0x0000000709200000, 0x0000000709400000|  0%| F|  |TAMS 0x0000000709200000, 0x0000000709200000| Untracked 
|  34|0x0000000709400000, 0x0000000709400000, 0x0000000709600000|  0%| F|  |TAMS 0x0000000709400000, 0x0000000709400000| Untracked 
|  35|0x0000000709600000, 0x0000000709600000, 0x0000000709800000|  0%| F|  |TAMS 0x0000000709600000, 0x0000000709600000| Untracked 
|  36|0x0000000709800000, 0x0000000709800000, 0x0000000709a00000|  0%| F|  |TAMS 0x0000000709800000, 0x0000000709800000| Untracked 
|  37|0x0000000709a00000, 0x0000000709a00000, 0x0000000709c00000|  0%| F|  |TAMS 0x0000000709a00000, 0x0000000709a00000| Untracked 
|  38|0x0000000709c00000, 0x0000000709c00000, 0x0000000709e00000|  0%| F|  |TAMS 0x0000000709c00000, 0x0000000709c00000| Untracked 
|  39|0x0000000709e00000, 0x0000000709e00000, 0x000000070a000000|  0%| F|  |TAMS 0x0000000709e00000, 0x0000000709e00000| Untracked 
|  40|0x000000070a000000, 0x000000070a000000, 0x000000070a200000|  0%| F|  |TAMS 0x000000070a000000, 0x000000070a000000| Untracked 
|  41|0x000000070a200000, 0x000000070a200000, 0x000000070a400000|  0%| F|  |TAMS 0x000000070a200000, 0x000000070a200000| Untracked 
|  42|0x000000070a400000, 0x000000070a400000, 0x000000070a600000|  0%| F|  |TAMS 0x000000070a400000, 0x000000070a400000| Untracked 
|  43|0x000000070a600000, 0x000000070a600000, 0x000000070a800000|  0%| F|  |TAMS 0x000000070a600000, 0x000000070a600000| Untracked 
|  44|0x000000070a800000, 0x000000070a800000, 0x000000070aa00000|  0%| F|  |TAMS 0x000000070a800000, 0x000000070a800000| Untracked 
|  45|0x000000070aa00000, 0x000000070aa00000, 0x000000070ac00000|  0%| F|  |TAMS 0x000000070aa00000, 0x000000070aa00000| Untracked 
|  46|0x000000070ac00000, 0x000000070ac00000, 0x000000070ae00000|  0%| F|  |TAMS 0x000000070ac00000, 0x000000070ac00000| Untracked 
|  47|0x000000070ae00000, 0x000000070ae00000, 0x000000070b000000|  0%| F|  |TAMS 0x000000070ae00000, 0x000000070ae00000| Untracked 
|  48|0x000000070b000000, 0x000000070b000000, 0x000000070b200000|  0%| F|  |TAMS 0x000000070b000000, 0x000000070b000000| Untracked 
|  49|0x000000070b200000, 0x000000070b200000, 0x000000070b400000|  0%| F|  |TAMS 0x000000070b200000, 0x000000070b200000| Untracked 
|  50|0x000000070b400000, 0x000000070b400000, 0x000000070b600000|  0%| F|  |TAMS 0x000000070b400000, 0x000000070b400000| Untracked 
|  51|0x000000070b600000, 0x000000070b600000, 0x000000070b800000|  0%| F|  |TAMS 0x000000070b600000, 0x000000070b600000| Untracked 
|  52|0x000000070b800000, 0x000000070b800000, 0x000000070ba00000|  0%| F|  |TAMS 0x000000070b800000, 0x000000070b800000| Untracked 
|  53|0x000000070ba00000, 0x000000070ba00000, 0x000000070bc00000|  0%| F|  |TAMS 0x000000070ba00000, 0x000000070ba00000| Untracked 
|  54|0x000000070bc00000, 0x000000070bc00000, 0x000000070be00000|  0%| F|  |TAMS 0x000000070bc00000, 0x000000070bc00000| Untracked 
|  55|0x000000070be00000, 0x000000070be00000, 0x000000070c000000|  0%| F|  |TAMS 0x000000070be00000, 0x000000070be00000| Untracked 
|  56|0x000000070c000000, 0x000000070c000000, 0x000000070c200000|  0%| F|  |TAMS 0x000000070c000000, 0x000000070c000000| Untracked 
|  57|0x000000070c200000, 0x000000070c200000, 0x000000070c400000|  0%| F|  |TAMS 0x000000070c200000, 0x000000070c200000| Untracked 
|  58|0x000000070c400000, 0x000000070c400000, 0x000000070c600000|  0%| F|  |TAMS 0x000000070c400000, 0x000000070c400000| Untracked 
|  59|0x000000070c600000, 0x000000070c600000, 0x000000070c800000|  0%| F|  |TAMS 0x000000070c600000, 0x000000070c600000| Untracked 
|  60|0x000000070c800000, 0x000000070c800000, 0x000000070ca00000|  0%| F|  |TAMS 0x000000070c800000, 0x000000070c800000| Untracked 
|  61|0x000000070ca00000, 0x000000070ca00000, 0x000000070cc00000|  0%| F|  |TAMS 0x000000070ca00000, 0x000000070ca00000| Untracked 
|  62|0x000000070cc00000, 0x000000070cc00000, 0x000000070ce00000|  0%| F|  |TAMS 0x000000070cc00000, 0x000000070cc00000| Untracked 
|  63|0x000000070ce00000, 0x000000070ce00000, 0x000000070d000000|  0%| F|  |TAMS 0x000000070ce00000, 0x000000070ce00000| Untracked 
|  64|0x000000070d000000, 0x000000070d000000, 0x000000070d200000|  0%| F|  |TAMS 0x000000070d000000, 0x000000070d000000| Untracked 
|  65|0x000000070d200000, 0x000000070d200000, 0x000000070d400000|  0%| F|  |TAMS 0x000000070d200000, 0x000000070d200000| Untracked 
|  66|0x000000070d400000, 0x000000070d400000, 0x000000070d600000|  0%| F|  |TAMS 0x000000070d400000, 0x000000070d400000| Untracked 
|  67|0x000000070d600000, 0x000000070d600000, 0x000000070d800000|  0%| F|  |TAMS 0x000000070d600000, 0x000000070d600000| Untracked 
|  68|0x000000070d800000, 0x000000070d800000, 0x000000070da00000|  0%| F|  |TAMS 0x000000070d800000, 0x000000070d800000| Untracked 
|  69|0x000000070da00000, 0x000000070da00000, 0x000000070dc00000|  0%| F|  |TAMS 0x000000070da00000, 0x000000070da00000| Untracked 
|  70|0x000000070dc00000, 0x000000070dc00000, 0x000000070de00000|  0%| F|  |TAMS 0x000000070dc00000, 0x000000070dc00000| Untracked 
|  71|0x000000070de00000, 0x000000070de00000, 0x000000070e000000|  0%| F|  |TAMS 0x000000070de00000, 0x000000070de00000| Untracked 
|  72|0x000000070e000000, 0x000000070e000000, 0x000000070e200000|  0%| F|  |TAMS 0x000000070e000000, 0x000000070e000000| Untracked 
|  73|0x000000070e200000, 0x000000070e200000, 0x000000070e400000|  0%| F|  |TAMS 0x000000070e200000, 0x000000070e200000| Untracked 
|  74|0x000000070e400000, 0x000000070e400000, 0x000000070e600000|  0%| F|  |TAMS 0x000000070e400000, 0x000000070e400000| Untracked 
|  75|0x000000070e600000, 0x000000070e600000, 0x000000070e800000|  0%| F|  |TAMS 0x000000070e600000, 0x000000070e600000| Untracked 
|  76|0x000000070e800000, 0x000000070e800000, 0x000000070ea00000|  0%| F|  |TAMS 0x000000070e800000, 0x000000070e800000| Untracked 
|  77|0x000000070ea00000, 0x000000070ea00000, 0x000000070ec00000|  0%| F|  |TAMS 0x000000070ea00000, 0x000000070ea00000| Untracked 
|  78|0x000000070ec00000, 0x000000070ec00000, 0x000000070ee00000|  0%| F|  |TAMS 0x000000070ec00000, 0x000000070ec00000| Untracked 
|  79|0x000000070ee00000, 0x000000070ee00000, 0x000000070f000000|  0%| F|  |TAMS 0x000000070ee00000, 0x000000070ee00000| Untracked 
|  80|0x000000070f000000, 0x000000070f000000, 0x000000070f200000|  0%| F|  |TAMS 0x000000070f000000, 0x000000070f000000| Untracked 
|  81|0x000000070f200000, 0x000000070f200000, 0x000000070f400000|  0%| F|  |TAMS 0x000000070f200000, 0x000000070f200000| Untracked 
|  82|0x000000070f400000, 0x000000070f400000, 0x000000070f600000|  0%| F|  |TAMS 0x000000070f400000, 0x000000070f400000| Untracked 
|  83|0x000000070f600000, 0x000000070f600000, 0x000000070f800000|  0%| F|  |TAMS 0x000000070f600000, 0x000000070f600000| Untracked 
|  84|0x000000070f800000, 0x000000070f800000, 0x000000070fa00000|  0%| F|  |TAMS 0x000000070f800000, 0x000000070f800000| Untracked 
|  85|0x000000070fa00000, 0x000000070fa00000, 0x000000070fc00000|  0%| F|  |TAMS 0x000000070fa00000, 0x000000070fa00000| Untracked 
|  86|0x000000070fc00000, 0x000000070fc00000, 0x000000070fe00000|  0%| F|  |TAMS 0x000000070fc00000, 0x000000070fc00000| Untracked 
|  87|0x000000070fe00000, 0x000000070fe00000, 0x0000000710000000|  0%| F|  |TAMS 0x000000070fe00000, 0x000000070fe00000| Untracked 
|  88|0x0000000710000000, 0x0000000710000000, 0x0000000710200000|  0%| F|  |TAMS 0x0000000710000000, 0x0000000710000000| Untracked 
|  89|0x0000000710200000, 0x0000000710200000, 0x0000000710400000|  0%| F|  |TAMS 0x0000000710200000, 0x0000000710200000| Untracked 
|  90|0x0000000710400000, 0x0000000710400000, 0x0000000710600000|  0%| F|  |TAMS 0x0000000710400000, 0x0000000710400000| Untracked 
|  91|0x0000000710600000, 0x0000000710600000, 0x0000000710800000|  0%| F|  |TAMS 0x0000000710600000, 0x0000000710600000| Untracked 
|  92|0x0000000710800000, 0x0000000710800000, 0x0000000710a00000|  0%| F|  |TAMS 0x0000000710800000, 0x0000000710800000| Untracked 
|  93|0x0000000710a00000, 0x0000000710a00000, 0x0000000710c00000|  0%| F|  |TAMS 0x0000000710a00000, 0x0000000710a00000| Untracked 
|  94|0x0000000710c00000, 0x0000000710c00000, 0x0000000710e00000|  0%| F|  |TAMS 0x0000000710c00000, 0x0000000710c00000| Untracked 
|  95|0x0000000710e00000, 0x0000000710e00000, 0x0000000711000000|  0%| F|  |TAMS 0x0000000710e00000, 0x0000000710e00000| Untracked 
|  96|0x0000000711000000, 0x0000000711000000, 0x0000000711200000|  0%| F|  |TAMS 0x0000000711000000, 0x0000000711000000| Untracked 
|  97|0x0000000711200000, 0x0000000711200000, 0x0000000711400000|  0%| F|  |TAMS 0x0000000711200000, 0x0000000711200000| Untracked 
|  98|0x0000000711400000, 0x0000000711400000, 0x0000000711600000|  0%| F|  |TAMS 0x0000000711400000, 0x0000000711400000| Untracked 
|  99|0x0000000711600000, 0x0000000711600000, 0x0000000711800000|  0%| F|  |TAMS 0x0000000711600000, 0x0000000711600000| Untracked 
| 100|0x0000000711800000, 0x0000000711800000, 0x0000000711a00000|  0%| F|  |TAMS 0x0000000711800000, 0x0000000711800000| Untracked 
| 101|0x0000000711a00000, 0x0000000711a00000, 0x0000000711c00000|  0%| F|  |TAMS 0x0000000711a00000, 0x0000000711a00000| Untracked 
| 102|0x0000000711c00000, 0x0000000711c00000, 0x0000000711e00000|  0%| F|  |TAMS 0x0000000711c00000, 0x0000000711c00000| Untracked 
| 103|0x0000000711e00000, 0x0000000711e00000, 0x0000000712000000|  0%| F|  |TAMS 0x0000000711e00000, 0x0000000711e00000| Untracked 
| 104|0x0000000712000000, 0x0000000712000000, 0x0000000712200000|  0%| F|  |TAMS 0x0000000712000000, 0x0000000712000000| Untracked 
| 105|0x0000000712200000, 0x0000000712200000, 0x0000000712400000|  0%| F|  |TAMS 0x0000000712200000, 0x0000000712200000| Untracked 
| 106|0x0000000712400000, 0x0000000712400000, 0x0000000712600000|  0%| F|  |TAMS 0x0000000712400000, 0x0000000712400000| Untracked 
| 107|0x0000000712600000, 0x0000000712600000, 0x0000000712800000|  0%| F|  |TAMS 0x0000000712600000, 0x0000000712600000| Untracked 
| 108|0x0000000712800000, 0x0000000712800000, 0x0000000712a00000|  0%| F|  |TAMS 0x0000000712800000, 0x0000000712800000| Untracked 
| 109|0x0000000712a00000, 0x0000000712a00000, 0x0000000712c00000|  0%| F|  |TAMS 0x0000000712a00000, 0x0000000712a00000| Untracked 
| 110|0x0000000712c00000, 0x0000000712c00000, 0x0000000712e00000|  0%| F|  |TAMS 0x0000000712c00000, 0x0000000712c00000| Untracked 
| 111|0x0000000712e00000, 0x0000000712e00000, 0x0000000713000000|  0%| F|  |TAMS 0x0000000712e00000, 0x0000000712e00000| Untracked 
| 112|0x0000000713000000, 0x0000000713000000, 0x0000000713200000|  0%| F|  |TAMS 0x0000000713000000, 0x0000000713000000| Untracked 
| 113|0x0000000713200000, 0x0000000713400000, 0x0000000713400000|100%| S|CS|TAMS 0x0000000713200000, 0x0000000713200000| Complete 
| 114|0x0000000713400000, 0x0000000713600000, 0x0000000713600000|100%| S|CS|TAMS 0x0000000713400000, 0x0000000713400000| Complete 
| 115|0x0000000713600000, 0x0000000713600000, 0x0000000713800000|  0%| F|  |TAMS 0x0000000713600000, 0x0000000713600000| Untracked 
| 116|0x0000000713800000, 0x0000000713800000, 0x0000000713a00000|  0%| F|  |TAMS 0x0000000713800000, 0x0000000713800000| Untracked 
| 117|0x0000000713a00000, 0x0000000713a00000, 0x0000000713c00000|  0%| F|  |TAMS 0x0000000713a00000, 0x0000000713a00000| Untracked 
| 118|0x0000000713c00000, 0x0000000713d70160, 0x0000000713e00000| 71%| E|  |TAMS 0x0000000713c00000, 0x0000000713c00000| Complete 
| 119|0x0000000713e00000, 0x0000000714000000, 0x0000000714000000|100%| E|CS|TAMS 0x0000000713e00000, 0x0000000713e00000| Complete 
| 120|0x0000000714000000, 0x0000000714200000, 0x0000000714200000|100%| E|CS|TAMS 0x0000000714000000, 0x0000000714000000| Complete 
| 121|0x0000000714200000, 0x0000000714400000, 0x0000000714400000|100%| E|CS|TAMS 0x0000000714200000, 0x0000000714200000| Complete 
| 122|0x0000000714400000, 0x0000000714600000, 0x0000000714600000|100%| E|CS|TAMS 0x0000000714400000, 0x0000000714400000| Complete 
| 123|0x0000000714600000, 0x0000000714800000, 0x0000000714800000|100%| E|CS|TAMS 0x0000000714600000, 0x0000000714600000| Complete 
| 124|0x0000000714800000, 0x0000000714a00000, 0x0000000714a00000|100%| E|CS|TAMS 0x0000000714800000, 0x0000000714800000| Complete 
| 125|0x0000000714a00000, 0x0000000714c00000, 0x0000000714c00000|100%| E|CS|TAMS 0x0000000714a00000, 0x0000000714a00000| Complete 

Card table byte_map: [0x00000277cb080000,0x00000277cb860000] _byte_map_base: 0x00000277c7858000

Marking Bits (Prev, Next): (CMBitMap*) 0x00000277b3d48a90, (CMBitMap*) 0x00000277b3d48ad0
 Prev Bits: [0x00000277cc040000, 0x00000277cff00000)
 Next Bits: [0x00000277cff00000, 0x00000277d3dc0000)

Polling page: 0x00000277b1c30000

Metaspace:

Usage:
  Non-class:      7.65 MB used.
      Class:      1.07 MB used.
       Both:      8.71 MB used.

Virtual space:
  Non-class space:       64.00 MB reserved,       7.75 MB ( 12%) committed,  1 nodes.
      Class space:        1.00 GB reserved,       1.19 MB ( <1%) committed,  1 nodes.
             Both:        1.06 GB reserved,       8.94 MB ( <1%) committed. 

Chunk freelists:
   Non-Class:  7.55 MB
       Class:  14.70 MB
        Both:  22.25 MB

MaxMetaspaceSize: unlimited
CompressedClassSpaceSize: 1.00 GB
Initial GC threshold: 21.00 MB
Current GC threshold: 21.00 MB
CDS: on
MetaspaceReclaimPolicy: balanced
 - commit_granule_bytes: 65536.
 - commit_granule_words: 8192.
 - virtual_space_node_default_size: 8388608.
 - enlarge_chunks_in_place: 1.
 - new_chunks_are_fully_committed: 0.
 - uncommit_free_chunks: 1.
 - use_allocation_guard: 0.
 - handle_deallocations: 1.


Internal statistics:

num_allocs_failed_limit: 0.
num_arena_births: 182.
num_arena_deaths: 0.
num_vsnodes_births: 2.
num_vsnodes_deaths: 0.
num_space_committed: 143.
num_space_uncommitted: 0.
num_chunks_returned_to_freelist: 0.
num_chunks_taken_from_freelist: 462.
num_chunk_merges: 0.
num_chunk_splits: 285.
num_chunks_enlarged: 208.
num_inconsistent_stats: 0.

CodeHeap 'non-profiled nmethods': size=120000Kb used=583Kb max_used=583Kb free=119416Kb
 bounds [0x00000277c3040000, 0x00000277c32b0000, 0x00000277ca570000]
CodeHeap 'profiled nmethods': size=120000Kb used=2842Kb max_used=2842Kb free=117157Kb
 bounds [0x00000277bb570000, 0x00000277bb840000, 0x00000277c2aa0000]
CodeHeap 'non-nmethods': size=5760Kb used=1175Kb max_used=1194Kb free=4584Kb
 bounds [0x00000277c2aa0000, 0x00000277c2d10000, 0x00000277c3040000]
 total_blobs=1998 nmethods=1548 adapters=362
 compilation: enabled
              stopped_count=0, restarted_count=0
 full_count=0

Compilation events (20 events):
Event: 2.061 Thread 0x00000277d68efc30 nmethod 1540 0x00000277c30d1410 code [0x00000277c30d1580, 0x00000277c30d1618]
Event: 2.061 Thread 0x00000277d68efc30 1544       4       java.util.Set::of (4 bytes)
Event: 2.061 Thread 0x00000277d68f0b50 nmethod 1543 0x00000277bb82f390 code [0x00000277bb82f640, 0x00000277bb830438]
Event: 2.061 Thread 0x00000277d68f0b50 1546       3       java.util.stream.ReferencePipeline$3$1::accept (23 bytes)
Event: 2.062 Thread 0x00000277d68f0b50 nmethod 1546 0x00000277bb830910 code [0x00000277bb830ac0, 0x00000277bb830d78]
Event: 2.062 Thread 0x00000277d68f0b50 1545       3       java.net.URI::toLower (19 bytes)
Event: 2.062 Thread 0x00000277d68efc30 nmethod 1544 0x00000277c30d1710 code [0x00000277c30d1880, 0x00000277c30d18d8]
Event: 2.063 Thread 0x00000277d68f0b50 nmethod 1545 0x00000277bb830e90 code [0x00000277bb831020, 0x00000277bb8311b8]
Event: 2.063 Thread 0x00000277d68f0b50 1539       3       jdk.internal.module.Builder::newExports (11 bytes)
Event: 2.063 Thread 0x00000277d68f0b50 nmethod 1539 0x00000277bb831290 code [0x00000277bb831440, 0x00000277bb831588]
Event: 2.063 Thread 0x00000277d68f0b50 1541       3       java.lang.module.ModuleDescriptor$1::newExports (14 bytes)
Event: 2.064 Thread 0x00000277d68f0b50 nmethod 1541 0x00000277bb831610 code [0x00000277bb8317c0, 0x00000277bb831b78]
Event: 2.064 Thread 0x00000277d68f0b50 1542       3       java.util.ImmutableCollections$Set12::<init> (53 bytes)
Event: 2.066 Thread 0x00000277d68f0b50 nmethod 1542 0x00000277bb831c90 code [0x00000277bb831f40, 0x00000277bb832c28]
Event: 2.069 Thread 0x00000277d68f0b50 1548       3       java.lang.invoke.MethodHandleNatives::linkCallSite (66 bytes)
Event: 2.070 Thread 0x00000277d68f0b50 nmethod 1548 0x00000277bb833090 code [0x00000277bb833260, 0x00000277bb8337a8]
Event: 2.070 Thread 0x00000277d68f0b50 1549       3       java.lang.invoke.MethodHandleNatives::linkCallSiteImpl (44 bytes)
Event: 2.071 Thread 0x00000277d68f0b50 nmethod 1549 0x00000277bb833990 code [0x00000277bb833bc0, 0x00000277bb834518]
Event: 2.071 Thread 0x00000277d68f0b50 1550   !   3       java.lang.invoke.CallSite::makeSite (91 bytes)
Event: 2.074 Thread 0x00000277d68f0b50 nmethod 1550 0x00000277bb834890 code [0x00000277bb834bc0, 0x00000277bb835cb8]

GC Heap History (2 events):
Event: 1.414 GC heap before
{Heap before GC invocations=0 (full 0):
 garbage-first heap   total 258048K, used 20480K [0x0000000705000000, 0x0000000800000000)
  region size 2048K, 11 young (22528K), 0 survivors (0K)
 Metaspace       used 5382K, committed 5568K, reserved 1114112K
  class space    used 606K, committed 704K, reserved 1048576K
}
Event: 1.421 GC heap after
{Heap after GC invocations=1 (full 0):
 garbage-first heap   total 258048K, used 7252K [0x0000000705000000, 0x0000000800000000)
  region size 2048K, 2 young (4096K), 2 survivors (4096K)
 Metaspace       used 5382K, committed 5568K, reserved 1114112K
  class space    used 606K, committed 704K, reserved 1048576K
}

Deoptimization events (20 events):
Event: 1.376 Thread 0x00000277b3cdc960 DEOPT PACKING pc=0x00000277c3097838 sp=0x000000bc2c7fe420
Event: 1.376 Thread 0x00000277b3cdc960 DEOPT UNPACKING pc=0x00000277c2af5ba3 sp=0x000000bc2c7fe350 mode 2
Event: 1.471 Thread 0x00000277b3cdc960 DEOPT PACKING pc=0x00000277bb6536d6 sp=0x000000bc2c7fe4f0
Event: 1.471 Thread 0x00000277b3cdc960 DEOPT UNPACKING pc=0x00000277c2af66e3 sp=0x000000bc2c7fd978 mode 0
Event: 1.868 Thread 0x00000277b3cdc960 Uncommon trap: trap_request=0xffffffde fr.pc=0x00000277c30c4934 relative=0x0000000000000114
Event: 1.868 Thread 0x00000277b3cdc960 Uncommon trap: reason=class_check action=maybe_recompile pc=0x00000277c30c4934 method=jdk.internal.misc.Unsafe.allocateUninitializedArray(Ljava/lang/Class;I)Ljava/lang/Object; @ 51 c2
Event: 1.868 Thread 0x00000277b3cdc960 DEOPT PACKING pc=0x00000277c30c4934 sp=0x000000bc2c7fe370
Event: 1.868 Thread 0x00000277b3cdc960 DEOPT UNPACKING pc=0x00000277c2af5ba3 sp=0x000000bc2c7fe2f8 mode 2
Event: 1.869 Thread 0x00000277b3cdc960 Uncommon trap: trap_request=0xffffffde fr.pc=0x00000277c30c4934 relative=0x0000000000000114
Event: 1.869 Thread 0x00000277b3cdc960 Uncommon trap: reason=class_check action=maybe_recompile pc=0x00000277c30c4934 method=jdk.internal.misc.Unsafe.allocateUninitializedArray(Ljava/lang/Class;I)Ljava/lang/Object; @ 51 c2
Event: 1.869 Thread 0x00000277b3cdc960 DEOPT PACKING pc=0x00000277c30c4934 sp=0x000000bc2c7fe1c0
Event: 1.869 Thread 0x00000277b3cdc960 DEOPT UNPACKING pc=0x00000277c2af5ba3 sp=0x000000bc2c7fe148 mode 2
Event: 1.869 Thread 0x00000277b3cdc960 Uncommon trap: trap_request=0xffffffde fr.pc=0x00000277c30c4934 relative=0x0000000000000114
Event: 1.869 Thread 0x00000277b3cdc960 Uncommon trap: reason=class_check action=maybe_recompile pc=0x00000277c30c4934 method=jdk.internal.misc.Unsafe.allocateUninitializedArray(Ljava/lang/Class;I)Ljava/lang/Object; @ 51 c2
Event: 1.869 Thread 0x00000277b3cdc960 DEOPT PACKING pc=0x00000277c30c4934 sp=0x000000bc2c7fe280
Event: 1.869 Thread 0x00000277b3cdc960 DEOPT UNPACKING pc=0x00000277c2af5ba3 sp=0x000000bc2c7fe208 mode 2
Event: 1.869 Thread 0x00000277b3cdc960 Uncommon trap: trap_request=0xffffffde fr.pc=0x00000277c30c4934 relative=0x0000000000000114
Event: 1.869 Thread 0x00000277b3cdc960 Uncommon trap: reason=class_check action=maybe_recompile pc=0x00000277c30c4934 method=jdk.internal.misc.Unsafe.allocateUninitializedArray(Ljava/lang/Class;I)Ljava/lang/Object; @ 51 c2
Event: 1.869 Thread 0x00000277b3cdc960 DEOPT PACKING pc=0x00000277c30c4934 sp=0x000000bc2c7fe0d0
Event: 1.869 Thread 0x00000277b3cdc960 DEOPT UNPACKING pc=0x00000277c2af5ba3 sp=0x000000bc2c7fe058 mode 2

Classes unloaded (0 events):
No events

Classes redefined (0 events):
No events

Internal exceptions (20 events):
Event: 1.685 Thread 0x00000277b3cdc960 Exception <a 'java/lang/NoSuchMethodError'{0x0000000714779498}: 'java.lang.Object java.lang.invoke.DirectMethodHandle$Holder.newInvokeSpecial(java.lang.Object, java.lang.Object, java.lang.Object, java.lang.Object, java.lang.Object, java.lang.Object, int)'> (0x0000000714779498) 
thrown [s\open\src\hotspot\share\interpreter\linkResolver.cpp, line 759]
Event: 1.686 Thread 0x00000277b3cdc960 Exception <a 'java/lang/NoSuchMethodError'{0x000000071477e4d8}: 'java.lang.Object java.lang.invoke.DirectMethodHandle$Holder.invokeSpecial(java.lang.Object, java.lang.Object, java.lang.Object, java.lang.Object, java.lang.Object, java.lang.Object, java.lang.Object, int)'> (0x000000071477e4d8) 
thrown [s\open\src\hotspot\share\interpreter\linkResolver.cpp, line 759]
Event: 1.747 Thread 0x00000277b3cdc960 Exception <a 'java/lang/NoSuchMethodError'{0x00000007144be218}: 'int java.lang.invoke.DirectMethodHandle$Holder.invokeInterface(java.lang.Object, java.lang.Object)'> (0x00000007144be218) 
thrown [s\open\src\hotspot\share\interpreter\linkResolver.cpp, line 759]
Event: 1.779 Thread 0x00000277b3cdc960 Exception <a 'java/lang/NoSuchMethodError'{0x00000007145347b8}: 'int java.lang.invoke.DirectMethodHandle$Holder.invokeVirtual(java.lang.Object, java.lang.Object)'> (0x00000007145347b8) 
thrown [s\open\src\hotspot\share\interpreter\linkResolver.cpp, line 759]
Event: 1.814 Thread 0x00000277b3cdc960 Exception <a 'java/lang/NoSuchMethodError'{0x00000007145daac8}: 'java.lang.Object java.lang.invoke.DirectMethodHandle$Holder.invokeSpecial(java.lang.Object, java.lang.Object, java.lang.Object, int, java.lang.Object)'> (0x00000007145daac8) 
thrown [s\open\src\hotspot\share\interpreter\linkResolver.cpp, line 759]
Event: 1.815 Thread 0x00000277b3cdc960 Exception <a 'java/lang/NoSuchMethodError'{0x00000007145e3128}: 'java.lang.Object java.lang.invoke.DirectMethodHandle$Holder.newInvokeSpecial(java.lang.Object, java.lang.Object, java.lang.Object, int, java.lang.Object)'> (0x00000007145e3128) 
thrown [s\open\src\hotspot\share\interpreter\linkResolver.cpp, line 759]
Event: 1.816 Thread 0x00000277b3cdc960 Exception <a 'java/lang/NoSuchMethodError'{0x00000007145eaaf8}: 'java.lang.Object java.lang.invoke.Invokers$Holder.linkToTargetMethod(java.lang.Object, java.lang.Object, int, java.lang.Object, java.lang.Object)'> (0x00000007145eaaf8) 
thrown [s\open\src\hotspot\share\interpreter\linkResolver.cpp, line 759]
Event: 1.818 Thread 0x00000277b3cdc960 Exception <a 'java/lang/NoSuchMethodError'{0x00000007145fa330}: 'java.lang.Object java.lang.invoke.DirectMethodHandle$Holder.newInvokeSpecial(java.lang.Object, int, java.lang.Object)'> (0x00000007145fa330) 
thrown [s\open\src\hotspot\share\interpreter\linkResolver.cpp, line 759]
Event: 1.819 Thread 0x00000277b3cdc960 Exception <a 'java/lang/NoSuchMethodError'{0x00000007145ff010}: 'int java.lang.invoke.DirectMethodHandle$Holder.invokeSpecialIFC(java.lang.Object, java.lang.Object, java.lang.Object, java.lang.Object)'> (0x00000007145ff010) 
thrown [s\open\src\hotspot\share\interpreter\linkResolver.cpp, line 759]
Event: 1.854 Thread 0x00000277b3cdc960 Exception <a 'java/lang/NoSuchMethodError'{0x00000007142d3500}: 'void java.lang.invoke.DirectMethodHandle$Holder.invokeInterface(java.lang.Object, java.lang.Object, java.lang.Object)'> (0x00000007142d3500) 
thrown [s\open\src\hotspot\share\interpreter\linkResolver.cpp, line 759]
Event: 1.898 Thread 0x00000277b3cdc960 Exception <a 'java/lang/NoSuchMethodError'{0x0000000714364b80}: 'void java.lang.invoke.DirectMethodHandle$Holder.invokeStaticInit(java.lang.Object, java.lang.Object, java.lang.Object)'> (0x0000000714364b80) 
thrown [s\open\src\hotspot\share\interpreter\linkResolver.cpp, line 759]
Event: 1.905 Thread 0x00000277b3cdc960 Exception <a 'java/lang/NoSuchMethodError'{0x00000007143b0360}: 'java.lang.Object java.lang.invoke.DirectMethodHandle$Holder.invokeVirtual(java.lang.Object, java.lang.Object, java.lang.Object)'> (0x00000007143b0360) 
thrown [s\open\src\hotspot\share\interpreter\linkResolver.cpp, line 759]
Event: 1.910 Thread 0x00000277b3cdc960 Exception <a 'java/lang/NoSuchMethodError'{0x00000007143d25d8}: 'java.lang.Object java.lang.invoke.DirectMethodHandle$Holder.invokeStatic(java.lang.Object, java.lang.Object, long, java.lang.Object)'> (0x00000007143d25d8) 
thrown [s\open\src\hotspot\share\interpreter\linkResolver.cpp, line 759]
Event: 1.911 Thread 0x00000277b3cdc960 Exception <a 'java/lang/NoSuchMethodError'{0x00000007143d6070}: 'java.lang.Object java.lang.invoke.DirectMethodHandle$Holder.invokeStaticInit(java.lang.Object, java.lang.Object, long, java.lang.Object)'> (0x00000007143d6070) 
thrown [s\open\src\hotspot\share\interpreter\linkResolver.cpp, line 759]
Event: 1.911 Thread 0x00000277b3cdc960 Exception <a 'java/lang/NoSuchMethodError'{0x00000007143dc7b0}: 'java.lang.Object java.lang.invoke.DirectMethodHandle$Holder.newInvokeSpecial(java.lang.Object, java.lang.Object, long)'> (0x00000007143dc7b0) 
thrown [s\open\src\hotspot\share\interpreter\linkResolver.cpp, line 759]
Event: 1.912 Thread 0x00000277b3cdc960 Exception <a 'java/lang/NoSuchMethodError'{0x00000007143e0320}: 'java.lang.Object java.lang.invoke.Invokers$Holder.linkToTargetMethod(java.lang.Object, long, java.lang.Object)'> (0x00000007143e0320) 
thrown [s\open\src\hotspot\share\interpreter\linkResolver.cpp, line 759]
Event: 1.928 Thread 0x00000277b3cdc960 Exception <a 'java/lang/NoSuchMethodError'{0x0000000714037b68}: 'void java.lang.invoke.DirectMethodHandle$Holder.invokeSpecial(java.lang.Object, java.lang.Object, java.lang.Object, java.lang.Object, java.lang.Object)'> (0x0000000714037b68) 
thrown [s\open\src\hotspot\share\interpreter\linkResolver.cpp, line 759]
Event: 1.929 Thread 0x00000277b3cdc960 Exception <a 'java/lang/NoSuchMethodError'{0x00000007140400f8}: 'void java.lang.invoke.DirectMethodHandle$Holder.invokeVirtual(java.lang.Object, java.lang.Object, java.lang.Object, java.lang.Object)'> (0x00000007140400f8) 
thrown [s\open\src\hotspot\share\interpreter\linkResolver.cpp, line 759]
Event: 1.985 Thread 0x00000277b3cdc960 Exception <a 'java/lang/NoSuchMethodError'{0x00000007141e5fe8}: 'void java.lang.invoke.DirectMethodHandle$Holder.invokeSpecial(java.lang.Object, java.lang.Object, java.lang.Object)'> (0x00000007141e5fe8) 
thrown [s\open\src\hotspot\share\interpreter\linkResolver.cpp, line 759]
Event: 1.995 Thread 0x00000277b3cdc960 Exception <a 'java/lang/IncompatibleClassChangeError'{0x0000000713e16c98}: Found class java.lang.Object, but interface was expected> (0x0000000713e16c98) 
thrown [s\open\src\hotspot\share\interpreter\linkResolver.cpp, line 826]

VM Operations (20 events):
Event: 0.682 Executing VM operation: HandshakeAllThreads
Event: 0.682 Executing VM operation: HandshakeAllThreads done
Event: 0.696 Executing VM operation: HandshakeAllThreads
Event: 0.696 Executing VM operation: HandshakeAllThreads done
Event: 0.893 Executing VM operation: HandshakeAllThreads
Event: 0.893 Executing VM operation: HandshakeAllThreads done
Event: 1.375 Executing VM operation: HandshakeAllThreads
Event: 1.375 Executing VM operation: HandshakeAllThreads done
Event: 1.375 Executing VM operation: Cleanup
Event: 1.376 Executing VM operation: Cleanup done
Event: 1.414 Executing VM operation: G1CollectForAllocation
Event: 1.421 Executing VM operation: G1CollectForAllocation done
Event: 1.775 Executing VM operation: HandshakeAllThreads
Event: 1.775 Executing VM operation: HandshakeAllThreads done
Event: 1.974 Executing VM operation: HandshakeAllThreads
Event: 1.974 Executing VM operation: HandshakeAllThreads done
Event: 1.981 Executing VM operation: HandshakeAllThreads
Event: 1.981 Executing VM operation: HandshakeAllThreads done
Event: 1.981 Executing VM operation: HandshakeAllThreads
Event: 1.981 Executing VM operation: HandshakeAllThreads done

Events (20 events):
Event: 1.944 loading class java/util/Vector$Itr done
Event: 1.990 Thread 0x00000277d6a435b0 Thread added: 0x00000277d6a435b0
Event: 2.002 loading class java/io/Console
Event: 2.002 loading class java/io/Console done
Event: 2.003 loading class java/io/Console$2
Event: 2.003 loading class jdk/internal/access/JavaIOAccess
Event: 2.003 loading class jdk/internal/access/JavaIOAccess done
Event: 2.003 loading class java/io/Console$2 done
Event: 2.019 loading class java/lang/StrictMath
Event: 2.019 loading class java/lang/StrictMath done
Event: 2.052 loading class java/nio/file/FileSystemNotFoundException
Event: 2.052 loading class java/nio/file/FileSystemNotFoundException done
Event: 2.053 loading class java/util/zip/ZipException
Event: 2.053 loading class java/util/zip/ZipException done
Event: 2.054 loading class sun/nio/fs/ExtendedFileSystemProvider
Event: 2.054 loading class sun/nio/fs/ExtendedFileSystemProvider done
Event: 2.086 loading class javax/xml/transform/Source
Event: 2.086 loading class javax/xml/transform/Source done
Event: 2.086 loading class javax/xml/transform/Result
Event: 2.086 loading class javax/xml/transform/Result done


Dynamic libraries:
0x00007ff7d4ff0000 - 0x00007ff7d5000000 	C:\Program Files\Java\jdk-17\bin\java.exe
0x00007ff87bab0000 - 0x00007ff87bcc6000 	C:\WINDOWS\SYSTEM32\ntdll.dll
0x00007ff87a4e0000 - 0x00007ff87a5a4000 	C:\WINDOWS\System32\KERNEL32.DLL
0x00007ff879190000 - 0x00007ff879537000 	C:\WINDOWS\System32\KERNELBASE.dll
0x00007ff878dd0000 - 0x00007ff878ee1000 	C:\WINDOWS\System32\ucrtbase.dll
0x00007ff872ea0000 - 0x00007ff872eb9000 	C:\Program Files\Java\jdk-17\bin\jli.dll
0x00007ff8748a0000 - 0x00007ff8748bb000 	C:\Program Files\Java\jdk-17\bin\VCRUNTIME140.dll
0x00007ff87a5b0000 - 0x00007ff87a662000 	C:\WINDOWS\System32\ADVAPI32.dll
0x00007ff87a050000 - 0x00007ff87a0f7000 	C:\WINDOWS\System32\msvcrt.dll
0x00007ff87a200000 - 0x00007ff87a2a8000 	C:\WINDOWS\System32\sechost.dll
0x00007ff879690000 - 0x00007ff8796b8000 	C:\WINDOWS\System32\bcrypt.dll
0x00007ff8797e0000 - 0x00007ff8798f5000 	C:\WINDOWS\System32\RPCRT4.dll
0x00007ff87b0c0000 - 0x00007ff87b26e000 	C:\WINDOWS\System32\USER32.dll
0x00007ff8795e0000 - 0x00007ff879606000 	C:\WINDOWS\System32\win32u.dll
0x00007ff879e50000 - 0x00007ff879e79000 	C:\WINDOWS\System32\GDI32.dll
0x00007ff8796c0000 - 0x00007ff8797d9000 	C:\WINDOWS\System32\gdi32full.dll
0x00007ff879540000 - 0x00007ff8795da000 	C:\WINDOWS\System32\msvcp_win.dll
0x00007ff861ad0000 - 0x00007ff861d63000 	C:\WINDOWS\WinSxS\amd64_microsoft.windows.common-controls_6595b64144ccf1df_6.0.22621.3235_none_270f74e173860f98\COMCTL32.dll
0x00007ff867e20000 - 0x00007ff867e2a000 	C:\WINDOWS\SYSTEM32\VERSION.dll
0x00007ff87a010000 - 0x00007ff87a041000 	C:\WINDOWS\System32\IMM32.DLL
0x00007ff872e90000 - 0x00007ff872e9c000 	C:\Program Files\Java\jdk-17\bin\vcruntime140_1.dll
0x00007ff85a920000 - 0x00007ff85a9ae000 	C:\Program Files\Java\jdk-17\bin\msvcp140.dll
0x00007ff824f40000 - 0x00007ff825b1f000 	C:\Program Files\Java\jdk-17\bin\server\jvm.dll
0x00007ff879f00000 - 0x00007ff879f08000 	C:\WINDOWS\System32\PSAPI.DLL
0x00007ff84abf0000 - 0x00007ff84abf9000 	C:\WINDOWS\SYSTEM32\WSOCK32.dll
0x00007ff87a2b0000 - 0x00007ff87a321000 	C:\WINDOWS\System32\WS2_32.dll
0x00007ff86f910000 - 0x00007ff86f944000 	C:\WINDOWS\SYSTEM32\WINMM.dll
0x00007ff877ee0000 - 0x00007ff877ef8000 	C:\WINDOWS\SYSTEM32\kernel.appcore.dll
0x00007ff872d90000 - 0x00007ff872d9a000 	C:\Program Files\Java\jdk-17\bin\jimage.dll
0x00007ff876760000 - 0x00007ff876993000 	C:\WINDOWS\SYSTEM32\DBGHELP.DLL
0x00007ff87b5d0000 - 0x00007ff87b958000 	C:\WINDOWS\System32\combase.dll
0x00007ff87a120000 - 0x00007ff87a1f7000 	C:\WINDOWS\System32\OLEAUT32.dll
0x00007ff86fa30000 - 0x00007ff86fa62000 	C:\WINDOWS\SYSTEM32\dbgcore.DLL
0x00007ff879610000 - 0x00007ff879689000 	C:\WINDOWS\System32\bcryptPrimitives.dll
0x00007ff872ce0000 - 0x00007ff872cee000 	C:\Program Files\Java\jdk-17\bin\instrument.dll
0x00007ff872d30000 - 0x00007ff872d55000 	C:\Program Files\Java\jdk-17\bin\java.dll
0x00007ff848330000 - 0x00007ff848407000 	C:\Program Files\Java\jdk-17\bin\jsvml.dll
0x00007ff87a680000 - 0x00007ff87aedc000 	C:\WINDOWS\System32\SHELL32.dll
0x00007ff876cf0000 - 0x00007ff8775e9000 	C:\WINDOWS\SYSTEM32\windows.storage.dll
0x00007ff876bb0000 - 0x00007ff876cee000 	C:\WINDOWS\SYSTEM32\wintypes.dll
0x00007ff879f10000 - 0x00007ff87a003000 	C:\WINDOWS\System32\SHCORE.dll
0x00007ff879df0000 - 0x00007ff879e4e000 	C:\WINDOWS\System32\shlwapi.dll
0x00007ff878d00000 - 0x00007ff878d21000 	C:\WINDOWS\SYSTEM32\profapi.dll
0x00007ff86fc10000 - 0x00007ff86fc28000 	C:\Program Files\Java\jdk-17\bin\zip.dll
0x00007ff872d10000 - 0x00007ff872d29000 	C:\Program Files\Java\jdk-17\bin\net.dll
0x00007ff8719f0000 - 0x00007ff871b26000 	C:\WINDOWS\SYSTEM32\WINHTTP.dll
0x00007ff878370000 - 0x00007ff8783d9000 	C:\WINDOWS\system32\mswsock.dll
0x00007ff872cf0000 - 0x00007ff872d06000 	C:\Program Files\Java\jdk-17\bin\nio.dll
0x00007ff86fbf0000 - 0x00007ff86fc0a000 	C:\Program Files\JetBrains\IntelliJ IDEA 2024.1\bin\breakgen64.dll

dbghelp: loaded successfully - version: 4.0.5 - missing functions: none
symbol engine: initialized successfully - sym options: 0x614 - pdb path: .;C:\Program Files\Java\jdk-17\bin;C:\WINDOWS\SYSTEM32;C:\WINDOWS\WinSxS\amd64_microsoft.windows.common-controls_6595b64144ccf1df_6.0.22621.3235_none_270f74e173860f98;C:\Program Files\Java\jdk-17\bin\server;C:\Program Files\JetBrains\IntelliJ IDEA 2024.1\bin

VM Arguments:
jvm_args: -javaagent:C:\Program Files\JetBrains\IntelliJ IDEA 2024.1\lib\idea_rt.jar=59539:C:\Program Files\JetBrains\IntelliJ IDEA 2024.1\bin -Dfile.encoding=UTF-8 
java_command: com.example.ATM_Backend.AtmBackendApplication
java_class_path (initial): C:\Users\Kangyeon\Desktop\ATM_Backend\out\production\classes;C:\Users\Kangyeon\Desktop\ATM_Backend\out\production\resources;C:\Users\Kangyeon\.gradle\caches\modules-2\files-2.1\org.springframework.boot\spring-boot-starter-data-jpa\3.2.4\d8c5f393d9b18d96021b3e02d80e4356c5cbe0f7\spring-boot-starter-data-jpa-3.2.4.jar;C:\Users\Kangyeon\.gradle\caches\modules-2\files-2.1\org.springframework.boot\spring-boot-starter-security\3.2.4\a1b9f09832c42c6c079be67bf3e7989c54a338ff\spring-boot-starter-security-3.2.4.jar;C:\Users\Kangyeon\.gradle\caches\modules-2\files-2.1\org.springframework.boot\spring-boot-starter-web\3.2.4\a74df12b71060da7c8e87f9a8c2ef4ea43fc8017\spring-boot-starter-web-3.2.4.jar;C:\Users\Kangyeon\.gradle\caches\modules-2\files-2.1\org.springframework.boot\spring-boot-starter-thymeleaf\3.2.4\db900acbd0bbeb7a8682fe6aeb477d17fe501ac1\spring-boot-starter-thymeleaf-3.2.4.jar;C:\Users\Kangyeon\.gradle\caches\modules-2\files-2.1\org.thymeleaf.extras\thymeleaf-extras-springsecurity6\3.1.2.RELEASE\574c188eb147191e2f162419e9fc780fcf3256d7\thymeleaf-extras-springsecurity6-3.1.2.RELEASE.jar;C:\Users\Kangyeon\.gradle\caches\modules-2\files-2.1\org.springdoc\springdoc-openapi-starter-webmvc-ui\2.0.2\264da79c9d4a53feab8c5c6d0e0cb143bd099d4\springdoc-openapi-starter-webmvc-ui-2.0.2.jar;C:\Users\Kangyeon\.gradle\caches\modules-2\files-2.1\jakarta.validation\jakarta.validation-api\3.0.0\8c8eecc40da64037d7731356511c568d466f8480\jakarta.validation-api-3.0.0.jar;C:\Users\Kangyeon\.gradle\caches\modules-2\files-2.1\mysql\mysql-connector-java\8.0.26\e5ec6610020a3084b7d32ee725d1650176f6b3de\mysql-connector-java-8.0.26.jar;C:\Users\Kangyeon\.gradle\caches\modules-2\files-2.1\io.jsonwebtoken\jjwt-api\0.11.5\f742940045619d06383e7df37b21ac422b476cf1\jjwt-api-0.11.5.jar;C:\Users\Kangyeon\.gradle\caches\modules-2\files-2.1\org.springframework.boot\spring-boot-starter-aop\3.2.4\11aedc0a23c43947608f2122eed08eabe5e2994c\spring-boot-starter-aop-3.2.4.jar;C:\Users\Ka
Launcher Type: SUN_STANDARD

[Global flags]
     intx CICompilerCount                          = 4                                         {product} {ergonomic}
     uint ConcGCThreads                            = 2                                         {product} {ergonomic}
     uint G1ConcRefinementThreads                  = 8                                         {product} {ergonomic}
   size_t G1HeapRegionSize                         = 2097152                                   {product} {ergonomic}
    uintx GCDrainStackTargetSize                   = 64                                        {product} {ergonomic}
   size_t InitialHeapSize                          = 264241152                                 {product} {ergonomic}
   size_t MarkStackSize                            = 4194304                                   {product} {ergonomic}
   size_t MaxHeapSize                              = 4211081216                                {product} {ergonomic}
   size_t MaxNewSize                               = 2524971008                                {product} {ergonomic}
   size_t MinHeapDeltaBytes                        = 2097152                                   {product} {ergonomic}
   size_t MinHeapSize                              = 8388608                                   {product} {ergonomic}
    uintx NonNMethodCodeHeapSize                   = 5839372                                {pd product} {ergonomic}
    uintx NonProfiledCodeHeapSize                  = 122909434                              {pd product} {ergonomic}
    uintx ProfiledCodeHeapSize                     = 122909434                              {pd product} {ergonomic}
    uintx ReservedCodeCacheSize                    = 251658240                              {pd product} {ergonomic}
     bool SegmentedCodeCache                       = true                                      {product} {ergonomic}
   size_t SoftMaxHeapSize                          = 4211081216                             {manageable} {ergonomic}
     bool UseCompressedClassPointers               = true                           {product lp64_product} {ergonomic}
     bool UseCompressedOops                        = true                           {product lp64_product} {ergonomic}
     bool UseG1GC                                  = true                                      {product} {ergonomic}
     bool UseLargePagesIndividualAllocation        = false                                  {pd product} {ergonomic}

Logging:
Log output configuration:
 #0: stdout all=warning uptime,level,tags
 #1: stderr all=off uptime,level,tags

Environment Variables:
JAVA_HOME=C:\Program Files\Java\jdk-17
PATH=C:\Program Files\Common Files\Oracle\Java\javapath;C:\Program Files (x86)\VMware\VMware Workstation\bin\;C:\windows\system32;C:\windows;C:\windows\System32\Wbem;C:\windows\System32\WindowsPowerShell\v1.0\;C:\windows\System32\OpenSSH\;C:\Program Files (x86)\NVIDIA Corporation\PhysX\Common;C:\Program Files\NVIDIA Corporation\NVIDIA NvDLISR;C:\WINDOWS\system32;C:\WINDOWS;C:\WINDOWS\System32\Wbem;C:\WINDOWS\System32\WindowsPowerShell\v1.0\;C:\WINDOWS\System32\OpenSSH\;C:\Users\\AppData\Local\Microsoft\WindowsApps;C:\Program Files\MySQL\MySQL Server 8.0\bin;Users\\AppData\Roaming\npm;c:;python27;C:\WINDOWS\system32;C:\WINDOWS;C:\WINDOWS\System32\Wbem;C:\WINDOWS\System32\WindowsPowerShell\v1.0\;C:\WINDOWS\System32\OpenSSH\;C:\Users\Kangyeon\AppData\Local\Programs\Python\Python39;C:\Users\Kangyeon\AppData\Local\Programs\Python\Python39\Scripts;C:\Program Files\Git\cmd;C:\Program Files (x86)\Windows Kits\10\Windows Performance Toolkit\;C:\Program Files\Bandizip\;C:\Program Files\Java\jdk-17\bin;C:\Program Files\nodejs\;C:\Program Files\PuTTY\;C:\Program Files\MySQL\MySQL Shell 8.0\bin\;C:\Users\Kangyeon\AppData\Local\Microsoft\WindowsApps;C:\Users\\AppData\Roaming\npm;C:\Users\Kangyeon\AppData\Local\JetBrains\Toolbox\scripts;C:\Users\Kangyeon\AppData\Local\Microsoft\WindowsApps;C:\Users\Kangyeon\AppData\Local\Programs\Microsoft VS Code\bin;C:\Users\Kangyeon\AppData\Roaming\npm;C:\Program Files\JetBrains\IntelliJ IDEA 2024.1\bin;
USERNAME=
OS=Windows_NT
PROCESSOR_IDENTIFIER=Intel64 Family 6 Model 140 Stepping 1, GenuineIntel



---------------  S Y S T E M  ---------------

OS:
 Windows 11 , 64 bit Build 22621 (10.0.22621.3374)
OS uptime: 1 days 12:33 hours
Hyper-V role detected

CPU: total 8 (initial active 8) (4 cores per cpu, 2 threads per core) family 6 model 140 stepping 1 microcode 0xb4, cx8, cmov, fxsr, ht, mmx, 3dnowpref, sse, sse2, sse3, ssse3, sse4.1, sse4.2, popcnt, lzcnt, tsc, tscinvbit, avx, avx2, aes, erms, clmul, bmi1, bmi2, adx, avx512f, avx512dq, avx512cd, avx512bw, avx512vl, sha, fma, vzeroupper, avx512_vpopcntdq, avx512_vpclmulqdq, avx512_vaes, avx512_vnni, clflush, clflushopt, clwb, avx512_vbmi2, avx512_vbmi, hv

Memory: 4k page, system-wide physical 16060M (4554M free)
TotalPageFile size 16060M (AvailPageFile size 8M)
current process WorkingSet (physical memory assigned to process): 94M, peak: 95M
current process commit charge ("private bytes"): 367M, peak: 368M

vm_info: Java HotSpot(TM) 64-Bit Server VM (17.0.10+11-LTS-240) for windows-amd64 JRE (17.0.10+11-LTS-240), built on Dec 19 2023 21:47:25 by "mach5one" with MS VC++ 17.1 (VS2022)

END.
