#
# There is insufficient memory for the Java Runtime Environment to continue.
# Native memory allocation (malloc) failed to allocate 1069136 bytes for Chunk::new
# Possible reasons:
#   The system is out of physical RAM or swap space
#   The process is running with CompressedOops enabled, and the Java Heap may be blocking the growth of the native heap
# Possible solutions:
#   Reduce memory load on the system
#   Increase physical memory or swap space
#   Check if swap backing store is full
#   Decrease Java heap size (-Xmx/-Xms)
#   Decrease number of Java threads
#   Decrease Java thread stack sizes (-Xss)
#   Set larger code cache with -XX:ReservedCodeCacheSize=
#   JVM is running with Unscaled Compressed Oops mode in which the Java heap is
#     placed in the first 4GB address space. The Java Heap base address is the
#     maximum limit for the native heap growth. Please use -XX:HeapBaseMinAddress
#     to set the Java Heap base and to place the Java Heap above 4GB virtual address.
# This output file may be truncated or incomplete.
#
#  Out of Memory Error (arena.cpp:189), pid=27688, tid=30140
#
# JRE version: Java(TM) SE Runtime Environment (17.0.10+11) (build 17.0.10+11-LTS-240)
# Java VM: Java HotSpot(TM) 64-Bit Server VM (17.0.10+11-LTS-240, mixed mode, sharing, tiered, compressed oops, compressed class ptrs, g1 gc, windows-amd64)
# No core dump will be written. Minidumps are not enabled by default on client versions of Windows
#

---------------  S U M M A R Y ------------

Command Line: --add-opens=java.base/java.util=ALL-UNNAMED --add-opens=java.base/java.lang=ALL-UNNAMED --add-opens=java.base/java.lang.invoke=ALL-UNNAMED --add-opens=java.prefs/java.util.prefs=ALL-UNNAMED --add-opens=java.base/java.nio.charset=ALL-UNNAMED --add-opens=java.base/java.net=ALL-UNNAMED --add-opens=java.base/java.util.concurrent.atomic=ALL-UNNAMED -XX:MaxMetaspaceSize=384m -XX:+HeapDumpOnOutOfMemoryError -Xms256m -Xmx512m -Dfile.encoding=x-windows-949 -Duser.country=KR -Duser.language=ko -Duser.variant -javaagent:C:\Users\Kangyeon\.gradle\wrapper\dists\gradle-8.7-bin\bhs2wmbdwecv87pi65oeuq5iu\gradle-8.7\lib\agents\gradle-instrumentation-agent-8.7.jar org.gradle.launcher.daemon.bootstrap.GradleDaemon 8.7

Host: 11th Gen Intel(R) Core(TM) i7-1165G7 @ 2.80GHz, 8 cores, 15G,  Windows 11 , 64 bit Build 22621 (10.0.22621.3235)
Time: Wed Apr 10 19:15:44 2024  Windows 11 , 64 bit Build 22621 (10.0.22621.3235) elapsed time: 9.350329 seconds (0d 0h 0m 9s)

---------------  T H R E A D  ---------------

Current thread (0x000002716369e570):  JavaThread "C2 CompilerThread0" daemon [_thread_in_native, id=30140, stack(0x0000008ab0500000,0x0000008ab0600000)]


Current CompileTask:
C2:   9350 6707       4       org.gradle.internal.reflect.MethodSet::add (50 bytes)

Stack: [0x0000008ab0500000,0x0000008ab0600000]
Native frames: (J=compiled Java code, j=interpreted, Vv=VM code, C=native code)
V  [jvm.dll+0x677a5a]
V  [jvm.dll+0x7d8b2d]
V  [jvm.dll+0x7da48e]
V  [jvm.dll+0x7daaf3]
V  [jvm.dll+0x2455ff]
V  [jvm.dll+0xaaafb]
V  [jvm.dll+0xab09c]
V  [jvm.dll+0x361b5f]
V  [jvm.dll+0x32c211]
V  [jvm.dll+0x32b6aa]
V  [jvm.dll+0x21794f]
V  [jvm.dll+0x216d81]
V  [jvm.dll+0x1a3410]
V  [jvm.dll+0x226aeb]
V  [jvm.dll+0x224cab]
V  [jvm.dll+0x78e45c]
V  [jvm.dll+0x78888a]
V  [jvm.dll+0x676935]
C  [ucrtbase.dll+0x29363]
C  [KERNEL32.DLL+0x1257d]
C  [ntdll.dll+0x5aa58]


---------------  P R O C E S S  ---------------

Threads class SMR info:
_java_thread_list=0x000002717df7c370, length=65, elements={
0x0000027148d7cba0, 0x0000027163673030, 0x0000027163674a00, 0x0000027163694b50,
0x0000027163695510, 0x0000027163699ee0, 0x000002716369c8b0, 0x000002716369e570,
0x000002716369f340, 0x000002716369fc50, 0x00000271638481c0, 0x000002716391cf00,
0x000002717f2b4cc0, 0x0000027163941aa0, 0x000002717e0e46f0, 0x000002717f0e9040,
0x000002717eea3050, 0x000002717eea1c10, 0x000002717eea2120, 0x000002717eea4490,
0x000002717eea2b40, 0x000002717eea2630, 0x000002717eea49a0, 0x000002717eea4eb0,
0x000002717eea1700, 0x0000027100f469f0, 0x0000027100f4b5e0, 0x0000027100f4baf0,
0x0000027100f4c000, 0x0000027100f4a6b0, 0x0000027100f49270, 0x0000027100f49780,
0x0000027100f4abc0, 0x0000027100f49c90, 0x0000027100f4b0d0, 0x0000027100f4a1a0,
0x0000027100f4c510, 0x0000027100f464e0, 0x0000027100f4ca20, 0x0000027100f47410,
0x0000027100f48340, 0x000002717e8c8310, 0x000002717e8c18c0, 0x000002717e8c1dd0,
0x000002717e8c6ed0, 0x000002717e8c73e0, 0x000002717e8c78f0, 0x000002717e8c27f0,
0x000002717e8c3210, 0x000002717e8c3720, 0x000002717e8c22e0, 0x000002717e8c5a90,
0x000002717e8c7e00, 0x000002717e8c4140, 0x000002717e8c5fa0, 0x000002717e8c4650,
0x000002717e8c64b0, 0x0000027100504f30, 0x000002717e8c0ea0, 0x000002717e8c69c0,
0x000002717e8c8820, 0x000002717e8c13b0, 0x000002717e8c4b60, 0x000002717e8c5070,
0x000002717e8c5580
}

Java Threads: ( => current thread )
  0x0000027148d7cba0 JavaThread "main" [_thread_blocked, id=19840, stack(0x0000008aaf800000,0x0000008aaf900000)]
  0x0000027163673030 JavaThread "Reference Handler" daemon [_thread_blocked, id=24376, stack(0x0000008aaff00000,0x0000008ab0000000)]
  0x0000027163674a00 JavaThread "Finalizer" daemon [_thread_blocked, id=33580, stack(0x0000008ab0000000,0x0000008ab0100000)]
  0x0000027163694b50 JavaThread "Signal Dispatcher" daemon [_thread_blocked, id=28784, stack(0x0000008ab0100000,0x0000008ab0200000)]
  0x0000027163695510 JavaThread "Attach Listener" daemon [_thread_blocked, id=22332, stack(0x0000008ab0200000,0x0000008ab0300000)]
  0x0000027163699ee0 JavaThread "Service Thread" daemon [_thread_blocked, id=6244, stack(0x0000008ab0300000,0x0000008ab0400000)]
  0x000002716369c8b0 JavaThread "Monitor Deflation Thread" daemon [_thread_blocked, id=24440, stack(0x0000008ab0400000,0x0000008ab0500000)]
=>0x000002716369e570 JavaThread "C2 CompilerThread0" daemon [_thread_in_native, id=30140, stack(0x0000008ab0500000,0x0000008ab0600000)]
  0x000002716369f340 JavaThread "C1 CompilerThread0" daemon [_thread_blocked, id=16628, stack(0x0000008ab0600000,0x0000008ab0700000)]
  0x000002716369fc50 JavaThread "Sweeper thread" daemon [_thread_blocked, id=27116, stack(0x0000008ab0700000,0x0000008ab0800000)]
  0x00000271638481c0 JavaThread "Common-Cleaner" daemon [_thread_blocked, id=26112, stack(0x0000008ab0800000,0x0000008ab0900000)]
  0x000002716391cf00 JavaThread "Notification Thread" daemon [_thread_blocked, id=15036, stack(0x0000008ab0a00000,0x0000008ab0b00000)]
  0x000002717f2b4cc0 JavaThread "Daemon health stats" [_thread_blocked, id=18216, stack(0x0000008ab1200000,0x0000008ab1300000)]
  0x0000027163941aa0 JavaThread "Incoming local TCP Connector on port 51875" [_thread_in_native, id=26252, stack(0x0000008ab0900000,0x0000008ab0a00000)]
  0x000002717e0e46f0 JavaThread "Daemon periodic checks" [_thread_blocked, id=26548, stack(0x0000008ab0c00000,0x0000008ab0d00000)]
  0x000002717f0e9040 JavaThread "Daemon" [_thread_blocked, id=22100, stack(0x0000008ab1400000,0x0000008ab1500000)]
  0x000002717eea3050 JavaThread "Handler for socket connection from /127.0.0.1:51875 to /127.0.0.1:51876" [_thread_in_native, id=23388, stack(0x0000008ab1500000,0x0000008ab1600000)]
  0x000002717eea1c10 JavaThread "Cancel handler" [_thread_blocked, id=24792, stack(0x0000008ab1600000,0x0000008ab1700000)]
  0x000002717eea2120 JavaThread "Daemon worker" [_thread_in_vm, id=18116, stack(0x0000008ab1700000,0x0000008ab1800000)]
  0x000002717eea4490 JavaThread "Asynchronous log dispatcher for DefaultDaemonConnection: socket connection from /127.0.0.1:51875 to /127.0.0.1:51876" [_thread_blocked, id=32672, stack(0x0000008ab1800000,0x0000008ab1900000)]
  0x000002717eea2b40 JavaThread "Stdin handler" [_thread_blocked, id=7340, stack(0x0000008ab1900000,0x0000008ab1a00000)]
  0x000002717eea2630 JavaThread "Daemon client event forwarder" [_thread_blocked, id=16120, stack(0x0000008ab1a00000,0x0000008ab1b00000)]
  0x000002717eea49a0 JavaThread "Cache worker for journal cache (C:\Users\Kangyeon\.gradle\caches\journal-1)" [_thread_blocked, id=24564, stack(0x0000008ab1b00000,0x0000008ab1c00000)]
  0x000002717eea4eb0 JavaThread "File lock request listener" [_thread_in_native, id=30984, stack(0x0000008ab1c00000,0x0000008ab1d00000)]
  0x000002717eea1700 JavaThread "Cache worker for file hash cache (C:\Users\Kangyeon\.gradle\caches\8.7\fileHashes)" [_thread_blocked, id=21120, stack(0x0000008ab1d00000,0x0000008ab1e00000)]
  0x0000027100f469f0 JavaThread "Cache worker for file hash cache (C:\Users\Kangyeon\Desktop\ATM_Backend\.gradle\8.7\fileHashes)" [_thread_blocked, id=10632, stack(0x0000008ab1e00000,0x0000008ab1f00000)]
  0x0000027100f4b5e0 JavaThread "File watcher server" daemon [_thread_in_native, id=3956, stack(0x0000008ab1f00000,0x0000008ab2000000)]
  0x0000027100f4baf0 JavaThread "File watcher consumer" daemon [_thread_blocked, id=17540, stack(0x0000008ab2000000,0x0000008ab2100000)]
  0x0000027100f4c000 JavaThread "jar transforms" [_thread_blocked, id=4736, stack(0x0000008ab2400000,0x0000008ab2500000)]
  0x0000027100f4a6b0 JavaThread "jar transforms Thread 2" [_thread_blocked, id=12508, stack(0x0000008ab2500000,0x0000008ab2600000)]
  0x0000027100f49270 JavaThread "jar transforms Thread 3" [_thread_blocked, id=30348, stack(0x0000008ab2600000,0x0000008ab2700000)]
  0x0000027100f49780 JavaThread "jar transforms Thread 4" [_thread_blocked, id=30272, stack(0x0000008ab2700000,0x0000008ab2800000)]
  0x0000027100f4abc0 JavaThread "jar transforms Thread 5" [_thread_blocked, id=19580, stack(0x0000008ab2800000,0x0000008ab2900000)]
  0x0000027100f49c90 JavaThread "jar transforms Thread 6" [_thread_blocked, id=10604, stack(0x0000008ab2900000,0x0000008ab2a00000)]
  0x0000027100f4b0d0 JavaThread "jar transforms Thread 7" [_thread_blocked, id=27460, stack(0x0000008ab2a00000,0x0000008ab2b00000)]
  0x0000027100f4a1a0 JavaThread "jar transforms Thread 8" [_thread_blocked, id=27796, stack(0x0000008ab2b00000,0x0000008ab2c00000)]
  0x0000027100f4c510 JavaThread "Cache worker for checksums cache (C:\Users\Kangyeon\Desktop\ATM_Backend\.gradle\8.7\checksums)" [_thread_blocked, id=27376, stack(0x0000008ab2d00000,0x0000008ab2e00000)]
  0x0000027100f464e0 JavaThread "Cache worker for cache directory md-supplier (C:\Users\Kangyeon\.gradle\caches\8.7\md-supplier)" [_thread_blocked, id=15012, stack(0x0000008ab2e00000,0x0000008ab2f00000)]
  0x0000027100f4ca20 JavaThread "Cache worker for cache directory md-rule (C:\Users\Kangyeon\.gradle\caches\8.7\md-rule)" [_thread_blocked, id=23664, stack(0x0000008ab2f00000,0x0000008ab3000000)]
  0x0000027100f47410 JavaThread "Cache worker for file content cache (C:\Users\Kangyeon\.gradle\caches\8.7\fileContent)" [_thread_blocked, id=32272, stack(0x0000008ab3000000,0x0000008ab3100000)]
  0x0000027100f48340 JavaThread "Unconstrained build operations" [_thread_blocked, id=30600, stack(0x0000008ab3200000,0x0000008ab3300000)]
  0x000002717e8c8310 JavaThread "Unconstrained build operations Thread 2" [_thread_blocked, id=18400, stack(0x0000008ab3300000,0x0000008ab3400000)]
  0x000002717e8c18c0 JavaThread "Unconstrained build operations Thread 3" [_thread_blocked, id=18868, stack(0x0000008ab3400000,0x0000008ab3500000)]
  0x000002717e8c1dd0 JavaThread "Unconstrained build operations Thread 4" [_thread_blocked, id=31408, stack(0x0000008ab3500000,0x0000008ab3600000)]
  0x000002717e8c6ed0 JavaThread "Unconstrained build operations Thread 5" [_thread_blocked, id=32736, stack(0x0000008ab3600000,0x0000008ab3700000)]
  0x000002717e8c73e0 JavaThread "Unconstrained build operations Thread 6" [_thread_blocked, id=29772, stack(0x0000008ab3700000,0x0000008ab3800000)]
  0x000002717e8c78f0 JavaThread "Unconstrained build operations Thread 7" [_thread_blocked, id=31360, stack(0x0000008ab3800000,0x0000008ab3900000)]
  0x000002717e8c27f0 JavaThread "Unconstrained build operations Thread 8" [_thread_blocked, id=29616, stack(0x0000008ab3900000,0x0000008ab3a00000)]
  0x000002717e8c3210 JavaThread "Unconstrained build operations Thread 9" [_thread_blocked, id=22284, stack(0x0000008ab3a00000,0x0000008ab3b00000)]
  0x000002717e8c3720 JavaThread "Cache worker for Build Output Cleanup Cache (C:\Users\Kangyeon\Desktop\ATM_Backend\.gradle\buildOutputCleanup)" [_thread_blocked, id=12632, stack(0x0000008ab3b00000,0x0000008ab3c00000)]
  0x000002717e8c22e0 JavaThread "Unconstrained build operations Thread 10" [_thread_blocked, id=31384, stack(0x0000008ab1300000,0x0000008ab1400000)]
  0x000002717e8c5a90 JavaThread "Unconstrained build operations Thread 11" [_thread_blocked, id=18020, stack(0x0000008ab2c00000,0x0000008ab2d00000)]
  0x000002717e8c7e00 JavaThread "Unconstrained build operations Thread 12" [_thread_blocked, id=32680, stack(0x0000008ab3e00000,0x0000008ab3f00000)]
  0x000002717e8c4140 JavaThread "Unconstrained build operations Thread 13" [_thread_blocked, id=18012, stack(0x0000008ab3f00000,0x0000008ab4000000)]
  0x000002717e8c5fa0 JavaThread "Unconstrained build operations Thread 14" [_thread_blocked, id=22984, stack(0x0000008ab4000000,0x0000008ab4100000)]
  0x000002717e8c4650 JavaThread "Unconstrained build operations Thread 15" [_thread_blocked, id=21984, stack(0x0000008ab4100000,0x0000008ab4200000)]
  0x000002717e8c64b0 JavaThread "Unconstrained build operations Thread 16" [_thread_blocked, id=27032, stack(0x0000008ab4200000,0x0000008ab4300000)]
  0x0000027100504f30 JavaThread "C2 CompilerThread1" daemon [_thread_in_native, id=3660, stack(0x0000008ab4300000,0x0000008ab4400000)]
  0x000002717e8c0ea0 JavaThread "Unconstrained build operations Thread 17" [_thread_blocked, id=1836, stack(0x0000008ab4400000,0x0000008ab4500000)]
  0x000002717e8c69c0 JavaThread "Unconstrained build operations Thread 18" [_thread_blocked, id=22672, stack(0x0000008ab4500000,0x0000008ab4600000)]
  0x000002717e8c8820 JavaThread "Unconstrained build operations Thread 19" [_thread_blocked, id=8520, stack(0x0000008ab4600000,0x0000008ab4700000)]
  0x000002717e8c13b0 JavaThread "Unconstrained build operations Thread 20" [_thread_blocked, id=10512, stack(0x0000008ab4700000,0x0000008ab4800000)]
  0x000002717e8c4b60 JavaThread "Unconstrained build operations Thread 21" [_thread_blocked, id=31972, stack(0x0000008ab4800000,0x0000008ab4900000)]
  0x000002717e8c5070 JavaThread "Unconstrained build operations Thread 22" [_thread_blocked, id=24356, stack(0x0000008ab4900000,0x0000008ab4a00000)]
  0x000002717e8c5580 JavaThread "Unconstrained build operations Thread 23" [_thread_blocked, id=25152, stack(0x0000008ab4a00000,0x0000008ab4b00000)]

Other Threads:
  0x000002716366f690 VMThread "VM Thread" [stack: 0x0000008aafe00000,0x0000008aaff00000] [id=27512]
  0x0000027148dcafe0 WatcherThread [stack: 0x0000008ab0b00000,0x0000008ab0c00000] [id=27592]
  0x0000027148dab5a0 GCTaskThread "GC Thread#0" [stack: 0x0000008aaf900000,0x0000008aafa00000] [id=20736]
  0x000002717d885bf0 GCTaskThread "GC Thread#1" [stack: 0x0000008ab0d00000,0x0000008ab0e00000] [id=21928]
  0x000002717ded7c40 GCTaskThread "GC Thread#2" [stack: 0x0000008ab0e00000,0x0000008ab0f00000] [id=25724]
  0x000002717d7a29f0 GCTaskThread "GC Thread#3" [stack: 0x0000008ab0f00000,0x0000008ab1000000] [id=10896]
  0x000002717d230730 GCTaskThread "GC Thread#4" [stack: 0x0000008ab1000000,0x0000008ab1100000] [id=20076]
  0x000002717d86e610 GCTaskThread "GC Thread#5" [stack: 0x0000008ab1100000,0x0000008ab1200000] [id=30556]
  0x000002717f425040 GCTaskThread "GC Thread#6" [stack: 0x0000008ab2100000,0x0000008ab2200000] [id=16024]
  0x000002717e7ef0e0 GCTaskThread "GC Thread#7" [stack: 0x0000008ab2200000,0x0000008ab2300000] [id=2072]
  0x0000027148db1400 ConcurrentGCThread "G1 Main Marker" [stack: 0x0000008aafa00000,0x0000008aafb00000] [id=31376]
  0x0000027148db1d10 ConcurrentGCThread "G1 Conc#0" [stack: 0x0000008aafb00000,0x0000008aafc00000] [id=4260]
  0x0000027100ba03d0 ConcurrentGCThread "G1 Conc#1" [stack: 0x0000008ab2300000,0x0000008ab2400000] [id=12692]
  0x0000027148e3d8a0 ConcurrentGCThread "G1 Refine#0" [stack: 0x0000008aafc00000,0x0000008aafd00000] [id=26524]
  0x000002717eefa1f0 ConcurrentGCThread "G1 Refine#1" [stack: 0x0000008ab3100000,0x0000008ab3200000] [id=6128]
  0x000002717eef9340 ConcurrentGCThread "G1 Refine#2" [stack: 0x0000008ab3c00000,0x0000008ab3d00000] [id=10540]
  0x0000027148e3e1d0 ConcurrentGCThread "G1 Service" [stack: 0x0000008aafd00000,0x0000008aafe00000] [id=24164]

Threads with active compile tasks:
C2 CompilerThread0     9386 6707       4       org.gradle.internal.reflect.MethodSet::add (50 bytes)
C2 CompilerThread1     9386 6774       4       org.objectweb.asm.Frame::accept (264 bytes)

VM state: not at safepoint (normal execution)

VM Mutex/Monitor currently owned by a thread: None

Heap address: 0x00000000e0000000, size: 512 MB, Compressed Oops mode: 32-bit

CDS archive(s) mapped at: [0x0000027164000000-0x0000027164bd0000-0x0000027164bd0000), size 12386304, SharedBaseAddress: 0x0000027164000000, ArchiveRelocationMode: 1.
Compressed class space mapped at: 0x0000027165000000-0x0000027179000000, reserved size: 335544320
Narrow klass base: 0x0000027164000000, Narrow klass shift: 0, Narrow klass range: 0x100000000

GC Precious Log:
 CPUs: 8 total, 8 available
 Memory: 16060M
 Large Page Support: Disabled
 NUMA Support: Disabled
 Compressed Oops: Enabled (32-bit)
 Heap Region Size: 1M
 Heap Min Capacity: 256M
 Heap Initial Capacity: 256M
 Heap Max Capacity: 512M
 Pre-touch: Disabled
 Parallel Workers: 8
 Concurrent Workers: 2
 Concurrent Refinement Workers: 8
 Periodic GC: Disabled

Heap:
 garbage-first heap   total 262144K, used 128658K [0x00000000e0000000, 0x0000000100000000)
  region size 1024K, 74 young (75776K), 12 survivors (12288K)
 Metaspace       used 59578K, committed 60224K, reserved 393216K
  class space    used 8330K, committed 8640K, reserved 327680K

Heap Regions: E=young(eden), S=young(survivor), O=old, HS=humongous(starts), HC=humongous(continues), CS=collection set, F=free, OA=open archive, CA=closed archive, TAMS=top-at-mark-start (previous, next)
|   0|0x00000000e0000000, 0x00000000e0100000, 0x00000000e0100000|100%|HS|  |TAMS 0x00000000e0100000, 0x00000000e0000000| Complete 
|   1|0x00000000e0100000, 0x00000000e0200000, 0x00000000e0200000|100%|HC|  |TAMS 0x00000000e0200000, 0x00000000e0100000| Complete 
|   2|0x00000000e0200000, 0x00000000e0300000, 0x00000000e0300000|100%|HC|  |TAMS 0x00000000e0300000, 0x00000000e0200000| Complete 
|   3|0x00000000e0300000, 0x00000000e0400000, 0x00000000e0400000|100%|HC|  |TAMS 0x00000000e0400000, 0x00000000e0300000| Complete 
|   4|0x00000000e0400000, 0x00000000e0500000, 0x00000000e0500000|100%| O|  |TAMS 0x00000000e0500000, 0x00000000e0400000| Untracked 
|   5|0x00000000e0500000, 0x00000000e0600000, 0x00000000e0600000|100%| O|  |TAMS 0x00000000e0600000, 0x00000000e0500000| Untracked 
|   6|0x00000000e0600000, 0x00000000e0700000, 0x00000000e0700000|100%| O|  |TAMS 0x00000000e0700000, 0x00000000e0600000| Untracked 
|   7|0x00000000e0700000, 0x00000000e0800000, 0x00000000e0800000|100%| O|  |TAMS 0x00000000e0800000, 0x00000000e0700000| Untracked 
|   8|0x00000000e0800000, 0x00000000e0900000, 0x00000000e0900000|100%| O|  |TAMS 0x00000000e0900000, 0x00000000e0800000| Untracked 
|   9|0x00000000e0900000, 0x00000000e0a00000, 0x00000000e0a00000|100%| O|  |TAMS 0x00000000e0a00000, 0x00000000e0900000| Untracked 
|  10|0x00000000e0a00000, 0x00000000e0b00000, 0x00000000e0b00000|100%| O|  |TAMS 0x00000000e0a68600, 0x00000000e0a00000| Untracked 
|  11|0x00000000e0b00000, 0x00000000e0c00000, 0x00000000e0c00000|100%|HS|  |TAMS 0x00000000e0c00000, 0x00000000e0b00000| Complete 
|  12|0x00000000e0c00000, 0x00000000e0d00000, 0x00000000e0d00000|100%|HC|  |TAMS 0x00000000e0d00000, 0x00000000e0c00000| Complete 
|  13|0x00000000e0d00000, 0x00000000e0e00000, 0x00000000e0e00000|100%|HS|  |TAMS 0x00000000e0e00000, 0x00000000e0d00000| Complete 
|  14|0x00000000e0e00000, 0x00000000e0f00000, 0x00000000e0f00000|100%|HC|  |TAMS 0x00000000e0f00000, 0x00000000e0e00000| Complete 
|  15|0x00000000e0f00000, 0x00000000e1000000, 0x00000000e1000000|100%|HC|  |TAMS 0x00000000e1000000, 0x00000000e0f00000| Complete 
|  16|0x00000000e1000000, 0x00000000e1100000, 0x00000000e1100000|100%|HS|  |TAMS 0x00000000e1100000, 0x00000000e1000000| Complete 
|  17|0x00000000e1100000, 0x00000000e1200000, 0x00000000e1200000|100%|HC|  |TAMS 0x00000000e1200000, 0x00000000e1100000| Complete 
|  18|0x00000000e1200000, 0x00000000e1300000, 0x00000000e1300000|100%|HC|  |TAMS 0x00000000e1300000, 0x00000000e1200000| Complete 
|  19|0x00000000e1300000, 0x00000000e1400000, 0x00000000e1400000|100%|HS|  |TAMS 0x00000000e1400000, 0x00000000e1300000| Complete 
|  20|0x00000000e1400000, 0x00000000e1500000, 0x00000000e1500000|100%|HC|  |TAMS 0x00000000e1500000, 0x00000000e1400000| Complete 
|  21|0x00000000e1500000, 0x00000000e1600000, 0x00000000e1600000|100%|HC|  |TAMS 0x00000000e1600000, 0x00000000e1500000| Complete 
|  22|0x00000000e1600000, 0x00000000e1700000, 0x00000000e1700000|100%|HS|  |TAMS 0x00000000e1600000, 0x00000000e1600000| Complete 
|  23|0x00000000e1700000, 0x00000000e1800000, 0x00000000e1800000|100%|HC|  |TAMS 0x00000000e1700000, 0x00000000e1700000| Complete 
|  24|0x00000000e1800000, 0x00000000e1900000, 0x00000000e1900000|100%|HC|  |TAMS 0x00000000e1800000, 0x00000000e1800000| Complete 
|  25|0x00000000e1900000, 0x00000000e1900000, 0x00000000e1a00000|  0%| F|  |TAMS 0x00000000e1900000, 0x00000000e1900000| Untracked 
|  26|0x00000000e1a00000, 0x00000000e1a00000, 0x00000000e1b00000|  0%| F|  |TAMS 0x00000000e1a00000, 0x00000000e1a00000| Untracked 
|  27|0x00000000e1b00000, 0x00000000e1c00000, 0x00000000e1c00000|100%| O|  |TAMS 0x00000000e1b00000, 0x00000000e1b00000| Untracked 
|  28|0x00000000e1c00000, 0x00000000e1d00000, 0x00000000e1d00000|100%| O|  |TAMS 0x00000000e1c00000, 0x00000000e1c00000| Untracked 
|  29|0x00000000e1d00000, 0x00000000e1e00000, 0x00000000e1e00000|100%| O|  |TAMS 0x00000000e1d00000, 0x00000000e1d00000| Untracked 
|  30|0x00000000e1e00000, 0x00000000e1f00000, 0x00000000e1f00000|100%| O|  |TAMS 0x00000000e1e00000, 0x00000000e1e00000| Untracked 
|  31|0x00000000e1f00000, 0x00000000e2000000, 0x00000000e2000000|100%| O|  |TAMS 0x00000000e1f00000, 0x00000000e1f00000| Untracked 
|  32|0x00000000e2000000, 0x00000000e2100000, 0x00000000e2100000|100%| O|  |TAMS 0x00000000e2000000, 0x00000000e2000000| Untracked 
|  33|0x00000000e2100000, 0x00000000e2200000, 0x00000000e2200000|100%| O|  |TAMS 0x00000000e2100000, 0x00000000e2100000| Untracked 
|  34|0x00000000e2200000, 0x00000000e2300000, 0x00000000e2300000|100%| O|  |TAMS 0x00000000e2200000, 0x00000000e2200000| Untracked 
|  35|0x00000000e2300000, 0x00000000e2400000, 0x00000000e2400000|100%| O|  |TAMS 0x00000000e2300000, 0x00000000e2300000| Untracked 
|  36|0x00000000e2400000, 0x00000000e2500000, 0x00000000e2500000|100%| O|  |TAMS 0x00000000e2400000, 0x00000000e2400000| Untracked 
|  37|0x00000000e2500000, 0x00000000e2600000, 0x00000000e2600000|100%| O|  |TAMS 0x00000000e2500000, 0x00000000e2500000| Untracked 
|  38|0x00000000e2600000, 0x00000000e2700000, 0x00000000e2700000|100%| O|  |TAMS 0x00000000e2600000, 0x00000000e2600000| Untracked 
|  39|0x00000000e2700000, 0x00000000e2800000, 0x00000000e2800000|100%|HS|  |TAMS 0x00000000e2700000, 0x00000000e2700000| Complete 
|  40|0x00000000e2800000, 0x00000000e2900000, 0x00000000e2900000|100%|HC|  |TAMS 0x00000000e2800000, 0x00000000e2800000| Complete 
|  41|0x00000000e2900000, 0x00000000e2a00000, 0x00000000e2a00000|100%|HC|  |TAMS 0x00000000e2900000, 0x00000000e2900000| Complete 
|  42|0x00000000e2a00000, 0x00000000e2b00000, 0x00000000e2b00000|100%|HS|  |TAMS 0x00000000e2a00000, 0x00000000e2a00000| Complete 
|  43|0x00000000e2b00000, 0x00000000e2c00000, 0x00000000e2c00000|100%|HC|  |TAMS 0x00000000e2b00000, 0x00000000e2b00000| Complete 
|  44|0x00000000e2c00000, 0x00000000e2d00000, 0x00000000e2d00000|100%|HC|  |TAMS 0x00000000e2c00000, 0x00000000e2c00000| Complete 
|  45|0x00000000e2d00000, 0x00000000e2e00000, 0x00000000e2e00000|100%| O|  |TAMS 0x00000000e2d00000, 0x00000000e2d00000| Untracked 
|  46|0x00000000e2e00000, 0x00000000e2f00000, 0x00000000e2f00000|100%| O|  |TAMS 0x00000000e2e00000, 0x00000000e2e00000| Untracked 
|  47|0x00000000e2f00000, 0x00000000e3000000, 0x00000000e3000000|100%| O|  |TAMS 0x00000000e2f00000, 0x00000000e2f00000| Untracked 
|  48|0x00000000e3000000, 0x00000000e3100000, 0x00000000e3100000|100%| O|  |TAMS 0x00000000e3000000, 0x00000000e3000000| Untracked 
|  49|0x00000000e3100000, 0x00000000e3200000, 0x00000000e3200000|100%| O|  |TAMS 0x00000000e3100000, 0x00000000e3100000| Untracked 
|  50|0x00000000e3200000, 0x00000000e3300000, 0x00000000e3300000|100%| O|  |TAMS 0x00000000e3200000, 0x00000000e3200000| Untracked 
|  51|0x00000000e3300000, 0x00000000e3400000, 0x00000000e3400000|100%| O|  |TAMS 0x00000000e3300000, 0x00000000e3300000| Untracked 
|  52|0x00000000e3400000, 0x00000000e3500000, 0x00000000e3500000|100%| O|  |TAMS 0x00000000e3400000, 0x00000000e3400000| Untracked 
|  53|0x00000000e3500000, 0x00000000e3600000, 0x00000000e3600000|100%| O|  |TAMS 0x00000000e3500000, 0x00000000e3500000| Untracked 
|  54|0x00000000e3600000, 0x00000000e3700000, 0x00000000e3700000|100%| O|  |TAMS 0x00000000e3600000, 0x00000000e3600000| Untracked 
|  55|0x00000000e3700000, 0x00000000e3746c00, 0x00000000e3800000| 27%| O|  |TAMS 0x00000000e3700000, 0x00000000e3700000| Untracked 
|  56|0x00000000e3800000, 0x00000000e3800000, 0x00000000e3900000|  0%| F|  |TAMS 0x00000000e3800000, 0x00000000e3800000| Untracked 
|  57|0x00000000e3900000, 0x00000000e3900000, 0x00000000e3a00000|  0%| F|  |TAMS 0x00000000e3900000, 0x00000000e3900000| Untracked 
|  58|0x00000000e3a00000, 0x00000000e3a00000, 0x00000000e3b00000|  0%| F|  |TAMS 0x00000000e3a00000, 0x00000000e3a00000| Untracked 
|  59|0x00000000e3b00000, 0x00000000e3b00000, 0x00000000e3c00000|  0%| F|  |TAMS 0x00000000e3b00000, 0x00000000e3b00000| Untracked 
|  60|0x00000000e3c00000, 0x00000000e3c00000, 0x00000000e3d00000|  0%| F|  |TAMS 0x00000000e3c00000, 0x00000000e3c00000| Untracked 
|  61|0x00000000e3d00000, 0x00000000e3d00000, 0x00000000e3e00000|  0%| F|  |TAMS 0x00000000e3d00000, 0x00000000e3d00000| Untracked 
|  62|0x00000000e3e00000, 0x00000000e3e00000, 0x00000000e3f00000|  0%| F|  |TAMS 0x00000000e3e00000, 0x00000000e3e00000| Untracked 
|  63|0x00000000e3f00000, 0x00000000e3f00000, 0x00000000e4000000|  0%| F|  |TAMS 0x00000000e3f00000, 0x00000000e3f00000| Untracked 
|  64|0x00000000e4000000, 0x00000000e4000000, 0x00000000e4100000|  0%| F|  |TAMS 0x00000000e4000000, 0x00000000e4000000| Untracked 
|  65|0x00000000e4100000, 0x00000000e4100000, 0x00000000e4200000|  0%| F|  |TAMS 0x00000000e4100000, 0x00000000e4100000| Untracked 
|  66|0x00000000e4200000, 0x00000000e4200000, 0x00000000e4300000|  0%| F|  |TAMS 0x00000000e4200000, 0x00000000e4200000| Untracked 
|  67|0x00000000e4300000, 0x00000000e4300000, 0x00000000e4400000|  0%| F|  |TAMS 0x00000000e4300000, 0x00000000e4300000| Untracked 
|  68|0x00000000e4400000, 0x00000000e4400000, 0x00000000e4500000|  0%| F|  |TAMS 0x00000000e4400000, 0x00000000e4400000| Untracked 
|  69|0x00000000e4500000, 0x00000000e4500000, 0x00000000e4600000|  0%| F|  |TAMS 0x00000000e4500000, 0x00000000e4500000| Untracked 
|  70|0x00000000e4600000, 0x00000000e4600000, 0x00000000e4700000|  0%| F|  |TAMS 0x00000000e4600000, 0x00000000e4600000| Untracked 
|  71|0x00000000e4700000, 0x00000000e4700000, 0x00000000e4800000|  0%| F|  |TAMS 0x00000000e4700000, 0x00000000e4700000| Untracked 
|  72|0x00000000e4800000, 0x00000000e4800000, 0x00000000e4900000|  0%| F|  |TAMS 0x00000000e4800000, 0x00000000e4800000| Untracked 
|  73|0x00000000e4900000, 0x00000000e4900000, 0x00000000e4a00000|  0%| F|  |TAMS 0x00000000e4900000, 0x00000000e4900000| Untracked 
|  74|0x00000000e4a00000, 0x00000000e4a00000, 0x00000000e4b00000|  0%| F|  |TAMS 0x00000000e4a00000, 0x00000000e4a00000| Untracked 
|  75|0x00000000e4b00000, 0x00000000e4b00000, 0x00000000e4c00000|  0%| F|  |TAMS 0x00000000e4b00000, 0x00000000e4b00000| Untracked 
|  76|0x00000000e4c00000, 0x00000000e4c00000, 0x00000000e4d00000|  0%| F|  |TAMS 0x00000000e4c00000, 0x00000000e4c00000| Untracked 
|  77|0x00000000e4d00000, 0x00000000e4d00000, 0x00000000e4e00000|  0%| F|  |TAMS 0x00000000e4d00000, 0x00000000e4d00000| Untracked 
|  78|0x00000000e4e00000, 0x00000000e4e00000, 0x00000000e4f00000|  0%| F|  |TAMS 0x00000000e4e00000, 0x00000000e4e00000| Untracked 
|  79|0x00000000e4f00000, 0x00000000e4f00000, 0x00000000e5000000|  0%| F|  |TAMS 0x00000000e4f00000, 0x00000000e4f00000| Untracked 
|  80|0x00000000e5000000, 0x00000000e5000000, 0x00000000e5100000|  0%| F|  |TAMS 0x00000000e5000000, 0x00000000e5000000| Untracked 
|  81|0x00000000e5100000, 0x00000000e5100000, 0x00000000e5200000|  0%| F|  |TAMS 0x00000000e5100000, 0x00000000e5100000| Untracked 
|  82|0x00000000e5200000, 0x00000000e5200000, 0x00000000e5300000|  0%| F|  |TAMS 0x00000000e5200000, 0x00000000e5200000| Untracked 
|  83|0x00000000e5300000, 0x00000000e5300000, 0x00000000e5400000|  0%| F|  |TAMS 0x00000000e5300000, 0x00000000e5300000| Untracked 
|  84|0x00000000e5400000, 0x00000000e5400000, 0x00000000e5500000|  0%| F|  |TAMS 0x00000000e5400000, 0x00000000e5400000| Untracked 
|  85|0x00000000e5500000, 0x00000000e5500000, 0x00000000e5600000|  0%| F|  |TAMS 0x00000000e5500000, 0x00000000e5500000| Untracked 
|  86|0x00000000e5600000, 0x00000000e5600000, 0x00000000e5700000|  0%| F|  |TAMS 0x00000000e5600000, 0x00000000e5600000| Untracked 
|  87|0x00000000e5700000, 0x00000000e5700000, 0x00000000e5800000|  0%| F|  |TAMS 0x00000000e5700000, 0x00000000e5700000| Untracked 
|  88|0x00000000e5800000, 0x00000000e5800000, 0x00000000e5900000|  0%| F|  |TAMS 0x00000000e5800000, 0x00000000e5800000| Untracked 
|  89|0x00000000e5900000, 0x00000000e5900000, 0x00000000e5a00000|  0%| F|  |TAMS 0x00000000e5900000, 0x00000000e5900000| Untracked 
|  90|0x00000000e5a00000, 0x00000000e5a00000, 0x00000000e5b00000|  0%| F|  |TAMS 0x00000000e5a00000, 0x00000000e5a00000| Untracked 
|  91|0x00000000e5b00000, 0x00000000e5b00000, 0x00000000e5c00000|  0%| F|  |TAMS 0x00000000e5b00000, 0x00000000e5b00000| Untracked 
|  92|0x00000000e5c00000, 0x00000000e5c00000, 0x00000000e5d00000|  0%| F|  |TAMS 0x00000000e5c00000, 0x00000000e5c00000| Untracked 
|  93|0x00000000e5d00000, 0x00000000e5d00000, 0x00000000e5e00000|  0%| F|  |TAMS 0x00000000e5d00000, 0x00000000e5d00000| Untracked 
|  94|0x00000000e5e00000, 0x00000000e5e00000, 0x00000000e5f00000|  0%| F|  |TAMS 0x00000000e5e00000, 0x00000000e5e00000| Untracked 
|  95|0x00000000e5f00000, 0x00000000e5f00000, 0x00000000e6000000|  0%| F|  |TAMS 0x00000000e5f00000, 0x00000000e5f00000| Untracked 
|  96|0x00000000e6000000, 0x00000000e605dd80, 0x00000000e6100000| 36%| S|CS|TAMS 0x00000000e6000000, 0x00000000e6000000| Complete 
|  97|0x00000000e6100000, 0x00000000e6200000, 0x00000000e6200000|100%| S|CS|TAMS 0x00000000e6100000, 0x00000000e6100000| Complete 
|  98|0x00000000e6200000, 0x00000000e6300000, 0x00000000e6300000|100%| S|CS|TAMS 0x00000000e6200000, 0x00000000e6200000| Complete 
|  99|0x00000000e6300000, 0x00000000e6400000, 0x00000000e6400000|100%| S|CS|TAMS 0x00000000e6300000, 0x00000000e6300000| Complete 
| 100|0x00000000e6400000, 0x00000000e6500000, 0x00000000e6500000|100%| S|CS|TAMS 0x00000000e6400000, 0x00000000e6400000| Complete 
| 101|0x00000000e6500000, 0x00000000e6600000, 0x00000000e6600000|100%| S|CS|TAMS 0x00000000e6500000, 0x00000000e6500000| Complete 
| 102|0x00000000e6600000, 0x00000000e6700000, 0x00000000e6700000|100%| S|CS|TAMS 0x00000000e6600000, 0x00000000e6600000| Complete 
| 103|0x00000000e6700000, 0x00000000e6800000, 0x00000000e6800000|100%| S|CS|TAMS 0x00000000e6700000, 0x00000000e6700000| Complete 
| 104|0x00000000e6800000, 0x00000000e6900000, 0x00000000e6900000|100%| S|CS|TAMS 0x00000000e6800000, 0x00000000e6800000| Complete 
| 105|0x00000000e6900000, 0x00000000e6a00000, 0x00000000e6a00000|100%| S|CS|TAMS 0x00000000e6900000, 0x00000000e6900000| Complete 
| 106|0x00000000e6a00000, 0x00000000e6b00000, 0x00000000e6b00000|100%| S|CS|TAMS 0x00000000e6a00000, 0x00000000e6a00000| Complete 
| 107|0x00000000e6b00000, 0x00000000e6c00000, 0x00000000e6c00000|100%| S|CS|TAMS 0x00000000e6b00000, 0x00000000e6b00000| Complete 
| 108|0x00000000e6c00000, 0x00000000e6c00000, 0x00000000e6d00000|  0%| F|  |TAMS 0x00000000e6c00000, 0x00000000e6c00000| Untracked 
| 109|0x00000000e6d00000, 0x00000000e6d00000, 0x00000000e6e00000|  0%| F|  |TAMS 0x00000000e6d00000, 0x00000000e6d00000| Untracked 
| 110|0x00000000e6e00000, 0x00000000e6e00000, 0x00000000e6f00000|  0%| F|  |TAMS 0x00000000e6e00000, 0x00000000e6e00000| Untracked 
| 111|0x00000000e6f00000, 0x00000000e6f00000, 0x00000000e7000000|  0%| F|  |TAMS 0x00000000e6f00000, 0x00000000e6f00000| Untracked 
| 112|0x00000000e7000000, 0x00000000e7000000, 0x00000000e7100000|  0%| F|  |TAMS 0x00000000e7000000, 0x00000000e7000000| Untracked 
| 113|0x00000000e7100000, 0x00000000e7100000, 0x00000000e7200000|  0%| F|  |TAMS 0x00000000e7100000, 0x00000000e7100000| Untracked 
| 114|0x00000000e7200000, 0x00000000e7200000, 0x00000000e7300000|  0%| F|  |TAMS 0x00000000e7200000, 0x00000000e7200000| Untracked 
| 115|0x00000000e7300000, 0x00000000e7300000, 0x00000000e7400000|  0%| F|  |TAMS 0x00000000e7300000, 0x00000000e7300000| Untracked 
| 116|0x00000000e7400000, 0x00000000e7400000, 0x00000000e7500000|  0%| F|  |TAMS 0x00000000e7400000, 0x00000000e7400000| Untracked 
| 117|0x00000000e7500000, 0x00000000e7500000, 0x00000000e7600000|  0%| F|  |TAMS 0x00000000e7500000, 0x00000000e7500000| Untracked 
| 118|0x00000000e7600000, 0x00000000e7600000, 0x00000000e7700000|  0%| F|  |TAMS 0x00000000e7600000, 0x00000000e7600000| Untracked 
| 119|0x00000000e7700000, 0x00000000e7700000, 0x00000000e7800000|  0%| F|  |TAMS 0x00000000e7700000, 0x00000000e7700000| Untracked 
| 120|0x00000000e7800000, 0x00000000e7800000, 0x00000000e7900000|  0%| F|  |TAMS 0x00000000e7800000, 0x00000000e7800000| Untracked 
| 121|0x00000000e7900000, 0x00000000e7900000, 0x00000000e7a00000|  0%| F|  |TAMS 0x00000000e7900000, 0x00000000e7900000| Untracked 
| 122|0x00000000e7a00000, 0x00000000e7a00000, 0x00000000e7b00000|  0%| F|  |TAMS 0x00000000e7a00000, 0x00000000e7a00000| Untracked 
| 123|0x00000000e7b00000, 0x00000000e7b00000, 0x00000000e7c00000|  0%| F|  |TAMS 0x00000000e7b00000, 0x00000000e7b00000| Untracked 
| 124|0x00000000e7c00000, 0x00000000e7c00000, 0x00000000e7d00000|  0%| F|  |TAMS 0x00000000e7c00000, 0x00000000e7c00000| Untracked 
| 125|0x00000000e7d00000, 0x00000000e7d00000, 0x00000000e7e00000|  0%| F|  |TAMS 0x00000000e7d00000, 0x00000000e7d00000| Untracked 
| 126|0x00000000e7e00000, 0x00000000e7e00000, 0x00000000e7f00000|  0%| F|  |TAMS 0x00000000e7e00000, 0x00000000e7e00000| Untracked 
| 127|0x00000000e7f00000, 0x00000000e7f00000, 0x00000000e8000000|  0%| F|  |TAMS 0x00000000e7f00000, 0x00000000e7f00000| Untracked 
| 128|0x00000000e8000000, 0x00000000e8000000, 0x00000000e8100000|  0%| F|  |TAMS 0x00000000e8000000, 0x00000000e8000000| Untracked 
| 129|0x00000000e8100000, 0x00000000e8100000, 0x00000000e8200000|  0%| F|  |TAMS 0x00000000e8100000, 0x00000000e8100000| Untracked 
| 130|0x00000000e8200000, 0x00000000e8200000, 0x00000000e8300000|  0%| F|  |TAMS 0x00000000e8200000, 0x00000000e8200000| Untracked 
| 131|0x00000000e8300000, 0x00000000e8300000, 0x00000000e8400000|  0%| F|  |TAMS 0x00000000e8300000, 0x00000000e8300000| Untracked 
| 132|0x00000000e8400000, 0x00000000e8400000, 0x00000000e8500000|  0%| F|  |TAMS 0x00000000e8400000, 0x00000000e8400000| Untracked 
| 133|0x00000000e8500000, 0x00000000e8500000, 0x00000000e8600000|  0%| F|  |TAMS 0x00000000e8500000, 0x00000000e8500000| Untracked 
| 134|0x00000000e8600000, 0x00000000e8600000, 0x00000000e8700000|  0%| F|  |TAMS 0x00000000e8600000, 0x00000000e8600000| Untracked 
| 135|0x00000000e8700000, 0x00000000e8700000, 0x00000000e8800000|  0%| F|  |TAMS 0x00000000e8700000, 0x00000000e8700000| Untracked 
| 136|0x00000000e8800000, 0x00000000e8800000, 0x00000000e8900000|  0%| F|  |TAMS 0x00000000e8800000, 0x00000000e8800000| Untracked 
| 137|0x00000000e8900000, 0x00000000e8900000, 0x00000000e8a00000|  0%| F|  |TAMS 0x00000000e8900000, 0x00000000e8900000| Untracked 
| 138|0x00000000e8a00000, 0x00000000e8a00000, 0x00000000e8b00000|  0%| F|  |TAMS 0x00000000e8a00000, 0x00000000e8a00000| Untracked 
| 139|0x00000000e8b00000, 0x00000000e8b00000, 0x00000000e8c00000|  0%| F|  |TAMS 0x00000000e8b00000, 0x00000000e8b00000| Untracked 
| 140|0x00000000e8c00000, 0x00000000e8c00000, 0x00000000e8d00000|  0%| F|  |TAMS 0x00000000e8c00000, 0x00000000e8c00000| Untracked 
| 141|0x00000000e8d00000, 0x00000000e8d00000, 0x00000000e8e00000|  0%| F|  |TAMS 0x00000000e8d00000, 0x00000000e8d00000| Untracked 
| 142|0x00000000e8e00000, 0x00000000e8e00000, 0x00000000e8f00000|  0%| F|  |TAMS 0x00000000e8e00000, 0x00000000e8e00000| Untracked 
| 143|0x00000000e8f00000, 0x00000000e8f00000, 0x00000000e9000000|  0%| F|  |TAMS 0x00000000e8f00000, 0x00000000e8f00000| Untracked 
| 144|0x00000000e9000000, 0x00000000e9000000, 0x00000000e9100000|  0%| F|  |TAMS 0x00000000e9000000, 0x00000000e9000000| Untracked 
| 145|0x00000000e9100000, 0x00000000e9100000, 0x00000000e9200000|  0%| F|  |TAMS 0x00000000e9100000, 0x00000000e9100000| Untracked 
| 146|0x00000000e9200000, 0x00000000e9200000, 0x00000000e9300000|  0%| F|  |TAMS 0x00000000e9200000, 0x00000000e9200000| Untracked 
| 147|0x00000000e9300000, 0x00000000e9300000, 0x00000000e9400000|  0%| F|  |TAMS 0x00000000e9300000, 0x00000000e9300000| Untracked 
| 148|0x00000000e9400000, 0x00000000e9400000, 0x00000000e9500000|  0%| F|  |TAMS 0x00000000e9400000, 0x00000000e9400000| Untracked 
| 149|0x00000000e9500000, 0x00000000e9500000, 0x00000000e9600000|  0%| F|  |TAMS 0x00000000e9500000, 0x00000000e9500000| Untracked 
| 150|0x00000000e9600000, 0x00000000e9600000, 0x00000000e9700000|  0%| F|  |TAMS 0x00000000e9600000, 0x00000000e9600000| Untracked 
| 151|0x00000000e9700000, 0x00000000e9700000, 0x00000000e9800000|  0%| F|  |TAMS 0x00000000e9700000, 0x00000000e9700000| Untracked 
| 152|0x00000000e9800000, 0x00000000e9800000, 0x00000000e9900000|  0%| F|  |TAMS 0x00000000e9800000, 0x00000000e9800000| Untracked 
| 153|0x00000000e9900000, 0x00000000e9900000, 0x00000000e9a00000|  0%| F|  |TAMS 0x00000000e9900000, 0x00000000e9900000| Untracked 
| 154|0x00000000e9a00000, 0x00000000e9a00000, 0x00000000e9b00000|  0%| F|  |TAMS 0x00000000e9a00000, 0x00000000e9a00000| Untracked 
| 155|0x00000000e9b00000, 0x00000000e9b00000, 0x00000000e9c00000|  0%| F|  |TAMS 0x00000000e9b00000, 0x00000000e9b00000| Untracked 
| 156|0x00000000e9c00000, 0x00000000e9c00000, 0x00000000e9d00000|  0%| F|  |TAMS 0x00000000e9c00000, 0x00000000e9c00000| Untracked 
| 157|0x00000000e9d00000, 0x00000000e9d00000, 0x00000000e9e00000|  0%| F|  |TAMS 0x00000000e9d00000, 0x00000000e9d00000| Untracked 
| 158|0x00000000e9e00000, 0x00000000e9e00000, 0x00000000e9f00000|  0%| F|  |TAMS 0x00000000e9e00000, 0x00000000e9e00000| Untracked 
| 159|0x00000000e9f00000, 0x00000000e9f00000, 0x00000000ea000000|  0%| F|  |TAMS 0x00000000e9f00000, 0x00000000e9f00000| Untracked 
| 160|0x00000000ea000000, 0x00000000ea000000, 0x00000000ea100000|  0%| F|  |TAMS 0x00000000ea000000, 0x00000000ea000000| Untracked 
| 161|0x00000000ea100000, 0x00000000ea100000, 0x00000000ea200000|  0%| F|  |TAMS 0x00000000ea100000, 0x00000000ea100000| Untracked 
| 162|0x00000000ea200000, 0x00000000ea200000, 0x00000000ea300000|  0%| F|  |TAMS 0x00000000ea200000, 0x00000000ea200000| Untracked 
| 163|0x00000000ea300000, 0x00000000ea300000, 0x00000000ea400000|  0%| F|  |TAMS 0x00000000ea300000, 0x00000000ea300000| Untracked 
| 164|0x00000000ea400000, 0x00000000ea400000, 0x00000000ea500000|  0%| F|  |TAMS 0x00000000ea400000, 0x00000000ea400000| Untracked 
| 165|0x00000000ea500000, 0x00000000ea500000, 0x00000000ea600000|  0%| F|  |TAMS 0x00000000ea500000, 0x00000000ea500000| Untracked 
| 166|0x00000000ea600000, 0x00000000ea600000, 0x00000000ea700000|  0%| F|  |TAMS 0x00000000ea600000, 0x00000000ea600000| Untracked 
| 167|0x00000000ea700000, 0x00000000ea700000, 0x00000000ea800000|  0%| F|  |TAMS 0x00000000ea700000, 0x00000000ea700000| Untracked 
| 168|0x00000000ea800000, 0x00000000ea800000, 0x00000000ea900000|  0%| F|  |TAMS 0x00000000ea800000, 0x00000000ea800000| Untracked 
| 169|0x00000000ea900000, 0x00000000ea900000, 0x00000000eaa00000|  0%| F|  |TAMS 0x00000000ea900000, 0x00000000ea900000| Untracked 
| 170|0x00000000eaa00000, 0x00000000eaa00000, 0x00000000eab00000|  0%| F|  |TAMS 0x00000000eaa00000, 0x00000000eaa00000| Untracked 
| 171|0x00000000eab00000, 0x00000000eab00000, 0x00000000eac00000|  0%| F|  |TAMS 0x00000000eab00000, 0x00000000eab00000| Untracked 
| 172|0x00000000eac00000, 0x00000000eac00000, 0x00000000ead00000|  0%| F|  |TAMS 0x00000000eac00000, 0x00000000eac00000| Untracked 
| 173|0x00000000ead00000, 0x00000000ead00000, 0x00000000eae00000|  0%| F|  |TAMS 0x00000000ead00000, 0x00000000ead00000| Untracked 
| 174|0x00000000eae00000, 0x00000000eae00000, 0x00000000eaf00000|  0%| F|  |TAMS 0x00000000eae00000, 0x00000000eae00000| Untracked 
| 175|0x00000000eaf00000, 0x00000000eaf00000, 0x00000000eb000000|  0%| F|  |TAMS 0x00000000eaf00000, 0x00000000eaf00000| Untracked 
| 176|0x00000000eb000000, 0x00000000eb000000, 0x00000000eb100000|  0%| F|  |TAMS 0x00000000eb000000, 0x00000000eb000000| Untracked 
| 177|0x00000000eb100000, 0x00000000eb100000, 0x00000000eb200000|  0%| F|  |TAMS 0x00000000eb100000, 0x00000000eb100000| Untracked 
| 178|0x00000000eb200000, 0x00000000eb200000, 0x00000000eb300000|  0%| F|  |TAMS 0x00000000eb200000, 0x00000000eb200000| Untracked 
| 179|0x00000000eb300000, 0x00000000eb300000, 0x00000000eb400000|  0%| F|  |TAMS 0x00000000eb300000, 0x00000000eb300000| Untracked 
| 180|0x00000000eb400000, 0x00000000eb400000, 0x00000000eb500000|  0%| F|  |TAMS 0x00000000eb400000, 0x00000000eb400000| Untracked 
| 181|0x00000000eb500000, 0x00000000eb500000, 0x00000000eb600000|  0%| F|  |TAMS 0x00000000eb500000, 0x00000000eb500000| Untracked 
| 182|0x00000000eb600000, 0x00000000eb600000, 0x00000000eb700000|  0%| F|  |TAMS 0x00000000eb600000, 0x00000000eb600000| Untracked 
| 183|0x00000000eb700000, 0x00000000eb700000, 0x00000000eb800000|  0%| F|  |TAMS 0x00000000eb700000, 0x00000000eb700000| Untracked 
| 184|0x00000000eb800000, 0x00000000eb800000, 0x00000000eb900000|  0%| F|  |TAMS 0x00000000eb800000, 0x00000000eb800000| Untracked 
| 185|0x00000000eb900000, 0x00000000eb900000, 0x00000000eba00000|  0%| F|  |TAMS 0x00000000eb900000, 0x00000000eb900000| Untracked 
| 186|0x00000000eba00000, 0x00000000eba00000, 0x00000000ebb00000|  0%| F|  |TAMS 0x00000000eba00000, 0x00000000eba00000| Untracked 
| 187|0x00000000ebb00000, 0x00000000ebb00000, 0x00000000ebc00000|  0%| F|  |TAMS 0x00000000ebb00000, 0x00000000ebb00000| Untracked 
| 188|0x00000000ebc00000, 0x00000000ebc00000, 0x00000000ebd00000|  0%| F|  |TAMS 0x00000000ebc00000, 0x00000000ebc00000| Untracked 
| 189|0x00000000ebd00000, 0x00000000ebd00000, 0x00000000ebe00000|  0%| F|  |TAMS 0x00000000ebd00000, 0x00000000ebd00000| Untracked 
| 190|0x00000000ebe00000, 0x00000000ebe00000, 0x00000000ebf00000|  0%| F|  |TAMS 0x00000000ebe00000, 0x00000000ebe00000| Untracked 
| 191|0x00000000ebf00000, 0x00000000ebf00000, 0x00000000ec000000|  0%| F|  |TAMS 0x00000000ebf00000, 0x00000000ebf00000| Untracked 
| 192|0x00000000ec000000, 0x00000000ec000000, 0x00000000ec100000|  0%| F|  |TAMS 0x00000000ec000000, 0x00000000ec000000| Untracked 
| 193|0x00000000ec100000, 0x00000000ec200000, 0x00000000ec200000|100%| E|  |TAMS 0x00000000ec100000, 0x00000000ec100000| Complete 
| 194|0x00000000ec200000, 0x00000000ec300000, 0x00000000ec300000|100%| E|CS|TAMS 0x00000000ec200000, 0x00000000ec200000| Complete 
| 195|0x00000000ec300000, 0x00000000ec400000, 0x00000000ec400000|100%| E|CS|TAMS 0x00000000ec300000, 0x00000000ec300000| Complete 
| 196|0x00000000ec400000, 0x00000000ec500000, 0x00000000ec500000|100%| E|CS|TAMS 0x00000000ec400000, 0x00000000ec400000| Complete 
| 197|0x00000000ec500000, 0x00000000ec600000, 0x00000000ec600000|100%| E|CS|TAMS 0x00000000ec500000, 0x00000000ec500000| Complete 
| 198|0x00000000ec600000, 0x00000000ec700000, 0x00000000ec700000|100%| E|CS|TAMS 0x00000000ec600000, 0x00000000ec600000| Complete 
| 199|0x00000000ec700000, 0x00000000ec800000, 0x00000000ec800000|100%| E|CS|TAMS 0x00000000ec700000, 0x00000000ec700000| Complete 
| 200|0x00000000ec800000, 0x00000000ec900000, 0x00000000ec900000|100%| E|CS|TAMS 0x00000000ec800000, 0x00000000ec800000| Complete 
| 201|0x00000000ec900000, 0x00000000eca00000, 0x00000000eca00000|100%| E|CS|TAMS 0x00000000ec900000, 0x00000000ec900000| Complete 
| 202|0x00000000eca00000, 0x00000000ecb00000, 0x00000000ecb00000|100%| E|CS|TAMS 0x00000000eca00000, 0x00000000eca00000| Complete 
| 203|0x00000000ecb00000, 0x00000000ecc00000, 0x00000000ecc00000|100%| E|CS|TAMS 0x00000000ecb00000, 0x00000000ecb00000| Complete 
| 204|0x00000000ecc00000, 0x00000000ecd00000, 0x00000000ecd00000|100%| E|CS|TAMS 0x00000000ecc00000, 0x00000000ecc00000| Complete 
| 205|0x00000000ecd00000, 0x00000000ece00000, 0x00000000ece00000|100%| E|CS|TAMS 0x00000000ecd00000, 0x00000000ecd00000| Complete 
| 206|0x00000000ece00000, 0x00000000ecf00000, 0x00000000ecf00000|100%| E|CS|TAMS 0x00000000ece00000, 0x00000000ece00000| Complete 
| 207|0x00000000ecf00000, 0x00000000ed000000, 0x00000000ed000000|100%| E|CS|TAMS 0x00000000ecf00000, 0x00000000ecf00000| Complete 
| 208|0x00000000ed000000, 0x00000000ed100000, 0x00000000ed100000|100%| E|CS|TAMS 0x00000000ed000000, 0x00000000ed000000| Complete 
| 209|0x00000000ed100000, 0x00000000ed200000, 0x00000000ed200000|100%| E|CS|TAMS 0x00000000ed100000, 0x00000000ed100000| Complete 
| 210|0x00000000ed200000, 0x00000000ed300000, 0x00000000ed300000|100%| E|CS|TAMS 0x00000000ed200000, 0x00000000ed200000| Complete 
| 211|0x00000000ed300000, 0x00000000ed400000, 0x00000000ed400000|100%| E|CS|TAMS 0x00000000ed300000, 0x00000000ed300000| Complete 
| 212|0x00000000ed400000, 0x00000000ed500000, 0x00000000ed500000|100%| E|CS|TAMS 0x00000000ed400000, 0x00000000ed400000| Complete 
| 213|0x00000000ed500000, 0x00000000ed600000, 0x00000000ed600000|100%| E|CS|TAMS 0x00000000ed500000, 0x00000000ed500000| Complete 
| 214|0x00000000ed600000, 0x00000000ed700000, 0x00000000ed700000|100%| E|CS|TAMS 0x00000000ed600000, 0x00000000ed600000| Complete 
| 215|0x00000000ed700000, 0x00000000ed800000, 0x00000000ed800000|100%| E|CS|TAMS 0x00000000ed700000, 0x00000000ed700000| Complete 
| 216|0x00000000ed800000, 0x00000000ed900000, 0x00000000ed900000|100%| E|CS|TAMS 0x00000000ed800000, 0x00000000ed800000| Complete 
| 217|0x00000000ed900000, 0x00000000eda00000, 0x00000000eda00000|100%| E|CS|TAMS 0x00000000ed900000, 0x00000000ed900000| Complete 
| 218|0x00000000eda00000, 0x00000000edb00000, 0x00000000edb00000|100%| E|CS|TAMS 0x00000000eda00000, 0x00000000eda00000| Complete 
| 219|0x00000000edb00000, 0x00000000edc00000, 0x00000000edc00000|100%| E|CS|TAMS 0x00000000edb00000, 0x00000000edb00000| Complete 
| 220|0x00000000edc00000, 0x00000000edd00000, 0x00000000edd00000|100%| E|CS|TAMS 0x00000000edc00000, 0x00000000edc00000| Complete 
| 221|0x00000000edd00000, 0x00000000ede00000, 0x00000000ede00000|100%| E|CS|TAMS 0x00000000edd00000, 0x00000000edd00000| Complete 
| 222|0x00000000ede00000, 0x00000000edf00000, 0x00000000edf00000|100%| E|CS|TAMS 0x00000000ede00000, 0x00000000ede00000| Complete 
| 223|0x00000000edf00000, 0x00000000ee000000, 0x00000000ee000000|100%| E|CS|TAMS 0x00000000edf00000, 0x00000000edf00000| Complete 
| 224|0x00000000ee000000, 0x00000000ee100000, 0x00000000ee100000|100%| E|CS|TAMS 0x00000000ee000000, 0x00000000ee000000| Complete 
| 225|0x00000000ee100000, 0x00000000ee200000, 0x00000000ee200000|100%| E|CS|TAMS 0x00000000ee100000, 0x00000000ee100000| Complete 
| 226|0x00000000ee200000, 0x00000000ee300000, 0x00000000ee300000|100%| E|CS|TAMS 0x00000000ee200000, 0x00000000ee200000| Complete 
| 227|0x00000000ee300000, 0x00000000ee400000, 0x00000000ee400000|100%| E|CS|TAMS 0x00000000ee300000, 0x00000000ee300000| Complete 
| 228|0x00000000ee400000, 0x00000000ee500000, 0x00000000ee500000|100%| E|CS|TAMS 0x00000000ee400000, 0x00000000ee400000| Complete 
| 229|0x00000000ee500000, 0x00000000ee600000, 0x00000000ee600000|100%| E|CS|TAMS 0x00000000ee500000, 0x00000000ee500000| Complete 
| 230|0x00000000ee600000, 0x00000000ee700000, 0x00000000ee700000|100%| E|CS|TAMS 0x00000000ee600000, 0x00000000ee600000| Complete 
| 231|0x00000000ee700000, 0x00000000ee800000, 0x00000000ee800000|100%| E|CS|TAMS 0x00000000ee700000, 0x00000000ee700000| Complete 
| 232|0x00000000ee800000, 0x00000000ee900000, 0x00000000ee900000|100%| E|CS|TAMS 0x00000000ee800000, 0x00000000ee800000| Complete 
| 233|0x00000000ee900000, 0x00000000eea00000, 0x00000000eea00000|100%| E|CS|TAMS 0x00000000ee900000, 0x00000000ee900000| Complete 
| 234|0x00000000eea00000, 0x00000000eeb00000, 0x00000000eeb00000|100%| E|CS|TAMS 0x00000000eea00000, 0x00000000eea00000| Complete 
| 235|0x00000000eeb00000, 0x00000000eec00000, 0x00000000eec00000|100%| E|CS|TAMS 0x00000000eeb00000, 0x00000000eeb00000| Complete 
| 236|0x00000000eec00000, 0x00000000eed00000, 0x00000000eed00000|100%| E|CS|TAMS 0x00000000eec00000, 0x00000000eec00000| Complete 
| 237|0x00000000eed00000, 0x00000000eee00000, 0x00000000eee00000|100%| E|CS|TAMS 0x00000000eed00000, 0x00000000eed00000| Complete 
| 238|0x00000000eee00000, 0x00000000eef00000, 0x00000000eef00000|100%| E|CS|TAMS 0x00000000eee00000, 0x00000000eee00000| Complete 
| 239|0x00000000eef00000, 0x00000000ef000000, 0x00000000ef000000|100%| E|CS|TAMS 0x00000000eef00000, 0x00000000eef00000| Complete 
| 240|0x00000000ef000000, 0x00000000ef100000, 0x00000000ef100000|100%| E|CS|TAMS 0x00000000ef000000, 0x00000000ef000000| Complete 
| 241|0x00000000ef100000, 0x00000000ef200000, 0x00000000ef200000|100%| E|CS|TAMS 0x00000000ef100000, 0x00000000ef100000| Complete 
| 242|0x00000000ef200000, 0x00000000ef300000, 0x00000000ef300000|100%| E|CS|TAMS 0x00000000ef200000, 0x00000000ef200000| Complete 
| 243|0x00000000ef300000, 0x00000000ef400000, 0x00000000ef400000|100%| E|CS|TAMS 0x00000000ef300000, 0x00000000ef300000| Complete 
| 244|0x00000000ef400000, 0x00000000ef500000, 0x00000000ef500000|100%| E|CS|TAMS 0x00000000ef400000, 0x00000000ef400000| Complete 
| 245|0x00000000ef500000, 0x00000000ef600000, 0x00000000ef600000|100%| E|CS|TAMS 0x00000000ef500000, 0x00000000ef500000| Complete 
| 246|0x00000000ef600000, 0x00000000ef700000, 0x00000000ef700000|100%| E|CS|TAMS 0x00000000ef600000, 0x00000000ef600000| Complete 
| 247|0x00000000ef700000, 0x00000000ef800000, 0x00000000ef800000|100%| E|CS|TAMS 0x00000000ef700000, 0x00000000ef700000| Complete 
| 248|0x00000000ef800000, 0x00000000ef900000, 0x00000000ef900000|100%| E|CS|TAMS 0x00000000ef800000, 0x00000000ef800000| Complete 
| 249|0x00000000ef900000, 0x00000000efa00000, 0x00000000efa00000|100%| E|CS|TAMS 0x00000000ef900000, 0x00000000ef900000| Complete 
| 250|0x00000000efa00000, 0x00000000efb00000, 0x00000000efb00000|100%| E|CS|TAMS 0x00000000efa00000, 0x00000000efa00000| Complete 
| 251|0x00000000efb00000, 0x00000000efc00000, 0x00000000efc00000|100%| E|CS|TAMS 0x00000000efb00000, 0x00000000efb00000| Complete 
| 252|0x00000000efc00000, 0x00000000efd00000, 0x00000000efd00000|100%| E|CS|TAMS 0x00000000efc00000, 0x00000000efc00000| Complete 
| 253|0x00000000efd00000, 0x00000000efe00000, 0x00000000efe00000|100%| E|CS|TAMS 0x00000000efd00000, 0x00000000efd00000| Complete 
| 254|0x00000000efe00000, 0x00000000eff00000, 0x00000000eff00000|100%| E|CS|TAMS 0x00000000efe00000, 0x00000000efe00000| Complete 
| 255|0x00000000eff00000, 0x00000000f0000000, 0x00000000f0000000|100%| E|CS|TAMS 0x00000000eff00000, 0x00000000eff00000| Complete 

Card table byte_map: [0x000002715fa50000,0x000002715fb50000] _byte_map_base: 0x000002715f350000

Marking Bits (Prev, Next): (CMBitMap*) 0x0000027148dacad0, (CMBitMap*) 0x0000027148dacb10
 Prev Bits: [0x000002715fc50000, 0x0000027160450000)
 Next Bits: [0x0000027160450000, 0x0000027160c50000)

Polling page: 0x0000027148540000

Metaspace:

Usage:
  Non-class:     50.13 MB used.
      Class:      8.15 MB used.
       Both:     58.29 MB used.

Virtual space:
  Non-class space:       64.00 MB reserved,      50.44 MB ( 79%) committed,  1 nodes.
      Class space:      320.00 MB reserved,       8.44 MB (  3%) committed,  1 nodes.
             Both:      384.00 MB reserved,      58.88 MB ( 15%) committed. 

Chunk freelists:
   Non-Class:  13.36 MB
       Class:  7.53 MB
        Both:  20.89 MB

MaxMetaspaceSize: 384.00 MB
CompressedClassSpaceSize: 320.00 MB
Initial GC threshold: 21.00 MB
Current GC threshold: 59.00 MB
CDS: on
MetaspaceReclaimPolicy: balanced
 - commit_granule_bytes: 65536.
 - commit_granule_words: 8192.
 - virtual_space_node_default_size: 8388608.
 - enlarge_chunks_in_place: 1.
 - new_chunks_are_fully_committed: 0.
 - uncommit_free_chunks: 1.
 - use_allocation_guard: 0.
 - handle_deallocations: 1.


Internal statistics:

num_allocs_failed_limit: 6.
num_arena_births: 676.
num_arena_deaths: 0.
num_vsnodes_births: 2.
num_vsnodes_deaths: 0.
num_space_committed: 942.
num_space_uncommitted: 0.
num_chunks_returned_to_freelist: 6.
num_chunks_taken_from_freelist: 2941.
num_chunk_merges: 6.
num_chunk_splits: 1915.
num_chunks_enlarged: 1249.
num_inconsistent_stats: 0.

CodeHeap 'non-profiled nmethods': size=120000Kb used=3574Kb max_used=3574Kb free=116426Kb
 bounds [0x00000271580f0000, 0x0000027158470000, 0x000002715f620000]
CodeHeap 'profiled nmethods': size=120000Kb used=11873Kb max_used=11873Kb free=108127Kb
 bounds [0x0000027150620000, 0x00000271511c0000, 0x0000027157b50000]
CodeHeap 'non-nmethods': size=5760Kb used=2402Kb max_used=2429Kb free=3358Kb
 bounds [0x0000027157b50000, 0x0000027157dc0000, 0x00000271580f0000]
 total_blobs=6954 nmethods=6039 adapters=826
 compilation: enabled
              stopped_count=0, restarted_count=0
 full_count=0

Compilation events (20 events):
Event: 9.345 Thread 0x000002716369f340 nmethod 6738 0x0000027151198990 code [0x0000027151198b40, 0x0000027151198e18]
Event: 9.345 Thread 0x000002716369f340 6739       3       org.gradle.internal.instantiation.generator.AsmBackedClassGenerator$ClassBuilderImpl::access$5400 (4 bytes)
Event: 9.345 Thread 0x000002716369f340 nmethod 6739 0x0000027151198f90 code [0x0000027151199120, 0x0000027151199218]
Event: 9.345 Thread 0x000002716369f340 6740       3       org.gradle.internal.instantiation.generator.AsmBackedClassGenerator$ClassBuilderImpl::addLazyGetter (24 bytes)
Event: 9.345 Thread 0x000002716369f340 nmethod 6740 0x0000027151199290 code [0x00000271511994a0, 0x0000027151199ad8]
Event: 9.346 Thread 0x000002716369f340 6743       3       com.google.common.collect.ImmutableSet$Builder::<init> (6 bytes)
Event: 9.346 Thread 0x000002716369f340 nmethod 6743 0x0000027151199d10 code [0x0000027151199ec0, 0x000002715119a1b8]
Event: 9.346 Thread 0x000002716369f340 6745       3       org.gradle.internal.reflect.JavaPropertyReflectionUtil::hasTypeVariable (267 bytes)
Event: 9.346 Thread 0x000002716369f340 nmethod 6745 0x000002715119a310 code [0x000002715119a720, 0x000002715119cc68]
Event: 9.346 Thread 0x000002716369f340 6744       3       com.google.common.collect.ImmutableSet$Builder::add (31 bytes)
Event: 9.347 Thread 0x000002716369f340 nmethod 6744 0x000002715119d390 code [0x000002715119d5a0, 0x000002715119dbf8]
Event: 9.347 Thread 0x000002716369f340 6747       3       org.gradle.model.internal.asm.MethodVisitorScope::_UNBOX (178 bytes)
Event: 9.347 Thread 0x000002716369f340 nmethod 6747 0x000002715119de10 code [0x000002715119e260, 0x00000271511a0398]
Event: 9.347 Thread 0x000002716369f340 6746       3       org.gradle.internal.instantiation.generator.AsmBackedClassGenerator$ClassBuilderImpl$$Lambda$151/0x00000271651c6000::<init> (50 bytes)
Event: 9.348 Thread 0x000002716369f340 nmethod 6746 0x00000271511a0d10 code [0x00000271511a0ec0, 0x00000271511a1278]
Event: 9.348 Thread 0x000002716369f340 6748       3       org.gradle.internal.instantiation.generator.AsmBackedClassGenerator$ClassBuilderImpl$$Lambda$151/0x00000271651c6000::emit (37 bytes)
Event: 9.348 Thread 0x000002716369f340 nmethod 6748 0x00000271511a1390 code [0x00000271511a1540, 0x00000271511a16c8]
Event: 9.348 Thread 0x000002716369f340 6749       3       org.gradle.internal.instantiation.generator.AsmBackedClassGenerator$ClassBuilderImpl::lambda$applyConventionMappingToGetter$36 (23 bytes)
Event: 9.348 Thread 0x000002716369f340 nmethod 6749 0x00000271511a1790 code [0x00000271511a1940, 0x00000271511a1b48]
Event: 9.348 Thread 0x000002716369f340 6750       3       org.gradle.internal.instantiation.generator.AsmBackedClassGenerator$ClassBuilderImpl$37::<init> (403 bytes)

GC Heap History (10 events):
Event: 0.677 GC heap before
{Heap before GC invocations=0 (full 0):
 garbage-first heap   total 262144K, used 26624K [0x00000000e0000000, 0x0000000100000000)
  region size 1024K, 23 young (23552K), 0 survivors (0K)
 Metaspace       used 2904K, committed 3072K, reserved 393216K
  class space    used 361K, committed 448K, reserved 327680K
}
Event: 0.682 GC heap after
{Heap after GC invocations=1 (full 0):
 garbage-first heap   total 262144K, used 10842K [0x00000000e0000000, 0x0000000100000000)
  region size 1024K, 3 young (3072K), 3 survivors (3072K)
 Metaspace       used 2904K, committed 3072K, reserved 393216K
  class space    used 361K, committed 448K, reserved 327680K
}
Event: 1.185 GC heap before
{Heap before GC invocations=1 (full 0):
 garbage-first heap   total 262144K, used 37466K [0x00000000e0000000, 0x0000000100000000)
  region size 1024K, 29 young (29696K), 3 survivors (3072K)
 Metaspace       used 4008K, committed 4160K, reserved 393216K
  class space    used 494K, committed 576K, reserved 327680K
}
Event: 1.187 GC heap after
{Heap after GC invocations=2 (full 0):
 garbage-first heap   total 262144K, used 11464K [0x00000000e0000000, 0x0000000100000000)
  region size 1024K, 1 young (1024K), 1 survivors (1024K)
 Metaspace       used 4008K, committed 4160K, reserved 393216K
  class space    used 494K, committed 576K, reserved 327680K
}
Event: 3.639 GC heap before
{Heap before GC invocations=2 (full 0):
 garbage-first heap   total 262144K, used 132296K [0x00000000e0000000, 0x0000000100000000)
  region size 1024K, 119 young (121856K), 1 survivors (1024K)
 Metaspace       used 21243K, committed 21504K, reserved 393216K
  class space    used 3116K, committed 3264K, reserved 327680K
}
Event: 3.649 GC heap after
{Heap after GC invocations=3 (full 0):
 garbage-first heap   total 262144K, used 22708K [0x00000000e0000000, 0x0000000100000000)
  region size 1024K, 12 young (12288K), 12 survivors (12288K)
 Metaspace       used 21243K, committed 21504K, reserved 393216K
  class space    used 3116K, committed 3264K, reserved 327680K
}
Event: 5.237 GC heap before
{Heap before GC invocations=4 (full 0):
 garbage-first heap   total 262144K, used 152756K [0x00000000e0000000, 0x0000000100000000)
  region size 1024K, 125 young (128000K), 12 survivors (12288K)
 Metaspace       used 35707K, committed 36096K, reserved 393216K
  class space    used 4968K, committed 5184K, reserved 327680K
}
Event: 5.248 GC heap after
{Heap after GC invocations=5 (full 0):
 garbage-first heap   total 262144K, used 45494K [0x00000000e0000000, 0x0000000100000000)
  region size 1024K, 11 young (11264K), 11 survivors (11264K)
 Metaspace       used 35707K, committed 36096K, reserved 393216K
  class space    used 4968K, committed 5184K, reserved 327680K
}
Event: 7.248 GC heap before
{Heap before GC invocations=6 (full 0):
 garbage-first heap   total 262144K, used 196022K [0x00000000e0000000, 0x0000000100000000)
  region size 1024K, 148 young (151552K), 11 survivors (11264K)
 Metaspace       used 49353K, committed 49920K, reserved 393216K
  class space    used 6979K, committed 7296K, reserved 327680K
}
Event: 7.265 GC heap after
{Heap after GC invocations=7 (full 0):
 garbage-first heap   total 262144K, used 66194K [0x00000000e0000000, 0x0000000100000000)
  region size 1024K, 12 young (12288K), 12 survivors (12288K)
 Metaspace       used 49353K, committed 49920K, reserved 393216K
  class space    used 6979K, committed 7296K, reserved 327680K
}

Deoptimization events (20 events):
Event: 9.000 Thread 0x000002717eea2120 Uncommon trap: trap_request=0xffffff45 fr.pc=0x00000271583eddb8 relative=0x00000000000007f8
Event: 9.000 Thread 0x000002717eea2120 Uncommon trap: reason=unstable_if action=reinterpret pc=0x00000271583eddb8 method=java.lang.AbstractStringBuilder.append(Ljava/lang/String;)Ljava/lang/AbstractStringBuilder; @ 1 c2
Event: 9.000 Thread 0x000002717eea2120 DEOPT PACKING pc=0x00000271583eddb8 sp=0x0000008ab17f7ce0
Event: 9.000 Thread 0x000002717eea2120 DEOPT UNPACKING pc=0x0000027157ba5ba3 sp=0x0000008ab17f7cb8 mode 2
Event: 9.008 Thread 0x000002717eea2120 Uncommon trap: trap_request=0xffffff45 fr.pc=0x000002715840be40 relative=0x0000000000000660
Event: 9.008 Thread 0x000002717eea2120 Uncommon trap: reason=unstable_if action=reinterpret pc=0x000002715840be40 method=java.util.LinkedHashMap.get(Ljava/lang/Object;)Ljava/lang/Object; @ 16 c2
Event: 9.008 Thread 0x000002717eea2120 DEOPT PACKING pc=0x000002715840be40 sp=0x0000008ab17f6a00
Event: 9.008 Thread 0x000002717eea2120 DEOPT UNPACKING pc=0x0000027157ba5ba3 sp=0x0000008ab17f69e8 mode 2
Event: 9.236 Thread 0x000002717e8c4650 Uncommon trap: trap_request=0xffffff45 fr.pc=0x00000271584195f8 relative=0x0000000000001058
Event: 9.236 Thread 0x000002717e8c4650 Uncommon trap: reason=unstable_if action=reinterpret pc=0x00000271584195f8 method=java.util.concurrent.ConcurrentHashMap.putVal(Ljava/lang/Object;Ljava/lang/Object;Z)Ljava/lang/Object; @ 97 c2
Event: 9.236 Thread 0x000002717e8c4650 DEOPT PACKING pc=0x00000271584195f8 sp=0x0000008ab41fe280
Event: 9.236 Thread 0x000002717e8c4650 DEOPT UNPACKING pc=0x0000027157ba5ba3 sp=0x0000008ab41fe208 mode 2
Event: 9.238 Thread 0x000002717e8c5fa0 DEOPT PACKING pc=0x0000027150a88ddc sp=0x0000008ab40fcfa0
Event: 9.238 Thread 0x000002717e8c5fa0 DEOPT UNPACKING pc=0x0000027157ba66e3 sp=0x0000008ab40fc520 mode 0
Event: 9.238 Thread 0x000002717eea2120 Uncommon trap: trap_request=0xffffff45 fr.pc=0x00000271581ae738 relative=0x0000000000000178
Event: 9.238 Thread 0x000002717eea2120 Uncommon trap: reason=unstable_if action=reinterpret pc=0x00000271581ae738 method=java.util.concurrent.ConcurrentHashMap.addCount(JI)V @ 34 c2
Event: 9.238 Thread 0x000002717eea2120 DEOPT PACKING pc=0x00000271581ae738 sp=0x0000008ab17f7780
Event: 9.238 Thread 0x000002717eea2120 DEOPT UNPACKING pc=0x0000027157ba5ba3 sp=0x0000008ab17f76c0 mode 2
Event: 9.273 Thread 0x000002717e8c0ea0 DEOPT PACKING pc=0x0000027150a88ddc sp=0x0000008ab44fd2b0
Event: 9.273 Thread 0x000002717e8c0ea0 DEOPT UNPACKING pc=0x0000027157ba66e3 sp=0x0000008ab44fc830 mode 0

Classes unloaded (0 events):
No events

Classes redefined (0 events):
No events

Internal exceptions (20 events):
Event: 7.330 Thread 0x000002717eea2120 Exception <a 'sun/nio/fs/WindowsException'{0x00000000efc697d0}> (0x00000000efc697d0) 
thrown [s\open\src\hotspot\share\prims\jni.cpp, line 516]
Event: 7.391 Thread 0x000002717eea2120 Exception <a 'sun/nio/fs/WindowsException'{0x00000000ef9971a0}> (0x00000000ef9971a0) 
thrown [s\open\src\hotspot\share\prims\jni.cpp, line 516]
Event: 7.392 Thread 0x000002717eea2120 Exception <a 'sun/nio/fs/WindowsException'{0x00000000ef997430}> (0x00000000ef997430) 
thrown [s\open\src\hotspot\share\prims\jni.cpp, line 516]
Event: 7.429 Thread 0x000002717eea2120 Exception <a 'java/lang/ClassNotFoundException'{0x00000000ef706110}: build_3rx5i7xhbfzgxujwdfil95pqpBeanInfo> (0x00000000ef706110) 
thrown [s\open\src\hotspot\share\classfile\systemDictionary.cpp, line 256]
Event: 7.429 Thread 0x000002717eea2120 Exception <a 'java/lang/ClassNotFoundException'{0x00000000ef711a40}: org/gradle/api/internal/project/ProjectScriptBeanInfo> (0x00000000ef711a40) 
thrown [s\open\src\hotspot\share\classfile\systemDictionary.cpp, line 256]
Event: 7.429 Thread 0x000002717eea2120 Exception <a 'java/lang/ClassNotFoundException'{0x00000000ef71c960}: org/gradle/api/internal/project/ProjectScriptCustomizer> (0x00000000ef71c960) 
thrown [s\open\src\hotspot\share\classfile\systemDictionary.cpp, line 256]
Event: 7.430 Thread 0x000002717eea2120 Exception <a 'java/lang/ClassNotFoundException'{0x00000000ef734178}: build_3rx5i7xhbfzgxujwdfil95pqpCustomizer> (0x00000000ef734178) 
thrown [s\open\src\hotspot\share\classfile\systemDictionary.cpp, line 256]
Event: 7.437 Thread 0x000002717eea2120 Exception <a 'java/lang/ClassNotFoundException'{0x00000000ef791648}: org/gradle/plugin/use/internal/PluginRequestCollector$PluginDependenciesSpecImplBeanInfo> (0x00000000ef791648) 
thrown [s\open\src\hotspot\share\classfile\systemDictionary.cpp, line 256]
Event: 7.437 Thread 0x000002717eea2120 Exception <a 'java/lang/ClassNotFoundException'{0x00000000ef7a4340}: org/gradle/plugin/use/internal/PluginRequestCollector$PluginDependenciesSpecImplCustomizer> (0x00000000ef7a4340) 
thrown [s\open\src\hotspot\share\classfile\systemDictionary.cpp, line 256]
Event: 7.442 Thread 0x000002717eea2120 Exception <a 'java/lang/ClassNotFoundException'{0x00000000ef7df2d0}: org/gradle/plugin/use/internal/PluginRequestCollector$PluginDependencySpecImplBeanInfo> (0x00000000ef7df2d0) 
thrown [s\open\src\hotspot\share\classfile\systemDictionary.cpp, line 256]
Event: 7.442 Thread 0x000002717eea2120 Exception <a 'java/lang/ClassNotFoundException'{0x00000000ef7f1f60}: org/gradle/plugin/use/internal/PluginRequestCollector$PluginDependencySpecImplCustomizer> (0x00000000ef7f1f60) 
thrown [s\open\src\hotspot\share\classfile\systemDictionary.cpp, line 256]
Event: 7.546 Thread 0x000002717eea2120 Exception <a 'java/lang/NoSuchMethodError'{0x00000000eee17d98}: 'int java.lang.invoke.DirectMethodHandle$Holder.invokeSpecialIFC(java.lang.Object, java.lang.Object, java.lang.Object)'> (0x00000000eee17d98) 
thrown [s\open\src\hotspot\share\interpreter\linkResolver.cpp, line 759]
Event: 7.602 Thread 0x000002717eea2120 Exception <a 'java/lang/NoSuchMethodError'{0x00000000eeba9670}: 'java.lang.Object java.lang.invoke.DirectMethodHandle$Holder.newInvokeSpecial(java.lang.Object, java.lang.Object, java.lang.Object, java.lang.Object, java.lang.Object, int)'> (0x00000000eeba9670) 
thrown [s\open\src\hotspot\share\interpreter\linkResolver.cpp, line 759]
Event: 7.602 Thread 0x000002717eea2120 Exception <a 'java/lang/NoSuchMethodError'{0x00000000eebaea80}: 'java.lang.Object java.lang.invoke.DirectMethodHandle$Holder.invokeSpecial(java.lang.Object, java.lang.Object, java.lang.Object, java.lang.Object, java.lang.Object, java.lang.Object, int)'> (0x00000000eebaea80) 
thrown [s\open\src\hotspot\share\interpreter\linkResolver.cpp, line 759]
Event: 7.603 Thread 0x000002717eea2120 Exception <a 'java/lang/NoSuchMethodError'{0x00000000eebb3818}: 'java.lang.Object java.lang.invoke.Invokers$Holder.linkToTargetMethod(java.lang.Object, java.lang.Object, java.lang.Object, java.lang.Object, int, java.lang.Object)'> (0x00000000eebb3818) 
thrown [s\open\src\hotspot\share\interpreter\linkResolver.cpp, line 759]
Event: 7.606 Thread 0x000002717eea2120 Exception <a 'java/lang/NoSuchMethodError'{0x00000000eebe5600}: 'java.lang.Object java.lang.invoke.DirectMethodHandle$Holder.invokeSpecial(java.lang.Object, java.lang.Object, java.lang.Object, java.lang.Object, java.lang.Object, long)'> (0x00000000eebe5600) 
thrown [s\open\src\hotspot\share\interpreter\linkResolver.cpp, line 759]
Event: 7.608 Thread 0x000002717eea2120 Exception <a 'java/lang/NoSuchMethodError'{0x00000000eea08188}: 'void java.lang.invoke.DirectMethodHandle$Holder.invokeStatic(java.lang.Object, java.lang.Object, java.lang.Object, int, java.lang.Object)'> (0x00000000eea08188) 
thrown [s\open\src\hotspot\share\interpreter\linkResolver.cpp, line 759]
Event: 7.620 Thread 0x000002717eea2120 Implicit null exception at 0x00000271583ec7f5 to 0x00000271583ecfb0
Event: 7.655 Thread 0x000002717eea2120 Exception <a 'sun/nio/fs/WindowsException'{0x00000000ee71f270}> (0x00000000ee71f270) 
thrown [s\open\src\hotspot\share\prims\jni.cpp, line 516]
Event: 9.000 Thread 0x000002717eea2120 Implicit null exception at 0x00000271583ed5f2 to 0x00000271583edda0

VM Operations (20 events):
Event: 7.370 Executing VM operation: HandshakeAllThreads
Event: 7.371 Executing VM operation: HandshakeAllThreads done
Event: 7.383 Executing VM operation: HandshakeAllThreads
Event: 7.383 Executing VM operation: HandshakeAllThreads done
Event: 7.447 Executing VM operation: ICBufferFull
Event: 7.447 Executing VM operation: ICBufferFull done
Event: 7.656 Executing VM operation: HandshakeAllThreads
Event: 7.656 Executing VM operation: HandshakeAllThreads done
Event: 7.659 Executing VM operation: HandshakeAllThreads
Event: 7.659 Executing VM operation: HandshakeAllThreads done
Event: 7.660 Executing VM operation: HandshakeAllThreads
Event: 7.660 Executing VM operation: HandshakeAllThreads done
Event: 7.700 Executing VM operation: HandshakeAllThreads
Event: 7.700 Executing VM operation: HandshakeAllThreads done
Event: 7.842 Executing VM operation: HandshakeAllThreads
Event: 7.842 Executing VM operation: HandshakeAllThreads done
Event: 8.856 Executing VM operation: Cleanup
Event: 8.856 Executing VM operation: Cleanup done
Event: 9.284 Executing VM operation: ICBufferFull
Event: 9.284 Executing VM operation: ICBufferFull done

Events (20 events):
Event: 8.750 loading class javax/net/ssl/SSLEngineResult$HandshakeStatus done
Event: 8.751 Thread 0x0000027100504f30 Thread exited: 0x0000027100504f30
Event: 8.751 Thread 0x0000027100d34080 Thread exited: 0x0000027100d34080
Event: 9.025 loading class java/util/concurrent/ConcurrentLinkedQueue$Itr
Event: 9.025 loading class java/util/concurrent/ConcurrentLinkedQueue$Itr done
Event: 9.235 Thread 0x000002717e8c22e0 Thread added: 0x000002717e8c22e0
Event: 9.235 Thread 0x000002717e8c5a90 Thread added: 0x000002717e8c5a90
Event: 9.235 Thread 0x000002717e8c7e00 Thread added: 0x000002717e8c7e00
Event: 9.235 Thread 0x000002717e8c4140 Thread added: 0x000002717e8c4140
Event: 9.235 Thread 0x000002717e8c5fa0 Thread added: 0x000002717e8c5fa0
Event: 9.236 Thread 0x000002717e8c4650 Thread added: 0x000002717e8c4650
Event: 9.236 Thread 0x000002717e8c64b0 Thread added: 0x000002717e8c64b0
Event: 9.247 Thread 0x0000027100504f30 Thread added: 0x0000027100504f30
Event: 9.249 Thread 0x000002717e8c0ea0 Thread added: 0x000002717e8c0ea0
Event: 9.251 Thread 0x000002717e8c69c0 Thread added: 0x000002717e8c69c0
Event: 9.252 Thread 0x000002717e8c8820 Thread added: 0x000002717e8c8820
Event: 9.253 Thread 0x000002717e8c13b0 Thread added: 0x000002717e8c13b0
Event: 9.254 Thread 0x000002717e8c4b60 Thread added: 0x000002717e8c4b60
Event: 9.256 Thread 0x000002717e8c5070 Thread added: 0x000002717e8c5070
Event: 9.257 Thread 0x000002717e8c5580 Thread added: 0x000002717e8c5580


Dynamic libraries:
0x00007ff774c70000 - 0x00007ff774c80000 	C:\Program Files\Java\jdk-17\bin\java.exe
0x00007ffe26550000 - 0x00007ffe26766000 	C:\WINDOWS\SYSTEM32\ntdll.dll
0x00007ffe24b80000 - 0x00007ffe24c44000 	C:\WINDOWS\System32\KERNEL32.DLL
0x00007ffe23af0000 - 0x00007ffe23e96000 	C:\WINDOWS\System32\KERNELBASE.dll
0x00007ffe23ea0000 - 0x00007ffe23fb1000 	C:\WINDOWS\System32\ucrtbase.dll
0x00007ffe04a00000 - 0x00007ffe04a19000 	C:\Program Files\Java\jdk-17\bin\jli.dll
0x00007ffe058b0000 - 0x00007ffe058cb000 	C:\Program Files\Java\jdk-17\bin\VCRUNTIME140.dll
0x00007ffe24fa0000 - 0x00007ffe25052000 	C:\WINDOWS\System32\ADVAPI32.dll
0x00007ffe25340000 - 0x00007ffe253e7000 	C:\WINDOWS\System32\msvcrt.dll
0x00007ffe24df0000 - 0x00007ffe24e98000 	C:\WINDOWS\System32\sechost.dll
0x00007ffe24080000 - 0x00007ffe240a8000 	C:\WINDOWS\System32\bcrypt.dll
0x00007ffe263f0000 - 0x00007ffe26505000 	C:\WINDOWS\System32\RPCRT4.dll
0x00007ffe25060000 - 0x00007ffe2520d000 	C:\WINDOWS\System32\USER32.dll
0x00007ffe23890000 - 0x00007ffe238b6000 	C:\WINDOWS\System32\win32u.dll
0x00007ffe254f0000 - 0x00007ffe25519000 	C:\WINDOWS\System32\GDI32.dll
0x00007ffe23930000 - 0x00007ffe23a48000 	C:\WINDOWS\System32\gdi32full.dll
0x00007ffe23a50000 - 0x00007ffe23aea000 	C:\WINDOWS\System32\msvcp_win.dll
0x00007ffe08ca0000 - 0x00007ffe08f33000 	C:\WINDOWS\WinSxS\amd64_microsoft.windows.common-controls_6595b64144ccf1df_6.0.22621.3235_none_270f74e173860f98\COMCTL32.dll
0x00007ffe18240000 - 0x00007ffe1824a000 	C:\WINDOWS\SYSTEM32\VERSION.dll
0x00007ffe25520000 - 0x00007ffe25551000 	C:\WINDOWS\System32\IMM32.DLL
0x00007ffe05d10000 - 0x00007ffe05d1c000 	C:\Program Files\Java\jdk-17\bin\vcruntime140_1.dll
0x00007ffdecc10000 - 0x00007ffdecc9e000 	C:\Program Files\Java\jdk-17\bin\msvcp140.dll
0x00007ffd81390000 - 0x00007ffd81f6f000 	C:\Program Files\Java\jdk-17\bin\server\jvm.dll
0x00007ffe254e0000 - 0x00007ffe254e8000 	C:\WINDOWS\System32\PSAPI.DLL
0x00007ffe1a800000 - 0x00007ffe1a834000 	C:\WINDOWS\SYSTEM32\WINMM.dll
0x00007ffe1bc50000 - 0x00007ffe1bc59000 	C:\WINDOWS\SYSTEM32\WSOCK32.dll
0x00007ffe253f0000 - 0x00007ffe25461000 	C:\WINDOWS\System32\WS2_32.dll
0x00007ffe229c0000 - 0x00007ffe229d8000 	C:\WINDOWS\SYSTEM32\kernel.appcore.dll
0x00007ffe058a0000 - 0x00007ffe058aa000 	C:\Program Files\Java\jdk-17\bin\jimage.dll
0x00007ffe21080000 - 0x00007ffe212b3000 	C:\WINDOWS\SYSTEM32\DBGHELP.DLL
0x00007ffe25f80000 - 0x00007ffe26308000 	C:\WINDOWS\System32\combase.dll
0x00007ffe26310000 - 0x00007ffe263e7000 	C:\WINDOWS\System32\OLEAUT32.dll
0x00007ffe05a60000 - 0x00007ffe05a92000 	C:\WINDOWS\SYSTEM32\dbgcore.DLL
0x00007ffe240b0000 - 0x00007ffe2412a000 	C:\WINDOWS\System32\bcryptPrimitives.dll
0x00007ffe1ee80000 - 0x00007ffe1ee8e000 	C:\Program Files\Java\jdk-17\bin\instrument.dll
0x00007ffe04560000 - 0x00007ffe04585000 	C:\Program Files\Java\jdk-17\bin\java.dll
0x00007ffddda20000 - 0x00007ffdddaf7000 	C:\Program Files\Java\jdk-17\bin\jsvml.dll
0x00007ffe25560000 - 0x00007ffe25dbd000 	C:\WINDOWS\System32\SHELL32.dll
0x00007ffe217b0000 - 0x00007ffe220a8000 	C:\WINDOWS\SYSTEM32\windows.storage.dll
0x00007ffe21670000 - 0x00007ffe217ae000 	C:\WINDOWS\SYSTEM32\wintypes.dll
0x00007ffe25230000 - 0x00007ffe25323000 	C:\WINDOWS\System32\SHCORE.dll
0x00007ffe249a0000 - 0x00007ffe249fe000 	C:\WINDOWS\System32\shlwapi.dll
0x00007ffe237c0000 - 0x00007ffe237e6000 	C:\WINDOWS\SYSTEM32\profapi.dll
0x00007ffe03170000 - 0x00007ffe03188000 	C:\Program Files\Java\jdk-17\bin\zip.dll
0x00007ffe04840000 - 0x00007ffe04859000 	C:\Program Files\Java\jdk-17\bin\net.dll
0x00007ffe1d4e0000 - 0x00007ffe1d617000 	C:\WINDOWS\SYSTEM32\WINHTTP.dll
0x00007ffe22e40000 - 0x00007ffe22ea9000 	C:\WINDOWS\system32\mswsock.dll
0x00007ffe04540000 - 0x00007ffe04556000 	C:\Program Files\Java\jdk-17\bin\nio.dll
0x00007ffe04e90000 - 0x00007ffe04ea0000 	C:\Program Files\Java\jdk-17\bin\verify.dll
0x00007ffe0cb40000 - 0x00007ffe0cb67000 	C:\Users\Kangyeon\.gradle\native\c067742578af261105cb4f569cf0c3c89f3d7b1fecec35dd04571415982c5e48\windows-amd64\native-platform.dll
0x00007ffdf6970000 - 0x00007ffdf6ab4000 	C:\Users\Kangyeon\.gradle\native\38dada09dfb8b06ba9b0570ebf7e218e3eb74d4ef43ca46872605cf95ebc2f47\windows-amd64\native-platform-file-events.dll
0x00007ffe1ee70000 - 0x00007ffe1ee7a000 	C:\Program Files\Java\jdk-17\bin\management.dll
0x00007ffe1edd0000 - 0x00007ffe1eddb000 	C:\Program Files\Java\jdk-17\bin\management_ext.dll
0x00007ffe23090000 - 0x00007ffe230ab000 	C:\WINDOWS\SYSTEM32\CRYPTSP.dll
0x00007ffe22920000 - 0x00007ffe22955000 	C:\WINDOWS\system32\rsaenh.dll
0x00007ffe22f30000 - 0x00007ffe22f5c000 	C:\WINDOWS\SYSTEM32\USERENV.dll
0x00007ffe230b0000 - 0x00007ffe230bc000 	C:\WINDOWS\SYSTEM32\CRYPTBASE.dll
0x00007ffe22390000 - 0x00007ffe223bd000 	C:\WINDOWS\SYSTEM32\IPHLPAPI.DLL
0x00007ffe25330000 - 0x00007ffe25339000 	C:\WINDOWS\System32\NSI.dll
0x00007ffe1d450000 - 0x00007ffe1d469000 	C:\WINDOWS\SYSTEM32\dhcpcsvc6.DLL
0x00007ffe1d3a0000 - 0x00007ffe1d3bf000 	C:\WINDOWS\SYSTEM32\dhcpcsvc.DLL
0x00007ffe223c0000 - 0x00007ffe224b9000 	C:\WINDOWS\SYSTEM32\DNSAPI.dll
0x00007ffe1eb10000 - 0x00007ffe1eb1e000 	C:\Program Files\Java\jdk-17\bin\sunmscapi.dll
0x00007ffe24130000 - 0x00007ffe24296000 	C:\WINDOWS\System32\CRYPT32.dll
0x00007ffe23230000 - 0x00007ffe2325e000 	C:\WINDOWS\SYSTEM32\ncrypt.dll
0x00007ffe231f0000 - 0x00007ffe23227000 	C:\WINDOWS\SYSTEM32\NTASN1.dll
0x00007ffe0a250000 - 0x00007ffe0a258000 	C:\WINDOWS\system32\wshunix.dll
0x00007ffe1d440000 - 0x00007ffe1d44a000 	C:\Windows\System32\rasadhlp.dll
0x00007ffe1a500000 - 0x00007ffe1a583000 	C:\WINDOWS\System32\fwpuclnt.dll

dbghelp: loaded successfully - version: 4.0.5 - missing functions: none
symbol engine: initialized successfully - sym options: 0x614 - pdb path: .;C:\Program Files\Java\jdk-17\bin;C:\WINDOWS\SYSTEM32;C:\WINDOWS\WinSxS\amd64_microsoft.windows.common-controls_6595b64144ccf1df_6.0.22621.3235_none_270f74e173860f98;C:\Program Files\Java\jdk-17\bin\server;C:\Users\Kangyeon\.gradle\native\c067742578af261105cb4f569cf0c3c89f3d7b1fecec35dd04571415982c5e48\windows-amd64;C:\Users\Kangyeon\.gradle\native\38dada09dfb8b06ba9b0570ebf7e218e3eb74d4ef43ca46872605cf95ebc2f47\windows-amd64

VM Arguments:
jvm_args: --add-opens=java.base/java.util=ALL-UNNAMED --add-opens=java.base/java.lang=ALL-UNNAMED --add-opens=java.base/java.lang.invoke=ALL-UNNAMED --add-opens=java.prefs/java.util.prefs=ALL-UNNAMED --add-opens=java.base/java.nio.charset=ALL-UNNAMED --add-opens=java.base/java.net=ALL-UNNAMED --add-opens=java.base/java.util.concurrent.atomic=ALL-UNNAMED -XX:MaxMetaspaceSize=384m -XX:+HeapDumpOnOutOfMemoryError -Xms256m -Xmx512m -Dfile.encoding=x-windows-949 -Duser.country=KR -Duser.language=ko -Duser.variant -javaagent:C:\Users\Kangyeon\.gradle\wrapper\dists\gradle-8.7-bin\bhs2wmbdwecv87pi65oeuq5iu\gradle-8.7\lib\agents\gradle-instrumentation-agent-8.7.jar 
java_command: org.gradle.launcher.daemon.bootstrap.GradleDaemon 8.7
java_class_path (initial): C:\Users\Kangyeon\.gradle\wrapper\dists\gradle-8.7-bin\bhs2wmbdwecv87pi65oeuq5iu\gradle-8.7\lib\gradle-launcher-8.7.jar
Launcher Type: SUN_STANDARD

[Global flags]
     intx CICompilerCount                          = 4                                         {product} {ergonomic}
   size_t CompressedClassSpaceSize                 = 335544320                                 {product} {ergonomic}
     uint ConcGCThreads                            = 2                                         {product} {ergonomic}
     uint G1ConcRefinementThreads                  = 8                                         {product} {ergonomic}
   size_t G1HeapRegionSize                         = 1048576                                   {product} {ergonomic}
    uintx GCDrainStackTargetSize                   = 64                                        {product} {ergonomic}
     bool HeapDumpOnOutOfMemoryError               = true                                   {manageable} {command line}
   size_t InitialHeapSize                          = 268435456                                 {product} {command line}
   size_t MarkStackSize                            = 4194304                                   {product} {ergonomic}
   size_t MaxHeapSize                              = 536870912                                 {product} {command line}
   size_t MaxMetaspaceSize                         = 402653184                                 {product} {command line}
   size_t MaxNewSize                               = 321912832                                 {product} {ergonomic}
   size_t MinHeapDeltaBytes                        = 1048576                                   {product} {ergonomic}
   size_t MinHeapSize                              = 268435456                                 {product} {command line}
    uintx NonNMethodCodeHeapSize                   = 5839372                                {pd product} {ergonomic}
    uintx NonProfiledCodeHeapSize                  = 122909434                              {pd product} {ergonomic}
    uintx ProfiledCodeHeapSize                     = 122909434                              {pd product} {ergonomic}
    uintx ReservedCodeCacheSize                    = 251658240                              {pd product} {ergonomic}
     bool SegmentedCodeCache                       = true                                      {product} {ergonomic}
   size_t SoftMaxHeapSize                          = 536870912                              {manageable} {ergonomic}
     bool UseCompressedClassPointers               = true                           {product lp64_product} {ergonomic}
     bool UseCompressedOops                        = true                           {product lp64_product} {ergonomic}
     bool UseG1GC                                  = true                                      {product} {ergonomic}
     bool UseLargePagesIndividualAllocation        = false                                  {pd product} {ergonomic}

Logging:
Log output configuration:
 #0: stdout all=warning uptime,level,tags
 #1: stderr all=off uptime,level,tags

Environment Variables:
JAVA_HOME=C:\Program Files\Java\jdk-17
PATH=C:\Program Files\Common Files\Oracle\Java\javapath;C:\Program Files (x86)\VMware\VMware Workstation\bin\;C:\windows\system32;C:\windows;C:\windows\System32\Wbem;C:\windows\System32\WindowsPowerShell\v1.0\;C:\windows\System32\OpenSSH\;C:\Program Files (x86)\NVIDIA Corporation\PhysX\Common;C:\Program Files\NVIDIA Corporation\NVIDIA NvDLISR;C:\WINDOWS\system32;C:\WINDOWS;C:\WINDOWS\System32\Wbem;C:\WINDOWS\System32\WindowsPowerShell\v1.0\;C:\WINDOWS\System32\OpenSSH\;C:\Users\\AppData\Local\Microsoft\WindowsApps;C:\Program Files\MySQL\MySQL Server 8.0\bin;Users\\AppData\Roaming\npm;c:;python27;C:\Program Files\PuTTY\;C:\WINDOWS\system32;C:\WINDOWS;C:\WINDOWS\System32\Wbem;C:\WINDOWS\System32\WindowsPowerShell\v1.0\;C:\WINDOWS\System32\OpenSSH\;C:\Users\Kangyeon\AppData\Local\Programs\Python\Python39;C:\Users\Kangyeon\AppData\Local\Programs\Python\Python39\Scripts;C:\Program Files\Git\cmd;C:\Program Files (x86)\Windows Kits\10\Windows Performance Toolkit\;C:\Program Files\Bandizip\;C:\Program Files\Java\jdk-17\bin;C:\Program Files\nodejs\;C:\Program Files\MySQL\MySQL Shell 8.0\bin\;C:\Users\Kangyeon\AppData\Local\Microsoft\WindowsApps;C:\Users\\AppData\Roaming\npm;C:\Users\Kangyeon\AppData\Local\JetBrains\Toolbox\scripts;C:\Users\Kangyeon\AppData\Local\Microsoft\WindowsApps;C:\Users\Kangyeon\AppData\Local\Programs\Microsoft VS Code\bin;C:\Users\Kangyeon\AppData\Roaming\npm
USERNAME=
OS=Windows_NT
PROCESSOR_IDENTIFIER=Intel64 Family 6 Model 140 Stepping 1, GenuineIntel



---------------  S Y S T E M  ---------------

OS:
 Windows 11 , 64 bit Build 22621 (10.0.22621.3235)
OS uptime: 1 days 8:11 hours
Hyper-V role detected

CPU: total 8 (initial active 8) (4 cores per cpu, 2 threads per core) family 6 model 140 stepping 1 microcode 0xb4, cx8, cmov, fxsr, ht, mmx, 3dnowpref, sse, sse2, sse3, ssse3, sse4.1, sse4.2, popcnt, lzcnt, tsc, tscinvbit, avx, avx2, aes, erms, clmul, bmi1, bmi2, adx, avx512f, avx512dq, avx512cd, avx512bw, avx512vl, sha, fma, vzeroupper, avx512_vpopcntdq, avx512_vpclmulqdq, avx512_vaes, avx512_vnni, clflush, clflushopt, clwb, avx512_vbmi2, avx512_vbmi, hv

Memory: 4k page, system-wide physical 16060M (4470M free)
TotalPageFile size 16060M (AvailPageFile size 5M)
current process WorkingSet (physical memory assigned to process): 415M, peak: 415M
current process commit charge ("private bytes"): 503M, peak: 503M

vm_info: Java HotSpot(TM) 64-Bit Server VM (17.0.10+11-LTS-240) for windows-amd64 JRE (17.0.10+11-LTS-240), built on Dec 19 2023 21:47:25 by "mach5one" with MS VC++ 17.1 (VS2022)

END.
