#
# There is insufficient memory for the Java Runtime Environment to continue.
# Native memory allocation (malloc) failed to allocate 1328992 bytes for Chunk::new
# Possible reasons:
#   The system is out of physical RAM or swap space
#   The process is running with CompressedOops enabled, and the Java Heap may be blocking the growth of the native heap
# Possible solutions:
#   Reduce memory load on the system
#   Increase physical memory or swap space
#   Check if swap backing store is full
#   Decrease Java heap size (-Xmx/-Xms)
#   Decrease number of Java threads
#   Decrease Java thread stack sizes (-Xss)
#   Set larger code cache with -XX:ReservedCodeCacheSize=
#   JVM is running with Zero Based Compressed Oops mode in which the Java heap is
#     placed in the first 32GB address space. The Java Heap base address is the
#     maximum limit for the native heap growth. Please use -XX:HeapBaseMinAddress
#     to set the Java Heap base and to place the Java Heap above 32GB virtual address.
# This output file may be truncated or incomplete.
#
#  Out of Memory Error (arena.cpp:189), pid=31084, tid=344
#
# JRE version: Java(TM) SE Runtime Environment (17.0.10+11) (build 17.0.10+11-LTS-240)
# Java VM: Java HotSpot(TM) 64-Bit Server VM (17.0.10+11-LTS-240, mixed mode, sharing, tiered, compressed oops, compressed class ptrs, g1 gc, windows-amd64)
# No core dump will be written. Minidumps are not enabled by default on client versions of Windows
#

---------------  S U M M A R Y ------------

Command Line: -javaagent:C:\Program Files\JetBrains\IntelliJ IDEA Community Edition 2023.2.1\lib\idea_rt.jar=52995:C:\Program Files\JetBrains\IntelliJ IDEA Community Edition 2023.2.1\bin -Dfile.encoding=UTF-8 com.example.ATM_Backend.AtmBackendApplication

Host: 11th Gen Intel(R) Core(TM) i7-1165G7 @ 2.80GHz, 8 cores, 15G,  Windows 11 , 64 bit Build 22621 (10.0.22621.3235)
Time: Wed Apr 10 19:39:21 2024  Windows 11 , 64 bit Build 22621 (10.0.22621.3235) elapsed time: 41.292137 seconds (0d 0h 0m 41s)

---------------  T H R E A D  ---------------

Current thread (0x000001bcf101b2a0):  JavaThread "C2 CompilerThread0" daemon [_thread_in_native, id=344, stack(0x00000027b6b00000,0x00000027b6c00000)]


Current CompileTask:
C2:  41292 5403 % !   4       org.springframework.beans.factory.support.DefaultListableBeanFactory::doGetBeanNamesForType @ 20 (505 bytes)

Stack: [0x00000027b6b00000,0x00000027b6c00000]
Native frames: (J=compiled Java code, j=interpreted, Vv=VM code, C=native code)
V  [jvm.dll+0x677a5a]
V  [jvm.dll+0x7d8b2d]
V  [jvm.dll+0x7da48e]
V  [jvm.dll+0x7daaf3]
V  [jvm.dll+0x2455ff]
V  [jvm.dll+0xaaafb]
V  [jvm.dll+0xab09c]
V  [jvm.dll+0x361bae]
V  [jvm.dll+0x1bb3ca]
V  [jvm.dll+0x217aa7]
V  [jvm.dll+0x216d81]
V  [jvm.dll+0x1a3410]
V  [jvm.dll+0x226aeb]
V  [jvm.dll+0x224cab]
V  [jvm.dll+0x78e45c]
V  [jvm.dll+0x78888a]
V  [jvm.dll+0x676935]
C  [ucrtbase.dll+0x29363]
C  [KERNEL32.DLL+0x1257d]
C  [ntdll.dll+0x5aa58]


---------------  P R O C E S S  ---------------

Threads class SMR info:
_java_thread_list=0x000001bcf479f860, length=33, elements={
0x000001bcecf2af00, 0x000001bcecf2b8c0, 0x000001bcf10145b0, 0x000001bcf1014e80,
0x000001bcf1015750, 0x000001bcf1016630, 0x000001bcf101b2a0, 0x000001bcf101f2f0,
0x000001bcf1030580, 0x000001bcf11257f0, 0x000001bcf144fd50, 0x000001bcf1450cc0,
0x000001bcf3769b10, 0x000001bcf48ed870, 0x000001bcf419a0c0, 0x000001bcf4199190,
0x000001bcf4199bb0, 0x000001bcf41996a0, 0x000001bcf4198c80, 0x000001bcf419a5d0,
0x000001bcf4197d50, 0x000001bcf4197330, 0x000001bcf4198260, 0x000001bcf4198770,
0x000001bcf4197840, 0x000001bcf643e6e0, 0x000001bcf6444200, 0x000001bcf6440030,
0x000001bcf6441980, 0x000001bcf643cd90, 0x000001bcf643f100, 0x000001bcf643ebf0,
0x000001bcf22c88c0
}

Java Threads: ( => current thread )
  0x000001bcecf2af00 JavaThread "Reference Handler" daemon [_thread_blocked, id=25284, stack(0x00000027b6500000,0x00000027b6600000)]
  0x000001bcecf2b8c0 JavaThread "Finalizer" daemon [_thread_blocked, id=28624, stack(0x00000027b6600000,0x00000027b6700000)]
  0x000001bcf10145b0 JavaThread "Signal Dispatcher" daemon [_thread_blocked, id=32752, stack(0x00000027b6700000,0x00000027b6800000)]
  0x000001bcf1014e80 JavaThread "Attach Listener" daemon [_thread_blocked, id=26276, stack(0x00000027b6800000,0x00000027b6900000)]
  0x000001bcf1015750 JavaThread "Service Thread" daemon [_thread_blocked, id=28092, stack(0x00000027b6900000,0x00000027b6a00000)]
  0x000001bcf1016630 JavaThread "Monitor Deflation Thread" daemon [_thread_blocked, id=21860, stack(0x00000027b6a00000,0x00000027b6b00000)]
=>0x000001bcf101b2a0 JavaThread "C2 CompilerThread0" daemon [_thread_in_native, id=344, stack(0x00000027b6b00000,0x00000027b6c00000)]
  0x000001bcf101f2f0 JavaThread "C1 CompilerThread0" daemon [_thread_blocked, id=24092, stack(0x00000027b6c00000,0x00000027b6d00000)]
  0x000001bcf1030580 JavaThread "Sweeper thread" daemon [_thread_blocked, id=29324, stack(0x00000027b6d00000,0x00000027b6e00000)]
  0x000001bcf11257f0 JavaThread "Common-Cleaner" daemon [_thread_blocked, id=30840, stack(0x00000027b6e00000,0x00000027b6f00000)]
  0x000001bcf144fd50 JavaThread "Monitor Ctrl-Break" daemon [_thread_in_native, id=11680, stack(0x00000027b7000000,0x00000027b7100000)]
  0x000001bcf1450cc0 JavaThread "Notification Thread" daemon [_thread_blocked, id=26304, stack(0x00000027b7100000,0x00000027b7200000)]
  0x000001bcf3769b10 JavaThread "MVStore background writer C:/Users/Kangyeon/Desktop/local.mv.db" daemon [_thread_blocked, id=18524, stack(0x00000027b7c00000,0x00000027b7d00000)]
  0x000001bcf48ed870 JavaThread "HikariPool-1 housekeeper" daemon [_thread_blocked, id=4852, stack(0x00000027b7d00000,0x00000027b7e00000)]
  0x000001bcf419a0c0 JavaThread "Catalina-utility-1" [_thread_blocked, id=32080, stack(0x00000027b7f00000,0x00000027b8000000)]
  0x000001bcf4199190 JavaThread "Catalina-utility-2" [_thread_blocked, id=26596, stack(0x00000027b8000000,0x00000027b8100000)]
  0x000001bcf4199bb0 JavaThread "container-0" [_thread_blocked, id=22196, stack(0x00000027b8100000,0x00000027b8200000)]
  0x000001bcf41996a0 JavaThread "H2-serialization" daemon [_thread_blocked, id=22468, stack(0x00000027b8200000,0x00000027b8300000)]
  0x000001bcf4198c80 JavaThread "H2-save" daemon [_thread_blocked, id=22912, stack(0x00000027b8300000,0x00000027b8400000)]
  0x000001bcf419a5d0 JavaThread "http-nio-8080-exec-1" daemon [_thread_blocked, id=5280, stack(0x00000027b8400000,0x00000027b8500000)]
  0x000001bcf4197d50 JavaThread "http-nio-8080-exec-2" daemon [_thread_blocked, id=31340, stack(0x00000027b8500000,0x00000027b8600000)]
  0x000001bcf4197330 JavaThread "http-nio-8080-exec-3" daemon [_thread_blocked, id=22192, stack(0x00000027b8600000,0x00000027b8700000)]
  0x000001bcf4198260 JavaThread "http-nio-8080-exec-4" daemon [_thread_blocked, id=20508, stack(0x00000027b8700000,0x00000027b8800000)]
  0x000001bcf4198770 JavaThread "http-nio-8080-exec-5" daemon [_thread_blocked, id=33688, stack(0x00000027b8800000,0x00000027b8900000)]
  0x000001bcf4197840 JavaThread "http-nio-8080-exec-6" daemon [_thread_blocked, id=33624, stack(0x00000027b8900000,0x00000027b8a00000)]
  0x000001bcf643e6e0 JavaThread "http-nio-8080-exec-7" daemon [_thread_blocked, id=22252, stack(0x00000027b8a00000,0x00000027b8b00000)]
  0x000001bcf6444200 JavaThread "http-nio-8080-exec-8" daemon [_thread_blocked, id=24756, stack(0x00000027b8b00000,0x00000027b8c00000)]
  0x000001bcf6440030 JavaThread "http-nio-8080-exec-9" daemon [_thread_blocked, id=13168, stack(0x00000027b8c00000,0x00000027b8d00000)]
  0x000001bcf6441980 JavaThread "http-nio-8080-exec-10" daemon [_thread_blocked, id=20324, stack(0x00000027b8d00000,0x00000027b8e00000)]
  0x000001bcf643cd90 JavaThread "http-nio-8080-Poller" daemon [_thread_in_native, id=15388, stack(0x00000027b8e00000,0x00000027b8f00000)]
  0x000001bcf643f100 JavaThread "http-nio-8080-Acceptor" daemon [_thread_in_native, id=12236, stack(0x00000027b8f00000,0x00000027b9000000)]
  0x000001bcf643ebf0 JavaThread "DestroyJavaVM" [_thread_blocked, id=25116, stack(0x00000027b5e00000,0x00000027b5f00000)]
  0x000001bcf22c88c0 JavaThread "C2 CompilerThread1" daemon [_thread_blocked, id=18264, stack(0x00000027b7e00000,0x00000027b7f00000)]

Other Threads:
  0x000001bcecf25150 VMThread "VM Thread" [stack: 0x00000027b6400000,0x00000027b6500000] [id=26404]
  0x000001bcf1451db0 WatcherThread [stack: 0x00000027b7200000,0x00000027b7300000] [id=21284]
  0x000001bcca4447e0 GCTaskThread "GC Thread#0" [stack: 0x00000027b5f00000,0x00000027b6000000] [id=30876]
  0x000001bcf1af3040 GCTaskThread "GC Thread#1" [stack: 0x00000027b7300000,0x00000027b7400000] [id=32264]
  0x000001bcf1bb9f60 GCTaskThread "GC Thread#2" [stack: 0x00000027b7400000,0x00000027b7500000] [id=8044]
  0x000001bcf2038a60 GCTaskThread "GC Thread#3" [stack: 0x00000027b7500000,0x00000027b7600000] [id=33088]
  0x000001bcf1d3e0a0 GCTaskThread "GC Thread#4" [stack: 0x00000027b7600000,0x00000027b7700000] [id=8204]
  0x000001bcf1d3ef80 GCTaskThread "GC Thread#5" [stack: 0x00000027b7700000,0x00000027b7800000] [id=21032]
  0x000001bcf2045d00 GCTaskThread "GC Thread#6" [stack: 0x00000027b7800000,0x00000027b7900000] [id=4356]
  0x000001bcf1b808b0 GCTaskThread "GC Thread#7" [stack: 0x00000027b7900000,0x00000027b7a00000] [id=2808]
  0x000001bcca455130 ConcurrentGCThread "G1 Main Marker" [stack: 0x00000027b6000000,0x00000027b6100000] [id=9908]
  0x000001bcca4561e0 ConcurrentGCThread "G1 Conc#0" [stack: 0x00000027b6100000,0x00000027b6200000] [id=26268]
  0x000001bcf37f94c0 ConcurrentGCThread "G1 Conc#1" [stack: 0x00000027b7a00000,0x00000027b7b00000] [id=30012]
  0x000001bcca48ea80 ConcurrentGCThread "G1 Refine#0" [stack: 0x00000027b6200000,0x00000027b6300000] [id=20348]
  0x000001bcecde0540 ConcurrentGCThread "G1 Service" [stack: 0x00000027b6300000,0x00000027b6400000] [id=22936]

Threads with active compile tasks:
C2 CompilerThread0    41334 5403 % !   4       org.springframework.beans.factory.support.DefaultListableBeanFactory::doGetBeanNamesForType @ 20 (505 bytes)

VM state: not at safepoint (normal execution)

VM Mutex/Monitor currently owned by a thread: None

Heap address: 0x0000000705000000, size: 4016 MB, Compressed Oops mode: Zero based, Oop shift amount: 3

CDS archive(s) mapped at: [0x000001bc80000000-0x000001bc80bd0000-0x000001bc80bd0000), size 12386304, SharedBaseAddress: 0x000001bc80000000, ArchiveRelocationMode: 1.
Compressed class space mapped at: 0x000001bc81000000-0x000001bcc1000000, reserved size: 1073741824
Narrow klass base: 0x000001bc80000000, Narrow klass shift: 0, Narrow klass range: 0x100000000

GC Precious Log:
 CPUs: 8 total, 8 available
 Memory: 16060M
 Large Page Support: Disabled
 NUMA Support: Disabled
 Compressed Oops: Enabled (Zero based)
 Heap Region Size: 2M
 Heap Min Capacity: 8M
 Heap Initial Capacity: 252M
 Heap Max Capacity: 4016M
 Pre-touch: Disabled
 Parallel Workers: 8
 Concurrent Workers: 2
 Concurrent Refinement Workers: 8
 Periodic GC: Disabled

Heap:
 garbage-first heap   total 159744K, used 49358K [0x0000000705000000, 0x0000000800000000)
  region size 2048K, 12 young (24576K), 1 survivors (2048K)
 Metaspace       used 66957K, committed 67520K, reserved 1114112K
  class space    used 9131K, committed 9408K, reserved 1048576K

Heap Regions: E=young(eden), S=young(survivor), O=old, HS=humongous(starts), HC=humongous(continues), CS=collection set, F=free, OA=open archive, CA=closed archive, TAMS=top-at-mark-start (previous, next)
|   0|0x0000000705000000, 0x0000000705200000, 0x0000000705200000|100%| O|  |TAMS 0x0000000705200000, 0x0000000705000000| Untracked 
|   1|0x0000000705200000, 0x0000000705400000, 0x0000000705400000|100%| O|  |TAMS 0x0000000705400000, 0x0000000705200000| Untracked 
|   2|0x0000000705400000, 0x0000000705600000, 0x0000000705600000|100%| O|  |TAMS 0x0000000705600000, 0x0000000705400000| Untracked 
|   3|0x0000000705600000, 0x0000000705800000, 0x0000000705800000|100%|HS|  |TAMS 0x0000000705800000, 0x0000000705600000| Complete 
|   4|0x0000000705800000, 0x0000000705a00000, 0x0000000705a00000|100%| O|  |TAMS 0x0000000705a00000, 0x0000000705800000| Untracked 
|   5|0x0000000705a00000, 0x0000000705c00000, 0x0000000705c00000|100%| O|  |TAMS 0x0000000705c00000, 0x0000000705a00000| Untracked 
|   6|0x0000000705c00000, 0x0000000705e00000, 0x0000000705e00000|100%| O|  |TAMS 0x0000000705e00000, 0x0000000705c00000| Untracked 
|   7|0x0000000705e00000, 0x0000000706000000, 0x0000000706000000|100%| O|  |TAMS 0x0000000706000000, 0x0000000705e00000| Untracked 
|   8|0x0000000706000000, 0x0000000706000000, 0x0000000706200000|  0%| F|  |TAMS 0x0000000706000000, 0x0000000706000000| Untracked 
|   9|0x0000000706200000, 0x0000000706400000, 0x0000000706400000|100%| O|  |TAMS 0x0000000706400000, 0x0000000706200000| Untracked 
|  10|0x0000000706400000, 0x0000000706600000, 0x0000000706600000|100%| O|  |TAMS 0x000000070652ee00, 0x0000000706400000| Untracked 
|  11|0x0000000706600000, 0x0000000706800000, 0x0000000706800000|100%| O|  |TAMS 0x0000000706600000, 0x0000000706600000| Untracked 
|  12|0x0000000706800000, 0x0000000706a00000, 0x0000000706a00000|100%| O|  |TAMS 0x0000000706800000, 0x0000000706800000| Untracked 
|  13|0x0000000706a00000, 0x0000000706c00000, 0x0000000706c00000|100%| O|  |TAMS 0x0000000706a00000, 0x0000000706a00000| Untracked 
|  14|0x0000000706c00000, 0x0000000706d70e00, 0x0000000706e00000| 72%| O|  |TAMS 0x0000000706c00000, 0x0000000706c00000| Untracked 
|  15|0x0000000706e00000, 0x0000000706e00000, 0x0000000707000000|  0%| F|  |TAMS 0x0000000706e00000, 0x0000000706e00000| Untracked 
|  16|0x0000000707000000, 0x0000000707000000, 0x0000000707200000|  0%| F|  |TAMS 0x0000000707000000, 0x0000000707000000| Untracked 
|  17|0x0000000707200000, 0x0000000707200000, 0x0000000707400000|  0%| F|  |TAMS 0x0000000707200000, 0x0000000707200000| Untracked 
|  18|0x0000000707400000, 0x0000000707400000, 0x0000000707600000|  0%| F|  |TAMS 0x0000000707400000, 0x0000000707400000| Untracked 
|  19|0x0000000707600000, 0x0000000707600000, 0x0000000707800000|  0%| F|  |TAMS 0x0000000707600000, 0x0000000707600000| Untracked 
|  20|0x0000000707800000, 0x0000000707800000, 0x0000000707a00000|  0%| F|  |TAMS 0x0000000707800000, 0x0000000707800000| Untracked 
|  21|0x0000000707a00000, 0x0000000707a00000, 0x0000000707c00000|  0%| F|  |TAMS 0x0000000707a00000, 0x0000000707a00000| Untracked 
|  22|0x0000000707c00000, 0x0000000707c00000, 0x0000000707e00000|  0%| F|  |TAMS 0x0000000707c00000, 0x0000000707c00000| Untracked 
|  23|0x0000000707e00000, 0x0000000707e00000, 0x0000000708000000|  0%| F|  |TAMS 0x0000000707e00000, 0x0000000707e00000| Untracked 
|  24|0x0000000708000000, 0x0000000708000000, 0x0000000708200000|  0%| F|  |TAMS 0x0000000708000000, 0x0000000708000000| Untracked 
|  25|0x0000000708200000, 0x0000000708200000, 0x0000000708400000|  0%| F|  |TAMS 0x0000000708200000, 0x0000000708200000| Untracked 
|  26|0x0000000708400000, 0x0000000708400000, 0x0000000708600000|  0%| F|  |TAMS 0x0000000708400000, 0x0000000708400000| Untracked 
|  27|0x0000000708600000, 0x0000000708600000, 0x0000000708800000|  0%| F|  |TAMS 0x0000000708600000, 0x0000000708600000| Untracked 
|  28|0x0000000708800000, 0x0000000708800000, 0x0000000708a00000|  0%| F|  |TAMS 0x0000000708800000, 0x0000000708800000| Untracked 
|  29|0x0000000708a00000, 0x0000000708a00000, 0x0000000708c00000|  0%| F|  |TAMS 0x0000000708a00000, 0x0000000708a00000| Untracked 
|  30|0x0000000708c00000, 0x0000000708c00000, 0x0000000708e00000|  0%| F|  |TAMS 0x0000000708c00000, 0x0000000708c00000| Untracked 
|  31|0x0000000708e00000, 0x0000000708e00000, 0x0000000709000000|  0%| F|  |TAMS 0x0000000708e00000, 0x0000000708e00000| Untracked 
|  32|0x0000000709000000, 0x0000000709000000, 0x0000000709200000|  0%| F|  |TAMS 0x0000000709000000, 0x0000000709000000| Untracked 
|  33|0x0000000709200000, 0x0000000709200000, 0x0000000709400000|  0%| F|  |TAMS 0x0000000709200000, 0x0000000709200000| Untracked 
|  34|0x0000000709400000, 0x0000000709400000, 0x0000000709600000|  0%| F|  |TAMS 0x0000000709400000, 0x0000000709400000| Untracked 
|  35|0x0000000709600000, 0x0000000709600000, 0x0000000709800000|  0%| F|  |TAMS 0x0000000709600000, 0x0000000709600000| Untracked 
|  36|0x0000000709800000, 0x0000000709800000, 0x0000000709a00000|  0%| F|  |TAMS 0x0000000709800000, 0x0000000709800000| Untracked 
|  37|0x0000000709a00000, 0x0000000709a00000, 0x0000000709c00000|  0%| F|  |TAMS 0x0000000709a00000, 0x0000000709a00000| Untracked 
|  38|0x0000000709c00000, 0x0000000709c00000, 0x0000000709e00000|  0%| F|  |TAMS 0x0000000709c00000, 0x0000000709c00000| Untracked 
|  39|0x0000000709e00000, 0x0000000709e00000, 0x000000070a000000|  0%| F|  |TAMS 0x0000000709e00000, 0x0000000709e00000| Untracked 
|  40|0x000000070a000000, 0x000000070a000000, 0x000000070a200000|  0%| F|  |TAMS 0x000000070a000000, 0x000000070a000000| Untracked 
|  41|0x000000070a200000, 0x000000070a200000, 0x000000070a400000|  0%| F|  |TAMS 0x000000070a200000, 0x000000070a200000| Untracked 
|  42|0x000000070a400000, 0x000000070a400000, 0x000000070a600000|  0%| F|  |TAMS 0x000000070a400000, 0x000000070a400000| Untracked 
|  43|0x000000070a600000, 0x000000070a600000, 0x000000070a800000|  0%| F|  |TAMS 0x000000070a600000, 0x000000070a600000| Untracked 
|  44|0x000000070a800000, 0x000000070a800000, 0x000000070aa00000|  0%| F|  |TAMS 0x000000070a800000, 0x000000070a800000| Untracked 
|  45|0x000000070aa00000, 0x000000070aa00000, 0x000000070ac00000|  0%| F|  |TAMS 0x000000070aa00000, 0x000000070aa00000| Untracked 
|  46|0x000000070ac00000, 0x000000070ac00000, 0x000000070ae00000|  0%| F|  |TAMS 0x000000070ac00000, 0x000000070ac00000| Untracked 
|  47|0x000000070ae00000, 0x000000070ae00000, 0x000000070b000000|  0%| F|  |TAMS 0x000000070ae00000, 0x000000070ae00000| Untracked 
|  48|0x000000070b000000, 0x000000070b000000, 0x000000070b200000|  0%| F|  |TAMS 0x000000070b000000, 0x000000070b000000| Untracked 
|  49|0x000000070b200000, 0x000000070b200000, 0x000000070b400000|  0%| F|  |TAMS 0x000000070b200000, 0x000000070b200000| Untracked 
|  50|0x000000070b400000, 0x000000070b400000, 0x000000070b600000|  0%| F|  |TAMS 0x000000070b400000, 0x000000070b400000| Untracked 
|  51|0x000000070b600000, 0x000000070b600000, 0x000000070b800000|  0%| F|  |TAMS 0x000000070b600000, 0x000000070b600000| Untracked 
|  52|0x000000070b800000, 0x000000070b800000, 0x000000070ba00000|  0%| F|  |TAMS 0x000000070b800000, 0x000000070b800000| Untracked 
|  53|0x000000070ba00000, 0x000000070ba00000, 0x000000070bc00000|  0%| F|  |TAMS 0x000000070ba00000, 0x000000070ba00000| Untracked 
|  54|0x000000070bc00000, 0x000000070bc00000, 0x000000070be00000|  0%| F|  |TAMS 0x000000070bc00000, 0x000000070bc00000| Untracked 
|  55|0x000000070be00000, 0x000000070be00000, 0x000000070c000000|  0%| F|  |TAMS 0x000000070be00000, 0x000000070be00000| Untracked 
|  56|0x000000070c000000, 0x000000070c000000, 0x000000070c200000|  0%| F|  |TAMS 0x000000070c000000, 0x000000070c000000| Untracked 
|  57|0x000000070c200000, 0x000000070c200000, 0x000000070c400000|  0%| F|  |TAMS 0x000000070c200000, 0x000000070c200000| Untracked 
|  58|0x000000070c400000, 0x000000070c400000, 0x000000070c600000|  0%| F|  |TAMS 0x000000070c400000, 0x000000070c400000| Untracked 
|  59|0x000000070c600000, 0x000000070c600000, 0x000000070c800000|  0%| F|  |TAMS 0x000000070c600000, 0x000000070c600000| Untracked 
|  60|0x000000070c800000, 0x000000070c800000, 0x000000070ca00000|  0%| F|  |TAMS 0x000000070c800000, 0x000000070c800000| Untracked 
|  61|0x000000070ca00000, 0x000000070ca00000, 0x000000070cc00000|  0%| F|  |TAMS 0x000000070ca00000, 0x000000070ca00000| Untracked 
|  62|0x000000070cc00000, 0x000000070cc00000, 0x000000070ce00000|  0%| F|  |TAMS 0x000000070cc00000, 0x000000070cc00000| Untracked 
|  63|0x000000070ce00000, 0x000000070ce00000, 0x000000070d000000|  0%| F|  |TAMS 0x000000070ce00000, 0x000000070ce00000| Untracked 
|  64|0x000000070d000000, 0x000000070d000000, 0x000000070d200000|  0%| F|  |TAMS 0x000000070d000000, 0x000000070d000000| Untracked 
|  65|0x000000070d200000, 0x000000070d200000, 0x000000070d400000|  0%| F|  |TAMS 0x000000070d200000, 0x000000070d200000| Untracked 
|  66|0x000000070d400000, 0x000000070d554b18, 0x000000070d600000| 66%| E|  |TAMS 0x000000070d400000, 0x000000070d400000| Complete 
|  67|0x000000070d600000, 0x000000070d800000, 0x000000070d800000|100%| E|CS|TAMS 0x000000070d600000, 0x000000070d600000| Complete 
|  68|0x000000070d800000, 0x000000070da00000, 0x000000070da00000|100%| E|CS|TAMS 0x000000070d800000, 0x000000070d800000| Complete 
|  69|0x000000070da00000, 0x000000070dc00000, 0x000000070dc00000|100%| E|CS|TAMS 0x000000070da00000, 0x000000070da00000| Complete 
|  70|0x000000070dc00000, 0x000000070de00000, 0x000000070de00000|100%| E|CS|TAMS 0x000000070dc00000, 0x000000070dc00000| Complete 
|  71|0x000000070de00000, 0x000000070e000000, 0x000000070e000000|100%| E|CS|TAMS 0x000000070de00000, 0x000000070de00000| Complete 
|  72|0x000000070e000000, 0x000000070e200000, 0x000000070e200000|100%| E|CS|TAMS 0x000000070e000000, 0x000000070e000000| Complete 
| 117|0x0000000713a00000, 0x0000000713c00000, 0x0000000713c00000|100%| E|CS|TAMS 0x0000000713a00000, 0x0000000713a00000| Complete 
| 118|0x0000000713c00000, 0x0000000713e00000, 0x0000000713e00000|100%| E|CS|TAMS 0x0000000713c00000, 0x0000000713c00000| Complete 
| 119|0x0000000713e00000, 0x0000000714000000, 0x0000000714000000|100%| E|CS|TAMS 0x0000000713e00000, 0x0000000713e00000| Complete 
| 120|0x0000000714000000, 0x00000007140c2b68, 0x0000000714200000| 38%| S|CS|TAMS 0x0000000714000000, 0x0000000714000000| Complete 
| 125|0x0000000714a00000, 0x0000000714c00000, 0x0000000714c00000|100%| E|CS|TAMS 0x0000000714a00000, 0x0000000714a00000| Complete 

Card table byte_map: [0x000001bce1780000,0x000001bce1f60000] _byte_map_base: 0x000001bcddf58000

Marking Bits (Prev, Next): (CMBitMap*) 0x000001bcca444d40, (CMBitMap*) 0x000001bcca444d00
 Prev Bits: [0x000001bce6600000, 0x000001bcea4c0000)
 Next Bits: [0x000001bce2740000, 0x000001bce6600000)

Polling page: 0x000001bcc9b90000

Metaspace:

Usage:
  Non-class:     56.47 MB used.
      Class:      8.92 MB used.
       Both:     65.39 MB used.

Virtual space:
  Non-class space:       64.00 MB reserved,      56.75 MB ( 89%) committed,  1 nodes.
      Class space:        1.00 GB reserved,       9.19 MB ( <1%) committed,  1 nodes.
             Both:        1.06 GB reserved,      65.94 MB (  6%) committed. 

Chunk freelists:
   Non-Class:  6.75 MB
       Class:  6.78 MB
        Both:  13.53 MB

MaxMetaspaceSize: unlimited
CompressedClassSpaceSize: 1.00 GB
Initial GC threshold: 21.00 MB
Current GC threshold: 98.25 MB
CDS: on
MetaspaceReclaimPolicy: balanced
 - commit_granule_bytes: 65536.
 - commit_granule_words: 8192.
 - virtual_space_node_default_size: 8388608.
 - enlarge_chunks_in_place: 1.
 - new_chunks_are_fully_committed: 0.
 - uncommit_free_chunks: 1.
 - use_allocation_guard: 0.
 - handle_deallocations: 1.


Internal statistics:

num_allocs_failed_limit: 9.
num_arena_births: 700.
num_arena_deaths: 0.
num_vsnodes_births: 2.
num_vsnodes_deaths: 0.
num_space_committed: 1055.
num_space_uncommitted: 0.
num_chunks_returned_to_freelist: 9.
num_chunks_taken_from_freelist: 3100.
num_chunk_merges: 9.
num_chunk_splits: 2321.
num_chunks_enlarged: 1884.
num_inconsistent_stats: 0.

CodeHeap 'non-profiled nmethods': size=120000Kb used=3592Kb max_used=3592Kb free=116407Kb
 bounds [0x000001bcd9740000, 0x000001bcd9ad0000, 0x000001bce0c70000]
CodeHeap 'profiled nmethods': size=120000Kb used=9247Kb max_used=9457Kb free=110752Kb
 bounds [0x000001bcd1c70000, 0x000001bcd25b0000, 0x000001bcd91a0000]
CodeHeap 'non-nmethods': size=5760Kb used=1368Kb max_used=1441Kb free=4391Kb
 bounds [0x000001bcd91a0000, 0x000001bcd9410000, 0x000001bcd9740000]
 total_blobs=5400 nmethods=4705 adapters=607
 compilation: enabled
              stopped_count=0, restarted_count=0
 full_count=0

Compilation events (20 events):
Event: 41.127 Thread 0x000001bcf101f2f0 nmethod 5451 0x000001bcd2377910 code [0x000001bcd2377ac0, 0x000001bcd2377ce8]
Event: 41.127 Thread 0x000001bcf101f2f0 5452       3       java.nio.Buffer::reset (24 bytes)
Event: 41.127 Thread 0x000001bcf101f2f0 nmethod 5452 0x000001bcd2377490 code [0x000001bcd2377640, 0x000001bcd2377808]
Event: 41.127 Thread 0x000001bcf101f2f0 5453       3       org.apache.tomcat.util.buf.Ascii::toLower (14 bytes)
Event: 41.128 Thread 0x000001bcf101f2f0 nmethod 5453 0x000001bcd2377110 code [0x000001bcd23772a0, 0x000001bcd23773b8]
Event: 41.128 Thread 0x000001bcf101f2f0 5454       3       org.apache.tomcat.util.buf.ByteChunk::equalsIgnoreCase (76 bytes)
Event: 41.128 Thread 0x000001bcf101f2f0 nmethod 5454 0x000001bcd2376010 code [0x000001bcd2376260, 0x000001bcd2376c78]
Event: 41.128 Thread 0x000001bcf101f2f0 5455       3       org.apache.tomcat.util.buf.MessageBytes::equalsIgnoreCase (78 bytes)
Event: 41.129 Thread 0x000001bcf101f2f0 nmethod 5455 0x000001bcd214d590 code [0x000001bcd214d780, 0x000001bcd214db28]
Event: 41.129 Thread 0x000001bcf101f2f0 5456       3       org.apache.tomcat.util.buf.AbstractChunk::getLength (10 bytes)
Event: 41.129 Thread 0x000001bcf101f2f0 nmethod 5456 0x000001bcd2375b10 code [0x000001bcd2375ca0, 0x000001bcd2375db8]
Event: 41.133 Thread 0x000001bcf101f2f0 5458       3       jdk.internal.misc.Unsafe::putReferenceOpaque (9 bytes)
Event: 41.133 Thread 0x000001bcf101f2f0 nmethod 5458 0x000001bcd214d210 code [0x000001bcd214d3a0, 0x000001bcd214d518]
Event: 41.147 Thread 0x000001bcf22c88c0 nmethod 5429 0x000001bcd98e7010 code [0x000001bcd98e72a0, 0x000001bcd98e8530]
Event: 41.147 Thread 0x000001bcf22c88c0 5409       4       java.lang.Integer::parseInt (264 bytes)
Event: 41.170 Thread 0x000001bcf22c88c0 nmethod 5409 0x000001bcd98e6090 code [0x000001bcd98e6240, 0x000001bcd98e6b78]
Event: 41.170 Thread 0x000001bcf22c88c0 5410       4       java.lang.invoke.DirectMethodHandle$Holder::invokeStatic (17 bytes)
Event: 41.171 Thread 0x000001bcf22c88c0 nmethod 5410 0x000001bcd98e5d10 code [0x000001bcd98e5ea0, 0x000001bcd98e5f68]
Event: 41.171 Thread 0x000001bcf22c88c0 5416       4       jdk.internal.org.objectweb.asm.MethodVisitor::<init> (88 bytes)
Event: 41.173 Thread 0x000001bcf22c88c0 nmethod 5416 0x000001bcd98e5990 code [0x000001bcd98e5b00, 0x000001bcd98e5c78]

GC Heap History (20 events):
Event: 5.898 GC heap before
{Heap before GC invocations=6 (full 0):
 garbage-first heap   total 61440K, used 18322K [0x0000000705000000, 0x0000000800000000)
  region size 2048K, 3 young (6144K), 2 survivors (4096K)
 Metaspace       used 27224K, committed 27584K, reserved 1114112K
  class space    used 3461K, committed 3648K, reserved 1048576K
}
Event: 5.905 GC heap after
{Heap after GC invocations=7 (full 0):
 garbage-first heap   total 61440K, used 16722K [0x0000000705000000, 0x0000000800000000)
  region size 2048K, 1 young (2048K), 1 survivors (2048K)
 Metaspace       used 27224K, committed 27584K, reserved 1114112K
  class space    used 3461K, committed 3648K, reserved 1048576K
}
Event: 6.789 GC heap before
{Heap before GC invocations=7 (full 0):
 garbage-first heap   total 61440K, used 39250K [0x0000000705000000, 0x0000000800000000)
  region size 2048K, 13 young (26624K), 1 survivors (2048K)
 Metaspace       used 33388K, committed 33792K, reserved 1114112K
  class space    used 4167K, committed 4352K, reserved 1048576K
}
Event: 6.799 GC heap after
{Heap after GC invocations=8 (full 0):
 garbage-first heap   total 61440K, used 17923K [0x0000000705000000, 0x0000000800000000)
  region size 2048K, 1 young (2048K), 1 survivors (2048K)
 Metaspace       used 33388K, committed 33792K, reserved 1114112K
  class space    used 4167K, committed 4352K, reserved 1048576K
}
Event: 7.612 GC heap before
{Heap before GC invocations=8 (full 0):
 garbage-first heap   total 61440K, used 30211K [0x0000000705000000, 0x0000000800000000)
  region size 2048K, 7 young (14336K), 1 survivors (2048K)
 Metaspace       used 35573K, committed 35968K, reserved 1114112K
  class space    used 4459K, committed 4672K, reserved 1048576K
}
Event: 7.616 GC heap after
{Heap after GC invocations=9 (full 0):
 garbage-first heap   total 61440K, used 20827K [0x0000000705000000, 0x0000000800000000)
  region size 2048K, 2 young (4096K), 2 survivors (4096K)
 Metaspace       used 35573K, committed 35968K, reserved 1114112K
  class space    used 4459K, committed 4672K, reserved 1048576K
}
Event: 8.701 GC heap before
{Heap before GC invocations=10 (full 0):
 garbage-first heap   total 61440K, used 45403K [0x0000000705000000, 0x0000000800000000)
  region size 2048K, 14 young (28672K), 2 survivors (4096K)
 Metaspace       used 40916K, committed 41344K, reserved 1114112K
  class space    used 5343K, committed 5568K, reserved 1048576K
}
Event: 8.705 GC heap after
{Heap after GC invocations=11 (full 0):
 garbage-first heap   total 61440K, used 21878K [0x0000000705000000, 0x0000000800000000)
  region size 2048K, 1 young (2048K), 1 survivors (2048K)
 Metaspace       used 40916K, committed 41344K, reserved 1114112K
  class space    used 5343K, committed 5568K, reserved 1048576K
}
Event: 9.332 GC heap before
{Heap before GC invocations=11 (full 0):
 garbage-first heap   total 61440K, used 44406K [0x0000000705000000, 0x0000000800000000)
  region size 2048K, 13 young (26624K), 1 survivors (2048K)
 Metaspace       used 47316K, committed 47808K, reserved 1114112K
  class space    used 6290K, committed 6528K, reserved 1048576K
}
Event: 9.335 GC heap after
{Heap after GC invocations=12 (full 0):
 garbage-first heap   total 61440K, used 22920K [0x0000000705000000, 0x0000000800000000)
  region size 2048K, 2 young (4096K), 2 survivors (4096K)
 Metaspace       used 47316K, committed 47808K, reserved 1114112K
  class space    used 6290K, committed 6528K, reserved 1048576K
}
Event: 9.968 GC heap before
{Heap before GC invocations=12 (full 0):
 garbage-first heap   total 61440K, used 47496K [0x0000000705000000, 0x0000000800000000)
  region size 2048K, 14 young (28672K), 2 survivors (4096K)
 Metaspace       used 53261K, committed 53760K, reserved 1114112K
  class space    used 7266K, committed 7488K, reserved 1048576K
}
Event: 9.972 GC heap after
{Heap after GC invocations=13 (full 0):
 garbage-first heap   total 61440K, used 23739K [0x0000000705000000, 0x0000000800000000)
  region size 2048K, 1 young (2048K), 1 survivors (2048K)
 Metaspace       used 53261K, committed 53760K, reserved 1114112K
  class space    used 7266K, committed 7488K, reserved 1048576K
}
Event: 10.635 GC heap before
{Heap before GC invocations=13 (full 0):
 garbage-first heap   total 61440K, used 48315K [0x0000000705000000, 0x0000000800000000)
  region size 2048K, 13 young (26624K), 1 survivors (2048K)
 Metaspace       used 57554K, committed 58048K, reserved 1114112K
  class space    used 7801K, committed 8000K, reserved 1048576K
}
Event: 10.642 GC heap after
{Heap after GC invocations=14 (full 0):
 garbage-first heap   total 61440K, used 25607K [0x0000000705000000, 0x0000000800000000)
  region size 2048K, 2 young (4096K), 2 survivors (4096K)
 Metaspace       used 57554K, committed 58048K, reserved 1114112K
  class space    used 7801K, committed 8000K, reserved 1048576K
}
Event: 11.222 GC heap before
{Heap before GC invocations=14 (full 0):
 garbage-first heap   total 61440K, used 39943K [0x0000000705000000, 0x0000000800000000)
  region size 2048K, 10 young (20480K), 2 survivors (4096K)
 Metaspace       used 59790K, committed 60288K, reserved 1114112K
  class space    used 8121K, committed 8384K, reserved 1048576K
}
Event: 11.229 GC heap after
{Heap after GC invocations=15 (full 0):
 garbage-first heap   total 61440K, used 26963K [0x0000000705000000, 0x0000000800000000)
  region size 2048K, 2 young (4096K), 2 survivors (4096K)
 Metaspace       used 59790K, committed 60288K, reserved 1114112K
  class space    used 8121K, committed 8384K, reserved 1048576K
}
Event: 11.903 GC heap before
{Heap before GC invocations=16 (full 0):
 garbage-first heap   total 61440K, used 47443K [0x0000000705000000, 0x0000000800000000)
  region size 2048K, 12 young (24576K), 2 survivors (4096K)
 Metaspace       used 61735K, committed 62272K, reserved 1114112K
  class space    used 8468K, committed 8704K, reserved 1048576K
}
Event: 11.911 GC heap after
{Heap after GC invocations=17 (full 0):
 garbage-first heap   total 61440K, used 29191K [0x0000000705000000, 0x0000000800000000)
  region size 2048K, 2 young (4096K), 2 survivors (4096K)
 Metaspace       used 61735K, committed 62272K, reserved 1114112K
  class space    used 8468K, committed 8704K, reserved 1048576K
}
Event: 40.225 GC heap before
{Heap before GC invocations=17 (full 0):
 garbage-first heap   total 61440K, used 29191K [0x0000000705000000, 0x0000000800000000)
  region size 2048K, 3 young (6144K), 2 survivors (4096K)
 Metaspace       used 62433K, committed 62912K, reserved 1114112K
  class space    used 8552K, committed 8768K, reserved 1048576K
}
Event: 40.232 GC heap after
{Heap after GC invocations=18 (full 0):
 garbage-first heap   total 159744K, used 28878K [0x0000000705000000, 0x0000000800000000)
  region size 2048K, 1 young (2048K), 1 survivors (2048K)
 Metaspace       used 62433K, committed 62912K, reserved 1114112K
  class space    used 8552K, committed 8768K, reserved 1048576K
}

Deoptimization events (20 events):
Event: 40.951 Thread 0x000001bcf419a5d0 Uncommon trap: trap_request=0xffffff45 fr.pc=0x000001bcd98ecaf8 relative=0x00000000000012b8
Event: 40.951 Thread 0x000001bcf419a5d0 Uncommon trap: reason=unstable_if action=reinterpret pc=0x000001bcd98ecaf8 method=org.unbescape.html.HtmlEscapeSymbols.<init>(Lorg/unbescape/html/HtmlEscapeSymbols$References;[B)V @ 337 c2
Event: 40.951 Thread 0x000001bcf419a5d0 DEOPT PACKING pc=0x000001bcd98ecaf8 sp=0x00000027b84fa5c0
Event: 40.951 Thread 0x000001bcf419a5d0 DEOPT UNPACKING pc=0x000001bcd91f5ba3 sp=0x00000027b84fa580 mode 2
Event: 41.090 Thread 0x000001bcf419a5d0 Uncommon trap: trap_request=0xffffff54 fr.pc=0x000001bcd979f480 relative=0x0000000000000680
Event: 41.090 Thread 0x000001bcf419a5d0 Uncommon trap: reason=speculate_null_assert action=make_not_entrant pc=0x000001bcd979f480 method=org.springframework.util.ConcurrentReferenceHashMap$Segment.restructureIfNecessary(Z)V @ 41 c2
Event: 41.090 Thread 0x000001bcf419a5d0 DEOPT PACKING pc=0x000001bcd979f480 sp=0x00000027b84fa870
Event: 41.090 Thread 0x000001bcf419a5d0 DEOPT UNPACKING pc=0x000001bcd91f5ba3 sp=0x00000027b84fa6c8 mode 2
Event: 41.096 Thread 0x000001bcf419a5d0 Uncommon trap: trap_request=0xffffff45 fr.pc=0x000001bcd993a89c relative=0x000000000000051c
Event: 41.096 Thread 0x000001bcf419a5d0 Uncommon trap: reason=unstable_if action=reinterpret pc=0x000001bcd993a89c method=java.util.Properties.load0(Ljava/util/Properties$LineReader;)V @ 79 c2
Event: 41.096 Thread 0x000001bcf419a5d0 DEOPT PACKING pc=0x000001bcd993a89c sp=0x00000027b84fa700
Event: 41.096 Thread 0x000001bcf419a5d0 DEOPT UNPACKING pc=0x000001bcd91f5ba3 sp=0x00000027b84fa6a8 mode 2
Event: 41.096 Thread 0x000001bcf419a5d0 Uncommon trap: trap_request=0xffffff45 fr.pc=0x000001bcd9823674 relative=0x0000000000000514
Event: 41.096 Thread 0x000001bcf419a5d0 Uncommon trap: reason=unstable_if action=reinterpret pc=0x000001bcd9823674 method=java.util.Properties.load0(Ljava/util/Properties$LineReader;)V @ 79 c2
Event: 41.096 Thread 0x000001bcf419a5d0 DEOPT PACKING pc=0x000001bcd9823674 sp=0x00000027b84fa700
Event: 41.096 Thread 0x000001bcf419a5d0 DEOPT UNPACKING pc=0x000001bcd91f5ba3 sp=0x00000027b84fa6a8 mode 2
Event: 41.113 Thread 0x000001bcf419a5d0 Uncommon trap: trap_request=0xffffff45 fr.pc=0x000001bcd98cb988 relative=0x0000000000000d28
Event: 41.113 Thread 0x000001bcf419a5d0 Uncommon trap: reason=unstable_if action=reinterpret pc=0x000001bcd98cb988 method=sun.reflect.annotation.AnnotationInvocationHandler.invoke(Ljava/lang/Object;Ljava/lang/reflect/Method;[Ljava/lang/Object;)Ljava/lang/Object; @ 15 c2
Event: 41.113 Thread 0x000001bcf419a5d0 DEOPT PACKING pc=0x000001bcd98cb988 sp=0x00000027b84faae0
Event: 41.113 Thread 0x000001bcf419a5d0 DEOPT UNPACKING pc=0x000001bcd91f5ba3 sp=0x00000027b84faab0 mode 2

Classes unloaded (0 events):
No events

Classes redefined (0 events):
No events

Internal exceptions (20 events):
Event: 10.153 Thread 0x000001bcca3d5ad0 Exception <a 'java/lang/IncompatibleClassChangeError'{0x0000000713dbe7f8}: Found class java.lang.Object, but interface was expected> (0x0000000713dbe7f8) 
thrown [s\open\src\hotspot\share\interpreter\linkResolver.cpp, line 826]
Event: 10.405 Thread 0x000001bcca3d5ad0 Exception <a 'java/lang/IncompatibleClassChangeError'{0x0000000707c6ec28}: Found class java.lang.Object, but interface was expected> (0x0000000707c6ec28) 
thrown [s\open\src\hotspot\share\interpreter\linkResolver.cpp, line 826]
Event: 10.523 Thread 0x000001bcca3d5ad0 Exception <a 'java/lang/reflect/InvocationTargetException'{0x000000070773dd30}> (0x000000070773dd30) 
thrown [s\open\src\hotspot\share\runtime\reflection.cpp, line 1121]
Event: 10.539 Thread 0x000001bcca3d5ad0 Exception <a 'java/lang/NoSuchMethodError'{0x00000007077a5760}: 'int java.lang.invoke.DirectMethodHandle$Holder.invokeStatic(java.lang.Object, java.lang.Object, int)'> (0x00000007077a5760) 
thrown [s\open\src\hotspot\share\interpreter\linkResolver.cpp, line 759]
Event: 10.549 Thread 0x000001bcca3d5ad0 Exception <a 'java/lang/IncompatibleClassChangeError'{0x00000007077ee160}: Found class java.lang.Object, but interface was expected> (0x00000007077ee160) 
thrown [s\open\src\hotspot\share\interpreter\linkResolver.cpp, line 826]
Event: 10.627 Thread 0x000001bcca3d5ad0 Exception <a 'java/lang/NoSuchMethodError'{0x00000007075b1588}: 'java.lang.Object java.lang.invoke.DirectMethodHandle$Holder.invokeStatic(java.lang.Object, int, java.lang.Object)'> (0x00000007075b1588) 
thrown [s\open\src\hotspot\share\interpreter\linkResolver.cpp, line 759]
Event: 10.793 Thread 0x000001bcca3d5ad0 Exception <a 'sun/nio/fs/WindowsException'{0x0000000713e1f428}> (0x0000000713e1f428) 
thrown [s\open\src\hotspot\share\prims\jni.cpp, line 516]
Event: 11.201 Thread 0x000001bcca3d5ad0 Exception <a 'sun/nio/fs/WindowsException'{0x0000000707c01478}> (0x0000000707c01478) 
thrown [s\open\src\hotspot\share\prims\jni.cpp, line 516]
Event: 11.357 Thread 0x000001bcca3d5ad0 Exception <a 'java/lang/IncompatibleClassChangeError'{0x0000000714188558}: Found class java.lang.Object, but interface was expected> (0x0000000714188558) 
thrown [s\open\src\hotspot\share\interpreter\linkResolver.cpp, line 826]
Event: 11.571 Thread 0x000001bcca3d5ad0 Exception <a 'java/lang/NoSuchMethodError'{0x0000000713bc9360}: 'void java.lang.invoke.DirectMethodHandle$Holder.invokeVirtual(java.lang.Object, java.lang.Object, long)'> (0x0000000713bc9360) 
thrown [s\open\src\hotspot\share\interpreter\linkResolver.cpp, line 759]
Event: 11.682 Thread 0x000001bcca3d5ad0 Exception <a 'java/lang/NoSuchMethodError'{0x0000000707f60d60}: 'int java.lang.invoke.DirectMethodHandle$Holder.invokeStaticInit(java.lang.Object, java.lang.Object, java.lang.Object, java.lang.Object)'> (0x0000000707f60d60) 
thrown [s\open\src\hotspot\share\interpreter\linkResolver.cpp, line 759]
Event: 11.691 Thread 0x000001bcca3d5ad0 Implicit null exception at 0x000001bcd99181d7 to 0x000001bcd99187f7
Event: 11.786 Thread 0x000001bcca3d5ad0 Exception <a 'java/lang/IncompatibleClassChangeError'{0x0000000707dfba28}: Found class java.lang.Object, but interface was expected> (0x0000000707dfba28) 
thrown [s\open\src\hotspot\share\interpreter\linkResolver.cpp, line 826]
Event: 11.802 Thread 0x000001bcca3d5ad0 Implicit null exception at 0x000001bcd9894f5a to 0x000001bcd9895198
Event: 11.927 Thread 0x000001bcca3d5ad0 Exception <a 'java/lang/NoSuchMethodError'{0x0000000714a61be0}: 'java.lang.Object java.lang.invoke.DirectMethodHandle$Holder.newInvokeSpecial(java.lang.Object, java.lang.Object, int, java.lang.Object, java.lang.Object)'> (0x0000000714a61be0) 
thrown [s\open\src\hotspot\share\interpreter\linkResolver.cpp, line 759]
Event: 11.928 Thread 0x000001bcca3d5ad0 Exception <a 'java/lang/NoSuchMethodError'{0x0000000714a6d4c0}: 'java.lang.Object java.lang.invoke.DirectMethodHandle$Holder.invokeSpecial(java.lang.Object, java.lang.Object, int, java.lang.Object, int, java.lang.Object)'> (0x0000000714a6d4c0) 
thrown [s\open\src\hotspot\share\interpreter\linkResolver.cpp, line 759]
Event: 11.929 Thread 0x000001bcca3d5ad0 Exception <a 'java/lang/NoSuchMethodError'{0x0000000714a755a8}: 'java.lang.Object java.lang.invoke.DirectMethodHandle$Holder.newInvokeSpecial(java.lang.Object, java.lang.Object, int, java.lang.Object, int)'> (0x0000000714a755a8) 
thrown [s\open\src\hotspot\share\interpreter\linkResolver.cpp, line 759]
Event: 11.930 Thread 0x000001bcca3d5ad0 Exception <a 'java/lang/NoSuchMethodError'{0x0000000714a798f0}: 'java.lang.Object java.lang.invoke.DirectMethodHandle$Holder.invokeSpecial(java.lang.Object, java.lang.Object, java.lang.Object, int, java.lang.Object, int)'> (0x0000000714a798f0) 
thrown [s\open\src\hotspot\share\interpreter\linkResolver.cpp, line 759]
Event: 40.295 Thread 0x000001bcf419a5d0 Exception <a 'java/lang/NoSuchMethodError'{0x0000000714b4ab48}: 'java.lang.Object java.lang.invoke.DirectMethodHandle$Holder.invokeSpecial(java.lang.Object, java.lang.Object, java.lang.Object, java.lang.Object, java.lang.Object, long)'> (0x0000000714b4ab48) 
thrown [s\open\src\hotspot\share\interpreter\linkResolver.cpp, line 759]
Event: 40.295 Thread 0x000001bcf419a5d0 Exception <a 'java/lang/NoSuchMethodError'{0x0000000714b4e588}: 'java.lang.Object java.lang.invoke.Invokers$Holder.linkToTargetMethod(java.lang.Object, java.lang.Object, java.lang.Object, long, java.lang.Object)'> (0x0000000714b4e588) 
thrown [s\open\src\hotspot\share\interpreter\linkResolver.cpp, line 759]

VM Operations (20 events):
Event: 12.919 Executing VM operation: Cleanup
Event: 12.919 Executing VM operation: Cleanup done
Event: 16.940 Executing VM operation: Cleanup
Event: 16.940 Executing VM operation: Cleanup done
Event: 17.942 Executing VM operation: Cleanup
Event: 17.943 Executing VM operation: Cleanup done
Event: 21.975 Executing VM operation: Cleanup
Event: 21.975 Executing VM operation: Cleanup done
Event: 40.225 Executing VM operation: G1CollectForAllocation
Event: 40.234 Executing VM operation: G1CollectForAllocation done
Event: 40.329 Executing VM operation: HandshakeAllThreads
Event: 40.329 Executing VM operation: HandshakeAllThreads done
Event: 40.468 Executing VM operation: HandshakeAllThreads
Event: 40.468 Executing VM operation: HandshakeAllThreads done
Event: 40.488 Executing VM operation: HandshakeAllThreads
Event: 40.488 Executing VM operation: HandshakeAllThreads done
Event: 40.500 Executing VM operation: HandshakeAllThreads
Event: 40.500 Executing VM operation: HandshakeAllThreads done
Event: 40.516 Executing VM operation: HandshakeAllThreads
Event: 40.516 Executing VM operation: HandshakeAllThreads done

Events (20 events):
Event: 40.646 loading class java/util/EnumMap$EntryIterator$Entry
Event: 40.646 loading class java/util/EnumMap$EntryIterator$Entry done
Event: 40.958 loading class java/io/WriteAbortedException
Event: 40.958 loading class java/io/WriteAbortedException done
Event: 40.959 loading class sun/security/provider/SecureRandom
Event: 40.959 loading class sun/security/provider/SecureRandom done
Event: 40.959 loading class sun/security/provider/SecureRandom$SeederHolder
Event: 40.959 loading class sun/security/provider/SecureRandom$SeederHolder done
Event: 41.075 loading class java/text/FieldPosition$Delegate
Event: 41.075 loading class java/text/FieldPosition$Delegate done
Event: 41.086 loading class java/lang/StringEditor
Event: 41.086 loading class java/lang/StringEditor done
Event: 41.107 loading class java/util/OptionalDouble
Event: 41.108 loading class java/util/OptionalDouble done
Event: 41.108 loading class java/util/OptionalLong
Event: 41.108 loading class java/util/OptionalLong done
Event: 41.113 loading class sun/reflect/annotation/AnnotationInvocationHandler$1
Event: 41.113 loading class sun/reflect/annotation/AnnotationInvocationHandler$1 done
Event: 41.120 loading class java/lang/IntegerEditor
Event: 41.120 loading class java/lang/IntegerEditor done


Dynamic libraries:
0x00007ff774c70000 - 0x00007ff774c80000 	C:\Program Files\Java\jdk-17\bin\java.exe
0x00007ffe26550000 - 0x00007ffe26766000 	C:\WINDOWS\SYSTEM32\ntdll.dll
0x00007ffe24b80000 - 0x00007ffe24c44000 	C:\WINDOWS\System32\KERNEL32.DLL
0x00007ffe23af0000 - 0x00007ffe23e96000 	C:\WINDOWS\System32\KERNELBASE.dll
0x00007ffe23ea0000 - 0x00007ffe23fb1000 	C:\WINDOWS\System32\ucrtbase.dll
0x00007ffe058b0000 - 0x00007ffe058cb000 	C:\Program Files\Java\jdk-17\bin\VCRUNTIME140.dll
0x00007ffe1a9d0000 - 0x00007ffe1a9e9000 	C:\Program Files\Java\jdk-17\bin\jli.dll
0x00007ffe24fa0000 - 0x00007ffe25052000 	C:\WINDOWS\System32\ADVAPI32.dll
0x00007ffe25340000 - 0x00007ffe253e7000 	C:\WINDOWS\System32\msvcrt.dll
0x00007ffe24df0000 - 0x00007ffe24e98000 	C:\WINDOWS\System32\sechost.dll
0x00007ffe24080000 - 0x00007ffe240a8000 	C:\WINDOWS\System32\bcrypt.dll
0x00007ffe263f0000 - 0x00007ffe26505000 	C:\WINDOWS\System32\RPCRT4.dll
0x00007ffe25060000 - 0x00007ffe2520d000 	C:\WINDOWS\System32\USER32.dll
0x00007ffe23890000 - 0x00007ffe238b6000 	C:\WINDOWS\System32\win32u.dll
0x00007ffe08ca0000 - 0x00007ffe08f33000 	C:\WINDOWS\WinSxS\amd64_microsoft.windows.common-controls_6595b64144ccf1df_6.0.22621.3235_none_270f74e173860f98\COMCTL32.dll
0x00007ffe254f0000 - 0x00007ffe25519000 	C:\WINDOWS\System32\GDI32.dll
0x00007ffe23930000 - 0x00007ffe23a48000 	C:\WINDOWS\System32\gdi32full.dll
0x00007ffe23a50000 - 0x00007ffe23aea000 	C:\WINDOWS\System32\msvcp_win.dll
0x00007ffe18240000 - 0x00007ffe1824a000 	C:\WINDOWS\SYSTEM32\VERSION.dll
0x00007ffe25520000 - 0x00007ffe25551000 	C:\WINDOWS\System32\IMM32.DLL
0x00007ffe1ee80000 - 0x00007ffe1ee8c000 	C:\Program Files\Java\jdk-17\bin\vcruntime140_1.dll
0x00007ffe01c10000 - 0x00007ffe01c9e000 	C:\Program Files\Java\jdk-17\bin\msvcp140.dll
0x00007ffd8a530000 - 0x00007ffd8b10f000 	C:\Program Files\Java\jdk-17\bin\server\jvm.dll
0x00007ffe254e0000 - 0x00007ffe254e8000 	C:\WINDOWS\System32\PSAPI.DLL
0x00007ffe1a800000 - 0x00007ffe1a834000 	C:\WINDOWS\SYSTEM32\WINMM.dll
0x00007ffe1bc50000 - 0x00007ffe1bc59000 	C:\WINDOWS\SYSTEM32\WSOCK32.dll
0x00007ffe253f0000 - 0x00007ffe25461000 	C:\WINDOWS\System32\WS2_32.dll
0x00007ffe229c0000 - 0x00007ffe229d8000 	C:\WINDOWS\SYSTEM32\kernel.appcore.dll
0x00007ffe05ea0000 - 0x00007ffe05eaa000 	C:\Program Files\Java\jdk-17\bin\jimage.dll
0x00007ffe21080000 - 0x00007ffe212b3000 	C:\WINDOWS\SYSTEM32\DBGHELP.DLL
0x00007ffe25f80000 - 0x00007ffe26308000 	C:\WINDOWS\System32\combase.dll
0x00007ffe26310000 - 0x00007ffe263e7000 	C:\WINDOWS\System32\OLEAUT32.dll
0x00007ffe05a60000 - 0x00007ffe05a92000 	C:\WINDOWS\SYSTEM32\dbgcore.DLL
0x00007ffe240b0000 - 0x00007ffe2412a000 	C:\WINDOWS\System32\bcryptPrimitives.dll
0x00007ffe05d80000 - 0x00007ffe05d8e000 	C:\Program Files\Java\jdk-17\bin\instrument.dll
0x00007ffe05260000 - 0x00007ffe05285000 	C:\Program Files\Java\jdk-17\bin\java.dll
0x00007ffddad50000 - 0x00007ffddae27000 	C:\Program Files\Java\jdk-17\bin\jsvml.dll
0x00007ffe25560000 - 0x00007ffe25dbd000 	C:\WINDOWS\System32\SHELL32.dll
0x00007ffe217b0000 - 0x00007ffe220a8000 	C:\WINDOWS\SYSTEM32\windows.storage.dll
0x00007ffe21670000 - 0x00007ffe217ae000 	C:\WINDOWS\SYSTEM32\wintypes.dll
0x00007ffe25230000 - 0x00007ffe25323000 	C:\WINDOWS\System32\SHCORE.dll
0x00007ffe249a0000 - 0x00007ffe249fe000 	C:\WINDOWS\System32\shlwapi.dll
0x00007ffe237c0000 - 0x00007ffe237e6000 	C:\WINDOWS\SYSTEM32\profapi.dll
0x00007ffe04de0000 - 0x00007ffe04df8000 	C:\Program Files\Java\jdk-17\bin\zip.dll
0x00007ffe055f0000 - 0x00007ffe05609000 	C:\Program Files\Java\jdk-17\bin\net.dll
0x00007ffe1d4e0000 - 0x00007ffe1d617000 	C:\WINDOWS\SYSTEM32\WINHTTP.dll
0x00007ffe22e40000 - 0x00007ffe22ea9000 	C:\WINDOWS\system32\mswsock.dll
0x00007ffe05420000 - 0x00007ffe05436000 	C:\Program Files\Java\jdk-17\bin\nio.dll
0x00007ffe03170000 - 0x00007ffe0318a000 	C:\Program Files\JetBrains\IntelliJ IDEA Community Edition 2023.2.1\bin\breakgen64.dll
0x00007ffe05540000 - 0x00007ffe0554e000 	C:\Program Files\Java\jdk-17\bin\sunmscapi.dll
0x00007ffe24130000 - 0x00007ffe24296000 	C:\WINDOWS\System32\CRYPT32.dll
0x00007ffe23230000 - 0x00007ffe2325e000 	C:\WINDOWS\SYSTEM32\ncrypt.dll
0x00007ffe231f0000 - 0x00007ffe23227000 	C:\WINDOWS\SYSTEM32\NTASN1.dll
0x00007ffe23090000 - 0x00007ffe230ab000 	C:\WINDOWS\SYSTEM32\CRYPTSP.dll
0x00007ffe22920000 - 0x00007ffe22955000 	C:\WINDOWS\system32\rsaenh.dll
0x00007ffe22f30000 - 0x00007ffe22f5c000 	C:\WINDOWS\SYSTEM32\USERENV.dll
0x00007ffe230b0000 - 0x00007ffe230bc000 	C:\WINDOWS\SYSTEM32\CRYPTBASE.dll
0x00007ffe22390000 - 0x00007ffe223bd000 	C:\WINDOWS\SYSTEM32\IPHLPAPI.DLL
0x00007ffe25330000 - 0x00007ffe25339000 	C:\WINDOWS\System32\NSI.dll
0x00007ffe1d450000 - 0x00007ffe1d469000 	C:\WINDOWS\SYSTEM32\dhcpcsvc6.DLL
0x00007ffe1d3a0000 - 0x00007ffe1d3bf000 	C:\WINDOWS\SYSTEM32\dhcpcsvc.DLL
0x00007ffe223c0000 - 0x00007ffe224b9000 	C:\WINDOWS\SYSTEM32\DNSAPI.dll
0x00007ffe05d70000 - 0x00007ffe05d7a000 	C:\Program Files\Java\jdk-17\bin\management.dll
0x00007ffe05a20000 - 0x00007ffe05a2b000 	C:\Program Files\Java\jdk-17\bin\management_ext.dll
0x00007ffe05d10000 - 0x00007ffe05d20000 	C:\Program Files\Java\jdk-17\bin\verify.dll
0x00007ffe1eb10000 - 0x00007ffe1eb18000 	C:\WINDOWS\system32\wshunix.dll

dbghelp: loaded successfully - version: 4.0.5 - missing functions: none
symbol engine: initialized successfully - sym options: 0x614 - pdb path: .;C:\Program Files\Java\jdk-17\bin;C:\WINDOWS\SYSTEM32;C:\WINDOWS\WinSxS\amd64_microsoft.windows.common-controls_6595b64144ccf1df_6.0.22621.3235_none_270f74e173860f98;C:\Program Files\Java\jdk-17\bin\server;C:\Program Files\JetBrains\IntelliJ IDEA Community Edition 2023.2.1\bin

VM Arguments:
jvm_args: -javaagent:C:\Program Files\JetBrains\IntelliJ IDEA Community Edition 2023.2.1\lib\idea_rt.jar=52995:C:\Program Files\JetBrains\IntelliJ IDEA Community Edition 2023.2.1\bin -Dfile.encoding=UTF-8 
java_command: com.example.ATM_Backend.AtmBackendApplication
java_class_path (initial): C:\Users\Kangyeon\Desktop\ATM_Backend\out\production\classes;C:\Users\Kangyeon\Desktop\ATM_Backend\out\production\resources;C:\Users\Kangyeon\.gradle\caches\modules-2\files-2.1\org.springframework.boot\spring-boot-starter-data-jpa\3.2.4\d8c5f393d9b18d96021b3e02d80e4356c5cbe0f7\spring-boot-starter-data-jpa-3.2.4.jar;C:\Users\Kangyeon\.gradle\caches\modules-2\files-2.1\org.springframework.boot\spring-boot-starter-security\3.2.4\a1b9f09832c42c6c079be67bf3e7989c54a338ff\spring-boot-starter-security-3.2.4.jar;C:\Users\Kangyeon\.gradle\caches\modules-2\files-2.1\org.springframework.boot\spring-boot-starter-web\3.2.4\a74df12b71060da7c8e87f9a8c2ef4ea43fc8017\spring-boot-starter-web-3.2.4.jar;C:\Users\Kangyeon\.gradle\caches\modules-2\files-2.1\org.springframework.boot\spring-boot-starter-thymeleaf\3.2.4\db900acbd0bbeb7a8682fe6aeb477d17fe501ac1\spring-boot-starter-thymeleaf-3.2.4.jar;C:\Users\Kangyeon\.gradle\caches\modules-2\files-2.1\org.thymeleaf.extras\thymeleaf-extras-springsecurity6\3.1.2.RELEASE\574c188eb147191e2f162419e9fc780fcf3256d7\thymeleaf-extras-springsecurity6-3.1.2.RELEASE.jar;C:\Users\Kangyeon\.gradle\caches\modules-2\files-2.1\jakarta.validation\jakarta.validation-api\3.0.0\8c8eecc40da64037d7731356511c568d466f8480\jakarta.validation-api-3.0.0.jar;C:\Users\Kangyeon\.gradle\caches\modules-2\files-2.1\org.springframework.boot\spring-boot-starter-aop\3.2.4\11aedc0a23c43947608f2122eed08eabe5e2994c\spring-boot-starter-aop-3.2.4.jar;C:\Users\Kangyeon\.gradle\caches\modules-2\files-2.1\org.springframework.boot\spring-boot-starter-jdbc\3.2.4\7dd399e7ba19d62cae32be6e20edac37ff8fcbc0\spring-boot-starter-jdbc-3.2.4.jar;C:\Users\Kangyeon\.gradle\caches\modules-2\files-2.1\org.hibernate.orm\hibernate-core\6.4.4.Final\5c9decb3c5a70bf7801d41fc32633416c26be069\hibernate-core-6.4.4.Final.jar;C:\Users\Kangyeon\.gradle\caches\modules-2\files-2.1\org.springframework.data\spring-data-jpa\3.2.4\1932f90c487999575b57ad41986de96c8ebf5843\spring-data-jpa-
Launcher Type: SUN_STANDARD

[Global flags]
     intx CICompilerCount                          = 4                                         {product} {ergonomic}
     uint ConcGCThreads                            = 2                                         {product} {ergonomic}
     uint G1ConcRefinementThreads                  = 8                                         {product} {ergonomic}
   size_t G1HeapRegionSize                         = 2097152                                   {product} {ergonomic}
    uintx GCDrainStackTargetSize                   = 64                                        {product} {ergonomic}
   size_t InitialHeapSize                          = 264241152                                 {product} {ergonomic}
   size_t MarkStackSize                            = 4194304                                   {product} {ergonomic}
   size_t MaxHeapSize                              = 4211081216                                {product} {ergonomic}
   size_t MaxNewSize                               = 2524971008                                {product} {ergonomic}
   size_t MinHeapDeltaBytes                        = 2097152                                   {product} {ergonomic}
   size_t MinHeapSize                              = 8388608                                   {product} {ergonomic}
    uintx NonNMethodCodeHeapSize                   = 5839372                                {pd product} {ergonomic}
    uintx NonProfiledCodeHeapSize                  = 122909434                              {pd product} {ergonomic}
    uintx ProfiledCodeHeapSize                     = 122909434                              {pd product} {ergonomic}
    uintx ReservedCodeCacheSize                    = 251658240                              {pd product} {ergonomic}
     bool SegmentedCodeCache                       = true                                      {product} {ergonomic}
   size_t SoftMaxHeapSize                          = 4211081216                             {manageable} {ergonomic}
     bool UseCompressedClassPointers               = true                           {product lp64_product} {ergonomic}
     bool UseCompressedOops                        = true                           {product lp64_product} {ergonomic}
     bool UseG1GC                                  = true                                      {product} {ergonomic}
     bool UseLargePagesIndividualAllocation        = false                                  {pd product} {ergonomic}

Logging:
Log output configuration:
 #0: stdout all=warning uptime,level,tags
 #1: stderr all=off uptime,level,tags

Environment Variables:
JAVA_HOME=C:\Program Files\Java\jdk-17
PATH=C:\Program Files\Common Files\Oracle\Java\javapath;C:\Program Files (x86)\VMware\VMware Workstation\bin\;C:\windows\system32;C:\windows;C:\windows\System32\Wbem;C:\windows\System32\WindowsPowerShell\v1.0\;C:\windows\System32\OpenSSH\;C:\Program Files (x86)\NVIDIA Corporation\PhysX\Common;C:\Program Files\NVIDIA Corporation\NVIDIA NvDLISR;C:\WINDOWS\system32;C:\WINDOWS;C:\WINDOWS\System32\Wbem;C:\WINDOWS\System32\WindowsPowerShell\v1.0\;C:\WINDOWS\System32\OpenSSH\;C:\Users\\AppData\Local\Microsoft\WindowsApps;C:\Program Files\MySQL\MySQL Server 8.0\bin;Users\\AppData\Roaming\npm;c:;python27;C:\Program Files\PuTTY\;C:\WINDOWS\system32;C:\WINDOWS;C:\WINDOWS\System32\Wbem;C:\WINDOWS\System32\WindowsPowerShell\v1.0\;C:\WINDOWS\System32\OpenSSH\;C:\Users\Kangyeon\AppData\Local\Programs\Python\Python39;C:\Users\Kangyeon\AppData\Local\Programs\Python\Python39\Scripts;C:\Program Files\Git\cmd;C:\Program Files (x86)\Windows Kits\10\Windows Performance Toolkit\;C:\Program Files\Bandizip\;C:\Program Files\Java\jdk-17\bin;C:\Program Files\nodejs\;C:\Program Files\MySQL\MySQL Shell 8.0\bin\;C:\Users\Kangyeon\AppData\Local\Microsoft\WindowsApps;C:\Users\\AppData\Roaming\npm;C:\Users\Kangyeon\AppData\Local\JetBrains\Toolbox\scripts;C:\Users\Kangyeon\AppData\Local\Microsoft\WindowsApps;C:\Users\Kangyeon\AppData\Local\Programs\Microsoft VS Code\bin;C:\Users\Kangyeon\AppData\Roaming\npm
USERNAME=
OS=Windows_NT
PROCESSOR_IDENTIFIER=Intel64 Family 6 Model 140 Stepping 1, GenuineIntel



---------------  S Y S T E M  ---------------

OS:
 Windows 11 , 64 bit Build 22621 (10.0.22621.3235)
OS uptime: 1 days 8:34 hours
Hyper-V role detected

CPU: total 8 (initial active 8) (4 cores per cpu, 2 threads per core) family 6 model 140 stepping 1 microcode 0xb4, cx8, cmov, fxsr, ht, mmx, 3dnowpref, sse, sse2, sse3, ssse3, sse4.1, sse4.2, popcnt, lzcnt, tsc, tscinvbit, avx, avx2, aes, erms, clmul, bmi1, bmi2, adx, avx512f, avx512dq, avx512cd, avx512bw, avx512vl, sha, fma, vzeroupper, avx512_vpopcntdq, avx512_vpclmulqdq, avx512_vaes, avx512_vnni, clflush, clflushopt, clwb, avx512_vbmi2, avx512_vbmi, hv

Memory: 4k page, system-wide physical 16060M (4551M free)
TotalPageFile size 16060M (AvailPageFile size 0M)
current process WorkingSet (physical memory assigned to process): 246M, peak: 287M
current process commit charge ("private bytes"): 373M, peak: 411M

vm_info: Java HotSpot(TM) 64-Bit Server VM (17.0.10+11-LTS-240) for windows-amd64 JRE (17.0.10+11-LTS-240), built on Dec 19 2023 21:47:25 by "mach5one" with MS VC++ 17.1 (VS2022)

END.
