#
# There is insufficient memory for the Java Runtime Environment to continue.
# Native memory allocation (malloc) failed to allocate 39792 bytes for Chunk::new
# Possible reasons:
#   The system is out of physical RAM or swap space
#   The process is running with CompressedOops enabled, and the Java Heap may be blocking the growth of the native heap
# Possible solutions:
#   Reduce memory load on the system
#   Increase physical memory or swap space
#   Check if swap backing store is full
#   Decrease Java heap size (-Xmx/-Xms)
#   Decrease number of Java threads
#   Decrease Java thread stack sizes (-Xss)
#   Set larger code cache with -XX:ReservedCodeCacheSize=
#   JVM is running with Zero Based Compressed Oops mode in which the Java heap is
#     placed in the first 32GB address space. The Java Heap base address is the
#     maximum limit for the native heap growth. Please use -XX:HeapBaseMinAddress
#     to set the Java Heap base and to place the Java Heap above 32GB virtual address.
# This output file may be truncated or incomplete.
#
#  Out of Memory Error (arena.cpp:189), pid=28300, tid=19864
#
# JRE version: Java(TM) SE Runtime Environment (17.0.10+11) (build 17.0.10+11-LTS-240)
# Java VM: Java HotSpot(TM) 64-Bit Server VM (17.0.10+11-LTS-240, mixed mode, sharing, tiered, compressed oops, compressed class ptrs, g1 gc, windows-amd64)
# No core dump will be written. Minidumps are not enabled by default on client versions of Windows
#

---------------  S U M M A R Y ------------

Command Line: -javaagent:C:\Program Files\JetBrains\IntelliJ IDEA 2024.1\lib\idea_rt.jar=58204:C:\Program Files\JetBrains\IntelliJ IDEA 2024.1\bin -Dfile.encoding=UTF-8 com.example.ATM_Backend.AtmBackendApplication

Host: 11th Gen Intel(R) Core(TM) i7-1165G7 @ 2.80GHz, 8 cores, 15G,  Windows 11 , 64 bit Build 22621 (10.0.22621.3374)
Time: Thu May  9 00:24:37 2024  Windows 11 , 64 bit Build 22621 (10.0.22621.3374) elapsed time: 0.720091 seconds (0d 0h 0m 0s)

---------------  T H R E A D  ---------------

Current thread (0x000002566600ba30):  JavaThread "C2 CompilerThread0" daemon [_thread_in_native, id=19864, stack(0x000000955cf00000,0x000000955d000000)]


Current CompileTask:
C2:    720  460       4       java.lang.StringCoding::hasNegatives (25 bytes)

Stack: [0x000000955cf00000,0x000000955d000000]
Native frames: (J=compiled Java code, j=interpreted, Vv=VM code, C=native code)
V  [jvm.dll+0x677a5a]
V  [jvm.dll+0x7d8b2d]
V  [jvm.dll+0x7da48e]
V  [jvm.dll+0x7daaf3]
V  [jvm.dll+0x2455ff]
V  [jvm.dll+0xaaafb]
V  [jvm.dll+0xab09c]
V  [jvm.dll+0x361bae]
V  [jvm.dll+0x32c211]
V  [jvm.dll+0x32b6aa]
V  [jvm.dll+0x21794f]
V  [jvm.dll+0x216d81]
V  [jvm.dll+0x1a3410]
V  [jvm.dll+0x226aeb]
V  [jvm.dll+0x224cab]
V  [jvm.dll+0x78e45c]
V  [jvm.dll+0x78888a]
V  [jvm.dll+0x676935]
C  [ucrtbase.dll+0x29333]
C  [KERNEL32.DLL+0x1257d]
C  [ntdll.dll+0x5aa48]


---------------  P R O C E S S  ---------------

Threads class SMR info:
_java_thread_list=0x00000256661b3a40, length=14, elements={
0x000002567e10a810, 0x0000025620c9e290, 0x0000025620c9ee50, 0x00000256660070e0,
0x00000256660078b0, 0x000002566600a380, 0x000002566600ad40, 0x000002566600ba30,
0x000002566600c4e0, 0x000002566600cee0, 0x0000025620c89f30, 0x000002566615b800,
0x00000256662d6040, 0x00000256662d6520
}

Java Threads: ( => current thread )
  0x000002567e10a810 JavaThread "main" [_thread_in_native, id=17652, stack(0x000000955c200000,0x000000955c300000)]
  0x0000025620c9e290 JavaThread "Reference Handler" daemon [_thread_blocked, id=4492, stack(0x000000955c900000,0x000000955ca00000)]
  0x0000025620c9ee50 JavaThread "Finalizer" daemon [_thread_blocked, id=15080, stack(0x000000955ca00000,0x000000955cb00000)]
  0x00000256660070e0 JavaThread "Signal Dispatcher" daemon [_thread_blocked, id=23476, stack(0x000000955cb00000,0x000000955cc00000)]
  0x00000256660078b0 JavaThread "Attach Listener" daemon [_thread_blocked, id=9484, stack(0x000000955cc00000,0x000000955cd00000)]
  0x000002566600a380 JavaThread "Service Thread" daemon [_thread_blocked, id=25272, stack(0x000000955cd00000,0x000000955ce00000)]
  0x000002566600ad40 JavaThread "Monitor Deflation Thread" daemon [_thread_blocked, id=26804, stack(0x000000955ce00000,0x000000955cf00000)]
=>0x000002566600ba30 JavaThread "C2 CompilerThread0" daemon [_thread_in_native, id=19864, stack(0x000000955cf00000,0x000000955d000000)]
  0x000002566600c4e0 JavaThread "C1 CompilerThread0" daemon [_thread_in_native, id=24916, stack(0x000000955d000000,0x000000955d100000)]
  0x000002566600cee0 JavaThread "Sweeper thread" daemon [_thread_blocked, id=26800, stack(0x000000955d100000,0x000000955d200000)]
  0x0000025620c89f30 JavaThread "Common-Cleaner" daemon [_thread_blocked, id=19160, stack(0x000000955d200000,0x000000955d300000)]
  0x000002566615b800 JavaThread "C2 CompilerThread1" daemon [_thread_in_native, id=1176, stack(0x000000955d300000,0x000000955d400000)]
  0x00000256662d6040 JavaThread "Monitor Ctrl-Break" daemon [_thread_in_native, id=7048, stack(0x000000955d400000,0x000000955d500000)]
  0x00000256662d6520 JavaThread "Notification Thread" daemon [_thread_blocked, id=25852, stack(0x000000955d500000,0x000000955d600000)]

Other Threads:
  0x0000025620c9a3f0 VMThread "VM Thread" [stack: 0x000000955c800000,0x000000955c900000] [id=14612]
  0x000002567e190090 WatcherThread [stack: 0x000000955d600000,0x000000955d700000] [id=22572]
  0x000002567e1766a0 GCTaskThread "GC Thread#0" [stack: 0x000000955c300000,0x000000955c400000] [id=26436]
  0x000002567e1870f0 ConcurrentGCThread "G1 Main Marker" [stack: 0x000000955c400000,0x000000955c500000] [id=3200]
  0x000002567e18a2c0 ConcurrentGCThread "G1 Conc#0" [stack: 0x000000955c500000,0x000000955c600000] [id=5744]
  0x000002567e1be950 ConcurrentGCThread "G1 Refine#0" [stack: 0x000000955c600000,0x000000955c700000] [id=10852]
  0x0000025620b53570 ConcurrentGCThread "G1 Service" [stack: 0x000000955c700000,0x000000955c800000] [id=28740]

Threads with active compile tasks:
C2 CompilerThread0      801  460       4       java.lang.StringCoding::hasNegatives (25 bytes)
C1 CompilerThread0      801  524       3       jdk.internal.org.objectweb.asm.ByteVector::putUTF8 (144 bytes)
C2 CompilerThread1      801  501       4       java.io.StreamTokenizer::read (38 bytes)

VM state: not at safepoint (normal execution)

VM Mutex/Monitor currently owned by a thread: None

Heap address: 0x0000000705000000, size: 4016 MB, Compressed Oops mode: Zero based, Oop shift amount: 3

CDS archive(s) mapped at: [0x0000025621000000-0x0000025621bd0000-0x0000025621bd0000), size 12386304, SharedBaseAddress: 0x0000025621000000, ArchiveRelocationMode: 1.
Compressed class space mapped at: 0x0000025622000000-0x0000025662000000, reserved size: 1073741824
Narrow klass base: 0x0000025621000000, Narrow klass shift: 0, Narrow klass range: 0x100000000

GC Precious Log:
 CPUs: 8 total, 8 available
 Memory: 16060M
 Large Page Support: Disabled
 NUMA Support: Disabled
 Compressed Oops: Enabled (Zero based)
 Heap Region Size: 2M
 Heap Min Capacity: 8M
 Heap Initial Capacity: 252M
 Heap Max Capacity: 4016M
 Pre-touch: Disabled
 Parallel Workers: 8
 Concurrent Workers: 2
 Concurrent Refinement Workers: 8
 Periodic GC: Disabled

Heap:
 garbage-first heap   total 258048K, used 8192K [0x0000000705000000, 0x0000000800000000)
  region size 2048K, 6 young (12288K), 0 survivors (0K)
 Metaspace       used 2116K, committed 2240K, reserved 1114112K
  class space    used 178K, committed 256K, reserved 1048576K

Heap Regions: E=young(eden), S=young(survivor), O=old, HS=humongous(starts), HC=humongous(continues), CS=collection set, F=free, OA=open archive, CA=closed archive, TAMS=top-at-mark-start (previous, next)
|   0|0x0000000705000000, 0x0000000705000000, 0x0000000705200000|  0%| F|  |TAMS 0x0000000705000000, 0x0000000705000000| Untracked 
|   1|0x0000000705200000, 0x0000000705200000, 0x0000000705400000|  0%| F|  |TAMS 0x0000000705200000, 0x0000000705200000| Untracked 
|   2|0x0000000705400000, 0x0000000705400000, 0x0000000705600000|  0%| F|  |TAMS 0x0000000705400000, 0x0000000705400000| Untracked 
|   3|0x0000000705600000, 0x0000000705600000, 0x0000000705800000|  0%| F|  |TAMS 0x0000000705600000, 0x0000000705600000| Untracked 
|   4|0x0000000705800000, 0x0000000705800000, 0x0000000705a00000|  0%| F|  |TAMS 0x0000000705800000, 0x0000000705800000| Untracked 
|   5|0x0000000705a00000, 0x0000000705a00000, 0x0000000705c00000|  0%| F|  |TAMS 0x0000000705a00000, 0x0000000705a00000| Untracked 
|   6|0x0000000705c00000, 0x0000000705c00000, 0x0000000705e00000|  0%| F|  |TAMS 0x0000000705c00000, 0x0000000705c00000| Untracked 
|   7|0x0000000705e00000, 0x0000000705e00000, 0x0000000706000000|  0%| F|  |TAMS 0x0000000705e00000, 0x0000000705e00000| Untracked 
|   8|0x0000000706000000, 0x0000000706000000, 0x0000000706200000|  0%| F|  |TAMS 0x0000000706000000, 0x0000000706000000| Untracked 
|   9|0x0000000706200000, 0x0000000706200000, 0x0000000706400000|  0%| F|  |TAMS 0x0000000706200000, 0x0000000706200000| Untracked 
|  10|0x0000000706400000, 0x0000000706400000, 0x0000000706600000|  0%| F|  |TAMS 0x0000000706400000, 0x0000000706400000| Untracked 
|  11|0x0000000706600000, 0x0000000706600000, 0x0000000706800000|  0%| F|  |TAMS 0x0000000706600000, 0x0000000706600000| Untracked 
|  12|0x0000000706800000, 0x0000000706800000, 0x0000000706a00000|  0%| F|  |TAMS 0x0000000706800000, 0x0000000706800000| Untracked 
|  13|0x0000000706a00000, 0x0000000706a00000, 0x0000000706c00000|  0%| F|  |TAMS 0x0000000706a00000, 0x0000000706a00000| Untracked 
|  14|0x0000000706c00000, 0x0000000706c00000, 0x0000000706e00000|  0%| F|  |TAMS 0x0000000706c00000, 0x0000000706c00000| Untracked 
|  15|0x0000000706e00000, 0x0000000706e00000, 0x0000000707000000|  0%| F|  |TAMS 0x0000000706e00000, 0x0000000706e00000| Untracked 
|  16|0x0000000707000000, 0x0000000707000000, 0x0000000707200000|  0%| F|  |TAMS 0x0000000707000000, 0x0000000707000000| Untracked 
|  17|0x0000000707200000, 0x0000000707200000, 0x0000000707400000|  0%| F|  |TAMS 0x0000000707200000, 0x0000000707200000| Untracked 
|  18|0x0000000707400000, 0x0000000707400000, 0x0000000707600000|  0%| F|  |TAMS 0x0000000707400000, 0x0000000707400000| Untracked 
|  19|0x0000000707600000, 0x0000000707600000, 0x0000000707800000|  0%| F|  |TAMS 0x0000000707600000, 0x0000000707600000| Untracked 
|  20|0x0000000707800000, 0x0000000707800000, 0x0000000707a00000|  0%| F|  |TAMS 0x0000000707800000, 0x0000000707800000| Untracked 
|  21|0x0000000707a00000, 0x0000000707a00000, 0x0000000707c00000|  0%| F|  |TAMS 0x0000000707a00000, 0x0000000707a00000| Untracked 
|  22|0x0000000707c00000, 0x0000000707c00000, 0x0000000707e00000|  0%| F|  |TAMS 0x0000000707c00000, 0x0000000707c00000| Untracked 
|  23|0x0000000707e00000, 0x0000000707e00000, 0x0000000708000000|  0%| F|  |TAMS 0x0000000707e00000, 0x0000000707e00000| Untracked 
|  24|0x0000000708000000, 0x0000000708000000, 0x0000000708200000|  0%| F|  |TAMS 0x0000000708000000, 0x0000000708000000| Untracked 
|  25|0x0000000708200000, 0x0000000708200000, 0x0000000708400000|  0%| F|  |TAMS 0x0000000708200000, 0x0000000708200000| Untracked 
|  26|0x0000000708400000, 0x0000000708400000, 0x0000000708600000|  0%| F|  |TAMS 0x0000000708400000, 0x0000000708400000| Untracked 
|  27|0x0000000708600000, 0x0000000708600000, 0x0000000708800000|  0%| F|  |TAMS 0x0000000708600000, 0x0000000708600000| Untracked 
|  28|0x0000000708800000, 0x0000000708800000, 0x0000000708a00000|  0%| F|  |TAMS 0x0000000708800000, 0x0000000708800000| Untracked 
|  29|0x0000000708a00000, 0x0000000708a00000, 0x0000000708c00000|  0%| F|  |TAMS 0x0000000708a00000, 0x0000000708a00000| Untracked 
|  30|0x0000000708c00000, 0x0000000708c00000, 0x0000000708e00000|  0%| F|  |TAMS 0x0000000708c00000, 0x0000000708c00000| Untracked 
|  31|0x0000000708e00000, 0x0000000708e00000, 0x0000000709000000|  0%| F|  |TAMS 0x0000000708e00000, 0x0000000708e00000| Untracked 
|  32|0x0000000709000000, 0x0000000709000000, 0x0000000709200000|  0%| F|  |TAMS 0x0000000709000000, 0x0000000709000000| Untracked 
|  33|0x0000000709200000, 0x0000000709200000, 0x0000000709400000|  0%| F|  |TAMS 0x0000000709200000, 0x0000000709200000| Untracked 
|  34|0x0000000709400000, 0x0000000709400000, 0x0000000709600000|  0%| F|  |TAMS 0x0000000709400000, 0x0000000709400000| Untracked 
|  35|0x0000000709600000, 0x0000000709600000, 0x0000000709800000|  0%| F|  |TAMS 0x0000000709600000, 0x0000000709600000| Untracked 
|  36|0x0000000709800000, 0x0000000709800000, 0x0000000709a00000|  0%| F|  |TAMS 0x0000000709800000, 0x0000000709800000| Untracked 
|  37|0x0000000709a00000, 0x0000000709a00000, 0x0000000709c00000|  0%| F|  |TAMS 0x0000000709a00000, 0x0000000709a00000| Untracked 
|  38|0x0000000709c00000, 0x0000000709c00000, 0x0000000709e00000|  0%| F|  |TAMS 0x0000000709c00000, 0x0000000709c00000| Untracked 
|  39|0x0000000709e00000, 0x0000000709e00000, 0x000000070a000000|  0%| F|  |TAMS 0x0000000709e00000, 0x0000000709e00000| Untracked 
|  40|0x000000070a000000, 0x000000070a000000, 0x000000070a200000|  0%| F|  |TAMS 0x000000070a000000, 0x000000070a000000| Untracked 
|  41|0x000000070a200000, 0x000000070a200000, 0x000000070a400000|  0%| F|  |TAMS 0x000000070a200000, 0x000000070a200000| Untracked 
|  42|0x000000070a400000, 0x000000070a400000, 0x000000070a600000|  0%| F|  |TAMS 0x000000070a400000, 0x000000070a400000| Untracked 
|  43|0x000000070a600000, 0x000000070a600000, 0x000000070a800000|  0%| F|  |TAMS 0x000000070a600000, 0x000000070a600000| Untracked 
|  44|0x000000070a800000, 0x000000070a800000, 0x000000070aa00000|  0%| F|  |TAMS 0x000000070a800000, 0x000000070a800000| Untracked 
|  45|0x000000070aa00000, 0x000000070aa00000, 0x000000070ac00000|  0%| F|  |TAMS 0x000000070aa00000, 0x000000070aa00000| Untracked 
|  46|0x000000070ac00000, 0x000000070ac00000, 0x000000070ae00000|  0%| F|  |TAMS 0x000000070ac00000, 0x000000070ac00000| Untracked 
|  47|0x000000070ae00000, 0x000000070ae00000, 0x000000070b000000|  0%| F|  |TAMS 0x000000070ae00000, 0x000000070ae00000| Untracked 
|  48|0x000000070b000000, 0x000000070b000000, 0x000000070b200000|  0%| F|  |TAMS 0x000000070b000000, 0x000000070b000000| Untracked 
|  49|0x000000070b200000, 0x000000070b200000, 0x000000070b400000|  0%| F|  |TAMS 0x000000070b200000, 0x000000070b200000| Untracked 
|  50|0x000000070b400000, 0x000000070b400000, 0x000000070b600000|  0%| F|  |TAMS 0x000000070b400000, 0x000000070b400000| Untracked 
|  51|0x000000070b600000, 0x000000070b600000, 0x000000070b800000|  0%| F|  |TAMS 0x000000070b600000, 0x000000070b600000| Untracked 
|  52|0x000000070b800000, 0x000000070b800000, 0x000000070ba00000|  0%| F|  |TAMS 0x000000070b800000, 0x000000070b800000| Untracked 
|  53|0x000000070ba00000, 0x000000070ba00000, 0x000000070bc00000|  0%| F|  |TAMS 0x000000070ba00000, 0x000000070ba00000| Untracked 
|  54|0x000000070bc00000, 0x000000070bc00000, 0x000000070be00000|  0%| F|  |TAMS 0x000000070bc00000, 0x000000070bc00000| Untracked 
|  55|0x000000070be00000, 0x000000070be00000, 0x000000070c000000|  0%| F|  |TAMS 0x000000070be00000, 0x000000070be00000| Untracked 
|  56|0x000000070c000000, 0x000000070c000000, 0x000000070c200000|  0%| F|  |TAMS 0x000000070c000000, 0x000000070c000000| Untracked 
|  57|0x000000070c200000, 0x000000070c200000, 0x000000070c400000|  0%| F|  |TAMS 0x000000070c200000, 0x000000070c200000| Untracked 
|  58|0x000000070c400000, 0x000000070c400000, 0x000000070c600000|  0%| F|  |TAMS 0x000000070c400000, 0x000000070c400000| Untracked 
|  59|0x000000070c600000, 0x000000070c600000, 0x000000070c800000|  0%| F|  |TAMS 0x000000070c600000, 0x000000070c600000| Untracked 
|  60|0x000000070c800000, 0x000000070c800000, 0x000000070ca00000|  0%| F|  |TAMS 0x000000070c800000, 0x000000070c800000| Untracked 
|  61|0x000000070ca00000, 0x000000070ca00000, 0x000000070cc00000|  0%| F|  |TAMS 0x000000070ca00000, 0x000000070ca00000| Untracked 
|  62|0x000000070cc00000, 0x000000070cc00000, 0x000000070ce00000|  0%| F|  |TAMS 0x000000070cc00000, 0x000000070cc00000| Untracked 
|  63|0x000000070ce00000, 0x000000070ce00000, 0x000000070d000000|  0%| F|  |TAMS 0x000000070ce00000, 0x000000070ce00000| Untracked 
|  64|0x000000070d000000, 0x000000070d000000, 0x000000070d200000|  0%| F|  |TAMS 0x000000070d000000, 0x000000070d000000| Untracked 
|  65|0x000000070d200000, 0x000000070d200000, 0x000000070d400000|  0%| F|  |TAMS 0x000000070d200000, 0x000000070d200000| Untracked 
|  66|0x000000070d400000, 0x000000070d400000, 0x000000070d600000|  0%| F|  |TAMS 0x000000070d400000, 0x000000070d400000| Untracked 
|  67|0x000000070d600000, 0x000000070d600000, 0x000000070d800000|  0%| F|  |TAMS 0x000000070d600000, 0x000000070d600000| Untracked 
|  68|0x000000070d800000, 0x000000070d800000, 0x000000070da00000|  0%| F|  |TAMS 0x000000070d800000, 0x000000070d800000| Untracked 
|  69|0x000000070da00000, 0x000000070da00000, 0x000000070dc00000|  0%| F|  |TAMS 0x000000070da00000, 0x000000070da00000| Untracked 
|  70|0x000000070dc00000, 0x000000070dc00000, 0x000000070de00000|  0%| F|  |TAMS 0x000000070dc00000, 0x000000070dc00000| Untracked 
|  71|0x000000070de00000, 0x000000070de00000, 0x000000070e000000|  0%| F|  |TAMS 0x000000070de00000, 0x000000070de00000| Untracked 
|  72|0x000000070e000000, 0x000000070e000000, 0x000000070e200000|  0%| F|  |TAMS 0x000000070e000000, 0x000000070e000000| Untracked 
|  73|0x000000070e200000, 0x000000070e200000, 0x000000070e400000|  0%| F|  |TAMS 0x000000070e200000, 0x000000070e200000| Untracked 
|  74|0x000000070e400000, 0x000000070e400000, 0x000000070e600000|  0%| F|  |TAMS 0x000000070e400000, 0x000000070e400000| Untracked 
|  75|0x000000070e600000, 0x000000070e600000, 0x000000070e800000|  0%| F|  |TAMS 0x000000070e600000, 0x000000070e600000| Untracked 
|  76|0x000000070e800000, 0x000000070e800000, 0x000000070ea00000|  0%| F|  |TAMS 0x000000070e800000, 0x000000070e800000| Untracked 
|  77|0x000000070ea00000, 0x000000070ea00000, 0x000000070ec00000|  0%| F|  |TAMS 0x000000070ea00000, 0x000000070ea00000| Untracked 
|  78|0x000000070ec00000, 0x000000070ec00000, 0x000000070ee00000|  0%| F|  |TAMS 0x000000070ec00000, 0x000000070ec00000| Untracked 
|  79|0x000000070ee00000, 0x000000070ee00000, 0x000000070f000000|  0%| F|  |TAMS 0x000000070ee00000, 0x000000070ee00000| Untracked 
|  80|0x000000070f000000, 0x000000070f000000, 0x000000070f200000|  0%| F|  |TAMS 0x000000070f000000, 0x000000070f000000| Untracked 
|  81|0x000000070f200000, 0x000000070f200000, 0x000000070f400000|  0%| F|  |TAMS 0x000000070f200000, 0x000000070f200000| Untracked 
|  82|0x000000070f400000, 0x000000070f400000, 0x000000070f600000|  0%| F|  |TAMS 0x000000070f400000, 0x000000070f400000| Untracked 
|  83|0x000000070f600000, 0x000000070f600000, 0x000000070f800000|  0%| F|  |TAMS 0x000000070f600000, 0x000000070f600000| Untracked 
|  84|0x000000070f800000, 0x000000070f800000, 0x000000070fa00000|  0%| F|  |TAMS 0x000000070f800000, 0x000000070f800000| Untracked 
|  85|0x000000070fa00000, 0x000000070fa00000, 0x000000070fc00000|  0%| F|  |TAMS 0x000000070fa00000, 0x000000070fa00000| Untracked 
|  86|0x000000070fc00000, 0x000000070fc00000, 0x000000070fe00000|  0%| F|  |TAMS 0x000000070fc00000, 0x000000070fc00000| Untracked 
|  87|0x000000070fe00000, 0x000000070fe00000, 0x0000000710000000|  0%| F|  |TAMS 0x000000070fe00000, 0x000000070fe00000| Untracked 
|  88|0x0000000710000000, 0x0000000710000000, 0x0000000710200000|  0%| F|  |TAMS 0x0000000710000000, 0x0000000710000000| Untracked 
|  89|0x0000000710200000, 0x0000000710200000, 0x0000000710400000|  0%| F|  |TAMS 0x0000000710200000, 0x0000000710200000| Untracked 
|  90|0x0000000710400000, 0x0000000710400000, 0x0000000710600000|  0%| F|  |TAMS 0x0000000710400000, 0x0000000710400000| Untracked 
|  91|0x0000000710600000, 0x0000000710600000, 0x0000000710800000|  0%| F|  |TAMS 0x0000000710600000, 0x0000000710600000| Untracked 
|  92|0x0000000710800000, 0x0000000710800000, 0x0000000710a00000|  0%| F|  |TAMS 0x0000000710800000, 0x0000000710800000| Untracked 
|  93|0x0000000710a00000, 0x0000000710a00000, 0x0000000710c00000|  0%| F|  |TAMS 0x0000000710a00000, 0x0000000710a00000| Untracked 
|  94|0x0000000710c00000, 0x0000000710c00000, 0x0000000710e00000|  0%| F|  |TAMS 0x0000000710c00000, 0x0000000710c00000| Untracked 
|  95|0x0000000710e00000, 0x0000000710e00000, 0x0000000711000000|  0%| F|  |TAMS 0x0000000710e00000, 0x0000000710e00000| Untracked 
|  96|0x0000000711000000, 0x0000000711000000, 0x0000000711200000|  0%| F|  |TAMS 0x0000000711000000, 0x0000000711000000| Untracked 
|  97|0x0000000711200000, 0x0000000711200000, 0x0000000711400000|  0%| F|  |TAMS 0x0000000711200000, 0x0000000711200000| Untracked 
|  98|0x0000000711400000, 0x0000000711400000, 0x0000000711600000|  0%| F|  |TAMS 0x0000000711400000, 0x0000000711400000| Untracked 
|  99|0x0000000711600000, 0x0000000711600000, 0x0000000711800000|  0%| F|  |TAMS 0x0000000711600000, 0x0000000711600000| Untracked 
| 100|0x0000000711800000, 0x0000000711800000, 0x0000000711a00000|  0%| F|  |TAMS 0x0000000711800000, 0x0000000711800000| Untracked 
| 101|0x0000000711a00000, 0x0000000711a00000, 0x0000000711c00000|  0%| F|  |TAMS 0x0000000711a00000, 0x0000000711a00000| Untracked 
| 102|0x0000000711c00000, 0x0000000711c00000, 0x0000000711e00000|  0%| F|  |TAMS 0x0000000711c00000, 0x0000000711c00000| Untracked 
| 103|0x0000000711e00000, 0x0000000711e00000, 0x0000000712000000|  0%| F|  |TAMS 0x0000000711e00000, 0x0000000711e00000| Untracked 
| 104|0x0000000712000000, 0x0000000712000000, 0x0000000712200000|  0%| F|  |TAMS 0x0000000712000000, 0x0000000712000000| Untracked 
| 105|0x0000000712200000, 0x0000000712200000, 0x0000000712400000|  0%| F|  |TAMS 0x0000000712200000, 0x0000000712200000| Untracked 
| 106|0x0000000712400000, 0x0000000712400000, 0x0000000712600000|  0%| F|  |TAMS 0x0000000712400000, 0x0000000712400000| Untracked 
| 107|0x0000000712600000, 0x0000000712600000, 0x0000000712800000|  0%| F|  |TAMS 0x0000000712600000, 0x0000000712600000| Untracked 
| 108|0x0000000712800000, 0x0000000712800000, 0x0000000712a00000|  0%| F|  |TAMS 0x0000000712800000, 0x0000000712800000| Untracked 
| 109|0x0000000712a00000, 0x0000000712a00000, 0x0000000712c00000|  0%| F|  |TAMS 0x0000000712a00000, 0x0000000712a00000| Untracked 
| 110|0x0000000712c00000, 0x0000000712c00000, 0x0000000712e00000|  0%| F|  |TAMS 0x0000000712c00000, 0x0000000712c00000| Untracked 
| 111|0x0000000712e00000, 0x0000000712e00000, 0x0000000713000000|  0%| F|  |TAMS 0x0000000712e00000, 0x0000000712e00000| Untracked 
| 112|0x0000000713000000, 0x0000000713000000, 0x0000000713200000|  0%| F|  |TAMS 0x0000000713000000, 0x0000000713000000| Untracked 
| 113|0x0000000713200000, 0x0000000713200000, 0x0000000713400000|  0%| F|  |TAMS 0x0000000713200000, 0x0000000713200000| Untracked 
| 114|0x0000000713400000, 0x0000000713400000, 0x0000000713600000|  0%| F|  |TAMS 0x0000000713400000, 0x0000000713400000| Untracked 
| 115|0x0000000713600000, 0x0000000713600000, 0x0000000713800000|  0%| F|  |TAMS 0x0000000713600000, 0x0000000713600000| Untracked 
| 116|0x0000000713800000, 0x0000000713800000, 0x0000000713a00000|  0%| F|  |TAMS 0x0000000713800000, 0x0000000713800000| Untracked 
| 117|0x0000000713a00000, 0x0000000713a00000, 0x0000000713c00000|  0%| F|  |TAMS 0x0000000713a00000, 0x0000000713a00000| Untracked 
| 118|0x0000000713c00000, 0x0000000713c00000, 0x0000000713e00000|  0%| F|  |TAMS 0x0000000713c00000, 0x0000000713c00000| Untracked 
| 119|0x0000000713e00000, 0x0000000713e00000, 0x0000000714000000|  0%| F|  |TAMS 0x0000000713e00000, 0x0000000713e00000| Untracked 
| 120|0x0000000714000000, 0x00000007141c6a50, 0x0000000714200000| 88%| E|  |TAMS 0x0000000714000000, 0x0000000714000000| Complete 
| 121|0x0000000714200000, 0x0000000714400000, 0x0000000714400000|100%| E|CS|TAMS 0x0000000714200000, 0x0000000714200000| Complete 
| 122|0x0000000714400000, 0x0000000714600000, 0x0000000714600000|100%| E|  |TAMS 0x0000000714400000, 0x0000000714400000| Complete 
| 123|0x0000000714600000, 0x0000000714800000, 0x0000000714800000|100%| E|CS|TAMS 0x0000000714600000, 0x0000000714600000| Complete 
| 124|0x0000000714800000, 0x0000000714a00000, 0x0000000714a00000|100%| E|CS|TAMS 0x0000000714800000, 0x0000000714800000| Complete 
| 125|0x0000000714a00000, 0x0000000714c00000, 0x0000000714c00000|100%| E|CS|TAMS 0x0000000714a00000, 0x0000000714a00000| Complete 

Card table byte_map: [0x000002567ecd0000,0x000002567f4b0000] _byte_map_base: 0x000002567b4a8000

Marking Bits (Prev, Next): (CMBitMap*) 0x000002567e176cc0, (CMBitMap*) 0x000002567e176d00
 Prev Bits: [0x00000256167e0000, 0x000002561a6a0000)
 Next Bits: [0x000002561a6a0000, 0x000002561e560000)

Polling page: 0x000002567bfd0000

Metaspace:

Usage:
  Non-class:      1.93 MB used.
      Class:    184.45 KB used.
       Both:      2.11 MB used.

Virtual space:
  Non-class space:       64.00 MB reserved,       2.00 MB (  3%) committed,  1 nodes.
      Class space:        1.00 GB reserved,     256.00 KB ( <1%) committed,  1 nodes.
             Both:        1.06 GB reserved,       2.25 MB ( <1%) committed. 

Chunk freelists:
   Non-Class:  11.45 MB
       Class:  15.67 MB
        Both:  27.11 MB

MaxMetaspaceSize: unlimited
CompressedClassSpaceSize: 1.00 GB
Initial GC threshold: 21.00 MB
Current GC threshold: 21.00 MB
CDS: on
MetaspaceReclaimPolicy: balanced
 - commit_granule_bytes: 65536.
 - commit_granule_words: 8192.
 - virtual_space_node_default_size: 8388608.
 - enlarge_chunks_in_place: 1.
 - new_chunks_are_fully_committed: 0.
 - uncommit_free_chunks: 1.
 - use_allocation_guard: 0.
 - handle_deallocations: 1.


Internal statistics:

num_allocs_failed_limit: 0.
num_arena_births: 18.
num_arena_deaths: 0.
num_vsnodes_births: 2.
num_vsnodes_deaths: 0.
num_space_committed: 36.
num_space_uncommitted: 0.
num_chunks_returned_to_freelist: 0.
num_chunks_taken_from_freelist: 52.
num_chunk_merges: 0.
num_chunk_splits: 35.
num_chunks_enlarged: 25.
num_inconsistent_stats: 0.

CodeHeap 'non-profiled nmethods': size=120000Kb used=178Kb max_used=178Kb free=119821Kb
 bounds [0x000002560f2b0000, 0x000002560f520000, 0x00000256167e0000]
CodeHeap 'profiled nmethods': size=120000Kb used=951Kb max_used=951Kb free=119048Kb
 bounds [0x00000256077e0000, 0x0000025607a50000, 0x000002560ed10000]
CodeHeap 'non-nmethods': size=5760Kb used=1145Kb max_used=1155Kb free=4614Kb
 bounds [0x000002560ed10000, 0x000002560ef80000, 0x000002560f2b0000]
 total_blobs=970 nmethods=550 adapters=332
 compilation: enabled
              stopped_count=0, restarted_count=0
 full_count=0

Compilation events (20 events):
Event: 0.668 Thread 0x000002566600c4e0  430       1       java.lang.invoke.MethodHandle::type (5 bytes)
Event: 0.668 Thread 0x000002566600c4e0 nmethod 430 0x000002560f2d1290 code [0x000002560f2d1420, 0x000002560f2d14f8]
Event: 0.669 Thread 0x000002566600c4e0  439       3       java.util.zip.ZipCoder$UTF8ZipCoder::toString (12 bytes)
Event: 0.669 Thread 0x000002566600c4e0 nmethod 439 0x0000025607881f10 code [0x00000256078820c0, 0x0000025607882268]
Event: 0.669 Thread 0x000002566600c4e0  440       3       java.util.zip.ZipUtils::LOCSIG (6 bytes)
Event: 0.673 Thread 0x000002566600ba30 nmethod 433 0x000002560f2d1590 code [0x000002560f2d1720, 0x000002560f2d1a18]
Event: 0.673 Thread 0x000002566600ba30  436       4       java.util.Objects::requireNonNull (14 bytes)
Event: 0.673 Thread 0x000002566600c4e0 nmethod 440 0x0000025607882390 code [0x0000025607882540, 0x0000025607882818]
Event: 0.673 Thread 0x000002566600ba30 nmethod 436 0x000002560f2d1c10 code [0x000002560f2d1d80, 0x000002560f2d1df8]
Event: 0.674 Thread 0x000002566600c4e0  441       3       java.util.ArrayDeque::addLast (51 bytes)
Event: 0.675 Thread 0x000002566600c4e0 nmethod 441 0x0000025607882990 code [0x0000025607882b60, 0x0000025607883038]
Event: 0.677 Thread 0x000002566600c4e0  442       3       sun.net.www.protocol.file.Handler::parseURL (18 bytes)
Event: 0.678 Thread 0x000002566600c4e0 nmethod 442 0x0000025607883210 code [0x00000256078833c0, 0x0000025607883578]
Event: 0.678 Thread 0x000002566600c4e0  443       3       java.net.URLStreamHandler::parseURL (1201 bytes)
Event: 0.680 Thread 0x000002566615b800 nmethod 435% 0x000002560f2d1f10 code [0x000002560f2d20a0, 0x000002560f2d2598]
Event: 0.680 Thread 0x000002566615b800  446       4       java.lang.StringLatin1::indexOf (121 bytes)
Event: 0.691 Thread 0x000002566600ba30  451       4       java.util.concurrent.ConcurrentHashMap::casTabAt (21 bytes)
Event: 0.694 Thread 0x000002566600ba30 nmethod 451 0x000002560f2d2c10 code [0x000002560f2d2d80, 0x000002560f2d2eb8]
Event: 0.698 Thread 0x000002566615b800 nmethod 446 0x000002560f2d2f10 code [0x000002560f2d30a0, 0x000002560f2d3638]
Event: 0.702 Thread 0x000002566600ba30  460       4       java.lang.StringCoding::hasNegatives (25 bytes)

GC Heap History (0 events):
No events

Deoptimization events (18 events):
Event: 0.396 Thread 0x000002567e10a810 DEOPT PACKING pc=0x00000256077e9d67 sp=0x000000955c2fe310
Event: 0.396 Thread 0x000002567e10a810 DEOPT UNPACKING pc=0x000002560ed666e3 sp=0x000000955c2fd730 mode 0
Event: 0.415 Thread 0x000002567e10a810 Uncommon trap: trap_request=0xffffff45 fr.pc=0x000002560f2be970 relative=0x0000000000000910
Event: 0.415 Thread 0x000002567e10a810 Uncommon trap: reason=unstable_if action=reinterpret pc=0x000002560f2be970 method=java.util.HashMap.putVal(ILjava/lang/Object;Ljava/lang/Object;ZZ)Ljava/lang/Object; @ 181 c2
Event: 0.415 Thread 0x000002567e10a810 DEOPT PACKING pc=0x000002560f2be970 sp=0x000000955c2fe610
Event: 0.415 Thread 0x000002567e10a810 DEOPT UNPACKING pc=0x000002560ed65ba3 sp=0x000000955c2fe5b0 mode 2
Event: 0.639 Thread 0x000002567e10a810 DEOPT PACKING pc=0x000002560783243c sp=0x000000955c2fc7b0
Event: 0.639 Thread 0x000002567e10a810 DEOPT UNPACKING pc=0x000002560ed666e3 sp=0x000000955c2fbc60 mode 0
Event: 0.680 Thread 0x000002567e10a810 DEOPT PACKING pc=0x000002560783edc3 sp=0x000000955c2fc8c0
Event: 0.680 Thread 0x000002567e10a810 DEOPT UNPACKING pc=0x000002560ed666e3 sp=0x000000955c2fbd10 mode 0
Event: 0.698 Thread 0x000002567e10a810 Uncommon trap: trap_request=0xffffff45 fr.pc=0x000002560f2c5564 relative=0x0000000000000064
Event: 0.698 Thread 0x000002567e10a810 Uncommon trap: reason=unstable_if action=reinterpret pc=0x000002560f2c5564 method=java.io.WinNTFileSystem.isSlash(C)Z @ 9 c2
Event: 0.698 Thread 0x000002567e10a810 DEOPT PACKING pc=0x000002560f2c5564 sp=0x000000955c2fd8f0
Event: 0.698 Thread 0x000002567e10a810 DEOPT UNPACKING pc=0x000002560ed65ba3 sp=0x000000955c2fd878 mode 2
Event: 0.702 Thread 0x000002567e10a810 DEOPT PACKING pc=0x00000256078255d6 sp=0x000000955c2fcd00
Event: 0.702 Thread 0x000002567e10a810 DEOPT UNPACKING pc=0x000002560ed666e3 sp=0x000000955c2fc188 mode 0
Event: 0.705 Thread 0x000002567e10a810 DEOPT PACKING pc=0x00000256078255d6 sp=0x000000955c2f9560
Event: 0.705 Thread 0x000002567e10a810 DEOPT UNPACKING pc=0x000002560ed666e3 sp=0x000000955c2f89e8 mode 0

Classes unloaded (0 events):
No events

Classes redefined (0 events):
No events

Internal exceptions (2 events):
Event: 0.592 Thread 0x00000256662d6040 Exception <a 'java/lang/NoSuchMethodError'{0x00000007142cbe50}: 'java.lang.Object java.lang.invoke.DirectMethodHandle$Holder.invokeStaticInit(java.lang.Object)'> (0x00000007142cbe50) 
thrown [s\open\src\hotspot\share\interpreter\linkResolver.cpp, line 759]
Event: 0.604 Thread 0x00000256662d6040 Exception <a 'java/lang/NoSuchMethodError'{0x00000007142d9e30}: 'void java.lang.invoke.DirectMethodHandle$Holder.invokeStatic(java.lang.Object, java.lang.Object)'> (0x00000007142d9e30) 
thrown [s\open\src\hotspot\share\interpreter\linkResolver.cpp, line 759]

VM Operations (6 events):
Event: 0.330 Executing VM operation: HandshakeAllThreads
Event: 0.330 Executing VM operation: HandshakeAllThreads done
Event: 0.679 Executing VM operation: HandshakeAllThreads
Event: 0.679 Executing VM operation: HandshakeAllThreads done
Event: 0.698 Executing VM operation: HandshakeAllThreads
Event: 0.698 Executing VM operation: HandshakeAllThreads done

Events (20 events):
Event: 0.696 loading class sun/net/www/protocol/jar/JarFileFactory
Event: 0.696 loading class sun/net/www/protocol/jar/URLJarFile$URLJarFileCloseController
Event: 0.696 loading class sun/net/www/protocol/jar/URLJarFile$URLJarFileCloseController done
Event: 0.696 loading class sun/net/www/protocol/jar/JarFileFactory done
Event: 0.696 loading class sun/net/www/protocol/file/FileURLConnection
Event: 0.697 loading class sun/net/www/URLConnection
Event: 0.697 loading class sun/net/www/URLConnection done
Event: 0.697 loading class sun/net/www/protocol/file/FileURLConnection done
Event: 0.697 loading class sun/net/www/MessageHeader
Event: 0.698 loading class sun/net/www/MessageHeader done
Event: 0.698 loading class sun/net/www/protocol/jar/URLJarFile
Event: 0.698 loading class sun/net/www/protocol/jar/URLJarFile done
Event: 0.700 loading class sun/net/www/protocol/jar/URLJarFile$URLJarFileEntry
Event: 0.700 loading class sun/net/www/protocol/jar/URLJarFile$URLJarFileEntry done
Event: 0.700 loading class sun/net/www/protocol/jar/JarURLConnection$JarURLInputStream
Event: 0.700 loading class sun/net/www/protocol/jar/JarURLConnection$JarURLInputStream done
Event: 0.701 loading class java/util/LinkedHashMap$LinkedKeySet
Event: 0.701 loading class java/util/LinkedHashMap$LinkedKeySet done
Event: 0.701 loading class java/util/LinkedHashMap$LinkedKeyIterator
Event: 0.701 loading class java/util/LinkedHashMap$LinkedKeyIterator done


Dynamic libraries:
0x00007ff7d4ff0000 - 0x00007ff7d5000000 	C:\Program Files\Java\jdk-17\bin\java.exe
0x00007ff87bab0000 - 0x00007ff87bcc6000 	C:\WINDOWS\SYSTEM32\ntdll.dll
0x00007ff87a4e0000 - 0x00007ff87a5a4000 	C:\WINDOWS\System32\KERNEL32.DLL
0x00007ff879190000 - 0x00007ff879537000 	C:\WINDOWS\System32\KERNELBASE.dll
0x00007ff878dd0000 - 0x00007ff878ee1000 	C:\WINDOWS\System32\ucrtbase.dll
0x00007ff872ea0000 - 0x00007ff872eb9000 	C:\Program Files\Java\jdk-17\bin\jli.dll
0x00007ff8748a0000 - 0x00007ff8748bb000 	C:\Program Files\Java\jdk-17\bin\VCRUNTIME140.dll
0x00007ff87a5b0000 - 0x00007ff87a662000 	C:\WINDOWS\System32\ADVAPI32.dll
0x00007ff87a050000 - 0x00007ff87a0f7000 	C:\WINDOWS\System32\msvcrt.dll
0x00007ff87a200000 - 0x00007ff87a2a8000 	C:\WINDOWS\System32\sechost.dll
0x00007ff879690000 - 0x00007ff8796b8000 	C:\WINDOWS\System32\bcrypt.dll
0x00007ff8797e0000 - 0x00007ff8798f5000 	C:\WINDOWS\System32\RPCRT4.dll
0x00007ff87b0c0000 - 0x00007ff87b26e000 	C:\WINDOWS\System32\USER32.dll
0x00007ff8795e0000 - 0x00007ff879606000 	C:\WINDOWS\System32\win32u.dll
0x00007ff879e50000 - 0x00007ff879e79000 	C:\WINDOWS\System32\GDI32.dll
0x00007ff8796c0000 - 0x00007ff8797d9000 	C:\WINDOWS\System32\gdi32full.dll
0x00007ff879540000 - 0x00007ff8795da000 	C:\WINDOWS\System32\msvcp_win.dll
0x00007ff861ad0000 - 0x00007ff861d63000 	C:\WINDOWS\WinSxS\amd64_microsoft.windows.common-controls_6595b64144ccf1df_6.0.22621.3235_none_270f74e173860f98\COMCTL32.dll
0x00007ff867e20000 - 0x00007ff867e2a000 	C:\WINDOWS\SYSTEM32\VERSION.dll
0x00007ff87a010000 - 0x00007ff87a041000 	C:\WINDOWS\System32\IMM32.DLL
0x00007ff872e90000 - 0x00007ff872e9c000 	C:\Program Files\Java\jdk-17\bin\vcruntime140_1.dll
0x00007ff85a920000 - 0x00007ff85a9ae000 	C:\Program Files\Java\jdk-17\bin\msvcp140.dll
0x00007ff824f40000 - 0x00007ff825b1f000 	C:\Program Files\Java\jdk-17\bin\server\jvm.dll
0x00007ff879f00000 - 0x00007ff879f08000 	C:\WINDOWS\System32\PSAPI.DLL
0x00007ff84abf0000 - 0x00007ff84abf9000 	C:\WINDOWS\SYSTEM32\WSOCK32.dll
0x00007ff87a2b0000 - 0x00007ff87a321000 	C:\WINDOWS\System32\WS2_32.dll
0x00007ff86f910000 - 0x00007ff86f944000 	C:\WINDOWS\SYSTEM32\WINMM.dll
0x00007ff877ee0000 - 0x00007ff877ef8000 	C:\WINDOWS\SYSTEM32\kernel.appcore.dll
0x00007ff872d90000 - 0x00007ff872d9a000 	C:\Program Files\Java\jdk-17\bin\jimage.dll
0x00007ff876760000 - 0x00007ff876993000 	C:\WINDOWS\SYSTEM32\DBGHELP.DLL
0x00007ff87b5d0000 - 0x00007ff87b958000 	C:\WINDOWS\System32\combase.dll
0x00007ff87a120000 - 0x00007ff87a1f7000 	C:\WINDOWS\System32\OLEAUT32.dll
0x00007ff86fa30000 - 0x00007ff86fa62000 	C:\WINDOWS\SYSTEM32\dbgcore.DLL
0x00007ff879610000 - 0x00007ff879689000 	C:\WINDOWS\System32\bcryptPrimitives.dll
0x00007ff872ce0000 - 0x00007ff872cee000 	C:\Program Files\Java\jdk-17\bin\instrument.dll
0x00007ff872d30000 - 0x00007ff872d55000 	C:\Program Files\Java\jdk-17\bin\java.dll
0x00007ff848330000 - 0x00007ff848407000 	C:\Program Files\Java\jdk-17\bin\jsvml.dll
0x00007ff87a680000 - 0x00007ff87aedc000 	C:\WINDOWS\System32\SHELL32.dll
0x00007ff876cf0000 - 0x00007ff8775e9000 	C:\WINDOWS\SYSTEM32\windows.storage.dll
0x00007ff876bb0000 - 0x00007ff876cee000 	C:\WINDOWS\SYSTEM32\wintypes.dll
0x00007ff879f10000 - 0x00007ff87a003000 	C:\WINDOWS\System32\SHCORE.dll
0x00007ff879df0000 - 0x00007ff879e4e000 	C:\WINDOWS\System32\shlwapi.dll
0x00007ff878d00000 - 0x00007ff878d21000 	C:\WINDOWS\SYSTEM32\profapi.dll
0x00007ff86fc10000 - 0x00007ff86fc28000 	C:\Program Files\Java\jdk-17\bin\zip.dll
0x00007ff872d10000 - 0x00007ff872d29000 	C:\Program Files\Java\jdk-17\bin\net.dll
0x00007ff8719f0000 - 0x00007ff871b26000 	C:\WINDOWS\SYSTEM32\WINHTTP.dll
0x00007ff878370000 - 0x00007ff8783d9000 	C:\WINDOWS\system32\mswsock.dll
0x00007ff872cf0000 - 0x00007ff872d06000 	C:\Program Files\Java\jdk-17\bin\nio.dll
0x00007ff86fbf0000 - 0x00007ff86fc0a000 	C:\Program Files\JetBrains\IntelliJ IDEA 2024.1\bin\breakgen64.dll

dbghelp: loaded successfully - version: 4.0.5 - missing functions: none
symbol engine: initialized successfully - sym options: 0x614 - pdb path: .;C:\Program Files\Java\jdk-17\bin;C:\WINDOWS\SYSTEM32;C:\WINDOWS\WinSxS\amd64_microsoft.windows.common-controls_6595b64144ccf1df_6.0.22621.3235_none_270f74e173860f98;C:\Program Files\Java\jdk-17\bin\server;C:\Program Files\JetBrains\IntelliJ IDEA 2024.1\bin

VM Arguments:
jvm_args: -javaagent:C:\Program Files\JetBrains\IntelliJ IDEA 2024.1\lib\idea_rt.jar=58204:C:\Program Files\JetBrains\IntelliJ IDEA 2024.1\bin -Dfile.encoding=UTF-8 
java_command: com.example.ATM_Backend.AtmBackendApplication
java_class_path (initial): C:\Users\Kangyeon\Desktop\ATM_Backend\out\production\classes;C:\Users\Kangyeon\Desktop\ATM_Backend\out\production\resources;C:\Users\Kangyeon\.gradle\caches\modules-2\files-2.1\org.springframework.boot\spring-boot-starter-data-jpa\3.2.4\d8c5f393d9b18d96021b3e02d80e4356c5cbe0f7\spring-boot-starter-data-jpa-3.2.4.jar;C:\Users\Kangyeon\.gradle\caches\modules-2\files-2.1\org.springframework.boot\spring-boot-starter-security\3.2.4\a1b9f09832c42c6c079be67bf3e7989c54a338ff\spring-boot-starter-security-3.2.4.jar;C:\Users\Kangyeon\.gradle\caches\modules-2\files-2.1\org.springframework.boot\spring-boot-starter-web\3.2.4\a74df12b71060da7c8e87f9a8c2ef4ea43fc8017\spring-boot-starter-web-3.2.4.jar;C:\Users\Kangyeon\.gradle\caches\modules-2\files-2.1\org.springframework.boot\spring-boot-starter-thymeleaf\3.2.4\db900acbd0bbeb7a8682fe6aeb477d17fe501ac1\spring-boot-starter-thymeleaf-3.2.4.jar;C:\Users\Kangyeon\.gradle\caches\modules-2\files-2.1\org.thymeleaf.extras\thymeleaf-extras-springsecurity6\3.1.2.RELEASE\574c188eb147191e2f162419e9fc780fcf3256d7\thymeleaf-extras-springsecurity6-3.1.2.RELEASE.jar;C:\Users\Kangyeon\.gradle\caches\modules-2\files-2.1\org.springdoc\springdoc-openapi-starter-webmvc-ui\2.0.2\264da79c9d4a53feab8c5c6d0e0cb143bd099d4\springdoc-openapi-starter-webmvc-ui-2.0.2.jar;C:\Users\Kangyeon\.gradle\caches\modules-2\files-2.1\jakarta.validation\jakarta.validation-api\3.0.0\8c8eecc40da64037d7731356511c568d466f8480\jakarta.validation-api-3.0.0.jar;C:\Users\Kangyeon\.gradle\caches\modules-2\files-2.1\mysql\mysql-connector-java\8.0.26\e5ec6610020a3084b7d32ee725d1650176f6b3de\mysql-connector-java-8.0.26.jar;C:\Users\Kangyeon\.gradle\caches\modules-2\files-2.1\io.jsonwebtoken\jjwt-api\0.11.5\f742940045619d06383e7df37b21ac422b476cf1\jjwt-api-0.11.5.jar;C:\Users\Kangyeon\.gradle\caches\modules-2\files-2.1\org.springframework.boot\spring-boot-starter-aop\3.2.4\11aedc0a23c43947608f2122eed08eabe5e2994c\spring-boot-starter-aop-3.2.4.jar;C:\Users\Ka
Launcher Type: SUN_STANDARD

[Global flags]
     intx CICompilerCount                          = 4                                         {product} {ergonomic}
     uint ConcGCThreads                            = 2                                         {product} {ergonomic}
     uint G1ConcRefinementThreads                  = 8                                         {product} {ergonomic}
   size_t G1HeapRegionSize                         = 2097152                                   {product} {ergonomic}
    uintx GCDrainStackTargetSize                   = 64                                        {product} {ergonomic}
   size_t InitialHeapSize                          = 264241152                                 {product} {ergonomic}
   size_t MarkStackSize                            = 4194304                                   {product} {ergonomic}
   size_t MaxHeapSize                              = 4211081216                                {product} {ergonomic}
   size_t MaxNewSize                               = 2524971008                                {product} {ergonomic}
   size_t MinHeapDeltaBytes                        = 2097152                                   {product} {ergonomic}
   size_t MinHeapSize                              = 8388608                                   {product} {ergonomic}
    uintx NonNMethodCodeHeapSize                   = 5839372                                {pd product} {ergonomic}
    uintx NonProfiledCodeHeapSize                  = 122909434                              {pd product} {ergonomic}
    uintx ProfiledCodeHeapSize                     = 122909434                              {pd product} {ergonomic}
    uintx ReservedCodeCacheSize                    = 251658240                              {pd product} {ergonomic}
     bool SegmentedCodeCache                       = true                                      {product} {ergonomic}
   size_t SoftMaxHeapSize                          = 4211081216                             {manageable} {ergonomic}
     bool UseCompressedClassPointers               = true                           {product lp64_product} {ergonomic}
     bool UseCompressedOops                        = true                           {product lp64_product} {ergonomic}
     bool UseG1GC                                  = true                                      {product} {ergonomic}
     bool UseLargePagesIndividualAllocation        = false                                  {pd product} {ergonomic}

Logging:
Log output configuration:
 #0: stdout all=warning uptime,level,tags
 #1: stderr all=off uptime,level,tags

Environment Variables:
JAVA_HOME=C:\Program Files\Java\jdk-17
PATH=C:\Program Files\Common Files\Oracle\Java\javapath;C:\Program Files (x86)\VMware\VMware Workstation\bin\;C:\windows\system32;C:\windows;C:\windows\System32\Wbem;C:\windows\System32\WindowsPowerShell\v1.0\;C:\windows\System32\OpenSSH\;C:\Program Files (x86)\NVIDIA Corporation\PhysX\Common;C:\Program Files\NVIDIA Corporation\NVIDIA NvDLISR;C:\WINDOWS\system32;C:\WINDOWS;C:\WINDOWS\System32\Wbem;C:\WINDOWS\System32\WindowsPowerShell\v1.0\;C:\WINDOWS\System32\OpenSSH\;C:\Users\±è°­¿¬\AppData\Local\Microsoft\WindowsApps;C:\Program Files\MySQL\MySQL Server 8.0\bin;Users\±è°­¿¬\AppData\Roaming\npm;c:;python27;C:\WINDOWS\system32;C:\WINDOWS;C:\WINDOWS\System32\Wbem;C:\WINDOWS\System32\WindowsPowerShell\v1.0\;C:\WINDOWS\System32\OpenSSH\;C:\Users\Kangyeon\AppData\Local\Programs\Python\Python39;C:\Users\Kangyeon\AppData\Local\Programs\Python\Python39\Scripts;C:\Program Files\Git\cmd;C:\Program Files (x86)\Windows Kits\10\Windows Performance Toolkit\;C:\Program Files\Bandizip\;C:\Program Files\Java\jdk-17\bin;C:\Program Files\nodejs\;C:\Program Files\PuTTY\;C:\Program Files\MySQL\MySQL Shell 8.0\bin\;C:\Users\Kangyeon\AppData\Local\Microsoft\WindowsApps;C:\Users\±è°­¿¬\AppData\Roaming\npm;C:\Users\Kangyeon\AppData\Local\JetBrains\Toolbox\scripts;C:\Users\Kangyeon\AppData\Local\Microsoft\WindowsApps;C:\Users\Kangyeon\AppData\Local\Programs\Microsoft VS Code\bin;C:\Users\Kangyeon\AppData\Roaming\npm;C:\Program Files\JetBrains\IntelliJ IDEA 2024.1\bin;
USERNAME=±è°­¿¬
OS=Windows_NT
PROCESSOR_IDENTIFIER=Intel64 Family 6 Model 140 Stepping 1, GenuineIntel



---------------  S Y S T E M  ---------------

OS:
 Windows 11 , 64 bit Build 22621 (10.0.22621.3374)
OS uptime: 1 days 12:23 hours
Hyper-V role detected

CPU: total 8 (initial active 8) (4 cores per cpu, 2 threads per core) family 6 model 140 stepping 1 microcode 0xb4, cx8, cmov, fxsr, ht, mmx, 3dnowpref, sse, sse2, sse3, ssse3, sse4.1, sse4.2, popcnt, lzcnt, tsc, tscinvbit, avx, avx2, aes, erms, clmul, bmi1, bmi2, adx, avx512f, avx512dq, avx512cd, avx512bw, avx512vl, sha, fma, vzeroupper, avx512_vpopcntdq, avx512_vpclmulqdq, avx512_vaes, avx512_vnni, clflush, clflushopt, clwb, avx512_vbmi2, avx512_vbmi, hv

Memory: 4k page, system-wide physical 16060M (4803M free)
TotalPageFile size 16060M (AvailPageFile size 3M)
current process WorkingSet (physical memory assigned to process): 57M, peak: 57M
current process commit charge ("private bytes"): 351M, peak: 351M

vm_info: Java HotSpot(TM) 64-Bit Server VM (17.0.10+11-LTS-240) for windows-amd64 JRE (17.0.10+11-LTS-240), built on Dec 19 2023 21:47:25 by "mach5one" with MS VC++ 17.1 (VS2022)

END.
