#
# There is insufficient memory for the Java Runtime Environment to continue.
# Native memory allocation (malloc) failed to allocate 188496 bytes for Chunk::new
# Possible reasons:
#   The system is out of physical RAM or swap space
#   The process is running with CompressedOops enabled, and the Java Heap may be blocking the growth of the native heap
# Possible solutions:
#   Reduce memory load on the system
#   Increase physical memory or swap space
#   Check if swap backing store is full
#   Decrease Java heap size (-Xmx/-Xms)
#   Decrease number of Java threads
#   Decrease Java thread stack sizes (-Xss)
#   Set larger code cache with -XX:ReservedCodeCacheSize=
#   JVM is running with Zero Based Compressed Oops mode in which the Java heap is
#     placed in the first 32GB address space. The Java Heap base address is the
#     maximum limit for the native heap growth. Please use -XX:HeapBaseMinAddress
#     to set the Java Heap base and to place the Java Heap above 32GB virtual address.
# This output file may be truncated or incomplete.
#
#  Out of Memory Error (arena.cpp:189), pid=21084, tid=18652
#
# JRE version: Java(TM) SE Runtime Environment (17.0.10+11) (build 17.0.10+11-LTS-240)
# Java VM: Java HotSpot(TM) 64-Bit Server VM (17.0.10+11-LTS-240, mixed mode, sharing, tiered, compressed oops, compressed class ptrs, g1 gc, windows-amd64)
# No core dump will be written. Minidumps are not enabled by default on client versions of Windows
#

---------------  S U M M A R Y ------------

Command Line: -javaagent:C:\Program Files\JetBrains\IntelliJ IDEA 2024.1\lib\idea_rt.jar=53612:C:\Program Files\JetBrains\IntelliJ IDEA 2024.1\bin -Dfile.encoding=UTF-8 com.example.ATM_Backend.AtmBackendApplication

Host: 11th Gen Intel(R) Core(TM) i7-1165G7 @ 2.80GHz, 8 cores, 15G,  Windows 11 , 64 bit Build 22621 (10.0.22621.3374)
Time: Thu May  2 18:27:39 2024  Windows 11 , 64 bit Build 22621 (10.0.22621.3374) elapsed time: 10.135109 seconds (0d 0h 0m 10s)

---------------  T H R E A D  ---------------

Current thread (0x000001e45533fec0):  JavaThread "C2 CompilerThread2" daemon [_thread_in_native, id=18652, stack(0x0000008d09200000,0x0000008d09300000)]


Current CompileTask:
C2:  10135 5501       4       java.lang.reflect.AccessibleObject::verifyAccess (55 bytes)

Stack: [0x0000008d09200000,0x0000008d09300000]
Native frames: (J=compiled Java code, j=interpreted, Vv=VM code, C=native code)
V  [jvm.dll+0x677a5a]
V  [jvm.dll+0x7d8b2d]
V  [jvm.dll+0x7da48e]
V  [jvm.dll+0x7daaf3]
V  [jvm.dll+0x2455ff]
V  [jvm.dll+0xaaafb]
V  [jvm.dll+0xab09c]
V  [jvm.dll+0x11d5c4]
V  [jvm.dll+0x60b6f3]
V  [jvm.dll+0x609db4]
V  [jvm.dll+0x2177ce]
V  [jvm.dll+0x216d81]
V  [jvm.dll+0x1a3410]
V  [jvm.dll+0x226aeb]
V  [jvm.dll+0x224cab]
V  [jvm.dll+0x78e45c]
V  [jvm.dll+0x78888a]
V  [jvm.dll+0x676935]
C  [ucrtbase.dll+0x29333]
C  [KERNEL32.DLL+0x1257d]
C  [ntdll.dll+0x5aa48]


---------------  P R O C E S S  ---------------

Threads class SMR info:
_java_thread_list=0x000001e458725e20, length=38, elements={
0x000001e46ce9a650, 0x000001e40fa6ca60, 0x000001e40fa6dbc0, 0x000001e40fb676c0,
0x000001e40fb67bd0, 0x000001e40fb68b00, 0x000001e40fb69010, 0x000001e40fb70d80,
0x000001e40fb758f0, 0x000001e40fb680e0, 0x000001e40fb69a30, 0x000001e40fd88410,
0x000001e40fb69f40, 0x000001e40fb685f0, 0x000001e40fb6a960, 0x000001e40fb6ae70,
0x000001e4586a3780, 0x000001e4586a1e30, 0x000001e4586a3c90, 0x000001e4586a3270,
0x000001e4586a41a0, 0x000001e4586a4bc0, 0x000001e4586a50d0, 0x000001e45533fec0,
0x000001e4586a2850, 0x000001e4586a2d60, 0x000001e45b262270, 0x000001e45b25f4e0,
0x000001e45b25ff00, 0x000001e45b25db90, 0x000001e45b25e5b0, 0x000001e45b25f9f0,
0x000001e45b25eac0, 0x000001e45b25d170, 0x000001e45b25d680, 0x000001e45b25efd0,
0x000001e45b260410, 0x000001e45b25bd30
}

Java Threads: ( => current thread )
  0x000001e46ce9a650 JavaThread "main" [_thread_blocked, id=2104, stack(0x0000008d07d00000,0x0000008d07e00000)]
  0x000001e40fa6ca60 JavaThread "Reference Handler" daemon [_thread_blocked, id=30392, stack(0x0000008d08400000,0x0000008d08500000)]
  0x000001e40fa6dbc0 JavaThread "Finalizer" daemon [_thread_blocked, id=13908, stack(0x0000008d08500000,0x0000008d08600000)]
  0x000001e40fb676c0 JavaThread "Signal Dispatcher" daemon [_thread_blocked, id=35600, stack(0x0000008d08600000,0x0000008d08700000)]
  0x000001e40fb67bd0 JavaThread "Attach Listener" daemon [_thread_blocked, id=21064, stack(0x0000008d08700000,0x0000008d08800000)]
  0x000001e40fb68b00 JavaThread "Service Thread" daemon [_thread_blocked, id=28352, stack(0x0000008d08800000,0x0000008d08900000)]
  0x000001e40fb69010 JavaThread "Monitor Deflation Thread" daemon [_thread_blocked, id=30248, stack(0x0000008d08900000,0x0000008d08a00000)]
  0x000001e40fb70d80 JavaThread "C2 CompilerThread0" daemon [_thread_in_native, id=12256, stack(0x0000008d08a00000,0x0000008d08b00000)]
  0x000001e40fb758f0 JavaThread "C1 CompilerThread0" daemon [_thread_in_vm, id=22380, stack(0x0000008d08b00000,0x0000008d08c00000)]
  0x000001e40fb680e0 JavaThread "Sweeper thread" daemon [_thread_blocked, id=29228, stack(0x0000008d08c00000,0x0000008d08d00000)]
  0x000001e40fb69a30 JavaThread "Common-Cleaner" daemon [_thread_blocked, id=20248, stack(0x0000008d08d00000,0x0000008d08e00000)]
  0x000001e40fd88410 JavaThread "C2 CompilerThread1" daemon [_thread_in_native, id=32256, stack(0x0000008d08e00000,0x0000008d08f00000)]
  0x000001e40fb69f40 JavaThread "Monitor Ctrl-Break" daemon [_thread_in_native, id=27720, stack(0x0000008d08f00000,0x0000008d09000000)]
  0x000001e40fb685f0 JavaThread "Notification Thread" daemon [_thread_blocked, id=13776, stack(0x0000008d09000000,0x0000008d09100000)]
  0x000001e40fb6a960 JavaThread "mysql-cj-abandoned-connection-cleanup" daemon [_thread_blocked, id=21140, stack(0x0000008d09b00000,0x0000008d09c00000)]
  0x000001e40fb6ae70 JavaThread "MVStore background writer C:/Users/Kangyeon/Desktop/local.mv.db" daemon [_thread_blocked, id=18708, stack(0x0000008d09c00000,0x0000008d09d00000)]
  0x000001e4586a3780 JavaThread "HikariPool-1 housekeeper" daemon [_thread_blocked, id=6516, stack(0x0000008d09d00000,0x0000008d09e00000)]
  0x000001e4586a1e30 JavaThread "HikariPool-1 connection adder" daemon [_thread_blocked, id=34948, stack(0x0000008d09e00000,0x0000008d09f00000)]
  0x000001e4586a3c90 JavaThread "Catalina-utility-1" [_thread_blocked, id=20788, stack(0x0000008d09f00000,0x0000008d0a000000)]
  0x000001e4586a3270 JavaThread "Catalina-utility-2" [_thread_blocked, id=3016, stack(0x0000008d0a000000,0x0000008d0a100000)]
  0x000001e4586a41a0 JavaThread "container-0" [_thread_blocked, id=28204, stack(0x0000008d0a100000,0x0000008d0a200000)]
  0x000001e4586a4bc0 JavaThread "H2-serialization" daemon [_thread_blocked, id=32012, stack(0x0000008d0a200000,0x0000008d0a300000)]
  0x000001e4586a50d0 JavaThread "H2-save" daemon [_thread_blocked, id=22496, stack(0x0000008d0a300000,0x0000008d0a400000)]
=>0x000001e45533fec0 JavaThread "C2 CompilerThread2" daemon [_thread_in_native, id=18652, stack(0x0000008d09200000,0x0000008d09300000)]
  0x000001e4586a2850 JavaThread "ClassGraph-worker-28" daemon [_thread_in_native, id=31464, stack(0x0000008d0a400000,0x0000008d0a500000)]
  0x000001e4586a2d60 JavaThread "ClassGraph-worker-29" daemon [_thread_in_native, id=18920, stack(0x0000008d0a500000,0x0000008d0a600000)]
  0x000001e45b262270 JavaThread "ClassGraph-worker-30" daemon [_thread_in_native, id=32576, stack(0x0000008d0a600000,0x0000008d0a700000)]
  0x000001e45b25f4e0 JavaThread "ClassGraph-worker-31" daemon [_thread_in_native, id=24160, stack(0x0000008d0a700000,0x0000008d0a800000)]
  0x000001e45b25ff00 JavaThread "ClassGraph-worker-32" daemon [_thread_in_native, id=4080, stack(0x0000008d0a800000,0x0000008d0a900000)]
  0x000001e45b25db90 JavaThread "ClassGraph-worker-33" daemon [_thread_in_native, id=23788, stack(0x0000008d0a900000,0x0000008d0aa00000)]
  0x000001e45b25e5b0 JavaThread "ClassGraph-worker-34" daemon [_thread_in_Java, id=33776, stack(0x0000008d0aa00000,0x0000008d0ab00000)]
  0x000001e45b25f9f0 JavaThread "ClassGraph-worker-35" daemon [_thread_in_native, id=19436, stack(0x0000008d0ab00000,0x0000008d0ac00000)]
  0x000001e45b25eac0 JavaThread "ClassGraph-worker-36" daemon [_thread_in_native, id=29420, stack(0x0000008d0ac00000,0x0000008d0ad00000)]
  0x000001e45b25d170 JavaThread "ClassGraph-worker-37" daemon [_thread_in_native, id=4620, stack(0x0000008d0ad00000,0x0000008d0ae00000)]
  0x000001e45b25d680 JavaThread "ClassGraph-worker-38" daemon [_thread_in_native, id=5780, stack(0x0000008d0ae00000,0x0000008d0af00000)]
  0x000001e45b25efd0 JavaThread "ClassGraph-worker-39" daemon [_thread_in_native, id=27860, stack(0x0000008d0af00000,0x0000008d0b000000)]
  0x000001e45b260410 JavaThread "ClassGraph-worker-40" daemon [_thread_in_native, id=21784, stack(0x0000008d0b000000,0x0000008d0b100000)]
  0x000001e45b25bd30 JavaThread "ClassGraph-worker-41" daemon [_thread_in_native, id=21952, stack(0x0000008d0b100000,0x0000008d0b200000)]

Other Threads:
  0x000001e40fa68520 VMThread "VM Thread" [stack: 0x0000008d08300000,0x0000008d08400000] [id=11452]
  0x000001e40ff4ee40 WatcherThread [stack: 0x0000008d09100000,0x0000008d09200000] [id=35468]
  0x000001e46cf08270 GCTaskThread "GC Thread#0" [stack: 0x0000008d07e00000,0x0000008d07f00000] [id=3244]
  0x000001e45572db20 GCTaskThread "GC Thread#1" [stack: 0x0000008d09300000,0x0000008d09400000] [id=32956]
  0x000001e455d7efc0 GCTaskThread "GC Thread#2" [stack: 0x0000008d09400000,0x0000008d09500000] [id=31796]
  0x000001e45551bc30 GCTaskThread "GC Thread#3" [stack: 0x0000008d09500000,0x0000008d09600000] [id=30984]
  0x000001e455aa7850 GCTaskThread "GC Thread#4" [stack: 0x0000008d09600000,0x0000008d09700000] [id=35168]
  0x000001e45551cf20 GCTaskThread "GC Thread#5" [stack: 0x0000008d09700000,0x0000008d09800000] [id=29792]
  0x000001e455d47100 GCTaskThread "GC Thread#6" [stack: 0x0000008d09900000,0x0000008d09a00000] [id=16444]
  0x000001e455f6b730 GCTaskThread "GC Thread#7" [stack: 0x0000008d09a00000,0x0000008d09b00000] [id=6424]
  0x000001e46cf193e0 ConcurrentGCThread "G1 Main Marker" [stack: 0x0000008d07f00000,0x0000008d08000000] [id=4816]
  0x000001e46cf1bd10 ConcurrentGCThread "G1 Conc#0" [stack: 0x0000008d08000000,0x0000008d08100000] [id=31208]
  0x000001e4580f1810 ConcurrentGCThread "G1 Conc#1" [stack: 0x0000008d09800000,0x0000008d09900000] [id=18940]
  0x000001e40f924190 ConcurrentGCThread "G1 Refine#0" [stack: 0x0000008d08100000,0x0000008d08200000] [id=34084]
  0x000001e40f924870 ConcurrentGCThread "G1 Service" [stack: 0x0000008d08200000,0x0000008d08300000] [id=21412]

Threads with active compile tasks:
C2 CompilerThread0    10218 5531 % !   4       java.util.concurrent.ConcurrentHashMap::transfer @ 372 (849 bytes)
C2 CompilerThread1    10218 5538 %     4       nonapi.io.github.classgraph.fastzipfilereader.LogicalZipFile::parseManifest @ 967 (1070 bytes)
C2 CompilerThread2    10219 5501       4       java.lang.reflect.AccessibleObject::verifyAccess (55 bytes)

VM state: not at safepoint (normal execution)

VM Mutex/Monitor currently owned by a thread: None

Heap address: 0x0000000705000000, size: 4016 MB, Compressed Oops mode: Zero based, Oop shift amount: 3

CDS archive(s) mapped at: [0x000001e410000000-0x000001e410bd0000-0x000001e410bd0000), size 12386304, SharedBaseAddress: 0x000001e410000000, ArchiveRelocationMode: 1.
Compressed class space mapped at: 0x000001e411000000-0x000001e451000000, reserved size: 1073741824
Narrow klass base: 0x000001e410000000, Narrow klass shift: 0, Narrow klass range: 0x100000000

GC Precious Log:
 CPUs: 8 total, 8 available
 Memory: 16060M
 Large Page Support: Disabled
 NUMA Support: Disabled
 Compressed Oops: Enabled (Zero based)
 Heap Region Size: 2M
 Heap Min Capacity: 8M
 Heap Initial Capacity: 252M
 Heap Max Capacity: 4016M
 Pre-touch: Disabled
 Parallel Workers: 8
 Concurrent Workers: 2
 Concurrent Refinement Workers: 8
 Periodic GC: Disabled

Heap:
 garbage-first heap   total 90112K, used 51059K [0x0000000705000000, 0x0000000800000000)
  region size 2048K, 10 young (20480K), 3 survivors (6144K)
 Metaspace       used 63257K, committed 63808K, reserved 1114112K
  class space    used 8537K, committed 8768K, reserved 1048576K

Heap Regions: E=young(eden), S=young(survivor), O=old, HS=humongous(starts), HC=humongous(continues), CS=collection set, F=free, OA=open archive, CA=closed archive, TAMS=top-at-mark-start (previous, next)
|   0|0x0000000705000000, 0x0000000705200000, 0x0000000705200000|100%| O|  |TAMS 0x0000000705200000, 0x0000000705000000| Untracked 
|   1|0x0000000705200000, 0x0000000705400000, 0x0000000705400000|100%| O|  |TAMS 0x0000000705400000, 0x0000000705200000| Untracked 
|   2|0x0000000705400000, 0x0000000705600000, 0x0000000705600000|100%| O|  |TAMS 0x0000000705600000, 0x0000000705400000| Untracked 
|   3|0x0000000705600000, 0x0000000705800000, 0x0000000705800000|100%|HS|  |TAMS 0x0000000705800000, 0x0000000705600000| Complete 
|   4|0x0000000705800000, 0x0000000705a00000, 0x0000000705a00000|100%| O|  |TAMS 0x0000000705a00000, 0x0000000705800000| Untracked 
|   5|0x0000000705a00000, 0x0000000705c00000, 0x0000000705c00000|100%| O|  |TAMS 0x0000000705c00000, 0x0000000705a00000| Untracked 
|   6|0x0000000705c00000, 0x0000000705e00000, 0x0000000705e00000|100%| O|  |TAMS 0x0000000705e00000, 0x0000000705c00000| Untracked 
|   7|0x0000000705e00000, 0x0000000706000000, 0x0000000706000000|100%| O|  |TAMS 0x0000000706000000, 0x0000000705e00000| Untracked 
|   8|0x0000000706000000, 0x0000000706200000, 0x0000000706200000|100%| O|  |TAMS 0x0000000706200000, 0x0000000706000000| Untracked 
|   9|0x0000000706200000, 0x0000000706246200, 0x0000000706400000| 13%| O|  |TAMS 0x0000000706246200, 0x0000000706200000| Untracked 
|  10|0x0000000706400000, 0x0000000706600000, 0x0000000706600000|100%| O|  |TAMS 0x0000000706600000, 0x0000000706400000| Untracked 
|  11|0x0000000706600000, 0x0000000706800000, 0x0000000706800000|100%| O|  |TAMS 0x000000070671c200, 0x0000000706600000| Untracked 
|  12|0x0000000706800000, 0x0000000706a00000, 0x0000000706a00000|100%| O|  |TAMS 0x0000000706800000, 0x0000000706800000| Untracked 
|  13|0x0000000706a00000, 0x0000000706c00000, 0x0000000706c00000|100%| O|  |TAMS 0x0000000706a00000, 0x0000000706a00000| Untracked 
|  14|0x0000000706c00000, 0x0000000706e00000, 0x0000000706e00000|100%| O|  |TAMS 0x0000000706c00000, 0x0000000706c00000| Untracked 
|  15|0x0000000706e00000, 0x0000000707000000, 0x0000000707000000|100%| O|  |TAMS 0x0000000706e00000, 0x0000000706e00000| Untracked 
|  16|0x0000000707000000, 0x0000000707200000, 0x0000000707200000|100%| O|  |TAMS 0x0000000707000000, 0x0000000707000000| Untracked 
|  17|0x0000000707200000, 0x0000000707396c00, 0x0000000707400000| 79%| O|  |TAMS 0x0000000707200000, 0x0000000707200000| Untracked 
|  18|0x0000000707400000, 0x0000000707400000, 0x0000000707600000|  0%| F|  |TAMS 0x0000000707400000, 0x0000000707400000| Untracked 
|  19|0x0000000707600000, 0x0000000707600000, 0x0000000707800000|  0%| F|  |TAMS 0x0000000707600000, 0x0000000707600000| Untracked 
|  20|0x0000000707800000, 0x0000000707800000, 0x0000000707a00000|  0%| F|  |TAMS 0x0000000707800000, 0x0000000707800000| Untracked 
|  21|0x0000000707a00000, 0x0000000707a00000, 0x0000000707c00000|  0%| F|  |TAMS 0x0000000707a00000, 0x0000000707a00000| Untracked 
|  22|0x0000000707c00000, 0x0000000707c00000, 0x0000000707e00000|  0%| F|  |TAMS 0x0000000707c00000, 0x0000000707c00000| Untracked 
|  23|0x0000000707e00000, 0x0000000707e00000, 0x0000000708000000|  0%| F|  |TAMS 0x0000000707e00000, 0x0000000707e00000| Untracked 
|  24|0x0000000708000000, 0x0000000708000000, 0x0000000708200000|  0%| F|  |TAMS 0x0000000708000000, 0x0000000708000000| Untracked 
|  25|0x0000000708200000, 0x0000000708400000, 0x0000000708400000|100%| S|CS|TAMS 0x0000000708200000, 0x0000000708200000| Complete 
|  26|0x0000000708400000, 0x0000000708600000, 0x0000000708600000|100%| S|CS|TAMS 0x0000000708400000, 0x0000000708400000| Complete 
|  27|0x0000000708600000, 0x0000000708800000, 0x0000000708800000|100%| S|CS|TAMS 0x0000000708600000, 0x0000000708600000| Complete 
|  28|0x0000000708800000, 0x0000000708800000, 0x0000000708a00000|  0%| F|  |TAMS 0x0000000708800000, 0x0000000708800000| Untracked 
|  29|0x0000000708a00000, 0x0000000708a00000, 0x0000000708c00000|  0%| F|  |TAMS 0x0000000708a00000, 0x0000000708a00000| Untracked 
|  30|0x0000000708c00000, 0x0000000708c00000, 0x0000000708e00000|  0%| F|  |TAMS 0x0000000708c00000, 0x0000000708c00000| Untracked 
|  31|0x0000000708e00000, 0x0000000708e00000, 0x0000000709000000|  0%| F|  |TAMS 0x0000000708e00000, 0x0000000708e00000| Untracked 
|  32|0x0000000709000000, 0x0000000709000000, 0x0000000709200000|  0%| F|  |TAMS 0x0000000709000000, 0x0000000709000000| Untracked 
|  33|0x0000000709200000, 0x0000000709200000, 0x0000000709400000|  0%| F|  |TAMS 0x0000000709200000, 0x0000000709200000| Untracked 
|  34|0x0000000709400000, 0x0000000709400000, 0x0000000709600000|  0%| F|  |TAMS 0x0000000709400000, 0x0000000709400000| Untracked 
|  35|0x0000000709600000, 0x0000000709600000, 0x0000000709800000|  0%| F|  |TAMS 0x0000000709600000, 0x0000000709600000| Untracked 
|  36|0x0000000709800000, 0x00000007098d63b0, 0x0000000709a00000| 41%| E|  |TAMS 0x0000000709800000, 0x0000000709800000| Complete 
|  37|0x0000000709a00000, 0x0000000709c00000, 0x0000000709c00000|100%| E|CS|TAMS 0x0000000709a00000, 0x0000000709a00000| Complete 
|  38|0x0000000709c00000, 0x0000000709e00000, 0x0000000709e00000|100%| E|CS|TAMS 0x0000000709c00000, 0x0000000709c00000| Complete 
|  39|0x0000000709e00000, 0x000000070a000000, 0x000000070a000000|100%| E|CS|TAMS 0x0000000709e00000, 0x0000000709e00000| Complete 
|  40|0x000000070a000000, 0x000000070a200000, 0x000000070a200000|100%| E|CS|TAMS 0x000000070a000000, 0x000000070a000000| Complete 
|  41|0x000000070a200000, 0x000000070a400000, 0x000000070a400000|100%| E|CS|TAMS 0x000000070a200000, 0x000000070a200000| Complete 
|  42|0x000000070a400000, 0x000000070a600000, 0x000000070a600000|100%| E|CS|TAMS 0x000000070a400000, 0x000000070a400000| Complete 
| 125|0x0000000714a00000, 0x0000000714c00000, 0x0000000714c00000|100%| E|  |TAMS 0x0000000714a00000, 0x0000000714a00000| Complete 

Card table byte_map: [0x000001e475240000,0x000001e475a20000] _byte_map_base: 0x000001e471a18000

Marking Bits (Prev, Next): (CMBitMap*) 0x000001e46cf087d0, (CMBitMap*) 0x000001e46cf08790
 Prev Bits: [0x000001e47a0c0000, 0x000001e47df80000)
 Next Bits: [0x000001e476200000, 0x000001e47a0c0000)

Polling page: 0x000001e46ae30000

Metaspace:

Usage:
  Non-class:     53.45 MB used.
      Class:      8.34 MB used.
       Both:     61.78 MB used.

Virtual space:
  Non-class space:       64.00 MB reserved,      53.75 MB ( 84%) committed,  1 nodes.
      Class space:        1.00 GB reserved,       8.56 MB ( <1%) committed,  1 nodes.
             Both:        1.06 GB reserved,      62.31 MB (  6%) committed. 

Chunk freelists:
   Non-Class:  9.72 MB
       Class:  7.26 MB
        Both:  16.98 MB

MaxMetaspaceSize: unlimited
CompressedClassSpaceSize: 1.00 GB
Initial GC threshold: 21.00 MB
Current GC threshold: 98.88 MB
CDS: on
MetaspaceReclaimPolicy: balanced
 - commit_granule_bytes: 65536.
 - commit_granule_words: 8192.
 - virtual_space_node_default_size: 8388608.
 - enlarge_chunks_in_place: 1.
 - new_chunks_are_fully_committed: 0.
 - uncommit_free_chunks: 1.
 - use_allocation_guard: 0.
 - handle_deallocations: 1.


Internal statistics:

num_allocs_failed_limit: 9.
num_arena_births: 694.
num_arena_deaths: 0.
num_vsnodes_births: 2.
num_vsnodes_deaths: 0.
num_space_committed: 997.
num_space_uncommitted: 0.
num_chunks_returned_to_freelist: 9.
num_chunks_taken_from_freelist: 3000.
num_chunk_merges: 6.
num_chunk_splits: 2205.
num_chunks_enlarged: 1755.
num_inconsistent_stats: 0.

CodeHeap 'non-profiled nmethods': size=120000Kb used=3704Kb max_used=3704Kb free=116295Kb
 bounds [0x000001e407ad0000, 0x000001e407e70000, 0x000001e40f000000]
CodeHeap 'profiled nmethods': size=120000Kb used=9907Kb max_used=9907Kb free=110092Kb
 bounds [0x000001e400000000, 0x000001e4009e0000, 0x000001e407530000]
CodeHeap 'non-nmethods': size=5760Kb used=1345Kb max_used=1444Kb free=4414Kb
 bounds [0x000001e407530000, 0x000001e4077a0000, 0x000001e407ad0000]
 total_blobs=5480 nmethods=4810 adapters=582
 compilation: enabled
              stopped_count=0, restarted_count=0
 full_count=0

Compilation events (20 events):
Event: 10.116 Thread 0x000001e40fd88410 5510       4       java.lang.String::regionMatches (150 bytes)
Event: 10.116 Thread 0x000001e40fb758f0 nmethod 5516 0x000001e4000e3f10 code [0x000001e4000e4280, 0x000001e4000e53f8]
Event: 10.116 Thread 0x000001e40fb758f0 5517       3       java.net.URI::appendFragment (27 bytes)
Event: 10.117 Thread 0x000001e40fb758f0 nmethod 5517 0x000001e4000e3910 code [0x000001e4000e3ae0, 0x000001e4000e3da8]
Event: 10.118 Thread 0x000001e40fb758f0 5518       3       nonapi.io.github.classgraph.concurrency.WorkQueue$WorkUnitWrapper::<init> (10 bytes)
Event: 10.118 Thread 0x000001e40fb758f0 nmethod 5518 0x000001e4000e3510 code [0x000001e4000e36a0, 0x000001e4000e3858]
Event: 10.118 Thread 0x000001e40fb758f0 5519       3       java.util.AbstractQueue::add (20 bytes)
Event: 10.119 Thread 0x000001e40fb758f0 nmethod 5519 0x000001e4000e2f90 code [0x000001e4000e3140, 0x000001e4000e3418]
Event: 10.119 Thread 0x000001e40fb758f0 5521       3       jdk.internal.misc.Unsafe::weakCompareAndSetReference (11 bytes)
Event: 10.119 Thread 0x000001e40fb758f0 nmethod 5521 0x000001e400106e90 code [0x000001e400107020, 0x000001e400107198]
Event: 10.119 Thread 0x000001e40fb758f0 5520       3       java.lang.invoke.VarHandleReferences$FieldInstanceReadWrite::weakCompareAndSet (48 bytes)
Event: 10.119 Thread 0x000001e40fb758f0 nmethod 5520 0x000001e400423e10 code [0x000001e400424080, 0x000001e400424ad8]
Event: 10.120 Thread 0x000001e40fb758f0 5522       1       java.lang.Thread::getThreadGroup (5 bytes)
Event: 10.120 Thread 0x000001e40fb758f0 nmethod 5522 0x000001e407cff710 code [0x000001e407cff8a0, 0x000001e407cff978]
Event: 10.127 Thread 0x000001e40fb758f0 5523       3       nonapi.io.github.classgraph.concurrency.InterruptionChecker::getExecutionException (11 bytes)
Event: 10.127 Thread 0x000001e40fb758f0 nmethod 5523 0x000001e4000e2b10 code [0x000001e4000e2ca0, 0x000001e4000e2ed8]
Event: 10.127 Thread 0x000001e40fb758f0 5524       3       nonapi.io.github.classgraph.concurrency.InterruptionChecker::checkAndReturn (37 bytes)
Event: 10.128 Thread 0x000001e40fb758f0 nmethod 5524 0x000001e4000e2010 code [0x000001e4000e2200, 0x000001e4000e27e8]
Event: 10.128 Thread 0x000001e40fb758f0 5525       3       nonapi.io.github.classgraph.concurrency.InterruptionChecker::check (27 bytes)
Event: 10.128 Thread 0x000001e40fb758f0 nmethod 5525 0x000001e400423690 code [0x000001e400423860, 0x000001e400423c78]

GC Heap History (20 events):
Event: 2.544 GC heap before
{Heap before GC invocations=2 (full 0):
 garbage-first heap   total 258048K, used 64160K [0x0000000705000000, 0x0000000800000000)
  region size 2048K, 28 young (57344K), 1 survivors (2048K)
 Metaspace       used 19333K, committed 19584K, reserved 1114112K
  class space    used 2376K, committed 2496K, reserved 1048576K
}
Event: 2.549 GC heap after
{Heap after GC invocations=3 (full 0):
 garbage-first heap   total 258048K, used 13427K [0x0000000705000000, 0x0000000800000000)
  region size 2048K, 4 young (8192K), 4 survivors (8192K)
 Metaspace       used 19333K, committed 19584K, reserved 1114112K
  class space    used 2376K, committed 2496K, reserved 1048576K
}
Event: 2.834 GC heap before
{Heap before GC invocations=3 (full 0):
 garbage-first heap   total 258048K, used 25715K [0x0000000705000000, 0x0000000800000000)
  region size 2048K, 11 young (22528K), 4 survivors (8192K)
 Metaspace       used 21255K, committed 21504K, reserved 1114112K
  class space    used 2600K, committed 2752K, reserved 1048576K
}
Event: 2.841 GC heap after
{Heap after GC invocations=4 (full 0):
 garbage-first heap   total 258048K, used 14367K [0x0000000705000000, 0x0000000800000000)
  region size 2048K, 4 young (8192K), 4 survivors (8192K)
 Metaspace       used 21255K, committed 21504K, reserved 1114112K
  class space    used 2600K, committed 2752K, reserved 1048576K
}
Event: 3.839 GC heap before
{Heap before GC invocations=5 (full 0):
 garbage-first heap   total 61440K, used 43039K [0x0000000705000000, 0x0000000800000000)
  region size 2048K, 18 young (36864K), 4 survivors (8192K)
 Metaspace       used 25904K, committed 26240K, reserved 1114112K
  class space    used 3273K, committed 3456K, reserved 1048576K
}
Event: 3.852 GC heap after
{Heap after GC invocations=6 (full 0):
 garbage-first heap   total 61440K, used 17014K [0x0000000705000000, 0x0000000800000000)
  region size 2048K, 2 young (4096K), 2 survivors (4096K)
 Metaspace       used 25904K, committed 26240K, reserved 1114112K
  class space    used 3273K, committed 3456K, reserved 1048576K
}
Event: 3.923 GC heap before
{Heap before GC invocations=6 (full 0):
 garbage-first heap   total 61440K, used 19062K [0x0000000705000000, 0x0000000800000000)
  region size 2048K, 3 young (6144K), 2 survivors (4096K)
 Metaspace       used 26196K, committed 26624K, reserved 1114112K
  class space    used 3337K, committed 3520K, reserved 1048576K
}
Event: 3.930 GC heap after
{Heap after GC invocations=7 (full 0):
 garbage-first heap   total 61440K, used 17469K [0x0000000705000000, 0x0000000800000000)
  region size 2048K, 1 young (2048K), 1 survivors (2048K)
 Metaspace       used 26196K, committed 26624K, reserved 1114112K
  class space    used 3337K, committed 3520K, reserved 1048576K
}
Event: 4.739 GC heap before
{Heap before GC invocations=7 (full 0):
 garbage-first heap   total 61440K, used 39997K [0x0000000705000000, 0x0000000800000000)
  region size 2048K, 12 young (24576K), 1 survivors (2048K)
 Metaspace       used 31128K, committed 31552K, reserved 1114112K
  class space    used 3910K, committed 4096K, reserved 1048576K
}
Event: 4.750 GC heap after
{Heap after GC invocations=8 (full 0):
 garbage-first heap   total 61440K, used 18478K [0x0000000705000000, 0x0000000800000000)
  region size 2048K, 1 young (2048K), 1 survivors (2048K)
 Metaspace       used 31128K, committed 31552K, reserved 1114112K
  class space    used 3910K, committed 4096K, reserved 1048576K
}
Event: 5.492 GC heap before
{Heap before GC invocations=8 (full 0):
 garbage-first heap   total 61440K, used 36910K [0x0000000705000000, 0x0000000800000000)
  region size 2048K, 11 young (22528K), 1 survivors (2048K)
 Metaspace       used 35567K, committed 35968K, reserved 1114112K
  class space    used 4458K, committed 4672K, reserved 1048576K
}
Event: 5.498 GC heap after
{Heap after GC invocations=9 (full 0):
 garbage-first heap   total 159744K, used 22040K [0x0000000705000000, 0x0000000800000000)
  region size 2048K, 2 young (4096K), 2 survivors (4096K)
 Metaspace       used 35567K, committed 35968K, reserved 1114112K
  class space    used 4458K, committed 4672K, reserved 1048576K
}
Event: 7.352 GC heap before
{Heap before GC invocations=10 (full 0):
 garbage-first heap   total 90112K, used 71192K [0x0000000705000000, 0x0000000800000000)
  region size 2048K, 26 young (53248K), 2 survivors (4096K)
 Metaspace       used 46494K, committed 46976K, reserved 1114112K
  class space    used 6040K, committed 6272K, reserved 1048576K
}
Event: 7.358 GC heap after
{Heap after GC invocations=11 (full 0):
 garbage-first heap   total 90112K, used 24276K [0x0000000705000000, 0x0000000800000000)
  region size 2048K, 3 young (6144K), 3 survivors (6144K)
 Metaspace       used 46494K, committed 46976K, reserved 1114112K
  class space    used 6040K, committed 6272K, reserved 1048576K
}
Event: 8.299 GC heap before
{Heap before GC invocations=11 (full 0):
 garbage-first heap   total 90112K, used 67284K [0x0000000705000000, 0x0000000800000000)
  region size 2048K, 24 young (49152K), 3 survivors (6144K)
 Metaspace       used 57157K, committed 57664K, reserved 1114112K
  class space    used 7657K, committed 7872K, reserved 1048576K
}
Event: 8.305 GC heap after
{Heap after GC invocations=12 (full 0):
 garbage-first heap   total 90112K, used 26457K [0x0000000705000000, 0x0000000800000000)
  region size 2048K, 3 young (6144K), 3 survivors (6144K)
 Metaspace       used 57157K, committed 57664K, reserved 1114112K
  class space    used 7657K, committed 7872K, reserved 1048576K
}
Event: 8.771 GC heap before
{Heap before GC invocations=12 (full 0):
 garbage-first heap   total 90112K, used 51033K [0x0000000705000000, 0x0000000800000000)
  region size 2048K, 16 young (32768K), 3 survivors (6144K)
 Metaspace       used 59920K, committed 60416K, reserved 1114112K
  class space    used 8077K, committed 8320K, reserved 1048576K
}
Event: 8.777 GC heap after
{Heap after GC invocations=13 (full 0):
 garbage-first heap   total 90112K, used 28232K [0x0000000705000000, 0x0000000800000000)
  region size 2048K, 3 young (6144K), 3 survivors (6144K)
 Metaspace       used 59920K, committed 60416K, reserved 1114112K
  class space    used 8077K, committed 8320K, reserved 1048576K
}
Event: 9.661 GC heap before
{Heap before GC invocations=14 (full 0):
 garbage-first heap   total 90112K, used 63048K [0x0000000705000000, 0x0000000800000000)
  region size 2048K, 21 young (43008K), 3 survivors (6144K)
 Metaspace       used 63024K, committed 63552K, reserved 1114112K
  class space    used 8523K, committed 8768K, reserved 1048576K
}
Event: 9.676 GC heap after
{Heap after GC invocations=15 (full 0):
 garbage-first heap   total 90112K, used 33318K [0x0000000705000000, 0x0000000800000000)
  region size 2048K, 3 young (6144K), 3 survivors (6144K)
 Metaspace       used 63024K, committed 63552K, reserved 1114112K
  class space    used 8523K, committed 8768K, reserved 1048576K
}

Deoptimization events (20 events):
Event: 9.557 Thread 0x000001e45b25cc60 Uncommon trap: trap_request=0xffffffbe fr.pc=0x000001e407bf3df8 relative=0x0000000000000358
Event: 9.557 Thread 0x000001e45b25cc60 Uncommon trap: reason=profile_predicate action=maybe_recompile pc=0x000001e407bf3df8 method=nonapi.io.github.classgraph.utils.FileUtils.sanitizeEntryPath(Ljava/lang/String;ZZ)Ljava/lang/String; @ 53 c2
Event: 9.557 Thread 0x000001e45b25cc60 DEOPT PACKING pc=0x000001e407bf3df8 sp=0x0000008d0b1fe3c0
Event: 9.557 Thread 0x000001e45b25cc60 DEOPT UNPACKING pc=0x000001e407585ba3 sp=0x0000008d0b1fe338 mode 2
Event: 9.557 Thread 0x000001e45b25cc60 Uncommon trap: trap_request=0xffffffbe fr.pc=0x000001e407bf3df8 relative=0x0000000000000358
Event: 9.557 Thread 0x000001e45b25cc60 Uncommon trap: reason=profile_predicate action=maybe_recompile pc=0x000001e407bf3df8 method=nonapi.io.github.classgraph.utils.FileUtils.sanitizeEntryPath(Ljava/lang/String;ZZ)Ljava/lang/String; @ 53 c2
Event: 9.557 Thread 0x000001e45b25cc60 DEOPT PACKING pc=0x000001e407bf3df8 sp=0x0000008d0b1fe3c0
Event: 9.557 Thread 0x000001e45b25cc60 DEOPT UNPACKING pc=0x000001e407585ba3 sp=0x0000008d0b1fe338 mode 2
Event: 9.557 Thread 0x000001e45b25cc60 Uncommon trap: trap_request=0xffffffbe fr.pc=0x000001e407bf3df8 relative=0x0000000000000358
Event: 9.557 Thread 0x000001e45b25cc60 Uncommon trap: reason=profile_predicate action=maybe_recompile pc=0x000001e407bf3df8 method=nonapi.io.github.classgraph.utils.FileUtils.sanitizeEntryPath(Ljava/lang/String;ZZ)Ljava/lang/String; @ 53 c2
Event: 9.557 Thread 0x000001e45b25cc60 DEOPT PACKING pc=0x000001e407bf3df8 sp=0x0000008d0b1fe3c0
Event: 9.557 Thread 0x000001e45b25cc60 DEOPT UNPACKING pc=0x000001e407585ba3 sp=0x0000008d0b1fe338 mode 2
Event: 9.956 Thread 0x000001e45b25e0a0 DEOPT PACKING pc=0x000001e400634eef sp=0x0000008d0abfdff0
Event: 9.956 Thread 0x000001e45b25e0a0 DEOPT UNPACKING pc=0x000001e4075866e3 sp=0x0000008d0abfd570 mode 0
Event: 10.068 Thread 0x000001e46ce9a650 Uncommon trap: trap_request=0xffffffde fr.pc=0x000001e407bc5bdc relative=0x000000000000103c
Event: 10.068 Thread 0x000001e46ce9a650 Uncommon trap: reason=class_check action=maybe_recompile pc=0x000001e407bc5bdc method=java.util.Properties$LineReader.readLine()I @ 479 c2
Event: 10.068 Thread 0x000001e46ce9a650 DEOPT PACKING pc=0x000001e407bc5bdc sp=0x0000008d07dfa770
Event: 10.068 Thread 0x000001e46ce9a650 DEOPT UNPACKING pc=0x000001e407585ba3 sp=0x0000008d07dfa708 mode 2
Event: 10.096 Thread 0x000001e46ce9a650 DEOPT PACKING pc=0x000001e4004a98fd sp=0x0000008d07dfa1d0
Event: 10.096 Thread 0x000001e46ce9a650 DEOPT UNPACKING pc=0x000001e4075866e3 sp=0x0000008d07df96c8 mode 0

Classes unloaded (0 events):
No events

Classes redefined (0 events):
No events

Internal exceptions (20 events):
Event: 10.125 Thread 0x000001e4586a2d60 Exception <a 'sun/nio/fs/WindowsException'{0x0000000708817988}> (0x0000000708817988) 
thrown [s\open\src\hotspot\share\prims\jni.cpp, line 516]
Event: 10.125 Thread 0x000001e4586a2d60 Exception <a 'sun/nio/fs/WindowsException'{0x0000000708817c78}> (0x0000000708817c78) 
thrown [s\open\src\hotspot\share\prims\jni.cpp, line 516]
Event: 10.125 Thread 0x000001e45b262270 Exception <a 'sun/nio/fs/WindowsException'{0x0000000708829e08}> (0x0000000708829e08) 
thrown [s\open\src\hotspot\share\prims\jni.cpp, line 516]
Event: 10.125 Thread 0x000001e4586a2d60 Exception <a 'sun/nio/fs/WindowsException'{0x0000000708818578}> (0x0000000708818578) 
thrown [s\open\src\hotspot\share\prims\jni.cpp, line 516]
Event: 10.125 Thread 0x000001e4586a2d60 Exception <a 'sun/nio/fs/WindowsException'{0x0000000708818830}> (0x0000000708818830) 
thrown [s\open\src\hotspot\share\prims\jni.cpp, line 516]
Event: 10.126 Thread 0x000001e4586a2d60 Exception <a 'sun/nio/fs/WindowsException'{0x0000000708819140}> (0x0000000708819140) 
thrown [s\open\src\hotspot\share\prims\jni.cpp, line 516]
Event: 10.126 Thread 0x000001e4586a2d60 Exception <a 'sun/nio/fs/WindowsException'{0x0000000708819410}> (0x0000000708819410) 
thrown [s\open\src\hotspot\share\prims\jni.cpp, line 516]
Event: 10.126 Thread 0x000001e4586a2d60 Exception <a 'sun/nio/fs/WindowsException'{0x0000000708819d20}> (0x0000000708819d20) 
thrown [s\open\src\hotspot\share\prims\jni.cpp, line 516]
Event: 10.126 Thread 0x000001e4586a2d60 Exception <a 'sun/nio/fs/WindowsException'{0x0000000708819fe0}> (0x0000000708819fe0) 
thrown [s\open\src\hotspot\share\prims\jni.cpp, line 516]
Event: 10.126 Thread 0x000001e4586a2d60 Exception <a 'sun/nio/fs/WindowsException'{0x000000070881a8f0}> (0x000000070881a8f0) 
thrown [s\open\src\hotspot\share\prims\jni.cpp, line 516]
Event: 10.126 Thread 0x000001e4586a2d60 Exception <a 'sun/nio/fs/WindowsException'{0x000000070881abc0}> (0x000000070881abc0) 
thrown [s\open\src\hotspot\share\prims\jni.cpp, line 516]
Event: 10.127 Thread 0x000001e4586a2d60 Exception <a 'sun/nio/fs/WindowsException'{0x000000070881b4f8}> (0x000000070881b4f8) 
thrown [s\open\src\hotspot\share\prims\jni.cpp, line 516]
Event: 10.127 Thread 0x000001e4586a2d60 Exception <a 'sun/nio/fs/WindowsException'{0x000000070881b7e8}> (0x000000070881b7e8) 
thrown [s\open\src\hotspot\share\prims\jni.cpp, line 516]
Event: 10.127 Thread 0x000001e4586a2d60 Exception <a 'sun/nio/fs/WindowsException'{0x000000070881c130}> (0x000000070881c130) 
thrown [s\open\src\hotspot\share\prims\jni.cpp, line 516]
Event: 10.127 Thread 0x000001e4586a2d60 Exception <a 'sun/nio/fs/WindowsException'{0x000000070881c430}> (0x000000070881c430) 
thrown [s\open\src\hotspot\share\prims\jni.cpp, line 516]
Event: 10.127 Thread 0x000001e4586a2d60 Exception <a 'sun/nio/fs/WindowsException'{0x000000070881cd68}> (0x000000070881cd68) 
thrown [s\open\src\hotspot\share\prims\jni.cpp, line 516]
Event: 10.127 Thread 0x000001e4586a2d60 Exception <a 'sun/nio/fs/WindowsException'{0x000000070881d068}> (0x000000070881d068) 
thrown [s\open\src\hotspot\share\prims\jni.cpp, line 516]
Event: 10.128 Thread 0x000001e45b262270 Exception <a 'sun/nio/fs/WindowsException'{0x000000070882a100}> (0x000000070882a100) 
thrown [s\open\src\hotspot\share\prims\jni.cpp, line 516]
Event: 10.130 Thread 0x000001e45b262270 Exception <a 'sun/nio/fs/WindowsException'{0x000000070882aa10}> (0x000000070882aa10) 
thrown [s\open\src\hotspot\share\prims\jni.cpp, line 516]
Event: 10.130 Thread 0x000001e45b262270 Exception <a 'sun/nio/fs/WindowsException'{0x000000070882acd0}> (0x000000070882acd0) 
thrown [s\open\src\hotspot\share\prims\jni.cpp, line 516]

VM Operations (20 events):
Event: 8.663 Executing VM operation: HandshakeAllThreads
Event: 8.663 Executing VM operation: HandshakeAllThreads done
Event: 8.771 Executing VM operation: CollectForMetadataAllocation
Event: 8.777 Executing VM operation: CollectForMetadataAllocation done
Event: 8.809 Executing VM operation: G1Concurrent
Event: 8.814 Executing VM operation: G1Concurrent done
Event: 8.825 Executing VM operation: G1Concurrent
Event: 8.826 Executing VM operation: G1Concurrent done
Event: 8.849 Executing VM operation: HandshakeAllThreads
Event: 8.849 Executing VM operation: HandshakeAllThreads done
Event: 9.067 Executing VM operation: HandshakeAllThreads
Event: 9.067 Executing VM operation: HandshakeAllThreads done
Event: 9.105 Executing VM operation: HandshakeAllThreads
Event: 9.105 Executing VM operation: HandshakeAllThreads done
Event: 9.105 Executing VM operation: HandshakeAllThreads
Event: 9.106 Executing VM operation: HandshakeAllThreads done
Event: 9.660 Executing VM operation: G1CollectForAllocation
Event: 9.677 Executing VM operation: G1CollectForAllocation done
Event: 10.048 Executing VM operation: HandshakeAllThreads
Event: 10.048 Executing VM operation: HandshakeAllThreads done

Events (20 events):
Event: 10.067 Thread 0x000001e45b25e0a0 Thread exited: 0x000001e45b25e0a0
Event: 10.067 Thread 0x000001e45b25e5b0 Thread exited: 0x000001e45b25e5b0
Event: 10.067 Thread 0x000001e45b25cc60 Thread exited: 0x000001e45b25cc60
Event: 10.067 Thread 0x000001e45b260e30 Thread exited: 0x000001e45b260e30
Event: 10.067 Thread 0x000001e45b261850 Thread exited: 0x000001e45b261850
Event: 10.067 Thread 0x000001e4586a2d60 Thread exited: 0x000001e4586a2d60
Event: 10.117 Thread 0x000001e4586a2850 Thread added: 0x000001e4586a2850
Event: 10.118 Thread 0x000001e4586a2d60 Thread added: 0x000001e4586a2d60
Event: 10.118 Thread 0x000001e45b262270 Thread added: 0x000001e45b262270
Event: 10.118 Thread 0x000001e45b25f4e0 Thread added: 0x000001e45b25f4e0
Event: 10.120 Thread 0x000001e45b25ff00 Thread added: 0x000001e45b25ff00
Event: 10.120 Thread 0x000001e45b25db90 Thread added: 0x000001e45b25db90
Event: 10.120 Thread 0x000001e45b25e5b0 Thread added: 0x000001e45b25e5b0
Event: 10.120 Thread 0x000001e45b25f9f0 Thread added: 0x000001e45b25f9f0
Event: 10.120 Thread 0x000001e45b25eac0 Thread added: 0x000001e45b25eac0
Event: 10.120 Thread 0x000001e45b25d170 Thread added: 0x000001e45b25d170
Event: 10.120 Thread 0x000001e45b25d680 Thread added: 0x000001e45b25d680
Event: 10.122 Thread 0x000001e45b25efd0 Thread added: 0x000001e45b25efd0
Event: 10.122 Thread 0x000001e45b260410 Thread added: 0x000001e45b260410
Event: 10.122 Thread 0x000001e45b25bd30 Thread added: 0x000001e45b25bd30


Dynamic libraries:
0x00007ff7180d0000 - 0x00007ff7180e0000 	C:\Program Files\Java\jdk-17\bin\java.exe
0x00007ffb709f0000 - 0x00007ffb70c06000 	C:\WINDOWS\SYSTEM32\ntdll.dll
0x00007ffb70310000 - 0x00007ffb703d4000 	C:\WINDOWS\System32\KERNEL32.DLL
0x00007ffb6e0b0000 - 0x00007ffb6e457000 	C:\WINDOWS\System32\KERNELBASE.dll
0x00007ffb6dd10000 - 0x00007ffb6de21000 	C:\WINDOWS\System32\ucrtbase.dll
0x00007ffb4ed90000 - 0x00007ffb4edab000 	C:\Program Files\Java\jdk-17\bin\VCRUNTIME140.dll
0x00007ffb4f2e0000 - 0x00007ffb4f2f9000 	C:\Program Files\Java\jdk-17\bin\jli.dll
0x00007ffb708f0000 - 0x00007ffb709a2000 	C:\WINDOWS\System32\ADVAPI32.dll
0x00007ffb6f160000 - 0x00007ffb6f207000 	C:\WINDOWS\System32\msvcrt.dll
0x00007ffb6f3d0000 - 0x00007ffb6f478000 	C:\WINDOWS\System32\sechost.dll
0x00007ffb6def0000 - 0x00007ffb6df18000 	C:\WINDOWS\System32\bcrypt.dll
0x00007ffb70180000 - 0x00007ffb70295000 	C:\WINDOWS\System32\RPCRT4.dll
0x00007ffb70610000 - 0x00007ffb707be000 	C:\WINDOWS\System32\USER32.dll
0x00007ffb6e460000 - 0x00007ffb6e486000 	C:\WINDOWS\System32\win32u.dll
0x00007ffb6e720000 - 0x00007ffb6e749000 	C:\WINDOWS\System32\GDI32.dll
0x00007ffb6e600000 - 0x00007ffb6e719000 	C:\WINDOWS\System32\gdi32full.dll
0x00007ffb6e010000 - 0x00007ffb6e0aa000 	C:\WINDOWS\System32\msvcp_win.dll
0x00007ffb533c0000 - 0x00007ffb53653000 	C:\WINDOWS\WinSxS\amd64_microsoft.windows.common-controls_6595b64144ccf1df_6.0.22621.3235_none_270f74e173860f98\COMCTL32.dll
0x00007ffb62590000 - 0x00007ffb6259a000 	C:\WINDOWS\SYSTEM32\VERSION.dll
0x00007ffb6f390000 - 0x00007ffb6f3c1000 	C:\WINDOWS\System32\IMM32.DLL
0x00007ffb662b0000 - 0x00007ffb662bc000 	C:\Program Files\Java\jdk-17\bin\vcruntime140_1.dll
0x00007ffb4b550000 - 0x00007ffb4b5de000 	C:\Program Files\Java\jdk-17\bin\msvcp140.dll
0x00007ffae9a10000 - 0x00007ffaea5ef000 	C:\Program Files\Java\jdk-17\bin\server\jvm.dll
0x00007ffb70470000 - 0x00007ffb70478000 	C:\WINDOWS\System32\PSAPI.DLL
0x00007ffb5bcf0000 - 0x00007ffb5bd24000 	C:\WINDOWS\SYSTEM32\WINMM.dll
0x00007ffb4f280000 - 0x00007ffb4f289000 	C:\WINDOWS\SYSTEM32\WSOCK32.dll
0x00007ffb70870000 - 0x00007ffb708e1000 	C:\WINDOWS\System32\WS2_32.dll
0x00007ffb6ce10000 - 0x00007ffb6ce28000 	C:\WINDOWS\SYSTEM32\kernel.appcore.dll
0x00007ffb551d0000 - 0x00007ffb551da000 	C:\Program Files\Java\jdk-17\bin\jimage.dll
0x00007ffb6b6a0000 - 0x00007ffb6b8d3000 	C:\WINDOWS\SYSTEM32\DBGHELP.DLL
0x00007ffb6f7b0000 - 0x00007ffb6fb38000 	C:\WINDOWS\System32\combase.dll
0x00007ffb70480000 - 0x00007ffb70557000 	C:\WINDOWS\System32\OLEAUT32.dll
0x00007ffb50680000 - 0x00007ffb506b2000 	C:\WINDOWS\SYSTEM32\dbgcore.DLL
0x00007ffb6df90000 - 0x00007ffb6e009000 	C:\WINDOWS\System32\bcryptPrimitives.dll
0x00007ffb551c0000 - 0x00007ffb551ce000 	C:\Program Files\Java\jdk-17\bin\instrument.dll
0x00007ffb4e530000 - 0x00007ffb4e555000 	C:\Program Files\Java\jdk-17\bin\java.dll
0x00007ffb33260000 - 0x00007ffb33337000 	C:\Program Files\Java\jdk-17\bin\jsvml.dll
0x00007ffb6e750000 - 0x00007ffb6efac000 	C:\WINDOWS\System32\SHELL32.dll
0x00007ffb6bc30000 - 0x00007ffb6c529000 	C:\WINDOWS\SYSTEM32\windows.storage.dll
0x00007ffb6baf0000 - 0x00007ffb6bc2e000 	C:\WINDOWS\SYSTEM32\wintypes.dll
0x00007ffb6f490000 - 0x00007ffb6f583000 	C:\WINDOWS\System32\SHCORE.dll
0x00007ffb6ffc0000 - 0x00007ffb7001e000 	C:\WINDOWS\System32\shlwapi.dll
0x00007ffb6dc40000 - 0x00007ffb6dc61000 	C:\WINDOWS\SYSTEM32\profapi.dll
0x00007ffb4e130000 - 0x00007ffb4e148000 	C:\Program Files\Java\jdk-17\bin\zip.dll
0x00007ffb4e170000 - 0x00007ffb4e189000 	C:\Program Files\Java\jdk-17\bin\net.dll
0x00007ffb63490000 - 0x00007ffb635c6000 	C:\WINDOWS\SYSTEM32\WINHTTP.dll
0x00007ffb6d2b0000 - 0x00007ffb6d319000 	C:\WINDOWS\system32\mswsock.dll
0x00007ffb4e150000 - 0x00007ffb4e166000 	C:\Program Files\Java\jdk-17\bin\nio.dll
0x00007ffb6a430000 - 0x00007ffb6a44a000 	C:\Program Files\JetBrains\IntelliJ IDEA 2024.1\bin\breakgen64.dll
0x00007ffb4f2a0000 - 0x00007ffb4f2ae000 	C:\Program Files\Java\jdk-17\bin\sunmscapi.dll
0x00007ffb6e490000 - 0x00007ffb6e5f7000 	C:\WINDOWS\System32\CRYPT32.dll
0x00007ffb6d6b0000 - 0x00007ffb6d6de000 	C:\WINDOWS\SYSTEM32\ncrypt.dll
0x00007ffb6d670000 - 0x00007ffb6d6a7000 	C:\WINDOWS\SYSTEM32\NTASN1.dll
0x00007ffb6d510000 - 0x00007ffb6d52b000 	C:\WINDOWS\SYSTEM32\CRYPTSP.dll
0x00007ffb6cd70000 - 0x00007ffb6cda5000 	C:\WINDOWS\system32\rsaenh.dll
0x00007ffb6d3b0000 - 0x00007ffb6d3d8000 	C:\WINDOWS\SYSTEM32\USERENV.dll
0x00007ffb6d530000 - 0x00007ffb6d53c000 	C:\WINDOWS\SYSTEM32\CRYPTBASE.dll
0x00007ffb6c800000 - 0x00007ffb6c82d000 	C:\WINDOWS\SYSTEM32\IPHLPAPI.DLL
0x00007ffb6f590000 - 0x00007ffb6f599000 	C:\WINDOWS\System32\NSI.dll
0x00007ffb63330000 - 0x00007ffb63349000 	C:\WINDOWS\SYSTEM32\dhcpcsvc6.DLL
0x00007ffb63310000 - 0x00007ffb6332f000 	C:\WINDOWS\SYSTEM32\dhcpcsvc.DLL
0x00007ffb6c870000 - 0x00007ffb6c969000 	C:\WINDOWS\SYSTEM32\DNSAPI.dll
0x00007ffb4f640000 - 0x00007ffb4f64a000 	C:\Program Files\Java\jdk-17\bin\management.dll
0x00007ffb4f630000 - 0x00007ffb4f63b000 	C:\Program Files\Java\jdk-17\bin\management_ext.dll
0x00007ffb50bf0000 - 0x00007ffb50c00000 	C:\Program Files\Java\jdk-17\bin\verify.dll

dbghelp: loaded successfully - version: 4.0.5 - missing functions: none
symbol engine: initialized successfully - sym options: 0x614 - pdb path: .;C:\Program Files\Java\jdk-17\bin;C:\WINDOWS\SYSTEM32;C:\WINDOWS\WinSxS\amd64_microsoft.windows.common-controls_6595b64144ccf1df_6.0.22621.3235_none_270f74e173860f98;C:\Program Files\Java\jdk-17\bin\server;C:\Program Files\JetBrains\IntelliJ IDEA 2024.1\bin

VM Arguments:
jvm_args: -javaagent:C:\Program Files\JetBrains\IntelliJ IDEA 2024.1\lib\idea_rt.jar=53612:C:\Program Files\JetBrains\IntelliJ IDEA 2024.1\bin -Dfile.encoding=UTF-8 
java_command: com.example.ATM_Backend.AtmBackendApplication
java_class_path (initial): C:\Users\Kangyeon\Desktop\ATM_Backend\out\production\classes;C:\Users\Kangyeon\Desktop\ATM_Backend\out\production\resources;C:\Users\Kangyeon\.gradle\caches\modules-2\files-2.1\org.springframework.boot\spring-boot-starter-data-jpa\3.2.4\d8c5f393d9b18d96021b3e02d80e4356c5cbe0f7\spring-boot-starter-data-jpa-3.2.4.jar;C:\Users\Kangyeon\.gradle\caches\modules-2\files-2.1\org.springframework.boot\spring-boot-starter-security\3.2.4\a1b9f09832c42c6c079be67bf3e7989c54a338ff\spring-boot-starter-security-3.2.4.jar;C:\Users\Kangyeon\.gradle\caches\modules-2\files-2.1\org.springframework.boot\spring-boot-starter-web\3.2.4\a74df12b71060da7c8e87f9a8c2ef4ea43fc8017\spring-boot-starter-web-3.2.4.jar;C:\Users\Kangyeon\.gradle\caches\modules-2\files-2.1\org.springframework.boot\spring-boot-starter-thymeleaf\3.2.4\db900acbd0bbeb7a8682fe6aeb477d17fe501ac1\spring-boot-starter-thymeleaf-3.2.4.jar;C:\Users\Kangyeon\.gradle\caches\modules-2\files-2.1\org.thymeleaf.extras\thymeleaf-extras-springsecurity6\3.1.2.RELEASE\574c188eb147191e2f162419e9fc780fcf3256d7\thymeleaf-extras-springsecurity6-3.1.2.RELEASE.jar;C:\Users\Kangyeon\.gradle\caches\modules-2\files-2.1\org.springdoc\springdoc-openapi-starter-webmvc-ui\2.0.2\264da79c9d4a53feab8c5c6d0e0cb143bd099d4\springdoc-openapi-starter-webmvc-ui-2.0.2.jar;C:\Users\Kangyeon\.gradle\caches\modules-2\files-2.1\jakarta.validation\jakarta.validation-api\3.0.0\8c8eecc40da64037d7731356511c568d466f8480\jakarta.validation-api-3.0.0.jar;C:\Users\Kangyeon\.gradle\caches\modules-2\files-2.1\mysql\mysql-connector-java\8.0.26\e5ec6610020a3084b7d32ee725d1650176f6b3de\mysql-connector-java-8.0.26.jar;C:\Users\Kangyeon\.gradle\caches\modules-2\files-2.1\io.jsonwebtoken\jjwt-api\0.11.5\f742940045619d06383e7df37b21ac422b476cf1\jjwt-api-0.11.5.jar;C:\Users\Kangyeon\.gradle\caches\modules-2\files-2.1\org.springframework.boot\spring-boot-starter-aop\3.2.4\11aedc0a23c43947608f2122eed08eabe5e2994c\spring-boot-starter-aop-3.2.4.jar;C:\Users\Ka
Launcher Type: SUN_STANDARD

[Global flags]
     intx CICompilerCount                          = 4                                         {product} {ergonomic}
     uint ConcGCThreads                            = 2                                         {product} {ergonomic}
     uint G1ConcRefinementThreads                  = 8                                         {product} {ergonomic}
   size_t G1HeapRegionSize                         = 2097152                                   {product} {ergonomic}
    uintx GCDrainStackTargetSize                   = 64                                        {product} {ergonomic}
   size_t InitialHeapSize                          = 264241152                                 {product} {ergonomic}
   size_t MarkStackSize                            = 4194304                                   {product} {ergonomic}
   size_t MaxHeapSize                              = 4211081216                                {product} {ergonomic}
   size_t MaxNewSize                               = 2524971008                                {product} {ergonomic}
   size_t MinHeapDeltaBytes                        = 2097152                                   {product} {ergonomic}
   size_t MinHeapSize                              = 8388608                                   {product} {ergonomic}
    uintx NonNMethodCodeHeapSize                   = 5839372                                {pd product} {ergonomic}
    uintx NonProfiledCodeHeapSize                  = 122909434                              {pd product} {ergonomic}
    uintx ProfiledCodeHeapSize                     = 122909434                              {pd product} {ergonomic}
    uintx ReservedCodeCacheSize                    = 251658240                              {pd product} {ergonomic}
     bool SegmentedCodeCache                       = true                                      {product} {ergonomic}
   size_t SoftMaxHeapSize                          = 4211081216                             {manageable} {ergonomic}
     bool UseCompressedClassPointers               = true                           {product lp64_product} {ergonomic}
     bool UseCompressedOops                        = true                           {product lp64_product} {ergonomic}
     bool UseG1GC                                  = true                                      {product} {ergonomic}
     bool UseLargePagesIndividualAllocation        = false                                  {pd product} {ergonomic}

Logging:
Log output configuration:
 #0: stdout all=warning uptime,level,tags
 #1: stderr all=off uptime,level,tags

Environment Variables:
JAVA_HOME=C:\Program Files\Java\jdk-17
PATH=C:\Program Files\Common Files\Oracle\Java\javapath;C:\Program Files (x86)\VMware\VMware Workstation\bin\;C:\windows\system32;C:\windows;C:\windows\System32\Wbem;C:\windows\System32\WindowsPowerShell\v1.0\;C:\windows\System32\OpenSSH\;C:\Program Files (x86)\NVIDIA Corporation\PhysX\Common;C:\Program Files\NVIDIA Corporation\NVIDIA NvDLISR;C:\WINDOWS\system32;C:\WINDOWS;C:\WINDOWS\System32\Wbem;C:\WINDOWS\System32\WindowsPowerShell\v1.0\;C:\WINDOWS\System32\OpenSSH\;C:\Users\±è°­¿¬\AppData\Local\Microsoft\WindowsApps;C:\Program Files\MySQL\MySQL Server 8.0\bin;Users\±è°­¿¬\AppData\Roaming\npm;c:;python27;C:\WINDOWS\system32;C:\WINDOWS;C:\WINDOWS\System32\Wbem;C:\WINDOWS\System32\WindowsPowerShell\v1.0\;C:\WINDOWS\System32\OpenSSH\;C:\Users\Kangyeon\AppData\Local\Programs\Python\Python39;C:\Users\Kangyeon\AppData\Local\Programs\Python\Python39\Scripts;C:\Program Files\Git\cmd;C:\Program Files (x86)\Windows Kits\10\Windows Performance Toolkit\;C:\Program Files\Bandizip\;C:\Program Files\Java\jdk-17\bin;C:\Program Files\nodejs\;C:\Program Files\PuTTY\;C:\Program Files\MySQL\MySQL Shell 8.0\bin\;C:\Users\Kangyeon\AppData\Local\Microsoft\WindowsApps;C:\Users\±è°­¿¬\AppData\Roaming\npm;C:\Users\Kangyeon\AppData\Local\JetBrains\Toolbox\scripts;C:\Users\Kangyeon\AppData\Local\Microsoft\WindowsApps;C:\Users\Kangyeon\AppData\Local\Programs\Microsoft VS Code\bin;C:\Users\Kangyeon\AppData\Roaming\npm;C:\Program Files\JetBrains\IntelliJ IDEA 2024.1\bin;
USERNAME=±è°­¿¬
OS=Windows_NT
PROCESSOR_IDENTIFIER=Intel64 Family 6 Model 140 Stepping 1, GenuineIntel



---------------  S Y S T E M  ---------------

OS:
 Windows 11 , 64 bit Build 22621 (10.0.22621.3374)
OS uptime: 1 days 20:05 hours
Hyper-V role detected

CPU: total 8 (initial active 8) (4 cores per cpu, 2 threads per core) family 6 model 140 stepping 1 microcode 0xb4, cx8, cmov, fxsr, ht, mmx, 3dnowpref, sse, sse2, sse3, ssse3, sse4.1, sse4.2, popcnt, lzcnt, tsc, tscinvbit, avx, avx2, aes, erms, clmul, bmi1, bmi2, adx, avx512f, avx512dq, avx512cd, avx512bw, avx512vl, sha, fma, vzeroupper, avx512_vpopcntdq, avx512_vpclmulqdq, avx512_vaes, avx512_vnni, clflush, clflushopt, clwb, avx512_vbmi2, avx512_vbmi, hv

Memory: 4k page, system-wide physical 16060M (4741M free)
TotalPageFile size 16060M (AvailPageFile size 3M)
current process WorkingSet (physical memory assigned to process): 305M, peak: 315M
current process commit charge ("private bytes"): 346M, peak: 412M

vm_info: Java HotSpot(TM) 64-Bit Server VM (17.0.10+11-LTS-240) for windows-amd64 JRE (17.0.10+11-LTS-240), built on Dec 19 2023 21:47:25 by "mach5one" with MS VC++ 17.1 (VS2022)

END.
